[0.017s] Invoking command in '/home/aiseon/tita/sim2sim2real/build/ros_utils': CMAKE_PREFIX_PATH=${CMAKE_PREFIX_PATH}:/opt/ros/humble /usr/bin/cmake --build /home/aiseon/tita/sim2sim2real/build/ros_utils -- -j192 -l192
[0.046s] -- Found ament_cmake_auto: 1.3.13 (/opt/ros/humble/share/ament_cmake_auto/cmake)
[0.191s] -- Override CMake install command with custom implementation using symlinks instead of copying resources
[0.316s] -- Found rosidl_generator_c: 3.1.8 (/opt/ros/humble/share/rosidl_generator_c/cmake)
[0.318s] -- Found rosidl_adapter: 3.1.8 (/opt/ros/humble/share/rosidl_adapter/cmake)
[0.323s] -- Found rosidl_generator_cpp: 3.1.8 (/opt/ros/humble/share/rosidl_generator_cpp/cmake)
[0.332s] -- Using all available rosidl_typesupport_c: rosidl_typesupport_fastrtps_c;rosidl_typesupport_introspection_c
[0.342s] -- Using all available rosidl_typesupport_cpp: rosidl_typesupport_fastrtps_cpp;rosidl_typesupport_introspection_cpp
[0.369s] -- Found rmw_implementation_cmake: 6.1.2 (/opt/ros/humble/share/rmw_implementation_cmake/cmake)
[0.371s] -- Found rmw_fastrtps_cpp: 6.2.10 (/opt/ros/humble/share/rmw_fastrtps_cpp/cmake)
[0.481s] -- Using RMW implementation 'rmw_fastrtps_cpp' as default
[0.523s] -- Found ament_lint_auto: 0.12.15 (/opt/ros/humble/share/ament_lint_auto/cmake)
[0.526s] [0mIn this package, headers install destination is set to `include` by ament_auto_package. It is recommended to install `include/ros_utils` instead and will be the default behavior of ament_auto_package from ROS 2 Kilted Kaiju. On distributions before Kilted, ament_auto_package behaves the same way when you use USE_SCOPED_HEADER_INSTALL_DIR option.[0m
[0.536s] -- Added test 'clang_format' to check C / C++ code style
[0.536s] -- Added test 'copyright' to check source files copyright and LICENSE
[0.537s] -- Added test 'cppcheck' to perform static code analysis on C / C++ code
[0.537s] -- Configured cppcheck include dirs: 
[0.537s] -- Configured cppcheck exclude dirs and/or files: 
[0.537s] -- Added test 'cpplint' to check C / C++ code against the Google style
[0.538s] -- Configured cpplint exclude dirs and/or files: 
[0.538s] -- Added test 'lint_cmake' to check CMake code style
[0.538s] -- Added test 'xmllint' to check XML markup files
[0.539s] -- Configuring done
[0.543s] -- Generating done
[0.544s] -- Build files have been written to: /home/aiseon/tita/sim2sim2real/build/ros_utils
[0.576s] Invoked command in '/home/aiseon/tita/sim2sim2real/build/ros_utils' returned '0': CMAKE_PREFIX_PATH=${CMAKE_PREFIX_PATH}:/opt/ros/humble /usr/bin/cmake --build /home/aiseon/tita/sim2sim2real/build/ros_utils -- -j192 -l192
[0.588s] Invoking command in '/home/aiseon/tita/sim2sim2real/build/ros_utils': CMAKE_PREFIX_PATH=${CMAKE_PREFIX_PATH}:/opt/ros/humble /usr/bin/cmake --install /home/aiseon/tita/sim2sim2real/build/ros_utils
[0.598s] -- Install configuration: ""
[0.598s] -- Execute custom install script
[0.599s] -- Up-to-date symlink: /home/aiseon/tita/sim2sim2real/install/ros_utils/include/ros_utils/topic_names.hpp
[0.599s] -- Up-to-date symlink: /home/aiseon/tita/sim2sim2real/install/ros_utils/share/ament_index/resource_index/package_run_dependencies/ros_utils
[0.599s] -- Up-to-date symlink: /home/aiseon/tita/sim2sim2real/install/ros_utils/share/ament_index/resource_index/parent_prefix_path/ros_utils
[0.599s] -- Up-to-date symlink: /home/aiseon/tita/sim2sim2real/install/ros_utils/share/ros_utils/environment/ament_prefix_path.sh
[0.600s] -- Up-to-date symlink: /home/aiseon/tita/sim2sim2real/install/ros_utils/share/ros_utils/environment/ament_prefix_path.dsv
[0.600s] -- Up-to-date symlink: /home/aiseon/tita/sim2sim2real/install/ros_utils/share/ros_utils/environment/path.sh
[0.600s] -- Up-to-date symlink: /home/aiseon/tita/sim2sim2real/install/ros_utils/share/ros_utils/environment/path.dsv
[0.600s] -- Up-to-date symlink: /home/aiseon/tita/sim2sim2real/install/ros_utils/share/ros_utils/local_setup.bash
[0.600s] -- Up-to-date symlink: /home/aiseon/tita/sim2sim2real/install/ros_utils/share/ros_utils/local_setup.sh
[0.600s] -- Up-to-date symlink: /home/aiseon/tita/sim2sim2real/install/ros_utils/share/ros_utils/local_setup.zsh
[0.601s] -- Up-to-date symlink: /home/aiseon/tita/sim2sim2real/install/ros_utils/share/ros_utils/local_setup.dsv
[0.601s] -- Symlinking: /home/aiseon/tita/sim2sim2real/install/ros_utils/share/ros_utils/package.dsv
[0.613s] -- Up-to-date symlink: /home/aiseon/tita/sim2sim2real/install/ros_utils/share/ament_index/resource_index/packages/ros_utils
[0.613s] -- Up-to-date symlink: /home/aiseon/tita/sim2sim2real/install/ros_utils/share/ros_utils/cmake/ament_cmake_export_dependencies-extras.cmake
[0.613s] -- Up-to-date symlink: /home/aiseon/tita/sim2sim2real/install/ros_utils/share/ros_utils/cmake/ament_cmake_export_include_directories-extras.cmake
[0.614s] -- Up-to-date symlink: /home/aiseon/tita/sim2sim2real/install/ros_utils/share/ros_utils/cmake/ros_utilsConfig.cmake
[0.614s] -- Up-to-date symlink: /home/aiseon/tita/sim2sim2real/install/ros_utils/share/ros_utils/cmake/ros_utilsConfig-version.cmake
[0.614s] -- Up-to-date symlink: /home/aiseon/tita/sim2sim2real/install/ros_utils/share/ros_utils/package.xml
[0.616s] Invoked command in '/home/aiseon/tita/sim2sim2real/build/ros_utils' returned '0': CMAKE_PREFIX_PATH=${CMAKE_PREFIX_PATH}:/opt/ros/humble /usr/bin/cmake --install /home/aiseon/tita/sim2sim2real/build/ros_utils
