[0.020s] Invoking command in '/home/aiseon/tita/sim2sim2real_bipedal/ddt_ros2_ws/build/rl_controller': AMENT_PREFIX_PATH=/home/aiseon/tita/sim2sim2real_bipedal/ddt_ros2_ws/install/ros_utils:${AMENT_PREFIX_PATH} CMAKE_PREFIX_PATH=/home/aiseon/tita/sim2sim2real_bipedal/ddt_ros2_ws/install/ros_utils:/home.aiseon/mujoco_src:/opt/ros/humble CONDA_PROMPT_MODIFIER=(base) /home/aiseon/.local/bin/cmake --build /home/aiseon/tita/sim2sim2real_bipedal/ddt_ros2_ws/build/rl_controller -- -j192 -l192
[0.092s] [ 13%] Built target rl_controller_parameters
[0.150s] [ 20%] Building CXX object CMakeFiles/rl_controller.dir/src/fsm/FSMState.cpp.o
[0.151s] [ 26%] Building CXX object CMakeFiles/rl_controller.dir/src/fsm/FSMState_JointPD.cpp.o
[0.151s] [ 33%] Building CXX object CMakeFiles/rl_controller.dir/src/fsm/FSM.cpp.o
[0.153s] [ 40%] Building CXX object CMakeFiles/rl_controller.dir/src/fsm/FSMState_Passive.cpp.o
[0.153s] [ 46%] Building CXX object CMakeFiles/rl_controller.dir/src/fsm/FSMState_TransformUp.cpp.o
[0.153s] [ 53%] Building CXX object CMakeFiles/rl_controller.dir/src/fsm/FSMState_TransformDown.cpp.o
[0.153s] [ 66%] Building CXX object CMakeFiles/rl_controller.dir/src/fsm/FSMState_RL.cpp.o
[0.153s] [ 66%] Building CXX object CMakeFiles/rl_controller.dir/src/fsm/FSMState_StandupInit.cpp.o
[0.154s] [ 73%] Building CXX object CMakeFiles/rl_controller.dir/src/fsm/FSMState_RL_WMP.cpp.o
[0.156s] [ 80%] Building CXX object CMakeFiles/rl_controller.dir/src/fsm/FSMState_RLPPO.cpp.o
[0.158s] [ 86%] Building CXX object CMakeFiles/rl_controller.dir/src/rl_controller_node.cpp.o
[19.522s] [ 93%] Linking CXX shared library librl_controller.so
[19.785s] [100%] Built target rl_controller
[19.800s] Invoked command in '/home/aiseon/tita/sim2sim2real_bipedal/ddt_ros2_ws/build/rl_controller' returned '0': AMENT_PREFIX_PATH=/home/aiseon/tita/sim2sim2real_bipedal/ddt_ros2_ws/install/ros_utils:${AMENT_PREFIX_PATH} CMAKE_PREFIX_PATH=/home/aiseon/tita/sim2sim2real_bipedal/ddt_ros2_ws/install/ros_utils:/home.aiseon/mujoco_src:/opt/ros/humble CONDA_PROMPT_MODIFIER=(base) /home/aiseon/.local/bin/cmake --build /home/aiseon/tita/sim2sim2real_bipedal/ddt_ros2_ws/build/rl_controller -- -j192 -l192
[19.803s] Invoking command in '/home/aiseon/tita/sim2sim2real_bipedal/ddt_ros2_ws/build/rl_controller': AMENT_PREFIX_PATH=/home/aiseon/tita/sim2sim2real_bipedal/ddt_ros2_ws/install/ros_utils:${AMENT_PREFIX_PATH} CMAKE_PREFIX_PATH=/home/aiseon/tita/sim2sim2real_bipedal/ddt_ros2_ws/install/ros_utils:/home.aiseon/mujoco_src:/opt/ros/humble CONDA_PROMPT_MODIFIER=(base) /home/aiseon/.local/bin/cmake --install /home/aiseon/tita/sim2sim2real_bipedal/ddt_ros2_ws/build/rl_controller
[19.836s] -- Install configuration: ""
[19.836s] -- Execute custom install script
[19.837s] -- Up-to-date symlink: /home/aiseon/tita/sim2sim2real_bipedal/ddt_ros2_ws/install/rl_controller/include/rl_controller/rl_controller_parameters.hpp
[19.837s] -- Up-to-date symlink: /home/aiseon/tita/sim2sim2real_bipedal/ddt_ros2_ws/install/rl_controller/share/rl_controller//rl_controller_plugin.xml
[19.838s] -- Up-to-date symlink: /home/aiseon/tita/sim2sim2real_bipedal/ddt_ros2_ws/install/rl_controller/share/rl_controller/config/d1/controllers.yaml
[19.838s] -- Up-to-date symlink: /home/aiseon/tita/sim2sim2real_bipedal/ddt_ros2_ws/install/rl_controller/share/rl_controller/config/d1/flat.onnx
[19.838s] -- Up-to-date symlink: /home/aiseon/tita/sim2sim2real_bipedal/ddt_ros2_ws/install/rl_controller/share/rl_controller/config/d1h/controllers.yaml
[19.838s] -- Up-to-date symlink: /home/aiseon/tita/sim2sim2real_bipedal/ddt_ros2_ws/install/rl_controller/share/rl_controller/config/d1h/flat.onnx
[19.839s] -- Up-to-date symlink: /home/aiseon/tita/sim2sim2real_bipedal/ddt_ros2_ws/install/rl_controller/share/rl_controller/config/d1h/squatdown.onnx
[19.839s] -- Up-to-date symlink: /home/aiseon/tita/sim2sim2real_bipedal/ddt_ros2_ws/install/rl_controller/share/rl_controller/config/tita/controllers.yaml
[19.839s] -- Up-to-date symlink: /home/aiseon/tita/sim2sim2real_bipedal/ddt_ros2_ws/install/rl_controller/share/rl_controller/config/tita/flat.onnx
[19.839s] -- Up-to-date symlink: /home/aiseon/tita/sim2sim2real_bipedal/ddt_ros2_ws/install/rl_controller/share/rl_controller/config/titatit/base.onnx
[19.839s] -- Up-to-date symlink: /home/aiseon/tita/sim2sim2real_bipedal/ddt_ros2_ws/install/rl_controller/share/rl_controller/config/titatit/base_1_2700.onnx
[19.839s] -- Up-to-date symlink: /home/aiseon/tita/sim2sim2real_bipedal/ddt_ros2_ws/install/rl_controller/share/rl_controller/config/titatit/bipedal_stand_up.onnx
[19.839s] -- Up-to-date symlink: /home/aiseon/tita/sim2sim2real_bipedal/ddt_ros2_ws/install/rl_controller/share/rl_controller/config/titatit/controllers.yaml
[19.839s] -- Up-to-date symlink: /home/aiseon/tita/sim2sim2real_bipedal/ddt_ros2_ws/install/rl_controller/share/rl_controller/config/titatit/policy_wmp_titatit7_12300.onnx
[19.839s] -- Up-to-date symlink: /home/aiseon/tita/sim2sim2real_bipedal/ddt_ros2_ws/install/rl_controller/share/rl_controller/config/titatit/test_cylinder_1027_open_source.onnx
[19.839s] -- Up-to-date symlink: /home/aiseon/tita/sim2sim2real_bipedal/ddt_ros2_ws/install/rl_controller/share/rl_controller/config/titatit/titatit_arm.onnx
[19.839s] -- Symlinking: /home/aiseon/tita/sim2sim2real_bipedal/ddt_ros2_ws/install/rl_controller/share/rl_controller/launch/__pycache__/sim_mujoco.launch.cpython-310.pyc
[19.845s] -- Up-to-date symlink: /home/aiseon/tita/sim2sim2real_bipedal/ddt_ros2_ws/install/rl_controller/share/rl_controller/launch/hw.launch.py
[19.845s] -- Up-to-date symlink: /home/aiseon/tita/sim2sim2real_bipedal/ddt_ros2_ws/install/rl_controller/share/rl_controller/launch/sim_gazebo.launch.py
[19.845s] -- Up-to-date symlink: /home/aiseon/tita/sim2sim2real_bipedal/ddt_ros2_ws/install/rl_controller/share/rl_controller/launch/sim_mujoco.launch.py
[19.845s] -- Up-to-date symlink: /home/aiseon/tita/sim2sim2real_bipedal/ddt_ros2_ws/install/rl_controller/share/rl_controller/launch/sim_webots.launch.py
[19.845s] -- Up-to-date symlink: /home/aiseon/tita/sim2sim2real_bipedal/ddt_ros2_ws/install/rl_controller/lib/rl_controller/wmp_feature_node.py
[19.846s] -- Up-to-date symlink: /home/aiseon/tita/sim2sim2real_bipedal/ddt_ros2_ws/install/rl_controller/include/rl_controller/common/Math/MathUtilities.h
[19.846s] -- Up-to-date symlink: /home/aiseon/tita/sim2sim2real_bipedal/ddt_ros2_ws/install/rl_controller/include/rl_controller/common/Math/orientation_tools.h
[19.846s] -- Up-to-date symlink: /home/aiseon/tita/sim2sim2real_bipedal/ddt_ros2_ws/install/rl_controller/include/rl_controller/common/RobotParameters.h
[19.846s] -- Up-to-date symlink: /home/aiseon/tita/sim2sim2real_bipedal/ddt_ros2_ws/install/rl_controller/include/rl_controller/common/cppTypes.h
[19.846s] -- Up-to-date symlink: /home/aiseon/tita/sim2sim2real_bipedal/ddt_ros2_ws/install/rl_controller/include/rl_controller/common/enumClass.h
[19.847s] -- Up-to-date symlink: /home/aiseon/tita/sim2sim2real_bipedal/ddt_ros2_ws/install/rl_controller/include/rl_controller/common/timeMarker.h
[19.847s] -- Up-to-date symlink: /home/aiseon/tita/sim2sim2real_bipedal/ddt_ros2_ws/install/rl_controller/include/rl_controller/fsm/ControlFSMData.h
[19.847s] -- Up-to-date symlink: /home/aiseon/tita/sim2sim2real_bipedal/ddt_ros2_ws/install/rl_controller/include/rl_controller/fsm/FSM.h
[19.847s] -- Up-to-date symlink: /home/aiseon/tita/sim2sim2real_bipedal/ddt_ros2_ws/install/rl_controller/include/rl_controller/fsm/FSMState.h
[19.847s] -- Up-to-date symlink: /home/aiseon/tita/sim2sim2real_bipedal/ddt_ros2_ws/install/rl_controller/include/rl_controller/fsm/FSMState_JointPD.h
[19.847s] -- Up-to-date symlink: /home/aiseon/tita/sim2sim2real_bipedal/ddt_ros2_ws/install/rl_controller/include/rl_controller/fsm/FSMState_Passive.h
[19.847s] -- Up-to-date symlink: /home/aiseon/tita/sim2sim2real_bipedal/ddt_ros2_ws/install/rl_controller/include/rl_controller/fsm/FSMState_RL.h
[19.847s] -- Up-to-date symlink: /home/aiseon/tita/sim2sim2real_bipedal/ddt_ros2_ws/install/rl_controller/include/rl_controller/fsm/FSMState_RLPPO.h
[19.848s] -- Up-to-date symlink: /home/aiseon/tita/sim2sim2real_bipedal/ddt_ros2_ws/install/rl_controller/include/rl_controller/fsm/FSMState_RL_WMP.h
[19.848s] -- Up-to-date symlink: /home/aiseon/tita/sim2sim2real_bipedal/ddt_ros2_ws/install/rl_controller/include/rl_controller/fsm/FSMState_StandupInit.h
[19.848s] -- Up-to-date symlink: /home/aiseon/tita/sim2sim2real_bipedal/ddt_ros2_ws/install/rl_controller/include/rl_controller/fsm/FSMState_TransformDown.h
[19.848s] -- Up-to-date symlink: /home/aiseon/tita/sim2sim2real_bipedal/ddt_ros2_ws/install/rl_controller/include/rl_controller/fsm/FSMState_TransformUp.h
[19.848s] -- Up-to-date symlink: /home/aiseon/tita/sim2sim2real_bipedal/ddt_ros2_ws/install/rl_controller/include/rl_controller/inferrer/engine_inferrer.hpp
[19.848s] -- Up-to-date symlink: /home/aiseon/tita/sim2sim2real_bipedal/ddt_ros2_ws/install/rl_controller/include/rl_controller/inferrer/inferrer_base.hpp
[19.848s] -- Up-to-date symlink: /home/aiseon/tita/sim2sim2real_bipedal/ddt_ros2_ws/install/rl_controller/include/rl_controller/inferrer/onnx_inferrer.hpp
[19.848s] -- Up-to-date symlink: /home/aiseon/tita/sim2sim2real_bipedal/ddt_ros2_ws/install/rl_controller/include/rl_controller/rl_controller_node.hpp
[19.848s] -- Up-to-date symlink: /home/aiseon/tita/sim2sim2real_bipedal/ddt_ros2_ws/install/rl_controller/share/rl_controller/environment/library_path.sh
[19.848s] -- Up-to-date symlink: /home/aiseon/tita/sim2sim2real_bipedal/ddt_ros2_ws/install/rl_controller/share/rl_controller/environment/library_path.dsv
[19.848s] -- Up-to-date symlink: /home/aiseon/tita/sim2sim2real_bipedal/ddt_ros2_ws/install/rl_controller/lib/librl_controller.so
[19.849s] -- Up-to-date symlink: /home/aiseon/tita/sim2sim2real_bipedal/ddt_ros2_ws/install/rl_controller/share/ament_index/resource_index/package_run_dependencies/rl_controller
[19.849s] -- Up-to-date symlink: /home/aiseon/tita/sim2sim2real_bipedal/ddt_ros2_ws/install/rl_controller/share/ament_index/resource_index/parent_prefix_path/rl_controller
[19.849s] -- Up-to-date symlink: /home/aiseon/tita/sim2sim2real_bipedal/ddt_ros2_ws/install/rl_controller/share/rl_controller/environment/ament_prefix_path.sh
[19.849s] -- Up-to-date symlink: /home/aiseon/tita/sim2sim2real_bipedal/ddt_ros2_ws/install/rl_controller/share/rl_controller/environment/ament_prefix_path.dsv
[19.849s] -- Up-to-date symlink: /home/aiseon/tita/sim2sim2real_bipedal/ddt_ros2_ws/install/rl_controller/share/rl_controller/environment/path.sh
[19.849s] -- Up-to-date symlink: /home/aiseon/tita/sim2sim2real_bipedal/ddt_ros2_ws/install/rl_controller/share/rl_controller/environment/path.dsv
[19.849s] -- Up-to-date symlink: /home/aiseon/tita/sim2sim2real_bipedal/ddt_ros2_ws/install/rl_controller/share/rl_controller/local_setup.bash
[19.849s] -- Up-to-date symlink: /home/aiseon/tita/sim2sim2real_bipedal/ddt_ros2_ws/install/rl_controller/share/rl_controller/local_setup.sh
[19.849s] -- Up-to-date symlink: /home/aiseon/tita/sim2sim2real_bipedal/ddt_ros2_ws/install/rl_controller/share/rl_controller/local_setup.zsh
[19.849s] -- Up-to-date symlink: /home/aiseon/tita/sim2sim2real_bipedal/ddt_ros2_ws/install/rl_controller/share/rl_controller/local_setup.dsv
[19.849s] -- Symlinking: /home/aiseon/tita/sim2sim2real_bipedal/ddt_ros2_ws/install/rl_controller/share/rl_controller/package.dsv
[19.854s] -- Up-to-date symlink: /home/aiseon/tita/sim2sim2real_bipedal/ddt_ros2_ws/install/rl_controller/share/ament_index/resource_index/packages/rl_controller
[19.854s] -- Up-to-date symlink: /home/aiseon/tita/sim2sim2real_bipedal/ddt_ros2_ws/install/rl_controller/share/ament_index/resource_index/controller_interface__pluginlib__plugin/rl_controller
[19.854s] -- Up-to-date symlink: /home/aiseon/tita/sim2sim2real_bipedal/ddt_ros2_ws/install/rl_controller/share/rl_controller/cmake/ament_cmake_export_dependencies-extras.cmake
[19.854s] -- Up-to-date symlink: /home/aiseon/tita/sim2sim2real_bipedal/ddt_ros2_ws/install/rl_controller/share/rl_controller/cmake/ament_cmake_export_include_directories-extras.cmake
[19.854s] -- Up-to-date symlink: /home/aiseon/tita/sim2sim2real_bipedal/ddt_ros2_ws/install/rl_controller/share/rl_controller/cmake/ament_cmake_export_libraries-extras.cmake
[19.854s] -- Up-to-date symlink: /home/aiseon/tita/sim2sim2real_bipedal/ddt_ros2_ws/install/rl_controller/share/rl_controller/cmake/rl_controllerConfig.cmake
[19.854s] -- Up-to-date symlink: /home/aiseon/tita/sim2sim2real_bipedal/ddt_ros2_ws/install/rl_controller/share/rl_controller/cmake/rl_controllerConfig-version.cmake
[19.855s] -- Up-to-date symlink: /home/aiseon/tita/sim2sim2real_bipedal/ddt_ros2_ws/install/rl_controller/share/rl_controller/package.xml
[19.863s] Invoked command in '/home/aiseon/tita/sim2sim2real_bipedal/ddt_ros2_ws/build/rl_controller' returned '0': AMENT_PREFIX_PATH=/home/aiseon/tita/sim2sim2real_bipedal/ddt_ros2_ws/install/ros_utils:${AMENT_PREFIX_PATH} CMAKE_PREFIX_PATH=/home/aiseon/tita/sim2sim2real_bipedal/ddt_ros2_ws/install/ros_utils:/home.aiseon/mujoco_src:/opt/ros/humble CONDA_PROMPT_MODIFIER=(base) /home/aiseon/.local/bin/cmake --install /home/aiseon/tita/sim2sim2real_bipedal/ddt_ros2_ws/build/rl_controller
