[0.027s] Invoking command in '/home/aiseon/tita/sim2sim2real/build/hardware_bridge': AMENT_PREFIX_PATH=/home/aiseon/tita/sim2sim2real/install/tita_robot:${AMENT_PREFIX_PATH} CMAKE_PREFIX_PATH=/home/aiseon/tita/sim2sim2real/install/tita_robot:/opt/ros/humble CONDA_PROMPT_MODIFIER=(base) LD_LIBRARY_PATH=/home/aiseon/tita/sim2sim2real/install/tita_robot/lib:${LD_LIBRARY_PATH} /usr/bin/cmake --build /home/aiseon/tita/sim2sim2real/build/hardware_bridge -- -j192 -l192
[0.156s] [100%] Built target hardware_bridge
[0.176s] Invoked command in '/home/aiseon/tita/sim2sim2real/build/hardware_bridge' returned '0': AMENT_PREFIX_PATH=/home/aiseon/tita/sim2sim2real/install/tita_robot:${AMENT_PREFIX_PATH} CMAKE_PREFIX_PATH=/home/aiseon/tita/sim2sim2real/install/tita_robot:/opt/ros/humble CONDA_PROMPT_MODIFIER=(base) LD_LIBRARY_PATH=/home/aiseon/tita/sim2sim2real/install/tita_robot/lib:${LD_LIBRARY_PATH} /usr/bin/cmake --build /home/aiseon/tita/sim2sim2real/build/hardware_bridge -- -j192 -l192
[0.179s] Invoking command in '/home/aiseon/tita/sim2sim2real/build/hardware_bridge': AMENT_PREFIX_PATH=/home/aiseon/tita/sim2sim2real/install/tita_robot:${AMENT_PREFIX_PATH} CMAKE_PREFIX_PATH=/home/aiseon/tita/sim2sim2real/install/tita_robot:/opt/ros/humble CONDA_PROMPT_MODIFIER=(base) LD_LIBRARY_PATH=/home/aiseon/tita/sim2sim2real/install/tita_robot/lib:${LD_LIBRARY_PATH} /usr/bin/cmake --install /home/aiseon/tita/sim2sim2real/build/hardware_bridge
[0.192s] -- Install configuration: ""
[0.193s] -- Execute custom install script
[0.193s] -- Up-to-date symlink: /home/aiseon/tita/sim2sim2real/install/hardware_bridge/share/hardware_bridge//hardware_bridge_plugin.xml
[0.193s] -- Up-to-date symlink: /home/aiseon/tita/sim2sim2real/install/hardware_bridge/share/hardware_bridge/config/controllers.yaml
[0.194s] -- Up-to-date symlink: /home/aiseon/tita/sim2sim2real/install/hardware_bridge/share/hardware_bridge/launch/hardware_bridge.launch.py
[0.194s] -- Up-to-date symlink: /home/aiseon/tita/sim2sim2real/install/hardware_bridge/include/hardware_bridge/hardware_bridge_node.hpp
[0.194s] -- Up-to-date symlink: /home/aiseon/tita/sim2sim2real/install/hardware_bridge/share/hardware_bridge/environment/library_path.sh
[0.194s] -- Up-to-date symlink: /home/aiseon/tita/sim2sim2real/install/hardware_bridge/share/hardware_bridge/environment/library_path.dsv
[0.195s] -- Up-to-date symlink: /home/aiseon/tita/sim2sim2real/install/hardware_bridge/lib/libhardware_bridge.so
[0.195s] -- Up-to-date symlink: /home/aiseon/tita/sim2sim2real/install/hardware_bridge/share/ament_index/resource_index/package_run_dependencies/hardware_bridge
[0.195s] -- Up-to-date symlink: /home/aiseon/tita/sim2sim2real/install/hardware_bridge/share/ament_index/resource_index/parent_prefix_path/hardware_bridge
[0.195s] -- Up-to-date symlink: /home/aiseon/tita/sim2sim2real/install/hardware_bridge/share/hardware_bridge/environment/ament_prefix_path.sh
[0.195s] -- Up-to-date symlink: /home/aiseon/tita/sim2sim2real/install/hardware_bridge/share/hardware_bridge/environment/ament_prefix_path.dsv
[0.196s] -- Up-to-date symlink: /home/aiseon/tita/sim2sim2real/install/hardware_bridge/share/hardware_bridge/environment/path.sh
[0.196s] -- Up-to-date symlink: /home/aiseon/tita/sim2sim2real/install/hardware_bridge/share/hardware_bridge/environment/path.dsv
[0.196s] -- Up-to-date symlink: /home/aiseon/tita/sim2sim2real/install/hardware_bridge/share/hardware_bridge/local_setup.bash
[0.196s] -- Up-to-date symlink: /home/aiseon/tita/sim2sim2real/install/hardware_bridge/share/hardware_bridge/local_setup.sh
[0.196s] -- Up-to-date symlink: /home/aiseon/tita/sim2sim2real/install/hardware_bridge/share/hardware_bridge/local_setup.zsh
[0.197s] -- Up-to-date symlink: /home/aiseon/tita/sim2sim2real/install/hardware_bridge/share/hardware_bridge/local_setup.dsv
[0.197s] -- Symlinking: /home/aiseon/tita/sim2sim2real/install/hardware_bridge/share/hardware_bridge/package.dsv
[0.214s] -- Up-to-date symlink: /home/aiseon/tita/sim2sim2real/install/hardware_bridge/share/ament_index/resource_index/packages/hardware_bridge
[0.214s] -- Up-to-date symlink: /home/aiseon/tita/sim2sim2real/install/hardware_bridge/share/ament_index/resource_index/hardware_interface__pluginlib__plugin/hardware_bridge
[0.214s] -- Up-to-date symlink: /home/aiseon/tita/sim2sim2real/install/hardware_bridge/share/hardware_bridge/cmake/ament_cmake_export_dependencies-extras.cmake
[0.214s] -- Up-to-date symlink: /home/aiseon/tita/sim2sim2real/install/hardware_bridge/share/hardware_bridge/cmake/ament_cmake_export_include_directories-extras.cmake
[0.215s] -- Up-to-date symlink: /home/aiseon/tita/sim2sim2real/install/hardware_bridge/share/hardware_bridge/cmake/ament_cmake_export_libraries-extras.cmake
[0.215s] -- Up-to-date symlink: /home/aiseon/tita/sim2sim2real/install/hardware_bridge/share/hardware_bridge/cmake/hardware_bridgeConfig.cmake
[0.215s] -- Up-to-date symlink: /home/aiseon/tita/sim2sim2real/install/hardware_bridge/share/hardware_bridge/cmake/hardware_bridgeConfig-version.cmake
[0.215s] -- Up-to-date symlink: /home/aiseon/tita/sim2sim2real/install/hardware_bridge/share/hardware_bridge/package.xml
[0.220s] Invoked command in '/home/aiseon/tita/sim2sim2real/build/hardware_bridge' returned '0': AMENT_PREFIX_PATH=/home/aiseon/tita/sim2sim2real/install/tita_robot:${AMENT_PREFIX_PATH} CMAKE_PREFIX_PATH=/home/aiseon/tita/sim2sim2real/install/tita_robot:/opt/ros/humble CONDA_PROMPT_MODIFIER=(base) LD_LIBRARY_PATH=/home/aiseon/tita/sim2sim2real/install/tita_robot/lib:${LD_LIBRARY_PATH} /usr/bin/cmake --install /home/aiseon/tita/sim2sim2real/build/hardware_bridge
