-- Found ament_cmake: 1.3.13 (/opt/ros/humble/share/ament_cmake/cmake)
-- Override CMake install command with custom implementation using symlinks instead of copying resources
-- Found rclcpp: 16.0.18 (/opt/ros/humble/share/rclcpp/cmake)
-- Found rosidl_generator_c: 3.1.8 (/opt/ros/humble/share/rosidl_generator_c/cmake)
-- Found rosidl_adapter: 3.1.8 (/opt/ros/humble/share/rosidl_adapter/cmake)
-- Found rosidl_generator_cpp: 3.1.8 (/opt/ros/humble/share/rosidl_generator_cpp/cmake)
-- Using all available rosidl_typesupport_c: rosidl_typesupport_fastrtps_c;rosidl_typesupport_introspection_c
-- Using all available rosidl_typesupport_cpp: rosidl_typesupport_fastrtps_cpp;rosidl_typesupport_introspection_cpp
-- Found rmw_implementation_cmake: 6.1.2 (/opt/ros/humble/share/rmw_implementation_cmake/cmake)
-- Found rmw_fastrtps_cpp: 6.2.10 (/opt/ros/humble/share/rmw_fastrtps_cpp/cmake)
-- Using RMW implementation 'rmw_fastrtps_cpp' as default
-- Found pluginlib: 5.1.3 (/opt/ros/humble/share/pluginlib/cmake)
-- Found controller_manager: 2.53.1 (/opt/ros/humble/share/controller_manager/cmake)
-- Found ament_lint_auto: 0.12.15 (/opt/ros/humble/share/ament_lint_auto/cmake)
-- Added test 'cppcheck' to perform static code analysis on C / C++ code
-- Configured cppcheck include dirs: $<BUILD_INTERFACE:/home/aiseon/tita/sim2sim2real/ddt_ros2_ws/ddt_ros2_control/simulation/mujoco_bridge/mujoco_sim_ros2/include>;/home/aiseon/tita/sim2sim2real/ddt_ros2_ws/ddt_ros2_control/simulation/mujoco_bridge/mujoco_sim_ros2/src
-- Configured cppcheck exclude dirs and/or files: 
-- Added test 'lint_cmake' to check CMake code style
-- Added test 'uncrustify' to check C / C++ code style
-- Configured uncrustify additional arguments: 
-- Added test 'xmllint' to check XML markup files
-- Configuring done
-- Generating done
-- Build files have been written to: /home/aiseon/tita/sim2sim2real/build/mujoco_sim_ros2
[35m[1mConsolidate compiler generated dependencies of target lodepng[0m
[ 25%] Built target lodepng
[35m[1mConsolidate compiler generated dependencies of target mujoco_sim[0m
[100%] Built target mujoco_sim
-- Install configuration: ""
-- Execute custom install script
-- Up-to-date symlink: /home/aiseon/tita/sim2sim2real/install/mujoco_sim_ros2/include/mujoco_sim_ros2/mujoco_sim_ros2/mujoco_physics_plugin.hpp
-- Up-to-date symlink: /home/aiseon/tita/sim2sim2real/install/mujoco_sim_ros2/lib/mujoco_sim_ros2/mujoco_sim
-- Up-to-date symlink: /home/aiseon/tita/sim2sim2real/install/mujoco_sim_ros2/share/mujoco_sim_ros2/environment/library_path.sh
-- Up-to-date symlink: /home/aiseon/tita/sim2sim2real/install/mujoco_sim_ros2/share/mujoco_sim_ros2/environment/library_path.dsv
-- Up-to-date symlink: /home/aiseon/tita/sim2sim2real/install/mujoco_sim_ros2/share/ament_index/resource_index/package_run_dependencies/mujoco_sim_ros2
-- Up-to-date symlink: /home/aiseon/tita/sim2sim2real/install/mujoco_sim_ros2/share/ament_index/resource_index/parent_prefix_path/mujoco_sim_ros2
-- Up-to-date symlink: /home/aiseon/tita/sim2sim2real/install/mujoco_sim_ros2/share/mujoco_sim_ros2/environment/ament_prefix_path.sh
-- Up-to-date symlink: /home/aiseon/tita/sim2sim2real/install/mujoco_sim_ros2/share/mujoco_sim_ros2/environment/ament_prefix_path.dsv
-- Up-to-date symlink: /home/aiseon/tita/sim2sim2real/install/mujoco_sim_ros2/share/mujoco_sim_ros2/environment/path.sh
-- Up-to-date symlink: /home/aiseon/tita/sim2sim2real/install/mujoco_sim_ros2/share/mujoco_sim_ros2/environment/path.dsv
-- Up-to-date symlink: /home/aiseon/tita/sim2sim2real/install/mujoco_sim_ros2/share/mujoco_sim_ros2/local_setup.bash
-- Up-to-date symlink: /home/aiseon/tita/sim2sim2real/install/mujoco_sim_ros2/share/mujoco_sim_ros2/local_setup.sh
-- Up-to-date symlink: /home/aiseon/tita/sim2sim2real/install/mujoco_sim_ros2/share/mujoco_sim_ros2/local_setup.zsh
-- Up-to-date symlink: /home/aiseon/tita/sim2sim2real/install/mujoco_sim_ros2/share/mujoco_sim_ros2/local_setup.dsv
-- Symlinking: /home/aiseon/tita/sim2sim2real/install/mujoco_sim_ros2/share/mujoco_sim_ros2/package.dsv
-- Up-to-date symlink: /home/aiseon/tita/sim2sim2real/install/mujoco_sim_ros2/share/ament_index/resource_index/packages/mujoco_sim_ros2
-- Up-to-date symlink: /home/aiseon/tita/sim2sim2real/install/mujoco_sim_ros2/share/mujoco_sim_ros2/cmake/ament_cmake_export_targets-extras.cmake
-- Up-to-date symlink: /home/aiseon/tita/sim2sim2real/install/mujoco_sim_ros2/share/mujoco_sim_ros2/cmake/ament_cmake_export_dependencies-extras.cmake
-- Up-to-date symlink: /home/aiseon/tita/sim2sim2real/install/mujoco_sim_ros2/share/mujoco_sim_ros2/cmake/mujoco_sim_ros2Config.cmake
-- Up-to-date symlink: /home/aiseon/tita/sim2sim2real/install/mujoco_sim_ros2/share/mujoco_sim_ros2/cmake/mujoco_sim_ros2Config-version.cmake
-- Up-to-date symlink: /home/aiseon/tita/sim2sim2real/install/mujoco_sim_ros2/share/mujoco_sim_ros2/package.xml
-- Up-to-date: /home/aiseon/tita/sim2sim2real/install/mujoco_sim_ros2/share/mujoco_sim_ros2/cmake/export_mujoco_sim_ros2Export.cmake
