[0.024s] Invoking command in '/home/aiseon/tita/sim2sim2real/build/mujoco_sim_ros2': CMAKE_PREFIX_PATH=${CMAKE_PREFIX_PATH}:/opt/ros/humble /usr/bin/cmake /home/aiseon/tita/sim2sim2real/ddt_ros2_ws/ddt_ros2_control/simulation/mujoco_bridge/mujoco_sim_ros2 -DAMENT_CMAKE_SYMLINK_INSTALL=1 -DCMAKE_INSTALL_PREFIX=/home/aiseon/tita/sim2sim2real/install/mujoco_sim_ros2
[0.566s] -- Found ament_cmake: 1.3.13 (/opt/ros/humble/share/ament_cmake/cmake)
[0.708s] -- Override CMake install command with custom implementation using symlinks instead of copying resources
[0.717s] -- Found rclcpp: 16.0.18 (/opt/ros/humble/share/rclcpp/cmake)
[0.746s] -- Found rosidl_generator_c: 3.1.8 (/opt/ros/humble/share/rosidl_generator_c/cmake)
[0.748s] -- Found rosidl_adapter: 3.1.8 (/opt/ros/humble/share/rosidl_adapter/cmake)
[0.754s] -- Found rosidl_generator_cpp: 3.1.8 (/opt/ros/humble/share/rosidl_generator_cpp/cmake)
[0.763s] -- Using all available rosidl_typesupport_c: rosidl_typesupport_fastrtps_c;rosidl_typesupport_introspection_c
[0.774s] -- Using all available rosidl_typesupport_cpp: rosidl_typesupport_fastrtps_cpp;rosidl_typesupport_introspection_cpp
[0.803s] -- Found rmw_implementation_cmake: 6.1.2 (/opt/ros/humble/share/rmw_implementation_cmake/cmake)
[0.805s] -- Found rmw_fastrtps_cpp: 6.2.10 (/opt/ros/humble/share/rmw_fastrtps_cpp/cmake)
[0.933s] -- Using RMW implementation 'rmw_fastrtps_cpp' as default
[0.977s] -- Found pluginlib: 5.1.3 (/opt/ros/humble/share/pluginlib/cmake)
[0.993s] -- Found controller_manager: 2.53.1 (/opt/ros/humble/share/controller_manager/cmake)
[1.125s] -- Found ament_lint_auto: 0.12.15 (/opt/ros/humble/share/ament_lint_auto/cmake)
[1.201s] -- Added test 'cppcheck' to perform static code analysis on C / C++ code
[1.201s] -- Configured cppcheck include dirs: $<BUILD_INTERFACE:/home/aiseon/tita/sim2sim2real/ddt_ros2_ws/ddt_ros2_control/simulation/mujoco_bridge/mujoco_sim_ros2/include>;/home/aiseon/tita/sim2sim2real/ddt_ros2_ws/ddt_ros2_control/simulation/mujoco_bridge/mujoco_sim_ros2/src
[1.201s] -- Configured cppcheck exclude dirs and/or files: 
[1.202s] -- Added test 'lint_cmake' to check CMake code style
[1.203s] -- Added test 'uncrustify' to check C / C++ code style
[1.203s] -- Configured uncrustify additional arguments: 
[1.203s] -- Added test 'xmllint' to check XML markup files
[1.205s] -- Configuring done
[1.220s] -- Generating done
[1.225s] -- Build files have been written to: /home/aiseon/tita/sim2sim2real/build/mujoco_sim_ros2
[1.237s] Invoked command in '/home/aiseon/tita/sim2sim2real/build/mujoco_sim_ros2' returned '0': CMAKE_PREFIX_PATH=${CMAKE_PREFIX_PATH}:/opt/ros/humble /usr/bin/cmake /home/aiseon/tita/sim2sim2real/ddt_ros2_ws/ddt_ros2_control/simulation/mujoco_bridge/mujoco_sim_ros2 -DAMENT_CMAKE_SYMLINK_INSTALL=1 -DCMAKE_INSTALL_PREFIX=/home/aiseon/tita/sim2sim2real/install/mujoco_sim_ros2
[1.241s] Invoking command in '/home/aiseon/tita/sim2sim2real/build/mujoco_sim_ros2': CMAKE_PREFIX_PATH=${CMAKE_PREFIX_PATH}:/opt/ros/humble /usr/bin/cmake --build /home/aiseon/tita/sim2sim2real/build/mujoco_sim_ros2 -- -j192 -l192
[1.319s] [35m[1mConsolidate compiler generated dependencies of target lodepng[0m
[1.344s] [ 25%] Built target lodepng
[1.366s] [35m[1mConsolidate compiler generated dependencies of target mujoco_sim[0m
[1.402s] [100%] Built target mujoco_sim
[1.422s] Invoked command in '/home/aiseon/tita/sim2sim2real/build/mujoco_sim_ros2' returned '0': CMAKE_PREFIX_PATH=${CMAKE_PREFIX_PATH}:/opt/ros/humble /usr/bin/cmake --build /home/aiseon/tita/sim2sim2real/build/mujoco_sim_ros2 -- -j192 -l192
[1.440s] Invoking command in '/home/aiseon/tita/sim2sim2real/build/mujoco_sim_ros2': CMAKE_PREFIX_PATH=${CMAKE_PREFIX_PATH}:/opt/ros/humble /usr/bin/cmake --install /home/aiseon/tita/sim2sim2real/build/mujoco_sim_ros2
[1.449s] -- Install configuration: ""
[1.449s] -- Execute custom install script
[1.450s] -- Up-to-date symlink: /home/aiseon/tita/sim2sim2real/install/mujoco_sim_ros2/include/mujoco_sim_ros2/mujoco_sim_ros2/mujoco_physics_plugin.hpp
[1.450s] -- Up-to-date symlink: /home/aiseon/tita/sim2sim2real/install/mujoco_sim_ros2/lib/mujoco_sim_ros2/mujoco_sim
[1.450s] -- Up-to-date symlink: /home/aiseon/tita/sim2sim2real/install/mujoco_sim_ros2/share/mujoco_sim_ros2/environment/library_path.sh
[1.450s] -- Up-to-date symlink: /home/aiseon/tita/sim2sim2real/install/mujoco_sim_ros2/share/mujoco_sim_ros2/environment/library_path.dsv
[1.451s] -- Up-to-date symlink: /home/aiseon/tita/sim2sim2real/install/mujoco_sim_ros2/share/ament_index/resource_index/package_run_dependencies/mujoco_sim_ros2
[1.451s] -- Up-to-date symlink: /home/aiseon/tita/sim2sim2real/install/mujoco_sim_ros2/share/ament_index/resource_index/parent_prefix_path/mujoco_sim_ros2
[1.451s] -- Up-to-date symlink: /home/aiseon/tita/sim2sim2real/install/mujoco_sim_ros2/share/mujoco_sim_ros2/environment/ament_prefix_path.sh
[1.451s] -- Up-to-date symlink: /home/aiseon/tita/sim2sim2real/install/mujoco_sim_ros2/share/mujoco_sim_ros2/environment/ament_prefix_path.dsv
[1.451s] -- Up-to-date symlink: /home/aiseon/tita/sim2sim2real/install/mujoco_sim_ros2/share/mujoco_sim_ros2/environment/path.sh
[1.451s] -- Up-to-date symlink: /home/aiseon/tita/sim2sim2real/install/mujoco_sim_ros2/share/mujoco_sim_ros2/environment/path.dsv
[1.452s] -- Up-to-date symlink: /home/aiseon/tita/sim2sim2real/install/mujoco_sim_ros2/share/mujoco_sim_ros2/local_setup.bash
[1.452s] -- Up-to-date symlink: /home/aiseon/tita/sim2sim2real/install/mujoco_sim_ros2/share/mujoco_sim_ros2/local_setup.sh
[1.452s] -- Up-to-date symlink: /home/aiseon/tita/sim2sim2real/install/mujoco_sim_ros2/share/mujoco_sim_ros2/local_setup.zsh
[1.452s] -- Up-to-date symlink: /home/aiseon/tita/sim2sim2real/install/mujoco_sim_ros2/share/mujoco_sim_ros2/local_setup.dsv
[1.452s] -- Symlinking: /home/aiseon/tita/sim2sim2real/install/mujoco_sim_ros2/share/mujoco_sim_ros2/package.dsv
[1.465s] -- Up-to-date symlink: /home/aiseon/tita/sim2sim2real/install/mujoco_sim_ros2/share/ament_index/resource_index/packages/mujoco_sim_ros2
[1.465s] -- Up-to-date symlink: /home/aiseon/tita/sim2sim2real/install/mujoco_sim_ros2/share/mujoco_sim_ros2/cmake/ament_cmake_export_targets-extras.cmake
[1.465s] -- Up-to-date symlink: /home/aiseon/tita/sim2sim2real/install/mujoco_sim_ros2/share/mujoco_sim_ros2/cmake/ament_cmake_export_dependencies-extras.cmake
[1.465s] -- Up-to-date symlink: /home/aiseon/tita/sim2sim2real/install/mujoco_sim_ros2/share/mujoco_sim_ros2/cmake/mujoco_sim_ros2Config.cmake
[1.466s] -- Up-to-date symlink: /home/aiseon/tita/sim2sim2real/install/mujoco_sim_ros2/share/mujoco_sim_ros2/cmake/mujoco_sim_ros2Config-version.cmake
[1.466s] -- Up-to-date symlink: /home/aiseon/tita/sim2sim2real/install/mujoco_sim_ros2/share/mujoco_sim_ros2/package.xml
[1.466s] -- Up-to-date: /home/aiseon/tita/sim2sim2real/install/mujoco_sim_ros2/share/mujoco_sim_ros2/cmake/export_mujoco_sim_ros2Export.cmake
[1.470s] Invoked command in '/home/aiseon/tita/sim2sim2real/build/mujoco_sim_ros2' returned '0': CMAKE_PREFIX_PATH=${CMAKE_PREFIX_PATH}:/opt/ros/humble /usr/bin/cmake --install /home/aiseon/tita/sim2sim2real/build/mujoco_sim_ros2
