[0.034s] Invoking command in '/home/aiseon/tita/sim2sim2real/build/mujoco_sim_ros2': CMAKE_PREFIX_PATH=${CMAKE_PREFIX_PATH}:/opt/ros/humble /usr/bin/cmake /home/aiseon/tita/sim2sim2real/ddt_ros2_ws/ddt_ros2_control/simulation/mujoco_bridge/mujoco_sim_ros2 -DAMENT_CMAKE_SYMLINK_INSTALL=1 -DCMAKE_INSTALL_PREFIX=/home/aiseon/tita/sim2sim2real/install/mujoco_sim_ros2
[0.621s] [0m[ 11%] Performing download step (git clone) for 'lodepng-populate'
[0.621s] 正克隆到 'lodepng-src'...
[0.621s] fatal: 无法访问 'https://github.com/lvandeve/lodepng.git/'：Failed to connect to 127.0.0.1 port 7890 after 0 ms: 连接被拒绝
[0.621s] 正克隆到 'lodepng-src'...
[0.621s] fatal: 无法访问 'https://github.com/lvandeve/lodepng.git/'：Failed to connect to 127.0.0.1 port 7890 after 0 ms: 连接被拒绝
[0.621s] 正克隆到 'lodepng-src'...
[0.621s] fatal: 无法访问 'https://github.com/lvandeve/lodepng.git/'：Failed to connect to 127.0.0.1 port 7890 after 0 ms: 连接被拒绝
[0.621s] -- Had to git clone more than once:
[0.621s]           3 times.
[0.621s] CMake Error at lodepng-subbuild/lodepng-populate-prefix/tmp/lodepng-populate-gitclone.cmake:31 (message):
[0.621s]   Failed to clone repository: 'https://github.com/lvandeve/lodepng.git'
[0.621s] 
[0.621s] 
[0.621s] gmake[2]: *** [CMakeFiles/lodepng-populate.dir/build.make:102：lodepng-populate-prefix/src/lodepng-populate-stamp/lodepng-populate-download] 错误 1
[0.622s] gmake[1]: *** [CMakeFiles/Makefile2:83：CMakeFiles/lodepng-populate.dir/all] 错误 2
[0.622s] gmake: *** [Makefile:91：all] 错误 2
[0.622s] [0m
[0.622s] [31mCMake Error at /usr/share/cmake-3.22/Modules/FetchContent.cmake:1087 (message):
[0.622s]   Build step for lodepng failed: 2
[0.622s] Call Stack (most recent call first):
[0.622s]   /usr/share/cmake-3.22/Modules/FetchContent.cmake:1216:EVAL:2 (__FetchContent_directPopulate)
[0.622s]   /usr/share/cmake-3.22/Modules/FetchContent.cmake:1216 (cmake_language)
[0.622s]   CMakeLists.txt:28 (FetchContent_Populate)
[0.622s] 
[0.622s] [0m
[0.622s] -- Configuring incomplete, errors occurred!
[0.622s] See also "/home/aiseon/tita/sim2sim2real/build/mujoco_sim_ros2/CMakeFiles/CMakeOutput.log".
[0.627s] Invoked command in '/home/aiseon/tita/sim2sim2real/build/mujoco_sim_ros2' returned '1': CMAKE_PREFIX_PATH=${CMAKE_PREFIX_PATH}:/opt/ros/humble /usr/bin/cmake /home/aiseon/tita/sim2sim2real/ddt_ros2_ws/ddt_ros2_control/simulation/mujoco_bridge/mujoco_sim_ros2 -DAMENT_CMAKE_SYMLINK_INSTALL=1 -DCMAKE_INSTALL_PREFIX=/home/aiseon/tita/sim2sim2real/install/mujoco_sim_ros2
