[0.021s] Invoking command in '/home/aiseon/tita/sim2sim2real_bipedal/ddt_ros2_ws/build/mujoco_bridge': AMENT_PREFIX_PATH=/home/aiseon/tita/sim2sim2real_bipedal/ddt_ros2_ws/install/mujoco_ros2_control:/home/aiseon/tita/sim2sim2real_bipedal/ddt_ros2_ws/install/mujoco_sim_ros2:${AMENT_PREFIX_PATH} CMAKE_PREFIX_PATH=/home/aiseon/tita/sim2sim2real_bipedal/ddt_ros2_ws/install/mujoco_ros2_control:/home/aiseon/tita/sim2sim2real_bipedal/ddt_ros2_ws/install/mujoco_sim_ros2:/home.aiseon/mujoco_src:/opt/ros/humble CONDA_PROMPT_MODIFIER=(base) LD_LIBRARY_PATH=/home/aiseon/tita/sim2sim2real_bipedal/ddt_ros2_ws/install/mujoco_ros2_control/lib:/home/aiseon/tita/sim2sim2real_bipedal/ddt_ros2_ws/install/mujoco_sim_ros2/lib:${LD_LIBRARY_PATH} /home/aiseon/.local/bin/cmake /home/aiseon/tita/sim2sim2real_bipedal/ddt_ros2_ws/ddt_ros2_control/simulation/mujoco_bridge/mujoco_bridge -DAMENT_CMAKE_SYMLINK_INSTALL=1 -DCMAKE_INSTALL_PREFIX=/home/aiseon/tita/sim2sim2real_bipedal/ddt_ros2_ws/install/mujoco_bridge
[0.117s] -- The C compiler identification is GNU 11.4.0
[0.181s] -- The CXX compiler identification is GNU 11.4.0
[0.192s] -- Detecting C compiler ABI info
[0.268s] -- Detecting C compiler ABI info - done
[0.277s] -- Check for working C compiler: /usr/bin/cc - skipped
[0.278s] -- Detecting C compile features
[0.278s] -- Detecting C compile features - done
[0.281s] -- Detecting CXX compiler ABI info
[0.365s] -- Detecting CXX compiler ABI info - done
[0.375s] -- Check for working CXX compiler: /usr/bin/c++ - skipped
[0.376s] -- Detecting CXX compile features
[0.376s] -- Detecting CXX compile features - done
[0.379s] -- Found ament_cmake: 1.3.13 (/opt/ros/humble/share/ament_cmake/cmake)
[0.749s] -- Found Python3: /home/aiseon/anaconda3/bin/python3 (found version "3.13.5") found components: Interpreter 
[0.826s] -- Override CMake install command with custom implementation using symlinks instead of copying resources
[0.945s] -- Configuring done
[0.947s] -- Generating done
[0.949s] -- Build files have been written to: /home/aiseon/tita/sim2sim2real_bipedal/ddt_ros2_ws/build/mujoco_bridge
[0.959s] Invoked command in '/home/aiseon/tita/sim2sim2real_bipedal/ddt_ros2_ws/build/mujoco_bridge' returned '0': AMENT_PREFIX_PATH=/home/aiseon/tita/sim2sim2real_bipedal/ddt_ros2_ws/install/mujoco_ros2_control:/home/aiseon/tita/sim2sim2real_bipedal/ddt_ros2_ws/install/mujoco_sim_ros2:${AMENT_PREFIX_PATH} CMAKE_PREFIX_PATH=/home/aiseon/tita/sim2sim2real_bipedal/ddt_ros2_ws/install/mujoco_ros2_control:/home/aiseon/tita/sim2sim2real_bipedal/ddt_ros2_ws/install/mujoco_sim_ros2:/home.aiseon/mujoco_src:/opt/ros/humble CONDA_PROMPT_MODIFIER=(base) LD_LIBRARY_PATH=/home/aiseon/tita/sim2sim2real_bipedal/ddt_ros2_ws/install/mujoco_ros2_control/lib:/home/aiseon/tita/sim2sim2real_bipedal/ddt_ros2_ws/install/mujoco_sim_ros2/lib:${LD_LIBRARY_PATH} /home/aiseon/.local/bin/cmake /home/aiseon/tita/sim2sim2real_bipedal/ddt_ros2_ws/ddt_ros2_control/simulation/mujoco_bridge/mujoco_bridge -DAMENT_CMAKE_SYMLINK_INSTALL=1 -DCMAKE_INSTALL_PREFIX=/home/aiseon/tita/sim2sim2real_bipedal/ddt_ros2_ws/install/mujoco_bridge
[0.961s] Invoking command in '/home/aiseon/tita/sim2sim2real_bipedal/ddt_ros2_ws/build/mujoco_bridge': AMENT_PREFIX_PATH=/home/aiseon/tita/sim2sim2real_bipedal/ddt_ros2_ws/install/mujoco_ros2_control:/home/aiseon/tita/sim2sim2real_bipedal/ddt_ros2_ws/install/mujoco_sim_ros2:${AMENT_PREFIX_PATH} CMAKE_PREFIX_PATH=/home/aiseon/tita/sim2sim2real_bipedal/ddt_ros2_ws/install/mujoco_ros2_control:/home/aiseon/tita/sim2sim2real_bipedal/ddt_ros2_ws/install/mujoco_sim_ros2:/home.aiseon/mujoco_src:/opt/ros/humble CONDA_PROMPT_MODIFIER=(base) LD_LIBRARY_PATH=/home/aiseon/tita/sim2sim2real_bipedal/ddt_ros2_ws/install/mujoco_ros2_control/lib:/home/aiseon/tita/sim2sim2real_bipedal/ddt_ros2_ws/install/mujoco_sim_ros2/lib:${LD_LIBRARY_PATH} /home/aiseon/.local/bin/cmake --build /home/aiseon/tita/sim2sim2real_bipedal/ddt_ros2_ws/build/mujoco_bridge -- -j192 -l192
[1.022s] Invoked command in '/home/aiseon/tita/sim2sim2real_bipedal/ddt_ros2_ws/build/mujoco_bridge' returned '0': AMENT_PREFIX_PATH=/home/aiseon/tita/sim2sim2real_bipedal/ddt_ros2_ws/install/mujoco_ros2_control:/home/aiseon/tita/sim2sim2real_bipedal/ddt_ros2_ws/install/mujoco_sim_ros2:${AMENT_PREFIX_PATH} CMAKE_PREFIX_PATH=/home/aiseon/tita/sim2sim2real_bipedal/ddt_ros2_ws/install/mujoco_ros2_control:/home/aiseon/tita/sim2sim2real_bipedal/ddt_ros2_ws/install/mujoco_sim_ros2:/home.aiseon/mujoco_src:/opt/ros/humble CONDA_PROMPT_MODIFIER=(base) LD_LIBRARY_PATH=/home/aiseon/tita/sim2sim2real_bipedal/ddt_ros2_ws/install/mujoco_ros2_control/lib:/home/aiseon/tita/sim2sim2real_bipedal/ddt_ros2_ws/install/mujoco_sim_ros2/lib:${LD_LIBRARY_PATH} /home/aiseon/.local/bin/cmake --build /home/aiseon/tita/sim2sim2real_bipedal/ddt_ros2_ws/build/mujoco_bridge -- -j192 -l192
[1.024s] Invoking command in '/home/aiseon/tita/sim2sim2real_bipedal/ddt_ros2_ws/build/mujoco_bridge': AMENT_PREFIX_PATH=/home/aiseon/tita/sim2sim2real_bipedal/ddt_ros2_ws/install/mujoco_ros2_control:/home/aiseon/tita/sim2sim2real_bipedal/ddt_ros2_ws/install/mujoco_sim_ros2:${AMENT_PREFIX_PATH} CMAKE_PREFIX_PATH=/home/aiseon/tita/sim2sim2real_bipedal/ddt_ros2_ws/install/mujoco_ros2_control:/home/aiseon/tita/sim2sim2real_bipedal/ddt_ros2_ws/install/mujoco_sim_ros2:/home.aiseon/mujoco_src:/opt/ros/humble CONDA_PROMPT_MODIFIER=(base) LD_LIBRARY_PATH=/home/aiseon/tita/sim2sim2real_bipedal/ddt_ros2_ws/install/mujoco_ros2_control/lib:/home/aiseon/tita/sim2sim2real_bipedal/ddt_ros2_ws/install/mujoco_sim_ros2/lib:${LD_LIBRARY_PATH} /home/aiseon/.local/bin/cmake --install /home/aiseon/tita/sim2sim2real_bipedal/ddt_ros2_ws/build/mujoco_bridge
[1.053s] -- Install configuration: ""
[1.053s] -- Up-to-date: /home/aiseon/tita/sim2sim2real_bipedal/ddt_ros2_ws/install/mujoco_bridge/share/mujoco_bridge/config
[1.054s] -- Up-to-date: /home/aiseon/tita/sim2sim2real_bipedal/ddt_ros2_ws/install/mujoco_bridge/share/mujoco_bridge/config/controllers.yaml
[1.054s] -- Up-to-date: /home/aiseon/tita/sim2sim2real_bipedal/ddt_ros2_ws/install/mujoco_bridge/share/mujoco_bridge/launch
[1.054s] -- Up-to-date: /home/aiseon/tita/sim2sim2real_bipedal/ddt_ros2_ws/install/mujoco_bridge/share/mujoco_bridge/launch/mujoco_bridge.launch.py
[1.054s] -- Execute custom install script
[1.054s] -- Symlinking: /home/aiseon/tita/sim2sim2real_bipedal/ddt_ros2_ws/install/mujoco_bridge/share/ament_index/resource_index/package_run_dependencies/mujoco_bridge
[1.060s] -- Symlinking: /home/aiseon/tita/sim2sim2real_bipedal/ddt_ros2_ws/install/mujoco_bridge/share/ament_index/resource_index/parent_prefix_path/mujoco_bridge
[1.065s] -- Up-to-date symlink: /home/aiseon/tita/sim2sim2real_bipedal/ddt_ros2_ws/install/mujoco_bridge/share/mujoco_bridge/environment/ament_prefix_path.sh
[1.065s] -- Symlinking: /home/aiseon/tita/sim2sim2real_bipedal/ddt_ros2_ws/install/mujoco_bridge/share/mujoco_bridge/environment/ament_prefix_path.dsv
[1.068s] -- Up-to-date symlink: /home/aiseon/tita/sim2sim2real_bipedal/ddt_ros2_ws/install/mujoco_bridge/share/mujoco_bridge/environment/path.sh
[1.068s] -- Symlinking: /home/aiseon/tita/sim2sim2real_bipedal/ddt_ros2_ws/install/mujoco_bridge/share/mujoco_bridge/environment/path.dsv
[1.071s] -- Symlinking: /home/aiseon/tita/sim2sim2real_bipedal/ddt_ros2_ws/install/mujoco_bridge/share/mujoco_bridge/local_setup.bash
[1.074s] -- Symlinking: /home/aiseon/tita/sim2sim2real_bipedal/ddt_ros2_ws/install/mujoco_bridge/share/mujoco_bridge/local_setup.sh
[1.077s] -- Symlinking: /home/aiseon/tita/sim2sim2real_bipedal/ddt_ros2_ws/install/mujoco_bridge/share/mujoco_bridge/local_setup.zsh
[1.081s] -- Symlinking: /home/aiseon/tita/sim2sim2real_bipedal/ddt_ros2_ws/install/mujoco_bridge/share/mujoco_bridge/local_setup.dsv
[1.085s] -- Symlinking: /home/aiseon/tita/sim2sim2real_bipedal/ddt_ros2_ws/install/mujoco_bridge/share/mujoco_bridge/package.dsv
[1.088s] -- Symlinking: /home/aiseon/tita/sim2sim2real_bipedal/ddt_ros2_ws/install/mujoco_bridge/share/ament_index/resource_index/packages/mujoco_bridge
[1.093s] -- Symlinking: /home/aiseon/tita/sim2sim2real_bipedal/ddt_ros2_ws/install/mujoco_bridge/share/mujoco_bridge/cmake/mujoco_bridgeConfig.cmake
[1.096s] -- Symlinking: /home/aiseon/tita/sim2sim2real_bipedal/ddt_ros2_ws/install/mujoco_bridge/share/mujoco_bridge/cmake/mujoco_bridgeConfig-version.cmake
[1.101s] -- Symlinking: /home/aiseon/tita/sim2sim2real_bipedal/ddt_ros2_ws/install/mujoco_bridge/share/mujoco_bridge/package.xml
[1.112s] Invoked command in '/home/aiseon/tita/sim2sim2real_bipedal/ddt_ros2_ws/build/mujoco_bridge' returned '0': AMENT_PREFIX_PATH=/home/aiseon/tita/sim2sim2real_bipedal/ddt_ros2_ws/install/mujoco_ros2_control:/home/aiseon/tita/sim2sim2real_bipedal/ddt_ros2_ws/install/mujoco_sim_ros2:${AMENT_PREFIX_PATH} CMAKE_PREFIX_PATH=/home/aiseon/tita/sim2sim2real_bipedal/ddt_ros2_ws/install/mujoco_ros2_control:/home/aiseon/tita/sim2sim2real_bipedal/ddt_ros2_ws/install/mujoco_sim_ros2:/home.aiseon/mujoco_src:/opt/ros/humble CONDA_PROMPT_MODIFIER=(base) LD_LIBRARY_PATH=/home/aiseon/tita/sim2sim2real_bipedal/ddt_ros2_ws/install/mujoco_ros2_control/lib:/home/aiseon/tita/sim2sim2real_bipedal/ddt_ros2_ws/install/mujoco_sim_ros2/lib:${LD_LIBRARY_PATH} /home/aiseon/.local/bin/cmake --install /home/aiseon/tita/sim2sim2real_bipedal/ddt_ros2_ws/build/mujoco_bridge
