[0.088s] DEBUG:colcon:Command line arguments: ['/usr/bin/colcon', 'build', '--symlink-install', '--packages-up-to', 'mujoco_bridge']
[0.088s] DEBUG:colcon:Parsed command line arguments: Namespace(log_base=None, log_level=None, verb_name='build', build_base='build', install_base='install', merge_install=False, symlink_install=True, test_result_base=None, continue_on_error=False, executor='parallel', parallel_workers=192, event_handlers=None, ignore_user_meta=False, metas=['./colcon.meta'], base_paths=['.'], packages_ignore=None, packages_ignore_regex=None, paths=None, packages_up_to=['mujoco_bridge'], packages_up_to_regex=None, packages_above=None, packages_above_and_dependencies=None, packages_above_depth=None, packages_select_by_dep=None, packages_skip_by_dep=None, packages_skip_up_to=None, packages_select_build_failed=False, packages_skip_build_finished=False, packages_select_test_failures=False, packages_skip_test_passed=False, packages_select=None, packages_skip=None, packages_select_regex=None, packages_skip_regex=None, packages_start=None, packages_end=None, allow_overriding=[], cmake_args=None, cmake_target=None, cmake_target_skip_unavailable=False, cmake_clean_cache=False, cmake_clean_first=False, cmake_force_configure=False, ament_cmake_args=None, catkin_cmake_args=None, catkin_skip_building_tests=False, verb_parser=<colcon_defaults.argument_parser.defaults.DefaultArgumentsDecorator object at 0x7e76a1979b40>, verb_extension=<colcon_core.verb.build.BuildVerb object at 0x7e76a1979630>, main=<bound method BuildVerb.main of <colcon_core.verb.build.BuildVerb object at 0x7e76a1979630>>)
[0.228s] Level 1:colcon.colcon_core.package_discovery:discover_packages(colcon_meta) check parameters
[0.228s] Level 1:colcon.colcon_core.package_discovery:discover_packages(recursive) check parameters
[0.228s] Level 1:colcon.colcon_core.package_discovery:discover_packages(ignore) check parameters
[0.228s] Level 1:colcon.colcon_core.package_discovery:discover_packages(path) check parameters
[0.228s] Level 1:colcon.colcon_core.package_discovery:discover_packages(colcon_meta) discover
[0.228s] Level 1:colcon.colcon_core.package_discovery:discover_packages(recursive) discover
[0.228s] INFO:colcon.colcon_core.package_discovery:Crawling recursively for packages in '/home/aiseon/tita/sim2sim2real'
[0.228s] Level 1:colcon.colcon_core.package_identification:_identify(.) by extensions ['ignore', 'ignore_ament_install']
[0.228s] Level 1:colcon.colcon_core.package_identification:_identify(.) by extension 'ignore'
[0.228s] Level 1:colcon.colcon_core.package_identification:_identify(.) by extension 'ignore_ament_install'
[0.228s] Level 1:colcon.colcon_core.package_identification:_identify(.) by extensions ['colcon_pkg']
[0.228s] Level 1:colcon.colcon_core.package_identification:_identify(.) by extension 'colcon_pkg'
[0.229s] Level 1:colcon.colcon_core.package_identification:_identify(.) by extensions ['colcon_meta']
[0.229s] Level 1:colcon.colcon_core.package_identification:_identify(.) by extension 'colcon_meta'
[0.229s] Level 1:colcon.colcon_core.package_identification:_identify(.) by extensions ['ros']
[0.229s] Level 1:colcon.colcon_core.package_identification:_identify(.) by extension 'ros'
[0.238s] Level 1:colcon.colcon_core.package_identification:_identify(.) by extensions ['cmake', 'python']
[0.238s] Level 1:colcon.colcon_core.package_identification:_identify(.) by extension 'cmake'
[0.238s] Level 1:colcon.colcon_core.package_identification:_identify(.) by extension 'python'
[0.238s] Level 1:colcon.colcon_core.package_identification:_identify(.) by extensions ['python_setup_py']
[0.238s] Level 1:colcon.colcon_core.package_identification:_identify(.) by extension 'python_setup_py'
[0.238s] Level 1:colcon.colcon_core.package_identification:_identify(build) by extensions ['ignore', 'ignore_ament_install']
[0.238s] Level 1:colcon.colcon_core.package_identification:_identify(build) by extension 'ignore'
[0.238s] Level 1:colcon.colcon_core.package_identification:_identify(build) ignored
[0.239s] Level 1:colcon.colcon_core.package_identification:_identify(ddt_ros2_ws) by extensions ['ignore', 'ignore_ament_install']
[0.239s] Level 1:colcon.colcon_core.package_identification:_identify(ddt_ros2_ws) by extension 'ignore'
[0.239s] Level 1:colcon.colcon_core.package_identification:_identify(ddt_ros2_ws) by extension 'ignore_ament_install'
[0.239s] Level 1:colcon.colcon_core.package_identification:_identify(ddt_ros2_ws) by extensions ['colcon_pkg']
[0.239s] Level 1:colcon.colcon_core.package_identification:_identify(ddt_ros2_ws) by extension 'colcon_pkg'
[0.239s] Level 1:colcon.colcon_core.package_identification:_identify(ddt_ros2_ws) by extensions ['colcon_meta']
[0.239s] Level 1:colcon.colcon_core.package_identification:_identify(ddt_ros2_ws) by extension 'colcon_meta'
[0.239s] Level 1:colcon.colcon_core.package_identification:_identify(ddt_ros2_ws) by extensions ['ros']
[0.239s] Level 1:colcon.colcon_core.package_identification:_identify(ddt_ros2_ws) by extension 'ros'
[0.239s] Level 1:colcon.colcon_core.package_identification:_identify(ddt_ros2_ws) by extensions ['cmake', 'python']
[0.239s] Level 1:colcon.colcon_core.package_identification:_identify(ddt_ros2_ws) by extension 'cmake'
[0.239s] Level 1:colcon.colcon_core.package_identification:_identify(ddt_ros2_ws) by extension 'python'
[0.239s] Level 1:colcon.colcon_core.package_identification:_identify(ddt_ros2_ws) by extensions ['python_setup_py']
[0.239s] Level 1:colcon.colcon_core.package_identification:_identify(ddt_ros2_ws) by extension 'python_setup_py'
[0.239s] Level 1:colcon.colcon_core.package_identification:_identify(ddt_ros2_ws/build) by extensions ['ignore', 'ignore_ament_install']
[0.239s] Level 1:colcon.colcon_core.package_identification:_identify(ddt_ros2_ws/build) by extension 'ignore'
[0.239s] Level 1:colcon.colcon_core.package_identification:_identify(ddt_ros2_ws/build) ignored
[0.239s] Level 1:colcon.colcon_core.package_identification:_identify(ddt_ros2_ws/ddt_ros2_control) by extensions ['ignore', 'ignore_ament_install']
[0.239s] Level 1:colcon.colcon_core.package_identification:_identify(ddt_ros2_ws/ddt_ros2_control) by extension 'ignore'
[0.239s] Level 1:colcon.colcon_core.package_identification:_identify(ddt_ros2_ws/ddt_ros2_control) by extension 'ignore_ament_install'
[0.239s] Level 1:colcon.colcon_core.package_identification:_identify(ddt_ros2_ws/ddt_ros2_control) by extensions ['colcon_pkg']
[0.239s] Level 1:colcon.colcon_core.package_identification:_identify(ddt_ros2_ws/ddt_ros2_control) by extension 'colcon_pkg'
[0.239s] Level 1:colcon.colcon_core.package_identification:_identify(ddt_ros2_ws/ddt_ros2_control) by extensions ['colcon_meta']
[0.239s] Level 1:colcon.colcon_core.package_identification:_identify(ddt_ros2_ws/ddt_ros2_control) by extension 'colcon_meta'
[0.239s] Level 1:colcon.colcon_core.package_identification:_identify(ddt_ros2_ws/ddt_ros2_control) by extensions ['ros']
[0.239s] Level 1:colcon.colcon_core.package_identification:_identify(ddt_ros2_ws/ddt_ros2_control) by extension 'ros'
[0.239s] Level 1:colcon.colcon_core.package_identification:_identify(ddt_ros2_ws/ddt_ros2_control) by extensions ['cmake', 'python']
[0.239s] Level 1:colcon.colcon_core.package_identification:_identify(ddt_ros2_ws/ddt_ros2_control) by extension 'cmake'
[0.240s] Level 1:colcon.colcon_core.package_identification:_identify(ddt_ros2_ws/ddt_ros2_control) by extension 'python'
[0.240s] Level 1:colcon.colcon_core.package_identification:_identify(ddt_ros2_ws/ddt_ros2_control) by extensions ['python_setup_py']
[0.240s] Level 1:colcon.colcon_core.package_identification:_identify(ddt_ros2_ws/ddt_ros2_control) by extension 'python_setup_py'
[0.240s] Level 1:colcon.colcon_core.package_identification:_identify(ddt_ros2_ws/ddt_ros2_control/controller) by extensions ['ignore', 'ignore_ament_install']
[0.240s] Level 1:colcon.colcon_core.package_identification:_identify(ddt_ros2_ws/ddt_ros2_control/controller) by extension 'ignore'
[0.240s] Level 1:colcon.colcon_core.package_identification:_identify(ddt_ros2_ws/ddt_ros2_control/controller) by extension 'ignore_ament_install'
[0.240s] Level 1:colcon.colcon_core.package_identification:_identify(ddt_ros2_ws/ddt_ros2_control/controller) by extensions ['colcon_pkg']
[0.240s] Level 1:colcon.colcon_core.package_identification:_identify(ddt_ros2_ws/ddt_ros2_control/controller) by extension 'colcon_pkg'
[0.240s] Level 1:colcon.colcon_core.package_identification:_identify(ddt_ros2_ws/ddt_ros2_control/controller) by extensions ['colcon_meta']
[0.240s] Level 1:colcon.colcon_core.package_identification:_identify(ddt_ros2_ws/ddt_ros2_control/controller) by extension 'colcon_meta'
[0.240s] Level 1:colcon.colcon_core.package_identification:_identify(ddt_ros2_ws/ddt_ros2_control/controller) by extensions ['ros']
[0.240s] Level 1:colcon.colcon_core.package_identification:_identify(ddt_ros2_ws/ddt_ros2_control/controller) by extension 'ros'
[0.240s] Level 1:colcon.colcon_core.package_identification:_identify(ddt_ros2_ws/ddt_ros2_control/controller) by extensions ['cmake', 'python']
[0.240s] Level 1:colcon.colcon_core.package_identification:_identify(ddt_ros2_ws/ddt_ros2_control/controller) by extension 'cmake'
[0.240s] Level 1:colcon.colcon_core.package_identification:_identify(ddt_ros2_ws/ddt_ros2_control/controller) by extension 'python'
[0.240s] Level 1:colcon.colcon_core.package_identification:_identify(ddt_ros2_ws/ddt_ros2_control/controller) by extensions ['python_setup_py']
[0.240s] Level 1:colcon.colcon_core.package_identification:_identify(ddt_ros2_ws/ddt_ros2_control/controller) by extension 'python_setup_py'
[0.240s] Level 1:colcon.colcon_core.package_identification:_identify(ddt_ros2_ws/ddt_ros2_control/controller/rl_controller) by extensions ['ignore', 'ignore_ament_install']
[0.240s] Level 1:colcon.colcon_core.package_identification:_identify(ddt_ros2_ws/ddt_ros2_control/controller/rl_controller) by extension 'ignore'
[0.240s] Level 1:colcon.colcon_core.package_identification:_identify(ddt_ros2_ws/ddt_ros2_control/controller/rl_controller) by extension 'ignore_ament_install'
[0.240s] Level 1:colcon.colcon_core.package_identification:_identify(ddt_ros2_ws/ddt_ros2_control/controller/rl_controller) by extensions ['colcon_pkg']
[0.240s] Level 1:colcon.colcon_core.package_identification:_identify(ddt_ros2_ws/ddt_ros2_control/controller/rl_controller) by extension 'colcon_pkg'
[0.240s] Level 1:colcon.colcon_core.package_identification:_identify(ddt_ros2_ws/ddt_ros2_control/controller/rl_controller) by extensions ['colcon_meta']
[0.240s] Level 1:colcon.colcon_core.package_identification:_identify(ddt_ros2_ws/ddt_ros2_control/controller/rl_controller) by extension 'colcon_meta'
[0.240s] Level 1:colcon.colcon_core.package_identification:_identify(ddt_ros2_ws/ddt_ros2_control/controller/rl_controller) by extensions ['ros']
[0.240s] Level 1:colcon.colcon_core.package_identification:_identify(ddt_ros2_ws/ddt_ros2_control/controller/rl_controller) by extension 'ros'
[0.243s] DEBUG:colcon.colcon_core.package_identification:Package 'ddt_ros2_ws/ddt_ros2_control/controller/rl_controller' with type 'ros.ament_cmake' and name 'rl_controller'
[0.243s] Level 1:colcon.colcon_core.package_identification:_identify(ddt_ros2_ws/ddt_ros2_control/hardware) by extensions ['ignore', 'ignore_ament_install']
[0.243s] Level 1:colcon.colcon_core.package_identification:_identify(ddt_ros2_ws/ddt_ros2_control/hardware) by extension 'ignore'
[0.243s] Level 1:colcon.colcon_core.package_identification:_identify(ddt_ros2_ws/ddt_ros2_control/hardware) by extension 'ignore_ament_install'
[0.243s] Level 1:colcon.colcon_core.package_identification:_identify(ddt_ros2_ws/ddt_ros2_control/hardware) by extensions ['colcon_pkg']
[0.243s] Level 1:colcon.colcon_core.package_identification:_identify(ddt_ros2_ws/ddt_ros2_control/hardware) by extension 'colcon_pkg'
[0.244s] Level 1:colcon.colcon_core.package_identification:_identify(ddt_ros2_ws/ddt_ros2_control/hardware) by extensions ['colcon_meta']
[0.244s] Level 1:colcon.colcon_core.package_identification:_identify(ddt_ros2_ws/ddt_ros2_control/hardware) by extension 'colcon_meta'
[0.244s] Level 1:colcon.colcon_core.package_identification:_identify(ddt_ros2_ws/ddt_ros2_control/hardware) by extensions ['ros']
[0.244s] Level 1:colcon.colcon_core.package_identification:_identify(ddt_ros2_ws/ddt_ros2_control/hardware) by extension 'ros'
[0.244s] Level 1:colcon.colcon_core.package_identification:_identify(ddt_ros2_ws/ddt_ros2_control/hardware) by extensions ['cmake', 'python']
[0.244s] Level 1:colcon.colcon_core.package_identification:_identify(ddt_ros2_ws/ddt_ros2_control/hardware) by extension 'cmake'
[0.244s] Level 1:colcon.colcon_core.package_identification:_identify(ddt_ros2_ws/ddt_ros2_control/hardware) by extension 'python'
[0.244s] Level 1:colcon.colcon_core.package_identification:_identify(ddt_ros2_ws/ddt_ros2_control/hardware) by extensions ['python_setup_py']
[0.244s] Level 1:colcon.colcon_core.package_identification:_identify(ddt_ros2_ws/ddt_ros2_control/hardware) by extension 'python_setup_py'
[0.244s] Level 1:colcon.colcon_core.package_identification:_identify(ddt_ros2_ws/ddt_ros2_control/hardware/hardware_bridge) by extensions ['ignore', 'ignore_ament_install']
[0.244s] Level 1:colcon.colcon_core.package_identification:_identify(ddt_ros2_ws/ddt_ros2_control/hardware/hardware_bridge) by extension 'ignore'
[0.244s] Level 1:colcon.colcon_core.package_identification:_identify(ddt_ros2_ws/ddt_ros2_control/hardware/hardware_bridge) by extension 'ignore_ament_install'
[0.244s] Level 1:colcon.colcon_core.package_identification:_identify(ddt_ros2_ws/ddt_ros2_control/hardware/hardware_bridge) by extensions ['colcon_pkg']
[0.244s] Level 1:colcon.colcon_core.package_identification:_identify(ddt_ros2_ws/ddt_ros2_control/hardware/hardware_bridge) by extension 'colcon_pkg'
[0.244s] Level 1:colcon.colcon_core.package_identification:_identify(ddt_ros2_ws/ddt_ros2_control/hardware/hardware_bridge) by extensions ['colcon_meta']
[0.244s] Level 1:colcon.colcon_core.package_identification:_identify(ddt_ros2_ws/ddt_ros2_control/hardware/hardware_bridge) by extension 'colcon_meta'
[0.244s] Level 1:colcon.colcon_core.package_identification:_identify(ddt_ros2_ws/ddt_ros2_control/hardware/hardware_bridge) by extensions ['ros']
[0.244s] Level 1:colcon.colcon_core.package_identification:_identify(ddt_ros2_ws/ddt_ros2_control/hardware/hardware_bridge) by extension 'ros'
[0.245s] DEBUG:colcon.colcon_core.package_identification:Package 'ddt_ros2_ws/ddt_ros2_control/hardware/hardware_bridge' with type 'ros.ament_cmake' and name 'hardware_bridge'
[0.245s] Level 1:colcon.colcon_core.package_identification:_identify(ddt_ros2_ws/ddt_ros2_control/hardware/tita_robot) by extensions ['ignore', 'ignore_ament_install']
[0.245s] Level 1:colcon.colcon_core.package_identification:_identify(ddt_ros2_ws/ddt_ros2_control/hardware/tita_robot) by extension 'ignore'
[0.245s] Level 1:colcon.colcon_core.package_identification:_identify(ddt_ros2_ws/ddt_ros2_control/hardware/tita_robot) by extension 'ignore_ament_install'
[0.245s] Level 1:colcon.colcon_core.package_identification:_identify(ddt_ros2_ws/ddt_ros2_control/hardware/tita_robot) by extensions ['colcon_pkg']
[0.245s] Level 1:colcon.colcon_core.package_identification:_identify(ddt_ros2_ws/ddt_ros2_control/hardware/tita_robot) by extension 'colcon_pkg'
[0.245s] Level 1:colcon.colcon_core.package_identification:_identify(ddt_ros2_ws/ddt_ros2_control/hardware/tita_robot) by extensions ['colcon_meta']
[0.245s] Level 1:colcon.colcon_core.package_identification:_identify(ddt_ros2_ws/ddt_ros2_control/hardware/tita_robot) by extension 'colcon_meta'
[0.245s] Level 1:colcon.colcon_core.package_identification:_identify(ddt_ros2_ws/ddt_ros2_control/hardware/tita_robot) by extensions ['ros']
[0.246s] Level 1:colcon.colcon_core.package_identification:_identify(ddt_ros2_ws/ddt_ros2_control/hardware/tita_robot) by extension 'ros'
[0.246s] DEBUG:colcon.colcon_core.package_identification:Package 'ddt_ros2_ws/ddt_ros2_control/hardware/tita_robot' with type 'ros.ament_cmake' and name 'tita_robot'
[0.246s] Level 1:colcon.colcon_core.package_identification:_identify(ddt_ros2_ws/ddt_ros2_control/interaction) by extensions ['ignore', 'ignore_ament_install']
[0.246s] Level 1:colcon.colcon_core.package_identification:_identify(ddt_ros2_ws/ddt_ros2_control/interaction) by extension 'ignore'
[0.246s] Level 1:colcon.colcon_core.package_identification:_identify(ddt_ros2_ws/ddt_ros2_control/interaction) by extension 'ignore_ament_install'
[0.246s] Level 1:colcon.colcon_core.package_identification:_identify(ddt_ros2_ws/ddt_ros2_control/interaction) by extensions ['colcon_pkg']
[0.246s] Level 1:colcon.colcon_core.package_identification:_identify(ddt_ros2_ws/ddt_ros2_control/interaction) by extension 'colcon_pkg'
[0.246s] Level 1:colcon.colcon_core.package_identification:_identify(ddt_ros2_ws/ddt_ros2_control/interaction) by extensions ['colcon_meta']
[0.246s] Level 1:colcon.colcon_core.package_identification:_identify(ddt_ros2_ws/ddt_ros2_control/interaction) by extension 'colcon_meta'
[0.246s] Level 1:colcon.colcon_core.package_identification:_identify(ddt_ros2_ws/ddt_ros2_control/interaction) by extensions ['ros']
[0.246s] Level 1:colcon.colcon_core.package_identification:_identify(ddt_ros2_ws/ddt_ros2_control/interaction) by extension 'ros'
[0.246s] Level 1:colcon.colcon_core.package_identification:_identify(ddt_ros2_ws/ddt_ros2_control/interaction) by extensions ['cmake', 'python']
[0.246s] Level 1:colcon.colcon_core.package_identification:_identify(ddt_ros2_ws/ddt_ros2_control/interaction) by extension 'cmake'
[0.246s] Level 1:colcon.colcon_core.package_identification:_identify(ddt_ros2_ws/ddt_ros2_control/interaction) by extension 'python'
[0.246s] Level 1:colcon.colcon_core.package_identification:_identify(ddt_ros2_ws/ddt_ros2_control/interaction) by extensions ['python_setup_py']
[0.246s] Level 1:colcon.colcon_core.package_identification:_identify(ddt_ros2_ws/ddt_ros2_control/interaction) by extension 'python_setup_py'
[0.246s] Level 1:colcon.colcon_core.package_identification:_identify(ddt_ros2_ws/ddt_ros2_control/interaction/keyboard_controller) by extensions ['ignore', 'ignore_ament_install']
[0.247s] Level 1:colcon.colcon_core.package_identification:_identify(ddt_ros2_ws/ddt_ros2_control/interaction/keyboard_controller) by extension 'ignore'
[0.247s] Level 1:colcon.colcon_core.package_identification:_identify(ddt_ros2_ws/ddt_ros2_control/interaction/keyboard_controller) by extension 'ignore_ament_install'
[0.247s] Level 1:colcon.colcon_core.package_identification:_identify(ddt_ros2_ws/ddt_ros2_control/interaction/keyboard_controller) by extensions ['colcon_pkg']
[0.247s] Level 1:colcon.colcon_core.package_identification:_identify(ddt_ros2_ws/ddt_ros2_control/interaction/keyboard_controller) by extension 'colcon_pkg'
[0.247s] Level 1:colcon.colcon_core.package_identification:_identify(ddt_ros2_ws/ddt_ros2_control/interaction/keyboard_controller) by extensions ['colcon_meta']
[0.247s] Level 1:colcon.colcon_core.package_identification:_identify(ddt_ros2_ws/ddt_ros2_control/interaction/keyboard_controller) by extension 'colcon_meta'
[0.247s] Level 1:colcon.colcon_core.package_identification:_identify(ddt_ros2_ws/ddt_ros2_control/interaction/keyboard_controller) by extensions ['ros']
[0.247s] Level 1:colcon.colcon_core.package_identification:_identify(ddt_ros2_ws/ddt_ros2_control/interaction/keyboard_controller) by extension 'ros'
[0.247s] DEBUG:colcon.colcon_core.package_identification:Package 'ddt_ros2_ws/ddt_ros2_control/interaction/keyboard_controller' with type 'ros.ament_cmake' and name 'keyboard_controller'
[0.248s] Level 1:colcon.colcon_core.package_identification:_identify(ddt_ros2_ws/ddt_ros2_control/interaction/teleop_command) by extensions ['ignore', 'ignore_ament_install']
[0.248s] Level 1:colcon.colcon_core.package_identification:_identify(ddt_ros2_ws/ddt_ros2_control/interaction/teleop_command) by extension 'ignore'
[0.248s] Level 1:colcon.colcon_core.package_identification:_identify(ddt_ros2_ws/ddt_ros2_control/interaction/teleop_command) by extension 'ignore_ament_install'
[0.248s] Level 1:colcon.colcon_core.package_identification:_identify(ddt_ros2_ws/ddt_ros2_control/interaction/teleop_command) by extensions ['colcon_pkg']
[0.248s] Level 1:colcon.colcon_core.package_identification:_identify(ddt_ros2_ws/ddt_ros2_control/interaction/teleop_command) by extension 'colcon_pkg'
[0.248s] Level 1:colcon.colcon_core.package_identification:_identify(ddt_ros2_ws/ddt_ros2_control/interaction/teleop_command) by extensions ['colcon_meta']
[0.248s] Level 1:colcon.colcon_core.package_identification:_identify(ddt_ros2_ws/ddt_ros2_control/interaction/teleop_command) by extension 'colcon_meta'
[0.248s] Level 1:colcon.colcon_core.package_identification:_identify(ddt_ros2_ws/ddt_ros2_control/interaction/teleop_command) by extensions ['ros']
[0.248s] Level 1:colcon.colcon_core.package_identification:_identify(ddt_ros2_ws/ddt_ros2_control/interaction/teleop_command) by extension 'ros'
[0.249s] DEBUG:colcon.colcon_core.package_identification:Package 'ddt_ros2_ws/ddt_ros2_control/interaction/teleop_command' with type 'ros.ament_cmake' and name 'teleop_command'
[0.249s] Level 1:colcon.colcon_core.package_identification:_identify(ddt_ros2_ws/ddt_ros2_control/ros_utils) by extensions ['ignore', 'ignore_ament_install']
[0.249s] Level 1:colcon.colcon_core.package_identification:_identify(ddt_ros2_ws/ddt_ros2_control/ros_utils) by extension 'ignore'
[0.249s] Level 1:colcon.colcon_core.package_identification:_identify(ddt_ros2_ws/ddt_ros2_control/ros_utils) by extension 'ignore_ament_install'
[0.249s] Level 1:colcon.colcon_core.package_identification:_identify(ddt_ros2_ws/ddt_ros2_control/ros_utils) by extensions ['colcon_pkg']
[0.249s] Level 1:colcon.colcon_core.package_identification:_identify(ddt_ros2_ws/ddt_ros2_control/ros_utils) by extension 'colcon_pkg'
[0.249s] Level 1:colcon.colcon_core.package_identification:_identify(ddt_ros2_ws/ddt_ros2_control/ros_utils) by extensions ['colcon_meta']
[0.249s] Level 1:colcon.colcon_core.package_identification:_identify(ddt_ros2_ws/ddt_ros2_control/ros_utils) by extension 'colcon_meta'
[0.249s] Level 1:colcon.colcon_core.package_identification:_identify(ddt_ros2_ws/ddt_ros2_control/ros_utils) by extensions ['ros']
[0.249s] Level 1:colcon.colcon_core.package_identification:_identify(ddt_ros2_ws/ddt_ros2_control/ros_utils) by extension 'ros'
[0.250s] DEBUG:colcon.colcon_core.package_identification:Package 'ddt_ros2_ws/ddt_ros2_control/ros_utils' with type 'ros.ament_cmake' and name 'ros_utils'
[0.250s] Level 1:colcon.colcon_core.package_identification:_identify(ddt_ros2_ws/ddt_ros2_control/simulation) by extensions ['ignore', 'ignore_ament_install']
[0.251s] Level 1:colcon.colcon_core.package_identification:_identify(ddt_ros2_ws/ddt_ros2_control/simulation) by extension 'ignore'
[0.251s] Level 1:colcon.colcon_core.package_identification:_identify(ddt_ros2_ws/ddt_ros2_control/simulation) by extension 'ignore_ament_install'
[0.251s] Level 1:colcon.colcon_core.package_identification:_identify(ddt_ros2_ws/ddt_ros2_control/simulation) by extensions ['colcon_pkg']
[0.251s] Level 1:colcon.colcon_core.package_identification:_identify(ddt_ros2_ws/ddt_ros2_control/simulation) by extension 'colcon_pkg'
[0.251s] Level 1:colcon.colcon_core.package_identification:_identify(ddt_ros2_ws/ddt_ros2_control/simulation) by extensions ['colcon_meta']
[0.251s] Level 1:colcon.colcon_core.package_identification:_identify(ddt_ros2_ws/ddt_ros2_control/simulation) by extension 'colcon_meta'
[0.251s] Level 1:colcon.colcon_core.package_identification:_identify(ddt_ros2_ws/ddt_ros2_control/simulation) by extensions ['ros']
[0.251s] Level 1:colcon.colcon_core.package_identification:_identify(ddt_ros2_ws/ddt_ros2_control/simulation) by extension 'ros'
[0.251s] Level 1:colcon.colcon_core.package_identification:_identify(ddt_ros2_ws/ddt_ros2_control/simulation) by extensions ['cmake', 'python']
[0.251s] Level 1:colcon.colcon_core.package_identification:_identify(ddt_ros2_ws/ddt_ros2_control/simulation) by extension 'cmake'
[0.251s] Level 1:colcon.colcon_core.package_identification:_identify(ddt_ros2_ws/ddt_ros2_control/simulation) by extension 'python'
[0.251s] Level 1:colcon.colcon_core.package_identification:_identify(ddt_ros2_ws/ddt_ros2_control/simulation) by extensions ['python_setup_py']
[0.251s] Level 1:colcon.colcon_core.package_identification:_identify(ddt_ros2_ws/ddt_ros2_control/simulation) by extension 'python_setup_py'
[0.251s] Level 1:colcon.colcon_core.package_identification:_identify(ddt_ros2_ws/ddt_ros2_control/simulation/gazebo_bridge) by extensions ['ignore', 'ignore_ament_install']
[0.251s] Level 1:colcon.colcon_core.package_identification:_identify(ddt_ros2_ws/ddt_ros2_control/simulation/gazebo_bridge) by extension 'ignore'
[0.251s] Level 1:colcon.colcon_core.package_identification:_identify(ddt_ros2_ws/ddt_ros2_control/simulation/gazebo_bridge) by extension 'ignore_ament_install'
[0.251s] Level 1:colcon.colcon_core.package_identification:_identify(ddt_ros2_ws/ddt_ros2_control/simulation/gazebo_bridge) by extensions ['colcon_pkg']
[0.251s] Level 1:colcon.colcon_core.package_identification:_identify(ddt_ros2_ws/ddt_ros2_control/simulation/gazebo_bridge) by extension 'colcon_pkg'
[0.251s] Level 1:colcon.colcon_core.package_identification:_identify(ddt_ros2_ws/ddt_ros2_control/simulation/gazebo_bridge) by extensions ['colcon_meta']
[0.251s] Level 1:colcon.colcon_core.package_identification:_identify(ddt_ros2_ws/ddt_ros2_control/simulation/gazebo_bridge) by extension 'colcon_meta'
[0.251s] Level 1:colcon.colcon_core.package_identification:_identify(ddt_ros2_ws/ddt_ros2_control/simulation/gazebo_bridge) by extensions ['ros']
[0.251s] Level 1:colcon.colcon_core.package_identification:_identify(ddt_ros2_ws/ddt_ros2_control/simulation/gazebo_bridge) by extension 'ros'
[0.252s] DEBUG:colcon.colcon_core.package_identification:Package 'ddt_ros2_ws/ddt_ros2_control/simulation/gazebo_bridge' with type 'ros.ament_cmake' and name 'gazebo_bridge'
[0.252s] Level 1:colcon.colcon_core.package_identification:_identify(ddt_ros2_ws/ddt_ros2_control/simulation/mujoco_bridge) by extensions ['ignore', 'ignore_ament_install']
[0.252s] Level 1:colcon.colcon_core.package_identification:_identify(ddt_ros2_ws/ddt_ros2_control/simulation/mujoco_bridge) by extension 'ignore'
[0.252s] Level 1:colcon.colcon_core.package_identification:_identify(ddt_ros2_ws/ddt_ros2_control/simulation/mujoco_bridge) by extension 'ignore_ament_install'
[0.252s] Level 1:colcon.colcon_core.package_identification:_identify(ddt_ros2_ws/ddt_ros2_control/simulation/mujoco_bridge) by extensions ['colcon_pkg']
[0.252s] Level 1:colcon.colcon_core.package_identification:_identify(ddt_ros2_ws/ddt_ros2_control/simulation/mujoco_bridge) by extension 'colcon_pkg'
[0.253s] Level 1:colcon.colcon_core.package_identification:_identify(ddt_ros2_ws/ddt_ros2_control/simulation/mujoco_bridge) by extensions ['colcon_meta']
[0.253s] Level 1:colcon.colcon_core.package_identification:_identify(ddt_ros2_ws/ddt_ros2_control/simulation/mujoco_bridge) by extension 'colcon_meta'
[0.253s] Level 1:colcon.colcon_core.package_identification:_identify(ddt_ros2_ws/ddt_ros2_control/simulation/mujoco_bridge) by extensions ['ros']
[0.253s] Level 1:colcon.colcon_core.package_identification:_identify(ddt_ros2_ws/ddt_ros2_control/simulation/mujoco_bridge) by extension 'ros'
[0.253s] Level 1:colcon.colcon_core.package_identification:_identify(ddt_ros2_ws/ddt_ros2_control/simulation/mujoco_bridge) by extensions ['cmake', 'python']
[0.253s] Level 1:colcon.colcon_core.package_identification:_identify(ddt_ros2_ws/ddt_ros2_control/simulation/mujoco_bridge) by extension 'cmake'
[0.253s] Level 1:colcon.colcon_core.package_identification:_identify(ddt_ros2_ws/ddt_ros2_control/simulation/mujoco_bridge) by extension 'python'
[0.253s] Level 1:colcon.colcon_core.package_identification:_identify(ddt_ros2_ws/ddt_ros2_control/simulation/mujoco_bridge) by extensions ['python_setup_py']
[0.253s] Level 1:colcon.colcon_core.package_identification:_identify(ddt_ros2_ws/ddt_ros2_control/simulation/mujoco_bridge) by extension 'python_setup_py'
[0.253s] Level 1:colcon.colcon_core.package_identification:_identify(ddt_ros2_ws/ddt_ros2_control/simulation/mujoco_bridge/mujoco_bridge) by extensions ['ignore', 'ignore_ament_install']
[0.253s] Level 1:colcon.colcon_core.package_identification:_identify(ddt_ros2_ws/ddt_ros2_control/simulation/mujoco_bridge/mujoco_bridge) by extension 'ignore'
[0.253s] Level 1:colcon.colcon_core.package_identification:_identify(ddt_ros2_ws/ddt_ros2_control/simulation/mujoco_bridge/mujoco_bridge) by extension 'ignore_ament_install'
[0.253s] Level 1:colcon.colcon_core.package_identification:_identify(ddt_ros2_ws/ddt_ros2_control/simulation/mujoco_bridge/mujoco_bridge) by extensions ['colcon_pkg']
[0.253s] Level 1:colcon.colcon_core.package_identification:_identify(ddt_ros2_ws/ddt_ros2_control/simulation/mujoco_bridge/mujoco_bridge) by extension 'colcon_pkg'
[0.253s] Level 1:colcon.colcon_core.package_identification:_identify(ddt_ros2_ws/ddt_ros2_control/simulation/mujoco_bridge/mujoco_bridge) by extensions ['colcon_meta']
[0.253s] Level 1:colcon.colcon_core.package_identification:_identify(ddt_ros2_ws/ddt_ros2_control/simulation/mujoco_bridge/mujoco_bridge) by extension 'colcon_meta'
[0.253s] Level 1:colcon.colcon_core.package_identification:_identify(ddt_ros2_ws/ddt_ros2_control/simulation/mujoco_bridge/mujoco_bridge) by extensions ['ros']
[0.253s] Level 1:colcon.colcon_core.package_identification:_identify(ddt_ros2_ws/ddt_ros2_control/simulation/mujoco_bridge/mujoco_bridge) by extension 'ros'
[0.254s] DEBUG:colcon.colcon_core.package_identification:Package 'ddt_ros2_ws/ddt_ros2_control/simulation/mujoco_bridge/mujoco_bridge' with type 'ros.ament_cmake' and name 'mujoco_bridge'
[0.254s] Level 1:colcon.colcon_core.package_identification:_identify(ddt_ros2_ws/ddt_ros2_control/simulation/mujoco_bridge/mujoco_ros2_control) by extensions ['ignore', 'ignore_ament_install']
[0.254s] Level 1:colcon.colcon_core.package_identification:_identify(ddt_ros2_ws/ddt_ros2_control/simulation/mujoco_bridge/mujoco_ros2_control) by extension 'ignore'
[0.254s] Level 1:colcon.colcon_core.package_identification:_identify(ddt_ros2_ws/ddt_ros2_control/simulation/mujoco_bridge/mujoco_ros2_control) by extension 'ignore_ament_install'
[0.254s] Level 1:colcon.colcon_core.package_identification:_identify(ddt_ros2_ws/ddt_ros2_control/simulation/mujoco_bridge/mujoco_ros2_control) by extensions ['colcon_pkg']
[0.254s] Level 1:colcon.colcon_core.package_identification:_identify(ddt_ros2_ws/ddt_ros2_control/simulation/mujoco_bridge/mujoco_ros2_control) by extension 'colcon_pkg'
[0.254s] Level 1:colcon.colcon_core.package_identification:_identify(ddt_ros2_ws/ddt_ros2_control/simulation/mujoco_bridge/mujoco_ros2_control) by extensions ['colcon_meta']
[0.254s] Level 1:colcon.colcon_core.package_identification:_identify(ddt_ros2_ws/ddt_ros2_control/simulation/mujoco_bridge/mujoco_ros2_control) by extension 'colcon_meta'
[0.254s] Level 1:colcon.colcon_core.package_identification:_identify(ddt_ros2_ws/ddt_ros2_control/simulation/mujoco_bridge/mujoco_ros2_control) by extensions ['ros']
[0.254s] Level 1:colcon.colcon_core.package_identification:_identify(ddt_ros2_ws/ddt_ros2_control/simulation/mujoco_bridge/mujoco_ros2_control) by extension 'ros'
[0.255s] DEBUG:colcon.colcon_core.package_identification:Package 'ddt_ros2_ws/ddt_ros2_control/simulation/mujoco_bridge/mujoco_ros2_control' with type 'ros.ament_cmake' and name 'mujoco_ros2_control'
[0.255s] Level 1:colcon.colcon_core.package_identification:_identify(ddt_ros2_ws/ddt_ros2_control/simulation/mujoco_bridge/mujoco_sim_ros2) by extensions ['ignore', 'ignore_ament_install']
[0.255s] Level 1:colcon.colcon_core.package_identification:_identify(ddt_ros2_ws/ddt_ros2_control/simulation/mujoco_bridge/mujoco_sim_ros2) by extension 'ignore'
[0.255s] Level 1:colcon.colcon_core.package_identification:_identify(ddt_ros2_ws/ddt_ros2_control/simulation/mujoco_bridge/mujoco_sim_ros2) by extension 'ignore_ament_install'
[0.255s] Level 1:colcon.colcon_core.package_identification:_identify(ddt_ros2_ws/ddt_ros2_control/simulation/mujoco_bridge/mujoco_sim_ros2) by extensions ['colcon_pkg']
[0.255s] Level 1:colcon.colcon_core.package_identification:_identify(ddt_ros2_ws/ddt_ros2_control/simulation/mujoco_bridge/mujoco_sim_ros2) by extension 'colcon_pkg'
[0.255s] Level 1:colcon.colcon_core.package_identification:_identify(ddt_ros2_ws/ddt_ros2_control/simulation/mujoco_bridge/mujoco_sim_ros2) by extensions ['colcon_meta']
[0.255s] Level 1:colcon.colcon_core.package_identification:_identify(ddt_ros2_ws/ddt_ros2_control/simulation/mujoco_bridge/mujoco_sim_ros2) by extension 'colcon_meta'
[0.255s] Level 1:colcon.colcon_core.package_identification:_identify(ddt_ros2_ws/ddt_ros2_control/simulation/mujoco_bridge/mujoco_sim_ros2) by extensions ['ros']
[0.255s] Level 1:colcon.colcon_core.package_identification:_identify(ddt_ros2_ws/ddt_ros2_control/simulation/mujoco_bridge/mujoco_sim_ros2) by extension 'ros'
[0.256s] DEBUG:colcon.colcon_core.package_identification:Package 'ddt_ros2_ws/ddt_ros2_control/simulation/mujoco_bridge/mujoco_sim_ros2' with type 'ros.ament_cmake' and name 'mujoco_sim_ros2'
[0.256s] Level 1:colcon.colcon_core.package_identification:_identify(ddt_ros2_ws/ddt_ros2_control/simulation/webots_bridge) by extensions ['ignore', 'ignore_ament_install']
[0.256s] Level 1:colcon.colcon_core.package_identification:_identify(ddt_ros2_ws/ddt_ros2_control/simulation/webots_bridge) by extension 'ignore'
[0.256s] Level 1:colcon.colcon_core.package_identification:_identify(ddt_ros2_ws/ddt_ros2_control/simulation/webots_bridge) by extension 'ignore_ament_install'
[0.256s] Level 1:colcon.colcon_core.package_identification:_identify(ddt_ros2_ws/ddt_ros2_control/simulation/webots_bridge) by extensions ['colcon_pkg']
[0.256s] Level 1:colcon.colcon_core.package_identification:_identify(ddt_ros2_ws/ddt_ros2_control/simulation/webots_bridge) by extension 'colcon_pkg'
[0.256s] Level 1:colcon.colcon_core.package_identification:_identify(ddt_ros2_ws/ddt_ros2_control/simulation/webots_bridge) by extensions ['colcon_meta']
[0.256s] Level 1:colcon.colcon_core.package_identification:_identify(ddt_ros2_ws/ddt_ros2_control/simulation/webots_bridge) by extension 'colcon_meta'
[0.256s] Level 1:colcon.colcon_core.package_identification:_identify(ddt_ros2_ws/ddt_ros2_control/simulation/webots_bridge) by extensions ['ros']
[0.256s] Level 1:colcon.colcon_core.package_identification:_identify(ddt_ros2_ws/ddt_ros2_control/simulation/webots_bridge) by extension 'ros'
[0.264s] DEBUG:colcon.colcon_core.package_identification:Package 'ddt_ros2_ws/ddt_ros2_control/simulation/webots_bridge' with type 'ros.ament_cmake' and name 'webots_bridge'
[0.264s] Level 1:colcon.colcon_core.package_identification:_identify(ddt_ros2_ws/ddt_ros2_control/urdfs) by extensions ['ignore', 'ignore_ament_install']
[0.264s] Level 1:colcon.colcon_core.package_identification:_identify(ddt_ros2_ws/ddt_ros2_control/urdfs) by extension 'ignore'
[0.264s] Level 1:colcon.colcon_core.package_identification:_identify(ddt_ros2_ws/ddt_ros2_control/urdfs) by extension 'ignore_ament_install'
[0.264s] Level 1:colcon.colcon_core.package_identification:_identify(ddt_ros2_ws/ddt_ros2_control/urdfs) by extensions ['colcon_pkg']
[0.264s] Level 1:colcon.colcon_core.package_identification:_identify(ddt_ros2_ws/ddt_ros2_control/urdfs) by extension 'colcon_pkg'
[0.264s] Level 1:colcon.colcon_core.package_identification:_identify(ddt_ros2_ws/ddt_ros2_control/urdfs) by extensions ['colcon_meta']
[0.264s] Level 1:colcon.colcon_core.package_identification:_identify(ddt_ros2_ws/ddt_ros2_control/urdfs) by extension 'colcon_meta'
[0.264s] Level 1:colcon.colcon_core.package_identification:_identify(ddt_ros2_ws/ddt_ros2_control/urdfs) by extensions ['ros']
[0.264s] Level 1:colcon.colcon_core.package_identification:_identify(ddt_ros2_ws/ddt_ros2_control/urdfs) by extension 'ros'
[0.264s] Level 1:colcon.colcon_core.package_identification:_identify(ddt_ros2_ws/ddt_ros2_control/urdfs) by extensions ['cmake', 'python']
[0.264s] Level 1:colcon.colcon_core.package_identification:_identify(ddt_ros2_ws/ddt_ros2_control/urdfs) by extension 'cmake'
[0.264s] Level 1:colcon.colcon_core.package_identification:_identify(ddt_ros2_ws/ddt_ros2_control/urdfs) by extension 'python'
[0.264s] Level 1:colcon.colcon_core.package_identification:_identify(ddt_ros2_ws/ddt_ros2_control/urdfs) by extensions ['python_setup_py']
[0.264s] Level 1:colcon.colcon_core.package_identification:_identify(ddt_ros2_ws/ddt_ros2_control/urdfs) by extension 'python_setup_py'
[0.265s] Level 1:colcon.colcon_core.package_identification:_identify(ddt_ros2_ws/ddt_ros2_control/urdfs/d1_description) by extensions ['ignore', 'ignore_ament_install']
[0.265s] Level 1:colcon.colcon_core.package_identification:_identify(ddt_ros2_ws/ddt_ros2_control/urdfs/d1_description) by extension 'ignore'
[0.265s] Level 1:colcon.colcon_core.package_identification:_identify(ddt_ros2_ws/ddt_ros2_control/urdfs/d1_description) by extension 'ignore_ament_install'
[0.265s] Level 1:colcon.colcon_core.package_identification:_identify(ddt_ros2_ws/ddt_ros2_control/urdfs/d1_description) by extensions ['colcon_pkg']
[0.265s] Level 1:colcon.colcon_core.package_identification:_identify(ddt_ros2_ws/ddt_ros2_control/urdfs/d1_description) by extension 'colcon_pkg'
[0.265s] Level 1:colcon.colcon_core.package_identification:_identify(ddt_ros2_ws/ddt_ros2_control/urdfs/d1_description) by extensions ['colcon_meta']
[0.265s] Level 1:colcon.colcon_core.package_identification:_identify(ddt_ros2_ws/ddt_ros2_control/urdfs/d1_description) by extension 'colcon_meta'
[0.265s] Level 1:colcon.colcon_core.package_identification:_identify(ddt_ros2_ws/ddt_ros2_control/urdfs/d1_description) by extensions ['ros']
[0.265s] Level 1:colcon.colcon_core.package_identification:_identify(ddt_ros2_ws/ddt_ros2_control/urdfs/d1_description) by extension 'ros'
[0.268s] DEBUG:colcon.colcon_core.package_identification:Package 'ddt_ros2_ws/ddt_ros2_control/urdfs/d1_description' with type 'ros.ament_cmake' and name 'd1_description'
[0.268s] Level 1:colcon.colcon_core.package_identification:_identify(ddt_ros2_ws/ddt_ros2_control/urdfs/d1h_description) by extensions ['ignore', 'ignore_ament_install']
[0.268s] Level 1:colcon.colcon_core.package_identification:_identify(ddt_ros2_ws/ddt_ros2_control/urdfs/d1h_description) by extension 'ignore'
[0.268s] Level 1:colcon.colcon_core.package_identification:_identify(ddt_ros2_ws/ddt_ros2_control/urdfs/d1h_description) by extension 'ignore_ament_install'
[0.269s] Level 1:colcon.colcon_core.package_identification:_identify(ddt_ros2_ws/ddt_ros2_control/urdfs/d1h_description) by extensions ['colcon_pkg']
[0.269s] Level 1:colcon.colcon_core.package_identification:_identify(ddt_ros2_ws/ddt_ros2_control/urdfs/d1h_description) by extension 'colcon_pkg'
[0.269s] Level 1:colcon.colcon_core.package_identification:_identify(ddt_ros2_ws/ddt_ros2_control/urdfs/d1h_description) by extensions ['colcon_meta']
[0.269s] Level 1:colcon.colcon_core.package_identification:_identify(ddt_ros2_ws/ddt_ros2_control/urdfs/d1h_description) by extension 'colcon_meta'
[0.269s] Level 1:colcon.colcon_core.package_identification:_identify(ddt_ros2_ws/ddt_ros2_control/urdfs/d1h_description) by extensions ['ros']
[0.269s] Level 1:colcon.colcon_core.package_identification:_identify(ddt_ros2_ws/ddt_ros2_control/urdfs/d1h_description) by extension 'ros'
[0.271s] DEBUG:colcon.colcon_core.package_identification:Package 'ddt_ros2_ws/ddt_ros2_control/urdfs/d1h_description' with type 'ros.ament_cmake' and name 'd1h_description'
[0.271s] Level 1:colcon.colcon_core.package_identification:_identify(ddt_ros2_ws/ddt_ros2_control/urdfs/tita_description) by extensions ['ignore', 'ignore_ament_install']
[0.271s] Level 1:colcon.colcon_core.package_identification:_identify(ddt_ros2_ws/ddt_ros2_control/urdfs/tita_description) by extension 'ignore'
[0.271s] Level 1:colcon.colcon_core.package_identification:_identify(ddt_ros2_ws/ddt_ros2_control/urdfs/tita_description) by extension 'ignore_ament_install'
[0.271s] Level 1:colcon.colcon_core.package_identification:_identify(ddt_ros2_ws/ddt_ros2_control/urdfs/tita_description) by extensions ['colcon_pkg']
[0.271s] Level 1:colcon.colcon_core.package_identification:_identify(ddt_ros2_ws/ddt_ros2_control/urdfs/tita_description) by extension 'colcon_pkg'
[0.271s] Level 1:colcon.colcon_core.package_identification:_identify(ddt_ros2_ws/ddt_ros2_control/urdfs/tita_description) by extensions ['colcon_meta']
[0.271s] Level 1:colcon.colcon_core.package_identification:_identify(ddt_ros2_ws/ddt_ros2_control/urdfs/tita_description) by extension 'colcon_meta'
[0.271s] Level 1:colcon.colcon_core.package_identification:_identify(ddt_ros2_ws/ddt_ros2_control/urdfs/tita_description) by extensions ['ros']
[0.271s] Level 1:colcon.colcon_core.package_identification:_identify(ddt_ros2_ws/ddt_ros2_control/urdfs/tita_description) by extension 'ros'
[0.274s] DEBUG:colcon.colcon_core.package_identification:Package 'ddt_ros2_ws/ddt_ros2_control/urdfs/tita_description' with type 'ros.ament_cmake' and name 'tita_description'
[0.274s] Level 1:colcon.colcon_core.package_identification:_identify(ddt_ros2_ws/ddt_ros2_control/urdfs/titatit_description) by extensions ['ignore', 'ignore_ament_install']
[0.274s] Level 1:colcon.colcon_core.package_identification:_identify(ddt_ros2_ws/ddt_ros2_control/urdfs/titatit_description) by extension 'ignore'
[0.274s] Level 1:colcon.colcon_core.package_identification:_identify(ddt_ros2_ws/ddt_ros2_control/urdfs/titatit_description) by extension 'ignore_ament_install'
[0.274s] Level 1:colcon.colcon_core.package_identification:_identify(ddt_ros2_ws/ddt_ros2_control/urdfs/titatit_description) by extensions ['colcon_pkg']
[0.274s] Level 1:colcon.colcon_core.package_identification:_identify(ddt_ros2_ws/ddt_ros2_control/urdfs/titatit_description) by extension 'colcon_pkg'
[0.274s] Level 1:colcon.colcon_core.package_identification:_identify(ddt_ros2_ws/ddt_ros2_control/urdfs/titatit_description) by extensions ['colcon_meta']
[0.274s] Level 1:colcon.colcon_core.package_identification:_identify(ddt_ros2_ws/ddt_ros2_control/urdfs/titatit_description) by extension 'colcon_meta'
[0.274s] Level 1:colcon.colcon_core.package_identification:_identify(ddt_ros2_ws/ddt_ros2_control/urdfs/titatit_description) by extensions ['ros']
[0.274s] Level 1:colcon.colcon_core.package_identification:_identify(ddt_ros2_ws/ddt_ros2_control/urdfs/titatit_description) by extension 'ros'
[0.277s] DEBUG:colcon.colcon_core.package_identification:Package 'ddt_ros2_ws/ddt_ros2_control/urdfs/titatit_description' with type 'ros.ament_cmake' and name 'titatit_description'
[0.277s] Level 1:colcon.colcon_core.package_identification:_identify(ddt_ros2_ws/install) by extensions ['ignore', 'ignore_ament_install']
[0.277s] Level 1:colcon.colcon_core.package_identification:_identify(ddt_ros2_ws/install) by extension 'ignore'
[0.277s] Level 1:colcon.colcon_core.package_identification:_identify(ddt_ros2_ws/install) ignored
[0.277s] Level 1:colcon.colcon_core.package_identification:_identify(ddt_ros2_ws/log) by extensions ['ignore', 'ignore_ament_install']
[0.277s] Level 1:colcon.colcon_core.package_identification:_identify(ddt_ros2_ws/log) by extension 'ignore'
[0.277s] Level 1:colcon.colcon_core.package_identification:_identify(ddt_ros2_ws/log) ignored
[0.277s] Level 1:colcon.colcon_core.package_identification:_identify(ddt_ros2_ws/mujoco) by extensions ['ignore', 'ignore_ament_install']
[0.277s] Level 1:colcon.colcon_core.package_identification:_identify(ddt_ros2_ws/mujoco) by extension 'ignore'
[0.277s] Level 1:colcon.colcon_core.package_identification:_identify(ddt_ros2_ws/mujoco) by extension 'ignore_ament_install'
[0.278s] Level 1:colcon.colcon_core.package_identification:_identify(ddt_ros2_ws/mujoco) by extensions ['colcon_pkg']
[0.278s] Level 1:colcon.colcon_core.package_identification:_identify(ddt_ros2_ws/mujoco) by extension 'colcon_pkg'
[0.278s] Level 1:colcon.colcon_core.package_identification:_identify(ddt_ros2_ws/mujoco) by extensions ['colcon_meta']
[0.278s] Level 1:colcon.colcon_core.package_identification:_identify(ddt_ros2_ws/mujoco) by extension 'colcon_meta'
[0.278s] Level 1:colcon.colcon_core.package_identification:_identify(ddt_ros2_ws/mujoco) by extensions ['ros']
[0.278s] Level 1:colcon.colcon_core.package_identification:_identify(ddt_ros2_ws/mujoco) by extension 'ros'
[0.278s] Level 1:colcon.colcon_core.package_identification:_identify(ddt_ros2_ws/mujoco) by extensions ['cmake', 'python']
[0.278s] Level 1:colcon.colcon_core.package_identification:_identify(ddt_ros2_ws/mujoco) by extension 'cmake'
[0.291s] Level 1:colcon.colcon_core.package_identification:_identify(ddt_ros2_ws/mujoco) by extension 'python'
[0.291s] DEBUG:colcon.colcon_core.package_identification:Package 'ddt_ros2_ws/mujoco' with type 'cmake' and name 'mujoco'
[0.291s] Level 1:colcon.colcon_core.package_identification:_identify(install) by extensions ['ignore', 'ignore_ament_install']
[0.291s] Level 1:colcon.colcon_core.package_identification:_identify(install) by extension 'ignore'
[0.291s] Level 1:colcon.colcon_core.package_identification:_identify(install) ignored
[0.291s] Level 1:colcon.colcon_core.package_identification:_identify(log) by extensions ['ignore', 'ignore_ament_install']
[0.291s] Level 1:colcon.colcon_core.package_identification:_identify(log) by extension 'ignore'
[0.291s] Level 1:colcon.colcon_core.package_identification:_identify(log) ignored
[0.291s] Level 1:colcon.colcon_core.package_identification:_identify(onnxruntime-linux-x64-1.10.0) by extensions ['ignore', 'ignore_ament_install']
[0.292s] Level 1:colcon.colcon_core.package_identification:_identify(onnxruntime-linux-x64-1.10.0) by extension 'ignore'
[0.292s] Level 1:colcon.colcon_core.package_identification:_identify(onnxruntime-linux-x64-1.10.0) by extension 'ignore_ament_install'
[0.292s] Level 1:colcon.colcon_core.package_identification:_identify(onnxruntime-linux-x64-1.10.0) by extensions ['colcon_pkg']
[0.292s] Level 1:colcon.colcon_core.package_identification:_identify(onnxruntime-linux-x64-1.10.0) by extension 'colcon_pkg'
[0.292s] Level 1:colcon.colcon_core.package_identification:_identify(onnxruntime-linux-x64-1.10.0) by extensions ['colcon_meta']
[0.292s] Level 1:colcon.colcon_core.package_identification:_identify(onnxruntime-linux-x64-1.10.0) by extension 'colcon_meta'
[0.292s] Level 1:colcon.colcon_core.package_identification:_identify(onnxruntime-linux-x64-1.10.0) by extensions ['ros']
[0.292s] Level 1:colcon.colcon_core.package_identification:_identify(onnxruntime-linux-x64-1.10.0) by extension 'ros'
[0.292s] Level 1:colcon.colcon_core.package_identification:_identify(onnxruntime-linux-x64-1.10.0) by extensions ['cmake', 'python']
[0.292s] Level 1:colcon.colcon_core.package_identification:_identify(onnxruntime-linux-x64-1.10.0) by extension 'cmake'
[0.292s] Level 1:colcon.colcon_core.package_identification:_identify(onnxruntime-linux-x64-1.10.0) by extension 'python'
[0.292s] Level 1:colcon.colcon_core.package_identification:_identify(onnxruntime-linux-x64-1.10.0) by extensions ['python_setup_py']
[0.292s] Level 1:colcon.colcon_core.package_identification:_identify(onnxruntime-linux-x64-1.10.0) by extension 'python_setup_py'
[0.292s] Level 1:colcon.colcon_core.package_identification:_identify(onnxruntime-linux-x64-1.10.0/include) by extensions ['ignore', 'ignore_ament_install']
[0.292s] Level 1:colcon.colcon_core.package_identification:_identify(onnxruntime-linux-x64-1.10.0/include) by extension 'ignore'
[0.292s] Level 1:colcon.colcon_core.package_identification:_identify(onnxruntime-linux-x64-1.10.0/include) by extension 'ignore_ament_install'
[0.292s] Level 1:colcon.colcon_core.package_identification:_identify(onnxruntime-linux-x64-1.10.0/include) by extensions ['colcon_pkg']
[0.292s] Level 1:colcon.colcon_core.package_identification:_identify(onnxruntime-linux-x64-1.10.0/include) by extension 'colcon_pkg'
[0.292s] Level 1:colcon.colcon_core.package_identification:_identify(onnxruntime-linux-x64-1.10.0/include) by extensions ['colcon_meta']
[0.292s] Level 1:colcon.colcon_core.package_identification:_identify(onnxruntime-linux-x64-1.10.0/include) by extension 'colcon_meta'
[0.292s] Level 1:colcon.colcon_core.package_identification:_identify(onnxruntime-linux-x64-1.10.0/include) by extensions ['ros']
[0.292s] Level 1:colcon.colcon_core.package_identification:_identify(onnxruntime-linux-x64-1.10.0/include) by extension 'ros'
[0.292s] Level 1:colcon.colcon_core.package_identification:_identify(onnxruntime-linux-x64-1.10.0/include) by extensions ['cmake', 'python']
[0.292s] Level 1:colcon.colcon_core.package_identification:_identify(onnxruntime-linux-x64-1.10.0/include) by extension 'cmake'
[0.292s] Level 1:colcon.colcon_core.package_identification:_identify(onnxruntime-linux-x64-1.10.0/include) by extension 'python'
[0.292s] Level 1:colcon.colcon_core.package_identification:_identify(onnxruntime-linux-x64-1.10.0/include) by extensions ['python_setup_py']
[0.292s] Level 1:colcon.colcon_core.package_identification:_identify(onnxruntime-linux-x64-1.10.0/include) by extension 'python_setup_py'
[0.292s] Level 1:colcon.colcon_core.package_identification:_identify(onnxruntime-linux-x64-1.10.0/lib) by extensions ['ignore', 'ignore_ament_install']
[0.292s] Level 1:colcon.colcon_core.package_identification:_identify(onnxruntime-linux-x64-1.10.0/lib) by extension 'ignore'
[0.293s] Level 1:colcon.colcon_core.package_identification:_identify(onnxruntime-linux-x64-1.10.0/lib) by extension 'ignore_ament_install'
[0.293s] Level 1:colcon.colcon_core.package_identification:_identify(onnxruntime-linux-x64-1.10.0/lib) by extensions ['colcon_pkg']
[0.293s] Level 1:colcon.colcon_core.package_identification:_identify(onnxruntime-linux-x64-1.10.0/lib) by extension 'colcon_pkg'
[0.293s] Level 1:colcon.colcon_core.package_identification:_identify(onnxruntime-linux-x64-1.10.0/lib) by extensions ['colcon_meta']
[0.293s] Level 1:colcon.colcon_core.package_identification:_identify(onnxruntime-linux-x64-1.10.0/lib) by extension 'colcon_meta'
[0.293s] Level 1:colcon.colcon_core.package_identification:_identify(onnxruntime-linux-x64-1.10.0/lib) by extensions ['ros']
[0.293s] Level 1:colcon.colcon_core.package_identification:_identify(onnxruntime-linux-x64-1.10.0/lib) by extension 'ros'
[0.293s] Level 1:colcon.colcon_core.package_identification:_identify(onnxruntime-linux-x64-1.10.0/lib) by extensions ['cmake', 'python']
[0.293s] Level 1:colcon.colcon_core.package_identification:_identify(onnxruntime-linux-x64-1.10.0/lib) by extension 'cmake'
[0.293s] Level 1:colcon.colcon_core.package_identification:_identify(onnxruntime-linux-x64-1.10.0/lib) by extension 'python'
[0.293s] Level 1:colcon.colcon_core.package_identification:_identify(onnxruntime-linux-x64-1.10.0/lib) by extensions ['python_setup_py']
[0.293s] Level 1:colcon.colcon_core.package_identification:_identify(onnxruntime-linux-x64-1.10.0/lib) by extension 'python_setup_py'
[0.293s] Level 1:colcon.colcon_core.package_discovery:discover_packages(recursive) using defaults
[0.293s] Level 1:colcon.colcon_core.package_discovery:discover_packages(ignore) discover
[0.293s] Level 1:colcon.colcon_core.package_discovery:discover_packages(ignore) using defaults
[0.293s] Level 1:colcon.colcon_core.package_discovery:discover_packages(path) discover
[0.293s] Level 1:colcon.colcon_core.package_discovery:discover_packages(path) using defaults
[0.312s] INFO:colcon.colcon_core.package_selection:Skipping package 'teleop_command' in 'ddt_ros2_ws/ddt_ros2_control/interaction/teleop_command'
[0.312s] INFO:colcon.colcon_core.package_selection:Skipping package 'rl_controller' in 'ddt_ros2_ws/ddt_ros2_control/controller/rl_controller'
[0.312s] INFO:colcon.colcon_core.package_selection:Skipping package 'keyboard_controller' in 'ddt_ros2_ws/ddt_ros2_control/interaction/keyboard_controller'
[0.312s] INFO:colcon.colcon_core.package_selection:Skipping package 'hardware_bridge' in 'ddt_ros2_ws/ddt_ros2_control/hardware/hardware_bridge'
[0.312s] INFO:colcon.colcon_core.package_selection:Skipping package 'gazebo_bridge' in 'ddt_ros2_ws/ddt_ros2_control/simulation/gazebo_bridge'
[0.312s] INFO:colcon.colcon_core.package_selection:Skipping package 'webots_bridge' in 'ddt_ros2_ws/ddt_ros2_control/simulation/webots_bridge'
[0.312s] INFO:colcon.colcon_core.package_selection:Skipping package 'titatit_description' in 'ddt_ros2_ws/ddt_ros2_control/urdfs/titatit_description'
[0.312s] INFO:colcon.colcon_core.package_selection:Skipping package 'tita_robot' in 'ddt_ros2_ws/ddt_ros2_control/hardware/tita_robot'
[0.312s] INFO:colcon.colcon_core.package_selection:Skipping package 'tita_description' in 'ddt_ros2_ws/ddt_ros2_control/urdfs/tita_description'
[0.312s] INFO:colcon.colcon_core.package_selection:Skipping package 'ros_utils' in 'ddt_ros2_ws/ddt_ros2_control/ros_utils'
[0.312s] INFO:colcon.colcon_core.package_selection:Skipping package 'd1h_description' in 'ddt_ros2_ws/ddt_ros2_control/urdfs/d1h_description'
[0.312s] INFO:colcon.colcon_core.package_selection:Skipping package 'd1_description' in 'ddt_ros2_ws/ddt_ros2_control/urdfs/d1_description'
[0.313s] Level 1:colcon.colcon_core.package_discovery:discover_packages(prefix_path) check parameters
[0.313s] Level 1:colcon.colcon_core.package_discovery:discover_packages(prefix_path) discover
[0.315s] DEBUG:colcon.colcon_installed_package_information.package_discovery:Found 443 installed packages in /opt/ros/humble
[0.317s] Level 1:colcon.colcon_core.package_discovery:discover_packages(prefix_path) using defaults
[0.361s] Level 5:colcon.colcon_core.verb:set package 'mujoco' build argument 'cmake_args' from command line to 'None'
[0.361s] Level 5:colcon.colcon_core.verb:set package 'mujoco' build argument 'cmake_target' from command line to 'None'
[0.361s] Level 5:colcon.colcon_core.verb:set package 'mujoco' build argument 'cmake_target_skip_unavailable' from command line to 'False'
[0.361s] Level 5:colcon.colcon_core.verb:set package 'mujoco' build argument 'cmake_clean_cache' from command line to 'False'
[0.361s] Level 5:colcon.colcon_core.verb:set package 'mujoco' build argument 'cmake_clean_first' from command line to 'False'
[0.361s] Level 5:colcon.colcon_core.verb:set package 'mujoco' build argument 'cmake_force_configure' from command line to 'False'
[0.361s] Level 5:colcon.colcon_core.verb:set package 'mujoco' build argument 'ament_cmake_args' from command line to 'None'
[0.361s] Level 5:colcon.colcon_core.verb:set package 'mujoco' build argument 'catkin_cmake_args' from command line to 'None'
[0.361s] Level 5:colcon.colcon_core.verb:set package 'mujoco' build argument 'catkin_skip_building_tests' from command line to 'False'
[0.361s] DEBUG:colcon.colcon_core.verb:Building package 'mujoco' with the following arguments: {'ament_cmake_args': None, 'build_base': '/home/aiseon/tita/sim2sim2real/build/mujoco', 'catkin_cmake_args': None, 'catkin_skip_building_tests': False, 'cmake_args': None, 'cmake_clean_cache': False, 'cmake_clean_first': False, 'cmake_force_configure': False, 'cmake_target': None, 'cmake_target_skip_unavailable': False, 'install_base': '/home/aiseon/tita/sim2sim2real/install/mujoco', 'merge_install': False, 'path': '/home/aiseon/tita/sim2sim2real/ddt_ros2_ws/mujoco', 'symlink_install': True, 'test_result_base': None}
[0.362s] Level 5:colcon.colcon_core.verb:set package 'mujoco_sim_ros2' build argument 'cmake_args' from command line to 'None'
[0.362s] Level 5:colcon.colcon_core.verb:set package 'mujoco_sim_ros2' build argument 'cmake_target' from command line to 'None'
[0.362s] Level 5:colcon.colcon_core.verb:set package 'mujoco_sim_ros2' build argument 'cmake_target_skip_unavailable' from command line to 'False'
[0.362s] Level 5:colcon.colcon_core.verb:set package 'mujoco_sim_ros2' build argument 'cmake_clean_cache' from command line to 'False'
[0.362s] Level 5:colcon.colcon_core.verb:set package 'mujoco_sim_ros2' build argument 'cmake_clean_first' from command line to 'False'
[0.362s] Level 5:colcon.colcon_core.verb:set package 'mujoco_sim_ros2' build argument 'cmake_force_configure' from command line to 'False'
[0.362s] Level 5:colcon.colcon_core.verb:set package 'mujoco_sim_ros2' build argument 'ament_cmake_args' from command line to 'None'
[0.362s] Level 5:colcon.colcon_core.verb:set package 'mujoco_sim_ros2' build argument 'catkin_cmake_args' from command line to 'None'
[0.362s] Level 5:colcon.colcon_core.verb:set package 'mujoco_sim_ros2' build argument 'catkin_skip_building_tests' from command line to 'False'
[0.362s] DEBUG:colcon.colcon_core.verb:Building package 'mujoco_sim_ros2' with the following arguments: {'ament_cmake_args': None, 'build_base': '/home/aiseon/tita/sim2sim2real/build/mujoco_sim_ros2', 'catkin_cmake_args': None, 'catkin_skip_building_tests': False, 'cmake_args': None, 'cmake_clean_cache': False, 'cmake_clean_first': False, 'cmake_force_configure': False, 'cmake_target': None, 'cmake_target_skip_unavailable': False, 'install_base': '/home/aiseon/tita/sim2sim2real/install/mujoco_sim_ros2', 'merge_install': False, 'path': '/home/aiseon/tita/sim2sim2real/ddt_ros2_ws/ddt_ros2_control/simulation/mujoco_bridge/mujoco_sim_ros2', 'symlink_install': True, 'test_result_base': None}
[0.362s] Level 5:colcon.colcon_core.verb:set package 'mujoco_ros2_control' build argument 'cmake_args' from command line to 'None'
[0.362s] Level 5:colcon.colcon_core.verb:set package 'mujoco_ros2_control' build argument 'cmake_target' from command line to 'None'
[0.362s] Level 5:colcon.colcon_core.verb:set package 'mujoco_ros2_control' build argument 'cmake_target_skip_unavailable' from command line to 'False'
[0.362s] Level 5:colcon.colcon_core.verb:set package 'mujoco_ros2_control' build argument 'cmake_clean_cache' from command line to 'False'
[0.362s] Level 5:colcon.colcon_core.verb:set package 'mujoco_ros2_control' build argument 'cmake_clean_first' from command line to 'False'
[0.362s] Level 5:colcon.colcon_core.verb:set package 'mujoco_ros2_control' build argument 'cmake_force_configure' from command line to 'False'
[0.362s] Level 5:colcon.colcon_core.verb:set package 'mujoco_ros2_control' build argument 'ament_cmake_args' from command line to 'None'
[0.362s] Level 5:colcon.colcon_core.verb:set package 'mujoco_ros2_control' build argument 'catkin_cmake_args' from command line to 'None'
[0.362s] Level 5:colcon.colcon_core.verb:set package 'mujoco_ros2_control' build argument 'catkin_skip_building_tests' from command line to 'False'
[0.362s] DEBUG:colcon.colcon_core.verb:Building package 'mujoco_ros2_control' with the following arguments: {'ament_cmake_args': None, 'build_base': '/home/aiseon/tita/sim2sim2real/build/mujoco_ros2_control', 'catkin_cmake_args': None, 'catkin_skip_building_tests': False, 'cmake_args': None, 'cmake_clean_cache': False, 'cmake_clean_first': False, 'cmake_force_configure': False, 'cmake_target': None, 'cmake_target_skip_unavailable': False, 'install_base': '/home/aiseon/tita/sim2sim2real/install/mujoco_ros2_control', 'merge_install': False, 'path': '/home/aiseon/tita/sim2sim2real/ddt_ros2_ws/ddt_ros2_control/simulation/mujoco_bridge/mujoco_ros2_control', 'symlink_install': True, 'test_result_base': None}
[0.362s] Level 5:colcon.colcon_core.verb:set package 'mujoco_bridge' build argument 'cmake_args' from command line to 'None'
[0.362s] Level 5:colcon.colcon_core.verb:set package 'mujoco_bridge' build argument 'cmake_target' from command line to 'None'
[0.362s] Level 5:colcon.colcon_core.verb:set package 'mujoco_bridge' build argument 'cmake_target_skip_unavailable' from command line to 'False'
[0.362s] Level 5:colcon.colcon_core.verb:set package 'mujoco_bridge' build argument 'cmake_clean_cache' from command line to 'False'
[0.362s] Level 5:colcon.colcon_core.verb:set package 'mujoco_bridge' build argument 'cmake_clean_first' from command line to 'False'
[0.362s] Level 5:colcon.colcon_core.verb:set package 'mujoco_bridge' build argument 'cmake_force_configure' from command line to 'False'
[0.363s] Level 5:colcon.colcon_core.verb:set package 'mujoco_bridge' build argument 'ament_cmake_args' from command line to 'None'
[0.363s] Level 5:colcon.colcon_core.verb:set package 'mujoco_bridge' build argument 'catkin_cmake_args' from command line to 'None'
[0.363s] Level 5:colcon.colcon_core.verb:set package 'mujoco_bridge' build argument 'catkin_skip_building_tests' from command line to 'False'
[0.363s] DEBUG:colcon.colcon_core.verb:Building package 'mujoco_bridge' with the following arguments: {'ament_cmake_args': None, 'build_base': '/home/aiseon/tita/sim2sim2real/build/mujoco_bridge', 'catkin_cmake_args': None, 'catkin_skip_building_tests': False, 'cmake_args': None, 'cmake_clean_cache': False, 'cmake_clean_first': False, 'cmake_force_configure': False, 'cmake_target': None, 'cmake_target_skip_unavailable': False, 'install_base': '/home/aiseon/tita/sim2sim2real/install/mujoco_bridge', 'merge_install': False, 'path': '/home/aiseon/tita/sim2sim2real/ddt_ros2_ws/ddt_ros2_control/simulation/mujoco_bridge/mujoco_bridge', 'symlink_install': True, 'test_result_base': None}
[0.363s] INFO:colcon.colcon_core.executor:Executing jobs using 'parallel' executor
[0.364s] DEBUG:colcon.colcon_parallel_executor.executor.parallel:run_until_complete
[0.364s] INFO:colcon.colcon_cmake.task.cmake.build:Building CMake package in '/home/aiseon/tita/sim2sim2real/ddt_ros2_ws/mujoco'
[0.367s] INFO:colcon.colcon_core.plugin_system:Skipping extension 'colcon_core.shell.bat': Not used on non-Windows systems
[0.367s] INFO:colcon.colcon_core.shell:Skip shell extension 'powershell' for command environment: Not usable outside of PowerShell
[0.367s] DEBUG:colcon.colcon_core.shell:Skip shell extension 'dsv' for command environment
[0.382s] DEBUG:colcon.colcon_core.event_handler.log_command:Invoking command in '/home/aiseon/tita/sim2sim2real/build/mujoco': /usr/bin/cmake /home/aiseon/tita/sim2sim2real/ddt_ros2_ws/mujoco -DCMAKE_INSTALL_PREFIX=/home/aiseon/tita/sim2sim2real/install/mujoco
[70.437s] DEBUG:colcon.colcon_parallel_executor.executor.parallel:run_until_complete was interrupted
[70.437s] DEBUG:colcon.colcon_parallel_executor.executor.parallel:run_until_complete again
[70.451s] DEBUG:colcon.colcon_core.event_handler.log_command:Invoked command in '/home/aiseon/tita/sim2sim2real/build/mujoco' returned '-2': /usr/bin/cmake /home/aiseon/tita/sim2sim2real/ddt_ros2_ws/mujoco -DCMAKE_INSTALL_PREFIX=/home/aiseon/tita/sim2sim2real/install/mujoco
[70.461s] DEBUG:colcon.colcon_parallel_executor.executor.parallel:run_until_complete finished
[70.461s] DEBUG:colcon.colcon_parallel_executor.executor.parallel:closing loop
[70.461s] DEBUG:colcon.colcon_parallel_executor.executor.parallel:loop closed
[70.461s] DEBUG:colcon.colcon_core.event_reactor:joining thread
[70.467s] INFO:colcon.colcon_core.plugin_system:Skipping extension 'colcon_notification.desktop_notification.terminal_notifier': Not used on non-Darwin systems
[70.467s] INFO:colcon.colcon_core.plugin_system:Skipping extension 'colcon_notification.desktop_notification.win32': Not used on non-Windows systems
[70.467s] INFO:colcon.colcon_notification.desktop_notification:Sending desktop notification using 'notify2'
[70.478s] DEBUG:colcon.colcon_core.event_reactor:joined thread
[70.479s] INFO:colcon.colcon_core.shell:Creating prefix script '/home/aiseon/tita/sim2sim2real/install/local_setup.ps1'
[70.481s] INFO:colcon.colcon_core.shell:Creating prefix util module '/home/aiseon/tita/sim2sim2real/install/_local_setup_util_ps1.py'
[70.483s] INFO:colcon.colcon_core.shell:Creating prefix chain script '/home/aiseon/tita/sim2sim2real/install/setup.ps1'
[70.484s] INFO:colcon.colcon_core.shell:Creating prefix script '/home/aiseon/tita/sim2sim2real/install/local_setup.sh'
[70.484s] INFO:colcon.colcon_core.shell:Creating prefix util module '/home/aiseon/tita/sim2sim2real/install/_local_setup_util_sh.py'
[70.484s] INFO:colcon.colcon_core.shell:Creating prefix chain script '/home/aiseon/tita/sim2sim2real/install/setup.sh'
[70.485s] INFO:colcon.colcon_core.shell:Creating prefix script '/home/aiseon/tita/sim2sim2real/install/local_setup.bash'
[70.485s] INFO:colcon.colcon_core.shell:Creating prefix chain script '/home/aiseon/tita/sim2sim2real/install/setup.bash'
[70.486s] INFO:colcon.colcon_core.shell:Creating prefix script '/home/aiseon/tita/sim2sim2real/install/local_setup.zsh'
[70.486s] INFO:colcon.colcon_core.shell:Creating prefix chain script '/home/aiseon/tita/sim2sim2real/install/setup.zsh'
