[0.017s] Invoking command in '/home/aiseon/tita/sim2sim2real/ddt_ros2_ws/build/tita_description': CMAKE_PREFIX_PATH=/opt/ros/humble CONDA_PROMPT_MODIFIER=(base) /usr/bin/cmake /home/aiseon/tita/sim2sim2real/ddt_ros2_ws/ddt_ros2_control/urdfs/tita_description -DAMENT_CMAKE_SYMLINK_INSTALL=1 -DCMAKE_INSTALL_PREFIX=/home/aiseon/tita/sim2sim2real/ddt_ros2_ws/install/tita_description
[0.100s] -- The C compiler identification is GNU 11.4.0
[0.162s] -- The CXX compiler identification is GNU 11.4.0
[0.171s] -- Detecting C compiler ABI info
[0.274s] -- Detecting C compiler ABI info - done
[0.282s] -- Check for working C compiler: /usr/bin/cc - skipped
[0.282s] -- Detecting C compile features
[0.282s] -- Detecting C compile features - done
[0.284s] -- Detecting CXX compiler ABI info
[0.401s] -- Detecting CXX compiler ABI info - done
[0.408s] -- Check for working CXX compiler: /usr/bin/c++ - skipped
[0.408s] -- Detecting CXX compile features
[0.409s] -- Detecting CXX compile features - done
[0.409s] [0mCurrently in ROS2 compilation environment[0m
[0.411s] -- Found ament_cmake: 1.3.13 (/opt/ros/humble/share/ament_cmake/cmake)
[1.499s] -- Found Python3: /home/aiseon/anaconda3/bin/python3 (found version "3.13.5") found components: Interpreter 
[1.731s] -- Override CMake install command with custom implementation using symlinks instead of copying resources
[2.092s] -- Configuring done
[2.099s] -- Generating done
[2.104s] -- Build files have been written to: /home/aiseon/tita/sim2sim2real/ddt_ros2_ws/build/tita_description
[2.126s] Invoked command in '/home/aiseon/tita/sim2sim2real/ddt_ros2_ws/build/tita_description' returned '0': CMAKE_PREFIX_PATH=/opt/ros/humble CONDA_PROMPT_MODIFIER=(base) /usr/bin/cmake /home/aiseon/tita/sim2sim2real/ddt_ros2_ws/ddt_ros2_control/urdfs/tita_description -DAMENT_CMAKE_SYMLINK_INSTALL=1 -DCMAKE_INSTALL_PREFIX=/home/aiseon/tita/sim2sim2real/ddt_ros2_ws/install/tita_description
[2.133s] Invoking command in '/home/aiseon/tita/sim2sim2real/ddt_ros2_ws/build/tita_description': CMAKE_PREFIX_PATH=/opt/ros/humble CONDA_PROMPT_MODIFIER=(base) /usr/bin/cmake --build /home/aiseon/tita/sim2sim2real/ddt_ros2_ws/build/tita_description -- -j192 -l192
[2.275s] Invoked command in '/home/aiseon/tita/sim2sim2real/ddt_ros2_ws/build/tita_description' returned '0': CMAKE_PREFIX_PATH=/opt/ros/humble CONDA_PROMPT_MODIFIER=(base) /usr/bin/cmake --build /home/aiseon/tita/sim2sim2real/ddt_ros2_ws/build/tita_description -- -j192 -l192
[2.276s] Invoking command in '/home/aiseon/tita/sim2sim2real/ddt_ros2_ws/build/tita_description': CMAKE_PREFIX_PATH=/opt/ros/humble CONDA_PROMPT_MODIFIER=(base) /usr/bin/cmake --install /home/aiseon/tita/sim2sim2real/ddt_ros2_ws/build/tita_description
[2.301s] -- Install configuration: ""
[2.301s] -- Execute custom install script
[2.302s] -- Symlinking: /home/aiseon/tita/sim2sim2real/ddt_ros2_ws/install/tita_description/share/tita_description/meshes/base_link.STL
[2.329s] -- Symlinking: /home/aiseon/tita/sim2sim2real/ddt_ros2_ws/install/tita_description/share/tita_description/meshes/left_leg_1.STL
[2.354s] -- Symlinking: /home/aiseon/tita/sim2sim2real/ddt_ros2_ws/install/tita_description/share/tita_description/meshes/left_leg_2.STL
[2.382s] -- Symlinking: /home/aiseon/tita/sim2sim2real/ddt_ros2_ws/install/tita_description/share/tita_description/meshes/left_leg_3.STL
[2.409s] -- Symlinking: /home/aiseon/tita/sim2sim2real/ddt_ros2_ws/install/tita_description/share/tita_description/meshes/left_leg_4.STL
[2.437s] -- Symlinking: /home/aiseon/tita/sim2sim2real/ddt_ros2_ws/install/tita_description/share/tita_description/meshes/right_leg_1.STL
[2.468s] -- Symlinking: /home/aiseon/tita/sim2sim2real/ddt_ros2_ws/install/tita_description/share/tita_description/meshes/right_leg_2.STL
[2.494s] -- Symlinking: /home/aiseon/tita/sim2sim2real/ddt_ros2_ws/install/tita_description/share/tita_description/meshes/right_leg_3.STL
[2.522s] -- Symlinking: /home/aiseon/tita/sim2sim2real/ddt_ros2_ws/install/tita_description/share/tita_description/meshes/right_leg_4.STL
[2.547s] -- Symlinking: /home/aiseon/tita/sim2sim2real/ddt_ros2_ws/install/tita_description/share/tita_description/mujoco/robot.xml
[2.574s] -- Symlinking: /home/aiseon/tita/sim2sim2real/ddt_ros2_ws/install/tita_description/share/tita_description/mujoco/scene.xml
[2.604s] -- Symlinking: /home/aiseon/tita/sim2sim2real/ddt_ros2_ws/install/tita_description/share/tita_description/urdf/robot.urdf
[2.634s] -- Symlinking: /home/aiseon/tita/sim2sim2real/ddt_ros2_ws/install/tita_description/share/tita_description/xacro/materials.xacro
[2.661s] -- Symlinking: /home/aiseon/tita/sim2sim2real/ddt_ros2_ws/install/tita_description/share/tita_description/xacro/robot.xacro
[2.686s] -- Symlinking: /home/aiseon/tita/sim2sim2real/ddt_ros2_ws/install/tita_description/share/tita_description/xacro/ros2control.xacro
[2.716s] -- Symlinking: /home/aiseon/tita/sim2sim2real/ddt_ros2_ws/install/tita_description/share/ament_index/resource_index/package_run_dependencies/tita_description
[2.741s] -- Symlinking: /home/aiseon/tita/sim2sim2real/ddt_ros2_ws/install/tita_description/share/ament_index/resource_index/parent_prefix_path/tita_description
[2.769s] -- Symlinking: /home/aiseon/tita/sim2sim2real/ddt_ros2_ws/install/tita_description/share/tita_description/environment/ament_prefix_path.sh
[2.795s] -- Symlinking: /home/aiseon/tita/sim2sim2real/ddt_ros2_ws/install/tita_description/share/tita_description/environment/ament_prefix_path.dsv
[2.824s] -- Symlinking: /home/aiseon/tita/sim2sim2real/ddt_ros2_ws/install/tita_description/share/tita_description/environment/path.sh
[2.848s] -- Symlinking: /home/aiseon/tita/sim2sim2real/ddt_ros2_ws/install/tita_description/share/tita_description/environment/path.dsv
[2.874s] -- Symlinking: /home/aiseon/tita/sim2sim2real/ddt_ros2_ws/install/tita_description/share/tita_description/local_setup.bash
[2.904s] -- Symlinking: /home/aiseon/tita/sim2sim2real/ddt_ros2_ws/install/tita_description/share/tita_description/local_setup.sh
[2.935s] -- Symlinking: /home/aiseon/tita/sim2sim2real/ddt_ros2_ws/install/tita_description/share/tita_description/local_setup.zsh
[2.959s] -- Symlinking: /home/aiseon/tita/sim2sim2real/ddt_ros2_ws/install/tita_description/share/tita_description/local_setup.dsv
[2.988s] -- Symlinking: /home/aiseon/tita/sim2sim2real/ddt_ros2_ws/install/tita_description/share/tita_description/package.dsv
[3.010s] -- Symlinking: /home/aiseon/tita/sim2sim2real/ddt_ros2_ws/install/tita_description/share/ament_index/resource_index/packages/tita_description
[3.035s] -- Symlinking: /home/aiseon/tita/sim2sim2real/ddt_ros2_ws/install/tita_description/share/tita_description/cmake/tita_descriptionConfig.cmake
[3.064s] -- Symlinking: /home/aiseon/tita/sim2sim2real/ddt_ros2_ws/install/tita_description/share/tita_description/cmake/tita_descriptionConfig-version.cmake
[3.091s] -- Symlinking: /home/aiseon/tita/sim2sim2real/ddt_ros2_ws/install/tita_description/share/tita_description/package.xml
[3.124s] Invoked command in '/home/aiseon/tita/sim2sim2real/ddt_ros2_ws/build/tita_description' returned '0': CMAKE_PREFIX_PATH=/opt/ros/humble CONDA_PROMPT_MODIFIER=(base) /usr/bin/cmake --install /home/aiseon/tita/sim2sim2real/ddt_ros2_ws/build/tita_description
