Performing C SOURCE FILE Test SUPPORTS_LLD failed with the following output:
Change Dir: /home/aiseon/tita/sim2sim2real/build/mujoco/CMakeFiles/CMakeTmp

Run Build Command(s):/usr/bin/gmake -f Makefile cmTC_e4e6c/fast && /usr/bin/gmake  -f CMakeFiles/cmTC_e4e6c.dir/build.make CMakeFiles/cmTC_e4e6c.dir/build
gmake[1]: 进入目录“/home/aiseon/tita/sim2sim2real/build/mujoco/CMakeFiles/CMakeTmp”
Building C object CMakeFiles/cmTC_e4e6c.dir/src.c.o
/usr/bin/cc -DSUPPORTS_LLD  -fuse-ld=lld -fPIE -std=c11 -o CMakeFiles/cmTC_e4e6c.dir/src.c.o -c /home/aiseon/tita/sim2sim2real/build/mujoco/CMakeFiles/CMakeTmp/src.c
Linking C executable cmTC_e4e6c
/usr/bin/cmake -E cmake_link_script CMakeFiles/cmTC_e4e6c.dir/link.txt --verbose=1
/usr/bin/cc  -fuse-ld=lld CMakeFiles/cmTC_e4e6c.dir/src.c.o -o cmTC_e4e6c 
collect2: fatal error: cannot find ‘ld’
compilation terminated.
gmake[1]: *** [CMakeFiles/cmTC_e4e6c.dir/build.make:99：cmTC_e4e6c] 错误 1
gmake[1]: 离开目录“/home/aiseon/tita/sim2sim2real/build/mujoco/CMakeFiles/CMakeTmp”
gmake: *** [Makefile:127：cmTC_e4e6c/fast] 错误 2


Source file was:
int main() {}
Performing C SOURCE FILE Test SUPPORTS_LLD failed with the following output:
Change Dir: /home/aiseon/tita/sim2sim2real/build/mujoco/CMakeFiles/CMakeTmp

Run Build Command(s):/usr/bin/gmake -f Makefile cmTC_749a1/fast && /usr/bin/gmake  -f CMakeFiles/cmTC_749a1.dir/build.make CMakeFiles/cmTC_749a1.dir/build
gmake[1]: 进入目录“/home/aiseon/tita/sim2sim2real/build/mujoco/CMakeFiles/CMakeTmp”
Building C object CMakeFiles/cmTC_749a1.dir/src.c.o
/usr/bin/cc -DSUPPORTS_LLD  -fuse-ld=lld -fPIE -std=c11 -o CMakeFiles/cmTC_749a1.dir/src.c.o -c /home/aiseon/tita/sim2sim2real/build/mujoco/CMakeFiles/CMakeTmp/src.c
Linking C executable cmTC_749a1
/usr/bin/cmake -E cmake_link_script CMakeFiles/cmTC_749a1.dir/link.txt --verbose=1
/usr/bin/cc  -fuse-ld=lld CMakeFiles/cmTC_749a1.dir/src.c.o -o cmTC_749a1 
collect2: fatal error: cannot find ‘ld’
compilation terminated.
gmake[1]: *** [CMakeFiles/cmTC_749a1.dir/build.make:99：cmTC_749a1] 错误 1
gmake[1]: 离开目录“/home/aiseon/tita/sim2sim2real/build/mujoco/CMakeFiles/CMakeTmp”
gmake: *** [Makefile:127：cmTC_749a1/fast] 错误 2


Source file was:
int main() {}
Performing C SOURCE FILE Test SUPPORTS_LLD failed with the following output:
Change Dir: /home/aiseon/tita/sim2sim2real/build/mujoco/CMakeFiles/CMakeTmp

Run Build Command(s):/usr/bin/gmake -f Makefile cmTC_c3ef5/fast && /usr/bin/gmake  -f CMakeFiles/cmTC_c3ef5.dir/build.make CMakeFiles/cmTC_c3ef5.dir/build
gmake[1]: 进入目录“/home/aiseon/tita/sim2sim2real/build/mujoco/CMakeFiles/CMakeTmp”
Building C object CMakeFiles/cmTC_c3ef5.dir/src.c.o
/usr/bin/cc -DSUPPORTS_LLD  -fuse-ld=lld -fPIE -std=c11 -o CMakeFiles/cmTC_c3ef5.dir/src.c.o -c /home/aiseon/tita/sim2sim2real/build/mujoco/CMakeFiles/CMakeTmp/src.c
Linking C executable cmTC_c3ef5
/usr/bin/cmake -E cmake_link_script CMakeFiles/cmTC_c3ef5.dir/link.txt --verbose=1
/usr/bin/cc  -fuse-ld=lld CMakeFiles/cmTC_c3ef5.dir/src.c.o -o cmTC_c3ef5 
collect2: fatal error: cannot find ‘ld’
compilation terminated.
gmake[1]: *** [CMakeFiles/cmTC_c3ef5.dir/build.make:99：cmTC_c3ef5] 错误 1
gmake[1]: 离开目录“/home/aiseon/tita/sim2sim2real/build/mujoco/CMakeFiles/CMakeTmp”
gmake: *** [Makefile:127：cmTC_c3ef5/fast] 错误 2


Source file was:
int main() {}
Performing C SOURCE FILE Test SUPPORTS_LLD failed with the following output:
Change Dir: /home/aiseon/tita/sim2sim2real/build/mujoco/CMakeFiles/CMakeTmp

Run Build Command(s):/usr/bin/gmake -f Makefile cmTC_4894d/fast && /usr/bin/gmake  -f CMakeFiles/cmTC_4894d.dir/build.make CMakeFiles/cmTC_4894d.dir/build
gmake[1]: 进入目录“/home/aiseon/tita/sim2sim2real/build/mujoco/CMakeFiles/CMakeTmp”
Building C object CMakeFiles/cmTC_4894d.dir/src.c.o
/usr/bin/cc -DSUPPORTS_LLD  -fuse-ld=lld -fPIE -std=c11 -o CMakeFiles/cmTC_4894d.dir/src.c.o -c /home/aiseon/tita/sim2sim2real/build/mujoco/CMakeFiles/CMakeTmp/src.c
Linking C executable cmTC_4894d
/usr/bin/cmake -E cmake_link_script CMakeFiles/cmTC_4894d.dir/link.txt --verbose=1
/usr/bin/cc  -fuse-ld=lld CMakeFiles/cmTC_4894d.dir/src.c.o -o cmTC_4894d 
collect2: fatal error: cannot find ‘ld’
compilation terminated.
gmake[1]: *** [CMakeFiles/cmTC_4894d.dir/build.make:99：cmTC_4894d] 错误 1
gmake[1]: 离开目录“/home/aiseon/tita/sim2sim2real/build/mujoco/CMakeFiles/CMakeTmp”
gmake: *** [Makefile:127：cmTC_4894d/fast] 错误 2


Source file was:
int main() {}
Performing C SOURCE FILE Test SUPPORTS_LLD failed with the following output:
Change Dir: /home/aiseon/tita/sim2sim2real/build/mujoco/CMakeFiles/CMakeTmp

Run Build Command(s):/usr/bin/gmake -f Makefile cmTC_6c7be/fast && /usr/bin/gmake  -f CMakeFiles/cmTC_6c7be.dir/build.make CMakeFiles/cmTC_6c7be.dir/build
gmake[1]: 进入目录“/home/aiseon/tita/sim2sim2real/build/mujoco/CMakeFiles/CMakeTmp”
Building C object CMakeFiles/cmTC_6c7be.dir/src.c.o
/usr/bin/cc -DSUPPORTS_LLD  -fuse-ld=lld -fPIE -std=c11 -o CMakeFiles/cmTC_6c7be.dir/src.c.o -c /home/aiseon/tita/sim2sim2real/build/mujoco/CMakeFiles/CMakeTmp/src.c
Linking C executable cmTC_6c7be
/usr/bin/cmake -E cmake_link_script CMakeFiles/cmTC_6c7be.dir/link.txt --verbose=1
/usr/bin/cc  -fuse-ld=lld CMakeFiles/cmTC_6c7be.dir/src.c.o -o cmTC_6c7be 
collect2: fatal error: cannot find ‘ld’
compilation terminated.
gmake[1]: *** [CMakeFiles/cmTC_6c7be.dir/build.make:99：cmTC_6c7be] 错误 1
gmake[1]: 离开目录“/home/aiseon/tita/sim2sim2real/build/mujoco/CMakeFiles/CMakeTmp”
gmake: *** [Makefile:127：cmTC_6c7be/fast] 错误 2


Source file was:
int main() {}
