[0.044s] Invoking command in '/home/aiseon/tita/sim2sim2real/ddt_ros2_ws/build/mujoco_bridge': AMENT_PREFIX_PATH=/home/aiseon/tita/sim2sim2real/ddt_ros2_ws/install/mujoco_ros2_control:/home/aiseon/tita/sim2sim2real/ddt_ros2_ws/install/mujoco_sim_ros2:${AMENT_PREFIX_PATH} CMAKE_PREFIX_PATH=/home/aiseon/tita/sim2sim2real/ddt_ros2_ws/install/mujoco_ros2_control:/home/aiseon/tita/sim2sim2real/ddt_ros2_ws/install/mujoco_sim_ros2:/opt/ros/humble CONDA_PROMPT_MODIFIER=(base) LD_LIBRARY_PATH=/home/aiseon/tita/sim2sim2real/ddt_ros2_ws/install/mujoco_ros2_control/lib:/home/aiseon/tita/sim2sim2real/ddt_ros2_ws/install/mujoco_sim_ros2/lib:${LD_LIBRARY_PATH} /usr/bin/cmake /home/aiseon/tita/sim2sim2real/ddt_ros2_ws/ddt_ros2_control/simulation/mujoco_bridge/mujoco_bridge -DAMENT_CMAKE_SYMLINK_INSTALL=1 -DCMAKE_INSTALL_PREFIX=/home/aiseon/tita/sim2sim2real/ddt_ros2_ws/install/mujoco_bridge
[0.257s] -- The C compiler identification is GNU 11.4.0
[0.458s] -- The CXX compiler identification is GNU 11.4.0
[0.482s] -- Detecting C compiler ABI info
[0.740s] -- Detecting C compiler ABI info - done
[0.762s] -- Check for working C compiler: /usr/bin/cc - skipped
[0.762s] -- Detecting C compile features
[0.762s] -- Detecting C compile features - done
[0.770s] -- Detecting CXX compiler ABI info
[1.064s] -- Detecting CXX compiler ABI info - done
[1.087s] -- Check for working CXX compiler: /usr/bin/c++ - skipped
[1.091s] -- Detecting CXX compile features
[1.092s] -- Detecting CXX compile features - done
[1.096s] -- Found ament_cmake: 1.3.13 (/opt/ros/humble/share/ament_cmake/cmake)
[2.312s] -- Found Python3: /home/aiseon/anaconda3/bin/python3 (found version "3.13.5") found components: Interpreter 
[2.524s] -- Override CMake install command with custom implementation using symlinks instead of copying resources
[2.890s] -- Configuring done
[2.897s] -- Generating done
[2.903s] -- Build files have been written to: /home/aiseon/tita/sim2sim2real/ddt_ros2_ws/build/mujoco_bridge
[2.916s] Invoked command in '/home/aiseon/tita/sim2sim2real/ddt_ros2_ws/build/mujoco_bridge' returned '0': AMENT_PREFIX_PATH=/home/aiseon/tita/sim2sim2real/ddt_ros2_ws/install/mujoco_ros2_control:/home/aiseon/tita/sim2sim2real/ddt_ros2_ws/install/mujoco_sim_ros2:${AMENT_PREFIX_PATH} CMAKE_PREFIX_PATH=/home/aiseon/tita/sim2sim2real/ddt_ros2_ws/install/mujoco_ros2_control:/home/aiseon/tita/sim2sim2real/ddt_ros2_ws/install/mujoco_sim_ros2:/opt/ros/humble CONDA_PROMPT_MODIFIER=(base) LD_LIBRARY_PATH=/home/aiseon/tita/sim2sim2real/ddt_ros2_ws/install/mujoco_ros2_control/lib:/home/aiseon/tita/sim2sim2real/ddt_ros2_ws/install/mujoco_sim_ros2/lib:${LD_LIBRARY_PATH} /usr/bin/cmake /home/aiseon/tita/sim2sim2real/ddt_ros2_ws/ddt_ros2_control/simulation/mujoco_bridge/mujoco_bridge -DAMENT_CMAKE_SYMLINK_INSTALL=1 -DCMAKE_INSTALL_PREFIX=/home/aiseon/tita/sim2sim2real/ddt_ros2_ws/install/mujoco_bridge
[2.921s] Invoking command in '/home/aiseon/tita/sim2sim2real/ddt_ros2_ws/build/mujoco_bridge': AMENT_PREFIX_PATH=/home/aiseon/tita/sim2sim2real/ddt_ros2_ws/install/mujoco_ros2_control:/home/aiseon/tita/sim2sim2real/ddt_ros2_ws/install/mujoco_sim_ros2:${AMENT_PREFIX_PATH} CMAKE_PREFIX_PATH=/home/aiseon/tita/sim2sim2real/ddt_ros2_ws/install/mujoco_ros2_control:/home/aiseon/tita/sim2sim2real/ddt_ros2_ws/install/mujoco_sim_ros2:/opt/ros/humble CONDA_PROMPT_MODIFIER=(base) LD_LIBRARY_PATH=/home/aiseon/tita/sim2sim2real/ddt_ros2_ws/install/mujoco_ros2_control/lib:/home/aiseon/tita/sim2sim2real/ddt_ros2_ws/install/mujoco_sim_ros2/lib:${LD_LIBRARY_PATH} /usr/bin/cmake --build /home/aiseon/tita/sim2sim2real/ddt_ros2_ws/build/mujoco_bridge -- -j192 -l192
[3.084s] Invoked command in '/home/aiseon/tita/sim2sim2real/ddt_ros2_ws/build/mujoco_bridge' returned '0': AMENT_PREFIX_PATH=/home/aiseon/tita/sim2sim2real/ddt_ros2_ws/install/mujoco_ros2_control:/home/aiseon/tita/sim2sim2real/ddt_ros2_ws/install/mujoco_sim_ros2:${AMENT_PREFIX_PATH} CMAKE_PREFIX_PATH=/home/aiseon/tita/sim2sim2real/ddt_ros2_ws/install/mujoco_ros2_control:/home/aiseon/tita/sim2sim2real/ddt_ros2_ws/install/mujoco_sim_ros2:/opt/ros/humble CONDA_PROMPT_MODIFIER=(base) LD_LIBRARY_PATH=/home/aiseon/tita/sim2sim2real/ddt_ros2_ws/install/mujoco_ros2_control/lib:/home/aiseon/tita/sim2sim2real/ddt_ros2_ws/install/mujoco_sim_ros2/lib:${LD_LIBRARY_PATH} /usr/bin/cmake --build /home/aiseon/tita/sim2sim2real/ddt_ros2_ws/build/mujoco_bridge -- -j192 -l192
[3.089s] Invoking command in '/home/aiseon/tita/sim2sim2real/ddt_ros2_ws/build/mujoco_bridge': AMENT_PREFIX_PATH=/home/aiseon/tita/sim2sim2real/ddt_ros2_ws/install/mujoco_ros2_control:/home/aiseon/tita/sim2sim2real/ddt_ros2_ws/install/mujoco_sim_ros2:${AMENT_PREFIX_PATH} CMAKE_PREFIX_PATH=/home/aiseon/tita/sim2sim2real/ddt_ros2_ws/install/mujoco_ros2_control:/home/aiseon/tita/sim2sim2real/ddt_ros2_ws/install/mujoco_sim_ros2:/opt/ros/humble CONDA_PROMPT_MODIFIER=(base) LD_LIBRARY_PATH=/home/aiseon/tita/sim2sim2real/ddt_ros2_ws/install/mujoco_ros2_control/lib:/home/aiseon/tita/sim2sim2real/ddt_ros2_ws/install/mujoco_sim_ros2/lib:${LD_LIBRARY_PATH} /usr/bin/cmake --install /home/aiseon/tita/sim2sim2real/ddt_ros2_ws/build/mujoco_bridge
[3.113s] -- Install configuration: ""
[3.115s] -- Installing: /home/aiseon/tita/sim2sim2real/ddt_ros2_ws/install/mujoco_bridge/share/mujoco_bridge/config
[3.117s] -- Installing: /home/aiseon/tita/sim2sim2real/ddt_ros2_ws/install/mujoco_bridge/share/mujoco_bridge/config/controllers.yaml
[3.117s] -- Installing: /home/aiseon/tita/sim2sim2real/ddt_ros2_ws/install/mujoco_bridge/share/mujoco_bridge/launch
[3.119s] -- Installing: /home/aiseon/tita/sim2sim2real/ddt_ros2_ws/install/mujoco_bridge/share/mujoco_bridge/launch/mujoco_bridge.launch.py
[3.119s] -- Execute custom install script
[3.119s] -- Symlinking: /home/aiseon/tita/sim2sim2real/ddt_ros2_ws/install/mujoco_bridge/share/ament_index/resource_index/package_run_dependencies/mujoco_bridge
[3.150s] -- Symlinking: /home/aiseon/tita/sim2sim2real/ddt_ros2_ws/install/mujoco_bridge/share/ament_index/resource_index/parent_prefix_path/mujoco_bridge
[3.182s] -- Symlinking: /home/aiseon/tita/sim2sim2real/ddt_ros2_ws/install/mujoco_bridge/share/mujoco_bridge/environment/ament_prefix_path.sh
[3.219s] -- Symlinking: /home/aiseon/tita/sim2sim2real/ddt_ros2_ws/install/mujoco_bridge/share/mujoco_bridge/environment/ament_prefix_path.dsv
[3.252s] -- Symlinking: /home/aiseon/tita/sim2sim2real/ddt_ros2_ws/install/mujoco_bridge/share/mujoco_bridge/environment/path.sh
[3.282s] -- Symlinking: /home/aiseon/tita/sim2sim2real/ddt_ros2_ws/install/mujoco_bridge/share/mujoco_bridge/environment/path.dsv
[3.316s] -- Symlinking: /home/aiseon/tita/sim2sim2real/ddt_ros2_ws/install/mujoco_bridge/share/mujoco_bridge/local_setup.bash
[3.347s] -- Symlinking: /home/aiseon/tita/sim2sim2real/ddt_ros2_ws/install/mujoco_bridge/share/mujoco_bridge/local_setup.sh
[3.378s] -- Symlinking: /home/aiseon/tita/sim2sim2real/ddt_ros2_ws/install/mujoco_bridge/share/mujoco_bridge/local_setup.zsh
[3.411s] -- Symlinking: /home/aiseon/tita/sim2sim2real/ddt_ros2_ws/install/mujoco_bridge/share/mujoco_bridge/local_setup.dsv
[3.440s] -- Symlinking: /home/aiseon/tita/sim2sim2real/ddt_ros2_ws/install/mujoco_bridge/share/mujoco_bridge/package.dsv
[3.473s] -- Symlinking: /home/aiseon/tita/sim2sim2real/ddt_ros2_ws/install/mujoco_bridge/share/ament_index/resource_index/packages/mujoco_bridge
[3.503s] -- Symlinking: /home/aiseon/tita/sim2sim2real/ddt_ros2_ws/install/mujoco_bridge/share/mujoco_bridge/cmake/mujoco_bridgeConfig.cmake
[3.532s] -- Symlinking: /home/aiseon/tita/sim2sim2real/ddt_ros2_ws/install/mujoco_bridge/share/mujoco_bridge/cmake/mujoco_bridgeConfig-version.cmake
[3.565s] -- Symlinking: /home/aiseon/tita/sim2sim2real/ddt_ros2_ws/install/mujoco_bridge/share/mujoco_bridge/package.xml
[3.602s] Invoked command in '/home/aiseon/tita/sim2sim2real/ddt_ros2_ws/build/mujoco_bridge' returned '0': AMENT_PREFIX_PATH=/home/aiseon/tita/sim2sim2real/ddt_ros2_ws/install/mujoco_ros2_control:/home/aiseon/tita/sim2sim2real/ddt_ros2_ws/install/mujoco_sim_ros2:${AMENT_PREFIX_PATH} CMAKE_PREFIX_PATH=/home/aiseon/tita/sim2sim2real/ddt_ros2_ws/install/mujoco_ros2_control:/home/aiseon/tita/sim2sim2real/ddt_ros2_ws/install/mujoco_sim_ros2:/opt/ros/humble CONDA_PROMPT_MODIFIER=(base) LD_LIBRARY_PATH=/home/aiseon/tita/sim2sim2real/ddt_ros2_ws/install/mujoco_ros2_control/lib:/home/aiseon/tita/sim2sim2real/ddt_ros2_ws/install/mujoco_sim_ros2/lib:${LD_LIBRARY_PATH} /usr/bin/cmake --install /home/aiseon/tita/sim2sim2real/ddt_ros2_ws/build/mujoco_bridge
