[0.026s] Invoking command in '/home/aiseon/tita/sim2sim2real_bipedal/ddt_ros2_ws/build/keyboard_controller': AMENT_PREFIX_PATH=/home/aiseon/tita/sim2sim2real_bipedal/ddt_ros2_ws/install/ros_utils:${AMENT_PREFIX_PATH} CMAKE_PREFIX_PATH=/home/aiseon/tita/sim2sim2real_bipedal/ddt_ros2_ws/install/ros_utils:/home.aiseon/mujoco_src:/opt/ros/humble CONDA_PROMPT_MODIFIER=(base) /home/aiseon/.local/bin/cmake --build /home/aiseon/tita/sim2sim2real_bipedal/ddt_ros2_ws/build/keyboard_controller -- -j192 -l192
[0.114s] [ 33%] Building CXX object CMakeFiles/keyboard_controller_node.dir/src/keyboard_controller.cpp.o
[5.102s] [ 66%] Linking CXX executable keyboard_controller_node
[5.329s] [100%] Built target keyboard_controller_node
[5.345s] Invoked command in '/home/aiseon/tita/sim2sim2real_bipedal/ddt_ros2_ws/build/keyboard_controller' returned '0': AMENT_PREFIX_PATH=/home/aiseon/tita/sim2sim2real_bipedal/ddt_ros2_ws/install/ros_utils:${AMENT_PREFIX_PATH} CMAKE_PREFIX_PATH=/home/aiseon/tita/sim2sim2real_bipedal/ddt_ros2_ws/install/ros_utils:/home.aiseon/mujoco_src:/opt/ros/humble CONDA_PROMPT_MODIFIER=(base) /home/aiseon/.local/bin/cmake --build /home/aiseon/tita/sim2sim2real_bipedal/ddt_ros2_ws/build/keyboard_controller -- -j192 -l192
[5.347s] Invoking command in '/home/aiseon/tita/sim2sim2real_bipedal/ddt_ros2_ws/build/keyboard_controller': AMENT_PREFIX_PATH=/home/aiseon/tita/sim2sim2real_bipedal/ddt_ros2_ws/install/ros_utils:${AMENT_PREFIX_PATH} CMAKE_PREFIX_PATH=/home/aiseon/tita/sim2sim2real_bipedal/ddt_ros2_ws/install/ros_utils:/home.aiseon/mujoco_src:/opt/ros/humble CONDA_PROMPT_MODIFIER=(base) /home/aiseon/.local/bin/cmake --install /home/aiseon/tita/sim2sim2real_bipedal/ddt_ros2_ws/build/keyboard_controller
[5.382s] -- Install configuration: ""
[5.382s] -- Execute custom install script
[5.382s] -- Up-to-date symlink: /home/aiseon/tita/sim2sim2real_bipedal/ddt_ros2_ws/install/keyboard_controller/include/keyboard_controller/keyboard_controller.hpp
[5.384s] -- Up-to-date symlink: /home/aiseon/tita/sim2sim2real_bipedal/ddt_ros2_ws/install/keyboard_controller/lib/keyboard_controller/keyboard_controller_node
[5.384s] -- Up-to-date symlink: /home/aiseon/tita/sim2sim2real_bipedal/ddt_ros2_ws/install/keyboard_controller/share/ament_index/resource_index/package_run_dependencies/keyboard_controller
[5.384s] -- Up-to-date symlink: /home/aiseon/tita/sim2sim2real_bipedal/ddt_ros2_ws/install/keyboard_controller/share/ament_index/resource_index/parent_prefix_path/keyboard_controller
[5.384s] -- Up-to-date symlink: /home/aiseon/tita/sim2sim2real_bipedal/ddt_ros2_ws/install/keyboard_controller/share/keyboard_controller/environment/ament_prefix_path.sh
[5.385s] -- Up-to-date symlink: /home/aiseon/tita/sim2sim2real_bipedal/ddt_ros2_ws/install/keyboard_controller/share/keyboard_controller/environment/ament_prefix_path.dsv
[5.385s] -- Up-to-date symlink: /home/aiseon/tita/sim2sim2real_bipedal/ddt_ros2_ws/install/keyboard_controller/share/keyboard_controller/environment/path.sh
[5.385s] -- Up-to-date symlink: /home/aiseon/tita/sim2sim2real_bipedal/ddt_ros2_ws/install/keyboard_controller/share/keyboard_controller/environment/path.dsv
[5.385s] -- Up-to-date symlink: /home/aiseon/tita/sim2sim2real_bipedal/ddt_ros2_ws/install/keyboard_controller/share/keyboard_controller/local_setup.bash
[5.385s] -- Up-to-date symlink: /home/aiseon/tita/sim2sim2real_bipedal/ddt_ros2_ws/install/keyboard_controller/share/keyboard_controller/local_setup.sh
[5.385s] -- Up-to-date symlink: /home/aiseon/tita/sim2sim2real_bipedal/ddt_ros2_ws/install/keyboard_controller/share/keyboard_controller/local_setup.zsh
[5.385s] -- Up-to-date symlink: /home/aiseon/tita/sim2sim2real_bipedal/ddt_ros2_ws/install/keyboard_controller/share/keyboard_controller/local_setup.dsv
[5.385s] -- Symlinking: /home/aiseon/tita/sim2sim2real_bipedal/ddt_ros2_ws/install/keyboard_controller/share/keyboard_controller/package.dsv
[5.389s] -- Up-to-date symlink: /home/aiseon/tita/sim2sim2real_bipedal/ddt_ros2_ws/install/keyboard_controller/share/ament_index/resource_index/packages/keyboard_controller
[5.389s] -- Up-to-date symlink: /home/aiseon/tita/sim2sim2real_bipedal/ddt_ros2_ws/install/keyboard_controller/share/keyboard_controller/cmake/ament_cmake_export_dependencies-extras.cmake
[5.389s] -- Up-to-date symlink: /home/aiseon/tita/sim2sim2real_bipedal/ddt_ros2_ws/install/keyboard_controller/share/keyboard_controller/cmake/ament_cmake_export_include_directories-extras.cmake
[5.390s] -- Up-to-date symlink: /home/aiseon/tita/sim2sim2real_bipedal/ddt_ros2_ws/install/keyboard_controller/share/keyboard_controller/cmake/keyboard_controllerConfig.cmake
[5.390s] -- Up-to-date symlink: /home/aiseon/tita/sim2sim2real_bipedal/ddt_ros2_ws/install/keyboard_controller/share/keyboard_controller/cmake/keyboard_controllerConfig-version.cmake
[5.390s] -- Up-to-date symlink: /home/aiseon/tita/sim2sim2real_bipedal/ddt_ros2_ws/install/keyboard_controller/share/keyboard_controller/package.xml
[5.396s] Invoked command in '/home/aiseon/tita/sim2sim2real_bipedal/ddt_ros2_ws/build/keyboard_controller' returned '0': AMENT_PREFIX_PATH=/home/aiseon/tita/sim2sim2real_bipedal/ddt_ros2_ws/install/ros_utils:${AMENT_PREFIX_PATH} CMAKE_PREFIX_PATH=/home/aiseon/tita/sim2sim2real_bipedal/ddt_ros2_ws/install/ros_utils:/home.aiseon/mujoco_src:/opt/ros/humble CONDA_PROMPT_MODIFIER=(base) /home/aiseon/.local/bin/cmake --install /home/aiseon/tita/sim2sim2real_bipedal/ddt_ros2_ws/build/keyboard_controller
