[0.032s] Invoking command in '/home/aiseon/tita/sim2sim2real/ddt_ros2_ws/build/rl_controller': AMENT_PREFIX_PATH=/home/aiseon/tita/sim2sim2real/ddt_ros2_ws/install/ros_utils:${AMENT_PREFIX_PATH} CMAKE_PREFIX_PATH=/home/aiseon/tita/sim2sim2real/ddt_ros2_ws/install/ros_utils:/opt/ros/humble CONDA_PROMPT_MODIFIER=(base) /usr/bin/cmake /home/aiseon/tita/sim2sim2real/ddt_ros2_ws/ddt_ros2_control/controller/rl_controller -DAMENT_CMAKE_SYMLINK_INSTALL=1 -DCMAKE_INSTALL_PREFIX=/home/aiseon/tita/sim2sim2real/ddt_ros2_ws/install/rl_controller
[0.228s] -- The C compiler identification is GNU 11.4.0
[0.426s] -- The CXX compiler identification is GNU 11.4.0
[0.449s] -- Detecting C compiler ABI info
[0.706s] -- Detecting C compiler ABI info - done
[0.724s] -- Check for working C compiler: /usr/bin/cc - skipped
[0.724s] -- Detecting C compile features
[0.725s] -- Detecting C compile features - done
[0.731s] -- Detecting CXX compiler ABI info
[1.030s] -- Detecting CXX compiler ABI info - done
[1.052s] -- Check for working CXX compiler: /usr/bin/c++ - skipped
[1.052s] -- Detecting CXX compile features
[1.053s] -- Detecting CXX compile features - done
[1.059s] -- Found ament_cmake_auto: 1.3.13 (/opt/ros/humble/share/ament_cmake_auto/cmake)
[2.200s] -- Found Python3: /home/aiseon/anaconda3/bin/python3 (found version "3.13.5") found components: Interpreter 
[2.420s] -- Override CMake install command with custom implementation using symlinks instead of copying resources
[2.904s] -- Found rosidl_generator_c: 3.1.8 (/opt/ros/humble/share/rosidl_generator_c/cmake)
[2.917s] -- Found rosidl_adapter: 3.1.8 (/opt/ros/humble/share/rosidl_adapter/cmake)
[2.938s] -- Found rosidl_generator_cpp: 3.1.8 (/opt/ros/humble/share/rosidl_generator_cpp/cmake)
[2.972s] -- Using all available rosidl_typesupport_c: rosidl_typesupport_fastrtps_c;rosidl_typesupport_introspection_c
[3.011s] -- Using all available rosidl_typesupport_cpp: rosidl_typesupport_fastrtps_cpp;rosidl_typesupport_introspection_cpp
[3.130s] -- Found rmw_implementation_cmake: 6.1.2 (/opt/ros/humble/share/rmw_implementation_cmake/cmake)
[3.137s] -- Found rmw_fastrtps_cpp: 6.2.10 (/opt/ros/humble/share/rmw_fastrtps_cpp/cmake)
[3.497s] -- Found OpenSSL: /usr/lib/x86_64-linux-gnu/libcrypto.so (found version "3.0.2")  
[3.603s] -- Found FastRTPS: /opt/ros/humble/include  
[3.755s] -- Using RMW implementation 'rmw_fastrtps_cpp' as default
[3.780s] -- Looking for pthread.h
[4.063s] -- Looking for pthread.h - found
[4.063s] -- Performing Test CMAKE_HAVE_LIBC_PTHREAD
[4.351s] -- Performing Test CMAKE_HAVE_LIBC_PTHREAD - Success
[4.359s] -- Found Threads: TRUE  
[5.065s] -- Found parameter_traits: 0.6.0 (/opt/ros/humble/share/parameter_traits/cmake)
[5.141s] -- Found ament_lint_auto: 0.12.15 (/opt/ros/humble/share/ament_lint_auto/cmake)
[5.175s] [0mIn this package, headers install destination is set to `include` by ament_auto_package. It is recommended to install `include/rl_controller` instead and will be the default behavior of ament_auto_package from ROS 2 Kilted Kaiju. On distributions before Kilted, ament_auto_package behaves the same way when you use USE_SCOPED_HEADER_INSTALL_DIR option.[0m
[5.188s] -- Added test 'clang_format' to check C / C++ code style
[5.197s] -- Added test 'copyright' to check source files copyright and LICENSE
[5.202s] -- Added test 'cppcheck' to perform static code analysis on C / C++ code
[5.202s] -- Configured cppcheck include dirs: /home/aiseon/tita/sim2sim2real/ddt_ros2_ws/ddt_ros2_control/controller/rl_controller/include
[5.202s] -- Configured cppcheck exclude dirs and/or files: 
[5.209s] -- Added test 'cpplint' to check C / C++ code against the Google style
[5.209s] -- Configured cpplint exclude dirs and/or files: 
[5.211s] -- Added test 'lint_cmake' to check CMake code style
[5.216s] -- Added test 'xmllint' to check XML markup files
[5.222s] -- Configuring done
[5.264s] -- Generating done
[5.279s] -- Build files have been written to: /home/aiseon/tita/sim2sim2real/ddt_ros2_ws/build/rl_controller
[5.328s] Invoked command in '/home/aiseon/tita/sim2sim2real/ddt_ros2_ws/build/rl_controller' returned '0': AMENT_PREFIX_PATH=/home/aiseon/tita/sim2sim2real/ddt_ros2_ws/install/ros_utils:${AMENT_PREFIX_PATH} CMAKE_PREFIX_PATH=/home/aiseon/tita/sim2sim2real/ddt_ros2_ws/install/ros_utils:/opt/ros/humble CONDA_PROMPT_MODIFIER=(base) /usr/bin/cmake /home/aiseon/tita/sim2sim2real/ddt_ros2_ws/ddt_ros2_control/controller/rl_controller -DAMENT_CMAKE_SYMLINK_INSTALL=1 -DCMAKE_INSTALL_PREFIX=/home/aiseon/tita/sim2sim2real/ddt_ros2_ws/install/rl_controller
[5.329s] Invoking command in '/home/aiseon/tita/sim2sim2real/ddt_ros2_ws/build/rl_controller': AMENT_PREFIX_PATH=/home/aiseon/tita/sim2sim2real/ddt_ros2_ws/install/ros_utils:${AMENT_PREFIX_PATH} CMAKE_PREFIX_PATH=/home/aiseon/tita/sim2sim2real/ddt_ros2_ws/install/ros_utils:/opt/ros/humble CONDA_PROMPT_MODIFIER=(base) /usr/bin/cmake --build /home/aiseon/tita/sim2sim2real/ddt_ros2_ws/build/rl_controller -- -j192 -l192
[5.548s] [  7%] [34m[1mRunning `/opt/ros/humble/bin/generate_parameter_library_cpp /home/aiseon/tita/sim2sim2real/ddt_ros2_ws/build/rl_controller/include/rl_controller/rl_controller_parameters.hpp /home/aiseon/tita/sim2sim2real/ddt_ros2_ws/ddt_ros2_control/controller/rl_controller/src/rl_controller_parameters.yaml `[0m
[6.010s] [ 15%] [34m[1mCreating deprecated header file /home/aiseon/tita/sim2sim2real/ddt_ros2_ws/build/rl_controller/include/rl_controller_parameters.hpp[0m
[6.086s] [ 15%] Built target rl_controller_parameters
[6.175s] [ 30%] [32mBuilding CXX object CMakeFiles/rl_controller.dir/src/fsm/FSMState.cpp.o[0m
[6.178s] [ 30%] [32mBuilding CXX object CMakeFiles/rl_controller.dir/src/fsm/FSM.cpp.o[0m
[6.179s] [ 38%] [32mBuilding CXX object CMakeFiles/rl_controller.dir/src/fsm/FSMState_JointPD.cpp.o[0m
[6.180s] [ 46%] [32mBuilding CXX object CMakeFiles/rl_controller.dir/src/fsm/FSMState_Passive.cpp.o[0m
[6.186s] [ 61%] [32mBuilding CXX object CMakeFiles/rl_controller.dir/src/fsm/FSMState_TransformUp.cpp.o[0m
[6.190s] [ 61%] [32mBuilding CXX object CMakeFiles/rl_controller.dir/src/fsm/FSMState_TransformDown.cpp.o[0m
[6.190s] [ 69%] [32mBuilding CXX object CMakeFiles/rl_controller.dir/src/fsm/FSMState_RL.cpp.o[0m
[6.190s] [ 76%] [32mBuilding CXX object CMakeFiles/rl_controller.dir/src/inferrer/onnx_inferrer.cpp.o[0m
[6.190s] [ 84%] [32mBuilding CXX object CMakeFiles/rl_controller.dir/src/fsm/FSMState_RLPPO.cpp.o[0m
[6.201s] [ 92%] [32mBuilding CXX object CMakeFiles/rl_controller.dir/src/rl_controller_node.cpp.o[0m
[32.990s] [100%] [32m[1mLinking CXX shared library librl_controller.so[0m
[33.281s] [100%] Built target rl_controller
[33.317s] Invoked command in '/home/aiseon/tita/sim2sim2real/ddt_ros2_ws/build/rl_controller' returned '0': AMENT_PREFIX_PATH=/home/aiseon/tita/sim2sim2real/ddt_ros2_ws/install/ros_utils:${AMENT_PREFIX_PATH} CMAKE_PREFIX_PATH=/home/aiseon/tita/sim2sim2real/ddt_ros2_ws/install/ros_utils:/opt/ros/humble CONDA_PROMPT_MODIFIER=(base) /usr/bin/cmake --build /home/aiseon/tita/sim2sim2real/ddt_ros2_ws/build/rl_controller -- -j192 -l192
[33.322s] Invoking command in '/home/aiseon/tita/sim2sim2real/ddt_ros2_ws/build/rl_controller': AMENT_PREFIX_PATH=/home/aiseon/tita/sim2sim2real/ddt_ros2_ws/install/ros_utils:${AMENT_PREFIX_PATH} CMAKE_PREFIX_PATH=/home/aiseon/tita/sim2sim2real/ddt_ros2_ws/install/ros_utils:/opt/ros/humble CONDA_PROMPT_MODIFIER=(base) /usr/bin/cmake --install /home/aiseon/tita/sim2sim2real/ddt_ros2_ws/build/rl_controller
[33.352s] -- Install configuration: ""
[33.352s] -- Execute custom install script
[33.352s] -- Symlinking: /home/aiseon/tita/sim2sim2real/ddt_ros2_ws/install/rl_controller/include/rl_controller/rl_controller_parameters.hpp
[33.381s] -- Symlinking: /home/aiseon/tita/sim2sim2real/ddt_ros2_ws/install/rl_controller/share/rl_controller//rl_controller_plugin.xml
[33.412s] -- Symlinking: /home/aiseon/tita/sim2sim2real/ddt_ros2_ws/install/rl_controller/share/rl_controller/config/d1/controllers.yaml
[33.440s] -- Symlinking: /home/aiseon/tita/sim2sim2real/ddt_ros2_ws/install/rl_controller/share/rl_controller/config/d1/flat.onnx
[33.473s] -- Symlinking: /home/aiseon/tita/sim2sim2real/ddt_ros2_ws/install/rl_controller/share/rl_controller/config/d1h/controllers.yaml
[33.504s] -- Symlinking: /home/aiseon/tita/sim2sim2real/ddt_ros2_ws/install/rl_controller/share/rl_controller/config/d1h/flat.onnx
[33.539s] -- Symlinking: /home/aiseon/tita/sim2sim2real/ddt_ros2_ws/install/rl_controller/share/rl_controller/config/d1h/squatdown.onnx
[33.568s] -- Symlinking: /home/aiseon/tita/sim2sim2real/ddt_ros2_ws/install/rl_controller/share/rl_controller/config/tita/controllers.yaml
[33.604s] -- Symlinking: /home/aiseon/tita/sim2sim2real/ddt_ros2_ws/install/rl_controller/share/rl_controller/config/tita/flat.onnx
[33.636s] -- Symlinking: /home/aiseon/tita/sim2sim2real/ddt_ros2_ws/install/rl_controller/share/rl_controller/config/titatit/controllers.yaml
[33.667s] -- Symlinking: /home/aiseon/tita/sim2sim2real/ddt_ros2_ws/install/rl_controller/share/rl_controller/config/titatit/test_1.onnx
[33.698s] -- Symlinking: /home/aiseon/tita/sim2sim2real/ddt_ros2_ws/install/rl_controller/share/rl_controller/config/titatit/test_10000.onnx
[33.734s] -- Symlinking: /home/aiseon/tita/sim2sim2real/ddt_ros2_ws/install/rl_controller/share/rl_controller/config/titatit/test_6000.onnx
[33.766s] -- Symlinking: /home/aiseon/tita/sim2sim2real/ddt_ros2_ws/install/rl_controller/share/rl_controller/config/titatit/test_cylinder_1027_open_source.onnx
[33.796s] -- Symlinking: /home/aiseon/tita/sim2sim2real/ddt_ros2_ws/install/rl_controller/share/rl_controller/launch/hw.launch.py
[33.829s] -- Symlinking: /home/aiseon/tita/sim2sim2real/ddt_ros2_ws/install/rl_controller/share/rl_controller/launch/sim_gazebo.launch.py
[33.862s] -- Symlinking: /home/aiseon/tita/sim2sim2real/ddt_ros2_ws/install/rl_controller/share/rl_controller/launch/sim_mujoco.launch.py
[33.897s] -- Symlinking: /home/aiseon/tita/sim2sim2real/ddt_ros2_ws/install/rl_controller/share/rl_controller/launch/sim_webots.launch.py
[33.927s] -- Symlinking: /home/aiseon/tita/sim2sim2real/ddt_ros2_ws/install/rl_controller/include/rl_controller/common/Math/MathUtilities.h
[33.958s] -- Symlinking: /home/aiseon/tita/sim2sim2real/ddt_ros2_ws/install/rl_controller/include/rl_controller/common/Math/orientation_tools.h
[33.989s] -- Symlinking: /home/aiseon/tita/sim2sim2real/ddt_ros2_ws/install/rl_controller/include/rl_controller/common/RobotParameters.h
[34.023s] -- Symlinking: /home/aiseon/tita/sim2sim2real/ddt_ros2_ws/install/rl_controller/include/rl_controller/common/cppTypes.h
[34.053s] -- Symlinking: /home/aiseon/tita/sim2sim2real/ddt_ros2_ws/install/rl_controller/include/rl_controller/common/enumClass.h
[34.090s] -- Symlinking: /home/aiseon/tita/sim2sim2real/ddt_ros2_ws/install/rl_controller/include/rl_controller/common/timeMarker.h
[34.123s] -- Symlinking: /home/aiseon/tita/sim2sim2real/ddt_ros2_ws/install/rl_controller/include/rl_controller/fsm/ControlFSMData.h
[34.157s] -- Symlinking: /home/aiseon/tita/sim2sim2real/ddt_ros2_ws/install/rl_controller/include/rl_controller/fsm/FSM.h
[34.190s] -- Symlinking: /home/aiseon/tita/sim2sim2real/ddt_ros2_ws/install/rl_controller/include/rl_controller/fsm/FSMState.h
[34.221s] -- Symlinking: /home/aiseon/tita/sim2sim2real/ddt_ros2_ws/install/rl_controller/include/rl_controller/fsm/FSMState_JointPD.h
[34.254s] -- Symlinking: /home/aiseon/tita/sim2sim2real/ddt_ros2_ws/install/rl_controller/include/rl_controller/fsm/FSMState_Passive.h
[34.289s] -- Symlinking: /home/aiseon/tita/sim2sim2real/ddt_ros2_ws/install/rl_controller/include/rl_controller/fsm/FSMState_RL.h
[34.320s] -- Symlinking: /home/aiseon/tita/sim2sim2real/ddt_ros2_ws/install/rl_controller/include/rl_controller/fsm/FSMState_RLPPO.h
[34.353s] -- Symlinking: /home/aiseon/tita/sim2sim2real/ddt_ros2_ws/install/rl_controller/include/rl_controller/fsm/FSMState_TransformDown.h
[34.388s] -- Symlinking: /home/aiseon/tita/sim2sim2real/ddt_ros2_ws/install/rl_controller/include/rl_controller/fsm/FSMState_TransformUp.h
[34.421s] -- Symlinking: /home/aiseon/tita/sim2sim2real/ddt_ros2_ws/install/rl_controller/include/rl_controller/inferrer/engine_inferrer.hpp
[34.453s] -- Symlinking: /home/aiseon/tita/sim2sim2real/ddt_ros2_ws/install/rl_controller/include/rl_controller/inferrer/inferrer_base.hpp
[34.483s] -- Symlinking: /home/aiseon/tita/sim2sim2real/ddt_ros2_ws/install/rl_controller/include/rl_controller/inferrer/onnx_inferrer.hpp
[34.516s] -- Symlinking: /home/aiseon/tita/sim2sim2real/ddt_ros2_ws/install/rl_controller/include/rl_controller/rl_controller_node.hpp
[34.546s] -- Symlinking: /home/aiseon/tita/sim2sim2real/ddt_ros2_ws/install/rl_controller/share/rl_controller/environment/library_path.sh
[34.572s] -- Symlinking: /home/aiseon/tita/sim2sim2real/ddt_ros2_ws/install/rl_controller/share/rl_controller/environment/library_path.dsv
[34.612s] -- Symlinking: /home/aiseon/tita/sim2sim2real/ddt_ros2_ws/install/rl_controller/lib/librl_controller.so
[34.639s] -- Symlinking: /home/aiseon/tita/sim2sim2real/ddt_ros2_ws/install/rl_controller/share/ament_index/resource_index/package_run_dependencies/rl_controller
[34.679s] -- Symlinking: /home/aiseon/tita/sim2sim2real/ddt_ros2_ws/install/rl_controller/share/ament_index/resource_index/parent_prefix_path/rl_controller
[34.710s] -- Symlinking: /home/aiseon/tita/sim2sim2real/ddt_ros2_ws/install/rl_controller/share/rl_controller/environment/ament_prefix_path.sh
[34.743s] -- Symlinking: /home/aiseon/tita/sim2sim2real/ddt_ros2_ws/install/rl_controller/share/rl_controller/environment/ament_prefix_path.dsv
[34.775s] -- Symlinking: /home/aiseon/tita/sim2sim2real/ddt_ros2_ws/install/rl_controller/share/rl_controller/environment/path.sh
[34.800s] -- Symlinking: /home/aiseon/tita/sim2sim2real/ddt_ros2_ws/install/rl_controller/share/rl_controller/environment/path.dsv
[34.833s] -- Symlinking: /home/aiseon/tita/sim2sim2real/ddt_ros2_ws/install/rl_controller/share/rl_controller/local_setup.bash
[34.866s] -- Symlinking: /home/aiseon/tita/sim2sim2real/ddt_ros2_ws/install/rl_controller/share/rl_controller/local_setup.sh
[34.897s] -- Symlinking: /home/aiseon/tita/sim2sim2real/ddt_ros2_ws/install/rl_controller/share/rl_controller/local_setup.zsh
[34.932s] -- Symlinking: /home/aiseon/tita/sim2sim2real/ddt_ros2_ws/install/rl_controller/share/rl_controller/local_setup.dsv
[34.970s] -- Symlinking: /home/aiseon/tita/sim2sim2real/ddt_ros2_ws/install/rl_controller/share/rl_controller/package.dsv
[35.001s] -- Symlinking: /home/aiseon/tita/sim2sim2real/ddt_ros2_ws/install/rl_controller/share/ament_index/resource_index/packages/rl_controller
[35.036s] -- Symlinking: /home/aiseon/tita/sim2sim2real/ddt_ros2_ws/install/rl_controller/share/ament_index/resource_index/controller_interface__pluginlib__plugin/rl_controller
[35.067s] -- Symlinking: /home/aiseon/tita/sim2sim2real/ddt_ros2_ws/install/rl_controller/share/rl_controller/cmake/ament_cmake_export_dependencies-extras.cmake
[35.099s] -- Symlinking: /home/aiseon/tita/sim2sim2real/ddt_ros2_ws/install/rl_controller/share/rl_controller/cmake/ament_cmake_export_include_directories-extras.cmake
[35.130s] -- Symlinking: /home/aiseon/tita/sim2sim2real/ddt_ros2_ws/install/rl_controller/share/rl_controller/cmake/ament_cmake_export_libraries-extras.cmake
[35.167s] -- Symlinking: /home/aiseon/tita/sim2sim2real/ddt_ros2_ws/install/rl_controller/share/rl_controller/cmake/rl_controllerConfig.cmake
[35.199s] -- Symlinking: /home/aiseon/tita/sim2sim2real/ddt_ros2_ws/install/rl_controller/share/rl_controller/cmake/rl_controllerConfig-version.cmake
[35.231s] -- Symlinking: /home/aiseon/tita/sim2sim2real/ddt_ros2_ws/install/rl_controller/share/rl_controller/package.xml
[35.275s] Invoked command in '/home/aiseon/tita/sim2sim2real/ddt_ros2_ws/build/rl_controller' returned '0': AMENT_PREFIX_PATH=/home/aiseon/tita/sim2sim2real/ddt_ros2_ws/install/ros_utils:${AMENT_PREFIX_PATH} CMAKE_PREFIX_PATH=/home/aiseon/tita/sim2sim2real/ddt_ros2_ws/install/ros_utils:/opt/ros/humble CONDA_PROMPT_MODIFIER=(base) /usr/bin/cmake --install /home/aiseon/tita/sim2sim2real/ddt_ros2_ws/build/rl_controller
