[0.019s] Invoking command in '/home/aiseon/tita/sim2sim2real/build/mujoco': /usr/bin/cmake /home/aiseon/tita/sim2sim2real/ddt_ros2_ws/mujoco -DCMAKE_INSTALL_PREFIX=/home/aiseon/tita/sim2sim2real/install/mujoco
[0.101s] -- The C compiler identification is GNU 11.4.0
[0.171s] -- The CXX compiler identification is GNU 11.4.0
[0.179s] -- Detecting C compiler ABI info
[0.289s] -- Detecting C compiler ABI info - done
[0.296s] -- Check for working C compiler: /usr/bin/cc - skipped
[0.297s] -- Detecting C compile features
[0.297s] -- Detecting C compile features - done
[0.299s] -- Detecting CXX compiler ABI info
[0.414s] -- Detecting CXX compiler ABI info - done
[0.420s] -- Check for working CXX compiler: /usr/bin/c++ - skipped
[0.420s] -- Detecting CXX compile features
[0.421s] -- Detecting CXX compile features - done
[0.421s] -- Setting build type to 'Release' as none was specified.
[0.423s] -- Performing Test CAN_BUILD_AVX
[0.654s] -- Performing Test CAN_BUILD_AVX - Success
[0.654s] -- Performing Test SUPPORTS_LLD
[0.740s] -- Performing Test SUPPORTS_LLD - Failed
[0.740s] -- Performing Test SUPPORTS_GOLD
[0.838s] -- Performing Test SUPPORTS_GOLD - Success
[0.838s] -- Performing Test SUPPORTS_GC_SECTIONS
[0.940s] -- Performing Test SUPPORTS_GC_SECTIONS - Success
[1.731s] -- mujoco::FindOrFetch: checking for targets in package `qhull`
[1.731s] -- mujoco::FindOrFetch: checking for targets in package `qhull` - target `qhull` not defined.
[1.732s] -- mujoco::FindOrFetch: Using FetchContent to retrieve `qhull`
[178.542s] Invoked command in '/home/aiseon/tita/sim2sim2real/build/mujoco' returned '-2': /usr/bin/cmake /home/aiseon/tita/sim2sim2real/ddt_ros2_ws/mujoco -DCMAKE_INSTALL_PREFIX=/home/aiseon/tita/sim2sim2real/install/mujoco
