[0.036s] Invoking command in '/home/aiseon/tita/sim2sim2real/build/mujoco_sim_ros2': CMAKE_PREFIX_PATH=${CMAKE_PREFIX_PATH}:/opt/ros/humble /usr/bin/cmake /home/aiseon/tita/sim2sim2real/ddt_ros2_ws/ddt_ros2_control/simulation/mujoco_bridge/mujoco_sim_ros2 -DAMENT_CMAKE_SYMLINK_INSTALL=1 -DCMAKE_INSTALL_PREFIX=/home/aiseon/tita/sim2sim2real/install/mujoco_sim_ros2
[15.845s] [0m[ 11%] Performing download step (git clone) for 'lodepng-populate'
[15.845s] 正克隆到 'lodepng-src'...
[15.845s] fatal: 无法访问 'https://github.com/lvandeve/lodepng.git/'：gnutls_handshake() failed: The TLS connection was non-properly terminated.
[15.846s] 正克隆到 'lodepng-src'...
[15.846s] fatal: 无法访问 'https://github.com/lvandeve/lodepng.git/'：gnutls_handshake() failed: The TLS connection was non-properly terminated.
[15.846s] 正克隆到 'lodepng-src'...
[15.846s] fatal: 无法访问 'https://github.com/lvandeve/lodepng.git/'：gnutls_handshake() failed: The TLS connection was non-properly terminated.
[15.846s] -- Had to git clone more than once:
[15.846s]           3 times.
[15.846s] CMake Error at lodepng-subbuild/lodepng-populate-prefix/tmp/lodepng-populate-gitclone.cmake:31 (message):
[15.846s]   Failed to clone repository: 'https://github.com/lvandeve/lodepng.git'
[15.846s] 
[15.846s] 
[15.846s] gmake[2]: *** [CMakeFiles/lodepng-populate.dir/build.make:102：lodepng-populate-prefix/src/lodepng-populate-stamp/lodepng-populate-download] 错误 1
[15.846s] gmake[1]: *** [CMakeFiles/Makefile2:83：CMakeFiles/lodepng-populate.dir/all] 错误 2
[15.846s] gmake: *** [Makefile:91：all] 错误 2
[15.846s] [0m
[15.846s] [31mCMake Error at /usr/share/cmake-3.22/Modules/FetchContent.cmake:1087 (message):
[15.846s]   Build step for lodepng failed: 2
[15.846s] Call Stack (most recent call first):
[15.847s]   /usr/share/cmake-3.22/Modules/FetchContent.cmake:1216:EVAL:2 (__FetchContent_directPopulate)
[15.847s]   /usr/share/cmake-3.22/Modules/FetchContent.cmake:1216 (cmake_language)
[15.847s]   CMakeLists.txt:28 (FetchContent_Populate)
[15.847s] 
[15.847s] [0m
[15.847s] -- Configuring incomplete, errors occurred!
[15.847s] See also "/home/aiseon/tita/sim2sim2real/build/mujoco_sim_ros2/CMakeFiles/CMakeOutput.log".
[15.859s] Invoked command in '/home/aiseon/tita/sim2sim2real/build/mujoco_sim_ros2' returned '1': CMAKE_PREFIX_PATH=${CMAKE_PREFIX_PATH}:/opt/ros/humble /usr/bin/cmake /home/aiseon/tita/sim2sim2real/ddt_ros2_ws/ddt_ros2_control/simulation/mujoco_bridge/mujoco_sim_ros2 -DAMENT_CMAKE_SYMLINK_INSTALL=1 -DCMAKE_INSTALL_PREFIX=/home/aiseon/tita/sim2sim2real/install/mujoco_sim_ros2
