[0.015s] Invoking command in '/home/aiseon/tita/sim2sim2real/build/rl_controller': AMENT_PREFIX_PATH=/home/aiseon/tita/sim2sim2real/install/ros_utils:${AMENT_PREFIX_PATH} CMAKE_PREFIX_PATH=/home/aiseon/tita/sim2sim2real/install/ros_utils:/usr/lib/cmake/mujoco:/opt/ros/humble /usr/bin/cmake /home/aiseon/tita/sim2sim2real/ddt_ros2_ws/ddt_ros2_control/controller/rl_controller -DAMENT_CMAKE_SYMLINK_INSTALL=1 -DCMAKE_INSTALL_PREFIX=/home/aiseon/tita/sim2sim2real/install/rl_controller
[0.096s] -- The C compiler identification is GNU 11.4.0
[0.165s] -- The CXX compiler identification is GNU 11.4.0
[0.175s] -- Detecting C compiler ABI info
[0.284s] -- Detecting C compiler ABI info - done
[0.291s] -- Check for working C compiler: /usr/bin/cc - skipped
[0.291s] -- Detecting C compile features
[0.291s] -- Detecting C compile features - done
[0.294s] -- Detecting CXX compiler ABI info
[0.410s] -- Detecting CXX compiler ABI info - done
[0.419s] -- Check for working CXX compiler: /usr/bin/c++ - skipped
[0.419s] -- Detecting CXX compile features
[0.420s] -- Detecting CXX compile features - done
[0.422s] -- Found ament_cmake_auto: 1.3.13 (/opt/ros/humble/share/ament_cmake_auto/cmake)
[0.580s] -- Found Python3: /usr/bin/python3 (found version "3.10.12") found components: Interpreter 
[0.640s] -- Override CMake install command with custom implementation using symlinks instead of copying resources
[0.773s] -- Found rosidl_generator_c: 3.1.8 (/opt/ros/humble/share/rosidl_generator_c/cmake)
[0.778s] -- Found rosidl_adapter: 3.1.8 (/opt/ros/humble/share/rosidl_adapter/cmake)
[0.786s] -- Found rosidl_generator_cpp: 3.1.8 (/opt/ros/humble/share/rosidl_generator_cpp/cmake)
[0.796s] -- Using all available rosidl_typesupport_c: rosidl_typesupport_fastrtps_c;rosidl_typesupport_introspection_c
[0.811s] -- Using all available rosidl_typesupport_cpp: rosidl_typesupport_fastrtps_cpp;rosidl_typesupport_introspection_cpp
[0.851s] -- Found rmw_implementation_cmake: 6.1.2 (/opt/ros/humble/share/rmw_implementation_cmake/cmake)
[0.854s] -- Found rmw_fastrtps_cpp: 6.2.10 (/opt/ros/humble/share/rmw_fastrtps_cpp/cmake)
[0.984s] -- Found OpenSSL: /usr/lib/x86_64-linux-gnu/libcrypto.so (found version "3.0.2")  
[1.019s] -- Found FastRTPS: /opt/ros/humble/include  
[1.072s] -- Using RMW implementation 'rmw_fastrtps_cpp' as default
[1.081s] -- Looking for pthread.h
[1.187s] -- Looking for pthread.h - found
[1.187s] -- Performing Test CMAKE_HAVE_LIBC_PTHREAD
[1.300s] -- Performing Test CMAKE_HAVE_LIBC_PTHREAD - Success
[1.302s] -- Found Threads: TRUE  
[1.525s] -- Found parameter_traits: 0.6.0 (/opt/ros/humble/share/parameter_traits/cmake)
[1.550s] -- Found ament_lint_auto: 0.12.15 (/opt/ros/humble/share/ament_lint_auto/cmake)
[1.562s] [0mIn this package, headers install destination is set to `include` by ament_auto_package. It is recommended to install `include/rl_controller` instead and will be the default behavior of ament_auto_package from ROS 2 Kilted Kaiju. On distributions before Kilted, ament_auto_package behaves the same way when you use USE_SCOPED_HEADER_INSTALL_DIR option.[0m
[1.567s] -- Added test 'clang_format' to check C / C++ code style
[1.568s] -- Added test 'copyright' to check source files copyright and LICENSE
[1.570s] -- Added test 'cppcheck' to perform static code analysis on C / C++ code
[1.570s] -- Configured cppcheck include dirs: /home/aiseon/tita/sim2sim2real/ddt_ros2_ws/ddt_ros2_control/controller/rl_controller/include
[1.570s] -- Configured cppcheck exclude dirs and/or files: 
[1.572s] -- Added test 'cpplint' to check C / C++ code against the Google style
[1.572s] -- Configured cpplint exclude dirs and/or files: 
[1.573s] -- Added test 'lint_cmake' to check CMake code style
[1.573s] -- Added test 'xmllint' to check XML markup files
[1.575s] -- Configuring done
[1.587s] -- Generating done
[1.591s] -- Build files have been written to: /home/aiseon/tita/sim2sim2real/build/rl_controller
[1.602s] Invoked command in '/home/aiseon/tita/sim2sim2real/build/rl_controller' returned '0': AMENT_PREFIX_PATH=/home/aiseon/tita/sim2sim2real/install/ros_utils:${AMENT_PREFIX_PATH} CMAKE_PREFIX_PATH=/home/aiseon/tita/sim2sim2real/install/ros_utils:/usr/lib/cmake/mujoco:/opt/ros/humble /usr/bin/cmake /home/aiseon/tita/sim2sim2real/ddt_ros2_ws/ddt_ros2_control/controller/rl_controller -DAMENT_CMAKE_SYMLINK_INSTALL=1 -DCMAKE_INSTALL_PREFIX=/home/aiseon/tita/sim2sim2real/install/rl_controller
[1.605s] Invoking command in '/home/aiseon/tita/sim2sim2real/build/rl_controller': AMENT_PREFIX_PATH=/home/aiseon/tita/sim2sim2real/install/ros_utils:${AMENT_PREFIX_PATH} CMAKE_PREFIX_PATH=/home/aiseon/tita/sim2sim2real/install/ros_utils:/usr/lib/cmake/mujoco:/opt/ros/humble /usr/bin/cmake --build /home/aiseon/tita/sim2sim2real/build/rl_controller -- -j192 -l192
[1.688s] [  7%] [34m[1mRunning `/opt/ros/humble/bin/generate_parameter_library_cpp /home/aiseon/tita/sim2sim2real/build/rl_controller/include/rl_controller/rl_controller_parameters.hpp /home/aiseon/tita/sim2sim2real/ddt_ros2_ws/ddt_ros2_control/controller/rl_controller/src/rl_controller_parameters.yaml `[0m
[1.839s] [ 15%] [34m[1mCreating deprecated header file /home/aiseon/tita/sim2sim2real/build/rl_controller/include/rl_controller_parameters.hpp[0m
[1.869s] [ 15%] Built target rl_controller_parameters
[1.910s] [ 23%] [32mBuilding CXX object CMakeFiles/rl_controller.dir/src/fsm/FSM.cpp.o[0m
[1.911s] [ 30%] [32mBuilding CXX object CMakeFiles/rl_controller.dir/src/fsm/FSMState_RLPPO.cpp.o[0m
[1.912s] [ 38%] [32mBuilding CXX object CMakeFiles/rl_controller.dir/src/fsm/FSMState.cpp.o[0m
[1.913s] [ 46%] [32mBuilding CXX object CMakeFiles/rl_controller.dir/src/rl_controller_node.cpp.o[0m
[1.914s] [ 61%] [32mBuilding CXX object CMakeFiles/rl_controller.dir/src/fsm/FSMState_JointPD.cpp.o[0m
[1.914s] [ 76%] [32mBuilding CXX object CMakeFiles/rl_controller.dir/src/fsm/FSMState_RL.cpp.o[0m
[1.914s] [ 76%] [32mBuilding CXX object CMakeFiles/rl_controller.dir/src/fsm/FSMState_Passive.cpp.o[0m
[1.914s] [ 84%] [32mBuilding CXX object CMakeFiles/rl_controller.dir/src/fsm/FSMState_TransformDown.cpp.o[0m
[1.914s] [ 84%] [32mBuilding CXX object CMakeFiles/rl_controller.dir/src/fsm/FSMState_TransformUp.cpp.o[0m
[1.914s] [ 92%] [32mBuilding CXX object CMakeFiles/rl_controller.dir/src/inferrer/onnx_inferrer.cpp.o[0m
[17.652s] [100%] [32m[1mLinking CXX shared library librl_controller.so[0m
[17.878s] [100%] Built target rl_controller
[17.895s] Invoked command in '/home/aiseon/tita/sim2sim2real/build/rl_controller' returned '0': AMENT_PREFIX_PATH=/home/aiseon/tita/sim2sim2real/install/ros_utils:${AMENT_PREFIX_PATH} CMAKE_PREFIX_PATH=/home/aiseon/tita/sim2sim2real/install/ros_utils:/usr/lib/cmake/mujoco:/opt/ros/humble /usr/bin/cmake --build /home/aiseon/tita/sim2sim2real/build/rl_controller -- -j192 -l192
[17.898s] Invoking command in '/home/aiseon/tita/sim2sim2real/build/rl_controller': AMENT_PREFIX_PATH=/home/aiseon/tita/sim2sim2real/install/ros_utils:${AMENT_PREFIX_PATH} CMAKE_PREFIX_PATH=/home/aiseon/tita/sim2sim2real/install/ros_utils:/usr/lib/cmake/mujoco:/opt/ros/humble /usr/bin/cmake --install /home/aiseon/tita/sim2sim2real/build/rl_controller
[17.907s] -- Install configuration: ""
[17.908s] -- Execute custom install script
[17.908s] -- Symlinking: /home/aiseon/tita/sim2sim2real/install/rl_controller/include/rl_controller/rl_controller_parameters.hpp
[17.920s] -- Symlinking: /home/aiseon/tita/sim2sim2real/install/rl_controller/share/rl_controller//rl_controller_plugin.xml
[17.933s] -- Symlinking: /home/aiseon/tita/sim2sim2real/install/rl_controller/share/rl_controller/config/d1/controllers.yaml
[17.946s] -- Symlinking: /home/aiseon/tita/sim2sim2real/install/rl_controller/share/rl_controller/config/d1/flat.onnx
[17.957s] -- Symlinking: /home/aiseon/tita/sim2sim2real/install/rl_controller/share/rl_controller/config/d1h/controllers.yaml
[17.967s] -- Symlinking: /home/aiseon/tita/sim2sim2real/install/rl_controller/share/rl_controller/config/d1h/flat.onnx
[17.978s] -- Symlinking: /home/aiseon/tita/sim2sim2real/install/rl_controller/share/rl_controller/config/d1h/squatdown.onnx
[17.991s] -- Symlinking: /home/aiseon/tita/sim2sim2real/install/rl_controller/share/rl_controller/config/tita/controllers.yaml
[18.003s] -- Symlinking: /home/aiseon/tita/sim2sim2real/install/rl_controller/share/rl_controller/config/tita/flat.onnx
[18.015s] -- Symlinking: /home/aiseon/tita/sim2sim2real/install/rl_controller/share/rl_controller/config/titatit/controllers.yaml
[18.027s] -- Symlinking: /home/aiseon/tita/sim2sim2real/install/rl_controller/share/rl_controller/config/titatit/test_1.onnx
[18.038s] -- Symlinking: /home/aiseon/tita/sim2sim2real/install/rl_controller/share/rl_controller/config/titatit/test_10000.onnx
[18.050s] -- Symlinking: /home/aiseon/tita/sim2sim2real/install/rl_controller/share/rl_controller/config/titatit/test_6000.onnx
[18.062s] -- Symlinking: /home/aiseon/tita/sim2sim2real/install/rl_controller/share/rl_controller/config/titatit/test_cylinder_1027_open_source.onnx
[18.073s] -- Symlinking: /home/aiseon/tita/sim2sim2real/install/rl_controller/share/rl_controller/launch/hw.launch.py
[18.082s] -- Symlinking: /home/aiseon/tita/sim2sim2real/install/rl_controller/share/rl_controller/launch/sim_gazebo.launch.py
[18.092s] -- Symlinking: /home/aiseon/tita/sim2sim2real/install/rl_controller/share/rl_controller/launch/sim_mujoco.launch.py
[18.103s] -- Symlinking: /home/aiseon/tita/sim2sim2real/install/rl_controller/share/rl_controller/launch/sim_webots.launch.py
[18.114s] -- Symlinking: /home/aiseon/tita/sim2sim2real/install/rl_controller/include/rl_controller/common/Math/MathUtilities.h
[18.126s] -- Symlinking: /home/aiseon/tita/sim2sim2real/install/rl_controller/include/rl_controller/common/Math/orientation_tools.h
[18.138s] -- Symlinking: /home/aiseon/tita/sim2sim2real/install/rl_controller/include/rl_controller/common/RobotParameters.h
[18.147s] -- Symlinking: /home/aiseon/tita/sim2sim2real/install/rl_controller/include/rl_controller/common/cppTypes.h
[18.158s] -- Symlinking: /home/aiseon/tita/sim2sim2real/install/rl_controller/include/rl_controller/common/enumClass.h
[18.170s] -- Symlinking: /home/aiseon/tita/sim2sim2real/install/rl_controller/include/rl_controller/common/timeMarker.h
[18.178s] -- Symlinking: /home/aiseon/tita/sim2sim2real/install/rl_controller/include/rl_controller/fsm/ControlFSMData.h
[18.189s] -- Symlinking: /home/aiseon/tita/sim2sim2real/install/rl_controller/include/rl_controller/fsm/FSM.h
[18.198s] -- Symlinking: /home/aiseon/tita/sim2sim2real/install/rl_controller/include/rl_controller/fsm/FSMState.h
[18.209s] -- Symlinking: /home/aiseon/tita/sim2sim2real/install/rl_controller/include/rl_controller/fsm/FSMState_JointPD.h
[18.217s] -- Symlinking: /home/aiseon/tita/sim2sim2real/install/rl_controller/include/rl_controller/fsm/FSMState_Passive.h
[18.227s] -- Symlinking: /home/aiseon/tita/sim2sim2real/install/rl_controller/include/rl_controller/fsm/FSMState_RL.h
[18.238s] -- Symlinking: /home/aiseon/tita/sim2sim2real/install/rl_controller/include/rl_controller/fsm/FSMState_RLPPO.h
[18.249s] -- Symlinking: /home/aiseon/tita/sim2sim2real/install/rl_controller/include/rl_controller/fsm/FSMState_TransformDown.h
[18.258s] -- Symlinking: /home/aiseon/tita/sim2sim2real/install/rl_controller/include/rl_controller/fsm/FSMState_TransformUp.h
[18.268s] -- Symlinking: /home/aiseon/tita/sim2sim2real/install/rl_controller/include/rl_controller/inferrer/engine_inferrer.hpp
[18.280s] -- Symlinking: /home/aiseon/tita/sim2sim2real/install/rl_controller/include/rl_controller/inferrer/inferrer_base.hpp
[18.288s] -- Symlinking: /home/aiseon/tita/sim2sim2real/install/rl_controller/include/rl_controller/inferrer/onnx_inferrer.hpp
[18.299s] -- Symlinking: /home/aiseon/tita/sim2sim2real/install/rl_controller/include/rl_controller/rl_controller_node.hpp
[18.309s] -- Symlinking: /home/aiseon/tita/sim2sim2real/install/rl_controller/share/rl_controller/environment/library_path.sh
[18.319s] -- Symlinking: /home/aiseon/tita/sim2sim2real/install/rl_controller/share/rl_controller/environment/library_path.dsv
[18.328s] -- Symlinking: /home/aiseon/tita/sim2sim2real/install/rl_controller/lib/librl_controller.so
[18.340s] -- Symlinking: /home/aiseon/tita/sim2sim2real/install/rl_controller/share/ament_index/resource_index/package_run_dependencies/rl_controller
[18.352s] -- Symlinking: /home/aiseon/tita/sim2sim2real/install/rl_controller/share/ament_index/resource_index/parent_prefix_path/rl_controller
[18.363s] -- Symlinking: /home/aiseon/tita/sim2sim2real/install/rl_controller/share/rl_controller/environment/ament_prefix_path.sh
[18.372s] -- Symlinking: /home/aiseon/tita/sim2sim2real/install/rl_controller/share/rl_controller/environment/ament_prefix_path.dsv
[18.384s] -- Symlinking: /home/aiseon/tita/sim2sim2real/install/rl_controller/share/rl_controller/environment/path.sh
[18.395s] -- Symlinking: /home/aiseon/tita/sim2sim2real/install/rl_controller/share/rl_controller/environment/path.dsv
[18.406s] -- Symlinking: /home/aiseon/tita/sim2sim2real/install/rl_controller/share/rl_controller/local_setup.bash
[18.416s] -- Symlinking: /home/aiseon/tita/sim2sim2real/install/rl_controller/share/rl_controller/local_setup.sh
[18.428s] -- Symlinking: /home/aiseon/tita/sim2sim2real/install/rl_controller/share/rl_controller/local_setup.zsh
[18.438s] -- Symlinking: /home/aiseon/tita/sim2sim2real/install/rl_controller/share/rl_controller/local_setup.dsv
[18.448s] -- Symlinking: /home/aiseon/tita/sim2sim2real/install/rl_controller/share/rl_controller/package.dsv
[18.456s] -- Symlinking: /home/aiseon/tita/sim2sim2real/install/rl_controller/share/ament_index/resource_index/packages/rl_controller
[18.468s] -- Symlinking: /home/aiseon/tita/sim2sim2real/install/rl_controller/share/ament_index/resource_index/controller_interface__pluginlib__plugin/rl_controller
[18.477s] -- Symlinking: /home/aiseon/tita/sim2sim2real/install/rl_controller/share/rl_controller/cmake/ament_cmake_export_dependencies-extras.cmake
[18.487s] -- Symlinking: /home/aiseon/tita/sim2sim2real/install/rl_controller/share/rl_controller/cmake/ament_cmake_export_include_directories-extras.cmake
[18.499s] -- Symlinking: /home/aiseon/tita/sim2sim2real/install/rl_controller/share/rl_controller/cmake/ament_cmake_export_libraries-extras.cmake
[18.507s] -- Symlinking: /home/aiseon/tita/sim2sim2real/install/rl_controller/share/rl_controller/cmake/rl_controllerConfig.cmake
[18.518s] -- Symlinking: /home/aiseon/tita/sim2sim2real/install/rl_controller/share/rl_controller/cmake/rl_controllerConfig-version.cmake
[18.528s] -- Symlinking: /home/aiseon/tita/sim2sim2real/install/rl_controller/share/rl_controller/package.xml
[18.540s] Invoked command in '/home/aiseon/tita/sim2sim2real/build/rl_controller' returned '0': AMENT_PREFIX_PATH=/home/aiseon/tita/sim2sim2real/install/ros_utils:${AMENT_PREFIX_PATH} CMAKE_PREFIX_PATH=/home/aiseon/tita/sim2sim2real/install/ros_utils:/usr/lib/cmake/mujoco:/opt/ros/humble /usr/bin/cmake --install /home/aiseon/tita/sim2sim2real/build/rl_controller
