[100%] Built target webots_bridge
-- Install configuration: ""
-- Execute custom install script
-- Up-to-date symlink: /home/aiseon/tita/sim2sim2real/install/webots_bridge/share/webots_bridge//webots_bridge_plugin.xml
-- Up-to-date symlink: /home/aiseon/tita/sim2sim2real/install/webots_bridge/share/webots_bridge/config/controllers.yaml
-- Up-to-date symlink: /home/aiseon/tita/sim2sim2real/install/webots_bridge/share/webots_bridge/launch/webots_bridge.launch.py
-- Up-to-date symlink: /home/aiseon/tita/sim2sim2real/install/webots_bridge/share/webots_bridge/worlds/empty_world.wbt
-- Up-to-date symlink: /home/aiseon/tita/sim2sim2real/install/webots_bridge/share/webots_bridge/worlds/stairs.wbt
-- Up-to-date symlink: /home/aiseon/tita/sim2sim2real/install/webots_bridge/share/webots_bridge/worlds/terrain.wbt
-- Up-to-date symlink: /home/aiseon/tita/sim2sim2real/install/webots_bridge/share/webots_bridge/worlds/uneven.wbt
-- Up-to-date symlink: /home/aiseon/tita/sim2sim2real/install/webots_bridge/include/webots_bridge/webots_bridge_node.hpp
-- Up-to-date symlink: /home/aiseon/tita/sim2sim2real/install/webots_bridge/share/webots_bridge/environment/library_path.sh
-- Up-to-date symlink: /home/aiseon/tita/sim2sim2real/install/webots_bridge/share/webots_bridge/environment/library_path.dsv
-- Up-to-date symlink: /home/aiseon/tita/sim2sim2real/install/webots_bridge/lib/libwebots_bridge.so
-- Up-to-date symlink: /home/aiseon/tita/sim2sim2real/install/webots_bridge/share/ament_index/resource_index/package_run_dependencies/webots_bridge
-- Up-to-date symlink: /home/aiseon/tita/sim2sim2real/install/webots_bridge/share/ament_index/resource_index/parent_prefix_path/webots_bridge
-- Up-to-date symlink: /home/aiseon/tita/sim2sim2real/install/webots_bridge/share/webots_bridge/environment/ament_prefix_path.sh
-- Up-to-date symlink: /home/aiseon/tita/sim2sim2real/install/webots_bridge/share/webots_bridge/environment/ament_prefix_path.dsv
-- Up-to-date symlink: /home/aiseon/tita/sim2sim2real/install/webots_bridge/share/webots_bridge/environment/path.sh
-- Up-to-date symlink: /home/aiseon/tita/sim2sim2real/install/webots_bridge/share/webots_bridge/environment/path.dsv
-- Up-to-date symlink: /home/aiseon/tita/sim2sim2real/install/webots_bridge/share/webots_bridge/local_setup.bash
-- Up-to-date symlink: /home/aiseon/tita/sim2sim2real/install/webots_bridge/share/webots_bridge/local_setup.sh
-- Up-to-date symlink: /home/aiseon/tita/sim2sim2real/install/webots_bridge/share/webots_bridge/local_setup.zsh
-- Up-to-date symlink: /home/aiseon/tita/sim2sim2real/install/webots_bridge/share/webots_bridge/local_setup.dsv
-- Symlinking: /home/aiseon/tita/sim2sim2real/install/webots_bridge/share/webots_bridge/package.dsv
-- Up-to-date symlink: /home/aiseon/tita/sim2sim2real/install/webots_bridge/share/ament_index/resource_index/packages/webots_bridge
-- Up-to-date symlink: /home/aiseon/tita/sim2sim2real/install/webots_bridge/share/ament_index/resource_index/webots_ros2_control__pluginlib__plugin/webots_bridge
-- Up-to-date symlink: /home/aiseon/tita/sim2sim2real/install/webots_bridge/share/webots_bridge/cmake/ament_cmake_export_dependencies-extras.cmake
-- Up-to-date symlink: /home/aiseon/tita/sim2sim2real/install/webots_bridge/share/webots_bridge/cmake/ament_cmake_export_include_directories-extras.cmake
-- Up-to-date symlink: /home/aiseon/tita/sim2sim2real/install/webots_bridge/share/webots_bridge/cmake/ament_cmake_export_libraries-extras.cmake
-- Up-to-date symlink: /home/aiseon/tita/sim2sim2real/install/webots_bridge/share/webots_bridge/cmake/webots_bridgeConfig.cmake
-- Up-to-date symlink: /home/aiseon/tita/sim2sim2real/install/webots_bridge/share/webots_bridge/cmake/webots_bridgeConfig-version.cmake
-- Up-to-date symlink: /home/aiseon/tita/sim2sim2real/install/webots_bridge/share/webots_bridge/package.xml
