[0.024s] Invoking command in '/home/aiseon/tita/sim2sim2real/build/webots_bridge': CMAKE_PREFIX_PATH=${CMAKE_PREFIX_PATH}:/opt/ros/humble /usr/bin/cmake --build /home/aiseon/tita/sim2sim2real/build/webots_bridge -- -j192 -l192
[0.162s] [100%] Built target webots_bridge
[0.184s] Invoked command in '/home/aiseon/tita/sim2sim2real/build/webots_bridge' returned '0': CMAKE_PREFIX_PATH=${CMAKE_PREFIX_PATH}:/opt/ros/humble /usr/bin/cmake --build /home/aiseon/tita/sim2sim2real/build/webots_bridge -- -j192 -l192
[0.209s] Invoking command in '/home/aiseon/tita/sim2sim2real/build/webots_bridge': CMAKE_PREFIX_PATH=${CMAKE_PREFIX_PATH}:/opt/ros/humble /usr/bin/cmake --install /home/aiseon/tita/sim2sim2real/build/webots_bridge
[0.221s] -- Install configuration: ""
[0.222s] -- Execute custom install script
[0.222s] -- Up-to-date symlink: /home/aiseon/tita/sim2sim2real/install/webots_bridge/share/webots_bridge//webots_bridge_plugin.xml
[0.222s] -- Up-to-date symlink: /home/aiseon/tita/sim2sim2real/install/webots_bridge/share/webots_bridge/config/controllers.yaml
[0.223s] -- Up-to-date symlink: /home/aiseon/tita/sim2sim2real/install/webots_bridge/share/webots_bridge/launch/webots_bridge.launch.py
[0.223s] -- Up-to-date symlink: /home/aiseon/tita/sim2sim2real/install/webots_bridge/share/webots_bridge/worlds/empty_world.wbt
[0.223s] -- Up-to-date symlink: /home/aiseon/tita/sim2sim2real/install/webots_bridge/share/webots_bridge/worlds/stairs.wbt
[0.223s] -- Up-to-date symlink: /home/aiseon/tita/sim2sim2real/install/webots_bridge/share/webots_bridge/worlds/terrain.wbt
[0.223s] -- Up-to-date symlink: /home/aiseon/tita/sim2sim2real/install/webots_bridge/share/webots_bridge/worlds/uneven.wbt
[0.224s] -- Up-to-date symlink: /home/aiseon/tita/sim2sim2real/install/webots_bridge/include/webots_bridge/webots_bridge_node.hpp
[0.224s] -- Up-to-date symlink: /home/aiseon/tita/sim2sim2real/install/webots_bridge/share/webots_bridge/environment/library_path.sh
[0.224s] -- Up-to-date symlink: /home/aiseon/tita/sim2sim2real/install/webots_bridge/share/webots_bridge/environment/library_path.dsv
[0.224s] -- Up-to-date symlink: /home/aiseon/tita/sim2sim2real/install/webots_bridge/lib/libwebots_bridge.so
[0.225s] -- Up-to-date symlink: /home/aiseon/tita/sim2sim2real/install/webots_bridge/share/ament_index/resource_index/package_run_dependencies/webots_bridge
[0.225s] -- Up-to-date symlink: /home/aiseon/tita/sim2sim2real/install/webots_bridge/share/ament_index/resource_index/parent_prefix_path/webots_bridge
[0.225s] -- Up-to-date symlink: /home/aiseon/tita/sim2sim2real/install/webots_bridge/share/webots_bridge/environment/ament_prefix_path.sh
[0.225s] -- Up-to-date symlink: /home/aiseon/tita/sim2sim2real/install/webots_bridge/share/webots_bridge/environment/ament_prefix_path.dsv
[0.225s] -- Up-to-date symlink: /home/aiseon/tita/sim2sim2real/install/webots_bridge/share/webots_bridge/environment/path.sh
[0.225s] -- Up-to-date symlink: /home/aiseon/tita/sim2sim2real/install/webots_bridge/share/webots_bridge/environment/path.dsv
[0.226s] -- Up-to-date symlink: /home/aiseon/tita/sim2sim2real/install/webots_bridge/share/webots_bridge/local_setup.bash
[0.226s] -- Up-to-date symlink: /home/aiseon/tita/sim2sim2real/install/webots_bridge/share/webots_bridge/local_setup.sh
[0.226s] -- Up-to-date symlink: /home/aiseon/tita/sim2sim2real/install/webots_bridge/share/webots_bridge/local_setup.zsh
[0.226s] -- Up-to-date symlink: /home/aiseon/tita/sim2sim2real/install/webots_bridge/share/webots_bridge/local_setup.dsv
[0.226s] -- Symlinking: /home/aiseon/tita/sim2sim2real/install/webots_bridge/share/webots_bridge/package.dsv
[0.245s] -- Up-to-date symlink: /home/aiseon/tita/sim2sim2real/install/webots_bridge/share/ament_index/resource_index/packages/webots_bridge
[0.245s] -- Up-to-date symlink: /home/aiseon/tita/sim2sim2real/install/webots_bridge/share/ament_index/resource_index/webots_ros2_control__pluginlib__plugin/webots_bridge
[0.245s] -- Up-to-date symlink: /home/aiseon/tita/sim2sim2real/install/webots_bridge/share/webots_bridge/cmake/ament_cmake_export_dependencies-extras.cmake
[0.245s] -- Up-to-date symlink: /home/aiseon/tita/sim2sim2real/install/webots_bridge/share/webots_bridge/cmake/ament_cmake_export_include_directories-extras.cmake
[0.245s] -- Up-to-date symlink: /home/aiseon/tita/sim2sim2real/install/webots_bridge/share/webots_bridge/cmake/ament_cmake_export_libraries-extras.cmake
[0.246s] -- Up-to-date symlink: /home/aiseon/tita/sim2sim2real/install/webots_bridge/share/webots_bridge/cmake/webots_bridgeConfig.cmake
[0.246s] -- Up-to-date symlink: /home/aiseon/tita/sim2sim2real/install/webots_bridge/share/webots_bridge/cmake/webots_bridgeConfig-version.cmake
[0.246s] -- Up-to-date symlink: /home/aiseon/tita/sim2sim2real/install/webots_bridge/share/webots_bridge/package.xml
[0.249s] Invoked command in '/home/aiseon/tita/sim2sim2real/build/webots_bridge' returned '0': CMAKE_PREFIX_PATH=${CMAKE_PREFIX_PATH}:/opt/ros/humble /usr/bin/cmake --install /home/aiseon/tita/sim2sim2real/build/webots_bridge
