[0.021s] Invoking command in '/home/aiseon/tita/sim2sim2real/build/teleop_command': AMENT_PREFIX_PATH=/home/aiseon/tita/sim2sim2real/install/ros_utils:${AMENT_PREFIX_PATH} CMAKE_PREFIX_PATH=/home/aiseon/tita/sim2sim2real/install/ros_utils:/opt/ros/humble /usr/bin/cmake --build /home/aiseon/tita/sim2sim2real/build/teleop_command -- -j192 -l192
[0.115s] [ 28%] Built target teleop_command_parameters
[0.140s] [35m[1mConsolidate compiler generated dependencies of target teleop_command_lib[0m
[0.171s] [ 71%] Built target teleop_command_lib
[0.194s] [35m[1mConsolidate compiler generated dependencies of target teleop_command_node[0m
[0.224s] [100%] Built target teleop_command_node
[0.246s] Invoked command in '/home/aiseon/tita/sim2sim2real/build/teleop_command' returned '0': AMENT_PREFIX_PATH=/home/aiseon/tita/sim2sim2real/install/ros_utils:${AMENT_PREFIX_PATH} CMAKE_PREFIX_PATH=/home/aiseon/tita/sim2sim2real/install/ros_utils:/opt/ros/humble /usr/bin/cmake --build /home/aiseon/tita/sim2sim2real/build/teleop_command -- -j192 -l192
[0.249s] Invoking command in '/home/aiseon/tita/sim2sim2real/build/teleop_command': AMENT_PREFIX_PATH=/home/aiseon/tita/sim2sim2real/install/ros_utils:${AMENT_PREFIX_PATH} CMAKE_PREFIX_PATH=/home/aiseon/tita/sim2sim2real/install/ros_utils:/opt/ros/humble /usr/bin/cmake --install /home/aiseon/tita/sim2sim2real/build/teleop_command
[0.258s] -- Install configuration: ""
[0.259s] -- Execute custom install script
[0.259s] -- Up-to-date symlink: /home/aiseon/tita/sim2sim2real/install/teleop_command/include/teleop_command/teleop_command_parameters.hpp
[0.259s] -- Up-to-date symlink: /home/aiseon/tita/sim2sim2real/install/teleop_command/share/teleop_command/launch/teleop_command.launch.py
[0.259s] -- Up-to-date symlink: /home/aiseon/tita/sim2sim2real/install/teleop_command/share/teleop_command/config/param.yaml
[0.260s] -- Up-to-date symlink: /home/aiseon/tita/sim2sim2real/install/teleop_command/include/teleop_command/elrs_emwave_device.hpp
[0.260s] -- Up-to-date symlink: /home/aiseon/tita/sim2sim2real/install/teleop_command/include/teleop_command/teleop_command_node.hpp
[0.260s] -- Up-to-date symlink: /home/aiseon/tita/sim2sim2real/install/teleop_command/share/teleop_command/environment/library_path.sh
[0.260s] -- Up-to-date symlink: /home/aiseon/tita/sim2sim2real/install/teleop_command/share/teleop_command/environment/library_path.dsv
[0.260s] -- Up-to-date symlink: /home/aiseon/tita/sim2sim2real/install/teleop_command/lib/libteleop_command_lib.so
[0.260s] -- Up-to-date symlink: /home/aiseon/tita/sim2sim2real/install/teleop_command/lib/teleop_command/teleop_command_node
[0.260s] -- Up-to-date symlink: /home/aiseon/tita/sim2sim2real/install/teleop_command/share/ament_index/resource_index/package_run_dependencies/teleop_command
[0.261s] -- Up-to-date symlink: /home/aiseon/tita/sim2sim2real/install/teleop_command/share/ament_index/resource_index/parent_prefix_path/teleop_command
[0.261s] -- Up-to-date symlink: /home/aiseon/tita/sim2sim2real/install/teleop_command/share/teleop_command/environment/ament_prefix_path.sh
[0.261s] -- Up-to-date symlink: /home/aiseon/tita/sim2sim2real/install/teleop_command/share/teleop_command/environment/ament_prefix_path.dsv
[0.261s] -- Up-to-date symlink: /home/aiseon/tita/sim2sim2real/install/teleop_command/share/teleop_command/environment/path.sh
[0.261s] -- Up-to-date symlink: /home/aiseon/tita/sim2sim2real/install/teleop_command/share/teleop_command/environment/path.dsv
[0.261s] -- Up-to-date symlink: /home/aiseon/tita/sim2sim2real/install/teleop_command/share/teleop_command/local_setup.bash
[0.261s] -- Up-to-date symlink: /home/aiseon/tita/sim2sim2real/install/teleop_command/share/teleop_command/local_setup.sh
[0.261s] -- Up-to-date symlink: /home/aiseon/tita/sim2sim2real/install/teleop_command/share/teleop_command/local_setup.zsh
[0.261s] -- Up-to-date symlink: /home/aiseon/tita/sim2sim2real/install/teleop_command/share/teleop_command/local_setup.dsv
[0.262s] -- Symlinking: /home/aiseon/tita/sim2sim2real/install/teleop_command/share/teleop_command/package.dsv
[0.274s] -- Up-to-date symlink: /home/aiseon/tita/sim2sim2real/install/teleop_command/share/ament_index/resource_index/packages/teleop_command
[0.274s] -- Up-to-date symlink: /home/aiseon/tita/sim2sim2real/install/teleop_command/share/teleop_command/cmake/ament_cmake_export_dependencies-extras.cmake
[0.274s] -- Up-to-date symlink: /home/aiseon/tita/sim2sim2real/install/teleop_command/share/teleop_command/cmake/ament_cmake_export_include_directories-extras.cmake
[0.275s] -- Up-to-date symlink: /home/aiseon/tita/sim2sim2real/install/teleop_command/share/teleop_command/cmake/ament_cmake_export_libraries-extras.cmake
[0.275s] -- Up-to-date symlink: /home/aiseon/tita/sim2sim2real/install/teleop_command/share/teleop_command/cmake/teleop_commandConfig.cmake
[0.275s] -- Up-to-date symlink: /home/aiseon/tita/sim2sim2real/install/teleop_command/share/teleop_command/cmake/teleop_commandConfig-version.cmake
[0.275s] -- Up-to-date symlink: /home/aiseon/tita/sim2sim2real/install/teleop_command/share/teleop_command/package.xml
[0.279s] Invoked command in '/home/aiseon/tita/sim2sim2real/build/teleop_command' returned '0': AMENT_PREFIX_PATH=/home/aiseon/tita/sim2sim2real/install/ros_utils:${AMENT_PREFIX_PATH} CMAKE_PREFIX_PATH=/home/aiseon/tita/sim2sim2real/install/ros_utils:/opt/ros/humble /usr/bin/cmake --install /home/aiseon/tita/sim2sim2real/build/teleop_command
