[0.030s] Invoking command in '/home/aiseon/tita/sim2sim2real/build/mujoco_ros2_control': AMENT_PREFIX_PATH=/home/aiseon/tita/sim2sim2real/install/mujoco_sim_ros2:${AMENT_PREFIX_PATH} CMAKE_PREFIX_PATH=/home/aiseon/tita/sim2sim2real/install/mujoco_sim_ros2:/opt/ros/humble CONDA_PROMPT_MODIFIER=(base) LD_LIBRARY_PATH=/home/aiseon/tita/sim2sim2real/install/mujoco_sim_ros2/lib:${LD_LIBRARY_PATH} /usr/bin/cmake --build /home/aiseon/tita/sim2sim2real/build/mujoco_ros2_control -- -j192 -l192
[0.166s] [ 20%] Built target mujoco_system_plugins
[0.238s] [ 70%] Built target mujoco_ros2_control
[0.303s] [100%] Built target mujoco_ros2_control-system
[0.327s] Invoked command in '/home/aiseon/tita/sim2sim2real/build/mujoco_ros2_control' returned '0': AMENT_PREFIX_PATH=/home/aiseon/tita/sim2sim2real/install/mujoco_sim_ros2:${AMENT_PREFIX_PATH} CMAKE_PREFIX_PATH=/home/aiseon/tita/sim2sim2real/install/mujoco_sim_ros2:/opt/ros/humble CONDA_PROMPT_MODIFIER=(base) LD_LIBRARY_PATH=/home/aiseon/tita/sim2sim2real/install/mujoco_sim_ros2/lib:${LD_LIBRARY_PATH} /usr/bin/cmake --build /home/aiseon/tita/sim2sim2real/build/mujoco_ros2_control -- -j192 -l192
[0.328s] Invoking command in '/home/aiseon/tita/sim2sim2real/build/mujoco_ros2_control': AMENT_PREFIX_PATH=/home/aiseon/tita/sim2sim2real/install/mujoco_sim_ros2:${AMENT_PREFIX_PATH} CMAKE_PREFIX_PATH=/home/aiseon/tita/sim2sim2real/install/mujoco_sim_ros2:/opt/ros/humble CONDA_PROMPT_MODIFIER=(base) LD_LIBRARY_PATH=/home/aiseon/tita/sim2sim2real/install/mujoco_sim_ros2/lib:${LD_LIBRARY_PATH} /usr/bin/cmake --install /home/aiseon/tita/sim2sim2real/build/mujoco_ros2_control
[0.338s] -- Install configuration: ""
[0.339s] -- Execute custom install script
[0.340s] -- Up-to-date symlink: /home/aiseon/tita/sim2sim2real/install/mujoco_ros2_control/share/mujoco_ros2_control//mujoco_system_plugins.xml
[0.340s] -- Up-to-date symlink: /home/aiseon/tita/sim2sim2real/install/mujoco_ros2_control/share/mujoco_ros2_control//mujoco_ros2_control_plugins.xml
[0.340s] -- Up-to-date symlink: /home/aiseon/tita/sim2sim2real/install/mujoco_ros2_control/lib/mujoco_ros2_control/mujoco_ros2_control
[0.340s] -- Up-to-date symlink: /home/aiseon/tita/sim2sim2real/install/mujoco_ros2_control/share/mujoco_ros2_control//mujoco_system_plugins.xml
[0.340s] -- Up-to-date symlink: /home/aiseon/tita/sim2sim2real/install/mujoco_ros2_control/share/ament_index/resource_index/package_run_dependencies/mujoco_ros2_control
[0.341s] -- Up-to-date symlink: /home/aiseon/tita/sim2sim2real/install/mujoco_ros2_control/share/ament_index/resource_index/parent_prefix_path/mujoco_ros2_control
[0.341s] -- Up-to-date symlink: /home/aiseon/tita/sim2sim2real/install/mujoco_ros2_control/share/mujoco_ros2_control/environment/ament_prefix_path.sh
[0.341s] -- Up-to-date symlink: /home/aiseon/tita/sim2sim2real/install/mujoco_ros2_control/share/mujoco_ros2_control/environment/ament_prefix_path.dsv
[0.341s] -- Up-to-date symlink: /home/aiseon/tita/sim2sim2real/install/mujoco_ros2_control/share/mujoco_ros2_control/environment/path.sh
[0.341s] -- Up-to-date symlink: /home/aiseon/tita/sim2sim2real/install/mujoco_ros2_control/share/mujoco_ros2_control/environment/path.dsv
[0.341s] -- Up-to-date symlink: /home/aiseon/tita/sim2sim2real/install/mujoco_ros2_control/share/mujoco_ros2_control/local_setup.bash
[0.342s] -- Up-to-date symlink: /home/aiseon/tita/sim2sim2real/install/mujoco_ros2_control/share/mujoco_ros2_control/local_setup.sh
[0.342s] -- Up-to-date symlink: /home/aiseon/tita/sim2sim2real/install/mujoco_ros2_control/share/mujoco_ros2_control/local_setup.zsh
[0.342s] -- Up-to-date symlink: /home/aiseon/tita/sim2sim2real/install/mujoco_ros2_control/share/mujoco_ros2_control/local_setup.dsv
[0.342s] -- Symlinking: /home/aiseon/tita/sim2sim2real/install/mujoco_ros2_control/share/mujoco_ros2_control/package.dsv
[0.358s] -- Up-to-date symlink: /home/aiseon/tita/sim2sim2real/install/mujoco_ros2_control/share/ament_index/resource_index/packages/mujoco_ros2_control
[0.358s] -- Up-to-date symlink: /home/aiseon/tita/sim2sim2real/install/mujoco_ros2_control/share/ament_index/resource_index/mujoco_ros2_control__pluginlib__plugin/mujoco_ros2_control
[0.358s] -- Up-to-date symlink: /home/aiseon/tita/sim2sim2real/install/mujoco_ros2_control/share/ament_index/resource_index/mujoco_sim_ros2__pluginlib__plugin/mujoco_ros2_control
[0.359s] -- Up-to-date symlink: /home/aiseon/tita/sim2sim2real/install/mujoco_ros2_control/share/mujoco_ros2_control/cmake/mujoco_ros2_controlConfig.cmake
[0.359s] -- Up-to-date symlink: /home/aiseon/tita/sim2sim2real/install/mujoco_ros2_control/share/mujoco_ros2_control/cmake/mujoco_ros2_controlConfig-version.cmake
[0.359s] -- Up-to-date symlink: /home/aiseon/tita/sim2sim2real/install/mujoco_ros2_control/share/mujoco_ros2_control/package.xml
[0.359s] -- Up-to-date: /home/aiseon/tita/sim2sim2real/install/mujoco_ros2_control/lib/libmujoco_system_plugins.so
[0.359s] -- Up-to-date: /home/aiseon/tita/sim2sim2real/install/mujoco_ros2_control/lib/libmujoco_ros2_control-system.so
[0.366s] Invoked command in '/home/aiseon/tita/sim2sim2real/build/mujoco_ros2_control' returned '0': AMENT_PREFIX_PATH=/home/aiseon/tita/sim2sim2real/install/mujoco_sim_ros2:${AMENT_PREFIX_PATH} CMAKE_PREFIX_PATH=/home/aiseon/tita/sim2sim2real/install/mujoco_sim_ros2:/opt/ros/humble CONDA_PROMPT_MODIFIER=(base) LD_LIBRARY_PATH=/home/aiseon/tita/sim2sim2real/install/mujoco_sim_ros2/lib:${LD_LIBRARY_PATH} /usr/bin/cmake --install /home/aiseon/tita/sim2sim2real/build/mujoco_ros2_control
