[0.017s] Invoking command in '/home/aiseon/tita/sim2sim2real_bipedal/ddt_ros2_ws/build/mujoco_ros2_control': AMENT_PREFIX_PATH=/home/aiseon/tita/sim2sim2real_bipedal/ddt_ros2_ws/install/mujoco_sim_ros2:${AMENT_PREFIX_PATH} CMAKE_PREFIX_PATH=/home/aiseon/tita/sim2sim2real_bipedal/ddt_ros2_ws/install/mujoco_sim_ros2:/home.aiseon/mujoco_src:/opt/ros/humble CONDA_PROMPT_MODIFIER=(base) LD_LIBRARY_PATH=/home/aiseon/tita/sim2sim2real_bipedal/ddt_ros2_ws/install/mujoco_sim_ros2/lib:${LD_LIBRARY_PATH} /home/aiseon/.local/bin/cmake /home/aiseon/tita/sim2sim2real_bipedal/ddt_ros2_ws/ddt_ros2_control/simulation/mujoco_bridge/mujoco_ros2_control -DAMENT_CMAKE_SYMLINK_INSTALL=1 -DCMAKE_INSTALL_PREFIX=/home/aiseon/tita/sim2sim2real_bipedal/ddt_ros2_ws/install/mujoco_ros2_control
[0.051s] CMake Warning (dev) at /home/aiseon/tita/sim2sim2real/mujoco/lib/cmake/mujoco/mujocoConfig.cmake:6 (add_library):
[0.051s]   ADD_LIBRARY called with SHARED option but the target platform does not
[0.051s]   support dynamic linking.  Building a STATIC library instead.  This may lead
[0.051s]   to problems.
[0.051s] Call Stack (most recent call first):
[0.052s]   CMakeLists.txt:7 (find_package)
[0.052s] This warning is for project developers.  Use -Wno-dev to suppress it.
[0.052s] 
[0.118s] -- The C compiler identification is GNU 11.4.0
[0.191s] -- The CXX compiler identification is GNU 11.4.0
[0.204s] -- Detecting C compiler ABI info
[0.288s] -- Detecting C compiler ABI info - done
[0.298s] -- Check for working C compiler: /usr/bin/cc - skipped
[0.299s] -- Detecting C compile features
[0.299s] -- Detecting C compile features - done
[0.303s] -- Detecting CXX compiler ABI info
[0.401s] -- Detecting CXX compiler ABI info - done
[0.411s] -- Check for working CXX compiler: /usr/bin/c++ - skipped
[0.411s] -- Detecting CXX compile features
[0.412s] -- Detecting CXX compile features - done
[0.415s] -- Found ament_cmake: 1.3.13 (/opt/ros/humble/share/ament_cmake/cmake)
[0.865s] -- Found Python3: /home/aiseon/anaconda3/bin/python3 (found version "3.13.5") found components: Interpreter 
[0.956s] -- Override CMake install command with custom implementation using symlinks instead of copying resources
[0.988s] -- Found rclcpp: 16.0.18 (/opt/ros/humble/share/rclcpp/cmake)
[1.039s] -- Found rosidl_generator_c: 3.1.8 (/opt/ros/humble/share/rosidl_generator_c/cmake)
[1.045s] -- Found rosidl_adapter: 3.1.8 (/opt/ros/humble/share/rosidl_adapter/cmake)
[1.055s] -- Found rosidl_generator_cpp: 3.1.8 (/opt/ros/humble/share/rosidl_generator_cpp/cmake)
[1.069s] -- Using all available rosidl_typesupport_c: rosidl_typesupport_fastrtps_c;rosidl_typesupport_introspection_c
[1.089s] -- Using all available rosidl_typesupport_cpp: rosidl_typesupport_fastrtps_cpp;rosidl_typesupport_introspection_cpp
[1.140s] -- Found rmw_implementation_cmake: 6.1.2 (/opt/ros/humble/share/rmw_implementation_cmake/cmake)
[1.143s] -- Found rmw_fastrtps_cpp: 6.2.10 (/opt/ros/humble/share/rmw_fastrtps_cpp/cmake)
[1.259s] -- Found OpenSSL: /usr/lib/x86_64-linux-gnu/libcrypto.so (found version "3.0.2")  
[1.297s] -- Found FastRTPS: /opt/ros/humble/include  
[1.353s] -- Using RMW implementation 'rmw_fastrtps_cpp' as default
[1.363s] -- Performing Test CMAKE_HAVE_LIBC_PTHREAD
[1.455s] -- Performing Test CMAKE_HAVE_LIBC_PTHREAD - Success
[1.458s] -- Found Threads: TRUE  
[1.517s] -- Found hardware_interface: 2.53.1 (/opt/ros/humble/share/hardware_interface/cmake)
[1.693s] -- Found controller_manager: 2.53.1 (/opt/ros/humble/share/controller_manager/cmake)
[1.744s] -- Found joint_limits: 2.53.1 (/opt/ros/humble/share/joint_limits/cmake)
[1.771s] -- Found control_toolbox: 3.6.3 (/opt/ros/humble/share/control_toolbox/cmake)
[1.812s] -- Found mujoco_sim_ros2: 3.3.0 (/home/aiseon/tita/sim2sim2real_bipedal/ddt_ros2_ws/install/mujoco_sim_ros2/share/mujoco_sim_ros2/cmake)
[1.814s] -- Mujoco build from source has been found
[1.928s] -- Configuring done
[1.960s] -- Generating done
[1.974s] -- Build files have been written to: /home/aiseon/tita/sim2sim2real_bipedal/ddt_ros2_ws/build/mujoco_ros2_control
[1.998s] Invoked command in '/home/aiseon/tita/sim2sim2real_bipedal/ddt_ros2_ws/build/mujoco_ros2_control' returned '0': AMENT_PREFIX_PATH=/home/aiseon/tita/sim2sim2real_bipedal/ddt_ros2_ws/install/mujoco_sim_ros2:${AMENT_PREFIX_PATH} CMAKE_PREFIX_PATH=/home/aiseon/tita/sim2sim2real_bipedal/ddt_ros2_ws/install/mujoco_sim_ros2:/home.aiseon/mujoco_src:/opt/ros/humble CONDA_PROMPT_MODIFIER=(base) LD_LIBRARY_PATH=/home/aiseon/tita/sim2sim2real_bipedal/ddt_ros2_ws/install/mujoco_sim_ros2/lib:${LD_LIBRARY_PATH} /home/aiseon/.local/bin/cmake /home/aiseon/tita/sim2sim2real_bipedal/ddt_ros2_ws/ddt_ros2_control/simulation/mujoco_bridge/mujoco_ros2_control -DAMENT_CMAKE_SYMLINK_INSTALL=1 -DCMAKE_INSTALL_PREFIX=/home/aiseon/tita/sim2sim2real_bipedal/ddt_ros2_ws/install/mujoco_ros2_control
[2.002s] Invoking command in '/home/aiseon/tita/sim2sim2real_bipedal/ddt_ros2_ws/build/mujoco_ros2_control': AMENT_PREFIX_PATH=/home/aiseon/tita/sim2sim2real_bipedal/ddt_ros2_ws/install/mujoco_sim_ros2:${AMENT_PREFIX_PATH} CMAKE_PREFIX_PATH=/home/aiseon/tita/sim2sim2real_bipedal/ddt_ros2_ws/install/mujoco_sim_ros2:/home.aiseon/mujoco_src:/opt/ros/humble CONDA_PROMPT_MODIFIER=(base) LD_LIBRARY_PATH=/home/aiseon/tita/sim2sim2real_bipedal/ddt_ros2_ws/install/mujoco_sim_ros2/lib:${LD_LIBRARY_PATH} /home/aiseon/.local/bin/cmake --build /home/aiseon/tita/sim2sim2real_bipedal/ddt_ros2_ws/build/mujoco_ros2_control -- -j192 -l192
[2.088s] [ 10%] Building CXX object CMakeFiles/mujoco_system_plugins.dir/src/mujoco_system.cpp.o
[2.099s] [ 30%] Building CXX object CMakeFiles/mujoco_ros2_control-system.dir/src/mujoco_ros2_control_plugin.cpp.o
[2.099s] [ 30%] Building CXX object CMakeFiles/mujoco_ros2_control-system.dir/src/mujoco_ros2_control.cpp.o
[2.105s] [ 40%] Building CXX object CMakeFiles/mujoco_ros2_control.dir/src/mujoco_ros2_control_node.cpp.o
[2.109s] [ 60%] Building CXX object CMakeFiles/mujoco_ros2_control.dir/src/mujoco_rendering.cpp.o
[2.109s] [ 60%] Building CXX object CMakeFiles/mujoco_ros2_control.dir/src/mujoco_ros2_control.cpp.o
[2.110s] [ 70%] Building CXX object CMakeFiles/mujoco_ros2_control.dir/src/mujoco_cameras.cpp.o
[5.897s] [ 80%] Linking CXX shared library libmujoco_system_plugins.so
[6.069s] [ 80%] Built target mujoco_system_plugins
[12.387s] [ 90%] Linking CXX executable mujoco_ros2_control
[12.594s] [100%] Linking CXX shared library libmujoco_ros2_control-system.so
[12.994s] [100%] Built target mujoco_ros2_control
[13.167s] [100%] Built target mujoco_ros2_control-system
[13.185s] Invoked command in '/home/aiseon/tita/sim2sim2real_bipedal/ddt_ros2_ws/build/mujoco_ros2_control' returned '0': AMENT_PREFIX_PATH=/home/aiseon/tita/sim2sim2real_bipedal/ddt_ros2_ws/install/mujoco_sim_ros2:${AMENT_PREFIX_PATH} CMAKE_PREFIX_PATH=/home/aiseon/tita/sim2sim2real_bipedal/ddt_ros2_ws/install/mujoco_sim_ros2:/home.aiseon/mujoco_src:/opt/ros/humble CONDA_PROMPT_MODIFIER=(base) LD_LIBRARY_PATH=/home/aiseon/tita/sim2sim2real_bipedal/ddt_ros2_ws/install/mujoco_sim_ros2/lib:${LD_LIBRARY_PATH} /home/aiseon/.local/bin/cmake --build /home/aiseon/tita/sim2sim2real_bipedal/ddt_ros2_ws/build/mujoco_ros2_control -- -j192 -l192
[13.187s] Invoking command in '/home/aiseon/tita/sim2sim2real_bipedal/ddt_ros2_ws/build/mujoco_ros2_control': AMENT_PREFIX_PATH=/home/aiseon/tita/sim2sim2real_bipedal/ddt_ros2_ws/install/mujoco_sim_ros2:${AMENT_PREFIX_PATH} CMAKE_PREFIX_PATH=/home/aiseon/tita/sim2sim2real_bipedal/ddt_ros2_ws/install/mujoco_sim_ros2:/home.aiseon/mujoco_src:/opt/ros/humble CONDA_PROMPT_MODIFIER=(base) LD_LIBRARY_PATH=/home/aiseon/tita/sim2sim2real_bipedal/ddt_ros2_ws/install/mujoco_sim_ros2/lib:${LD_LIBRARY_PATH} /home/aiseon/.local/bin/cmake --install /home/aiseon/tita/sim2sim2real_bipedal/ddt_ros2_ws/build/mujoco_ros2_control
[13.218s] -- Install configuration: ""
[13.218s] -- Execute custom install script
[13.218s] -- Symlinking: /home/aiseon/tita/sim2sim2real_bipedal/ddt_ros2_ws/install/mujoco_ros2_control/share/mujoco_ros2_control//mujoco_system_plugins.xml
[13.224s] -- Symlinking: /home/aiseon/tita/sim2sim2real_bipedal/ddt_ros2_ws/install/mujoco_ros2_control/share/mujoco_ros2_control//mujoco_ros2_control_plugins.xml
[13.227s] -- Symlinking: /home/aiseon/tita/sim2sim2real_bipedal/ddt_ros2_ws/install/mujoco_ros2_control/lib/mujoco_ros2_control/mujoco_ros2_control
[13.231s] -- Up-to-date symlink: /home/aiseon/tita/sim2sim2real_bipedal/ddt_ros2_ws/install/mujoco_ros2_control/share/mujoco_ros2_control//mujoco_system_plugins.xml
[13.232s] -- Symlinking: /home/aiseon/tita/sim2sim2real_bipedal/ddt_ros2_ws/install/mujoco_ros2_control/share/ament_index/resource_index/package_run_dependencies/mujoco_ros2_control
[13.234s] -- Symlinking: /home/aiseon/tita/sim2sim2real_bipedal/ddt_ros2_ws/install/mujoco_ros2_control/share/ament_index/resource_index/parent_prefix_path/mujoco_ros2_control
[13.237s] -- Up-to-date symlink: /home/aiseon/tita/sim2sim2real_bipedal/ddt_ros2_ws/install/mujoco_ros2_control/share/mujoco_ros2_control/environment/ament_prefix_path.sh
[13.237s] -- Symlinking: /home/aiseon/tita/sim2sim2real_bipedal/ddt_ros2_ws/install/mujoco_ros2_control/share/mujoco_ros2_control/environment/ament_prefix_path.dsv
[13.240s] -- Up-to-date symlink: /home/aiseon/tita/sim2sim2real_bipedal/ddt_ros2_ws/install/mujoco_ros2_control/share/mujoco_ros2_control/environment/path.sh
[13.240s] -- Symlinking: /home/aiseon/tita/sim2sim2real_bipedal/ddt_ros2_ws/install/mujoco_ros2_control/share/mujoco_ros2_control/environment/path.dsv
[13.242s] -- Symlinking: /home/aiseon/tita/sim2sim2real_bipedal/ddt_ros2_ws/install/mujoco_ros2_control/share/mujoco_ros2_control/local_setup.bash
[13.245s] -- Symlinking: /home/aiseon/tita/sim2sim2real_bipedal/ddt_ros2_ws/install/mujoco_ros2_control/share/mujoco_ros2_control/local_setup.sh
[13.248s] -- Symlinking: /home/aiseon/tita/sim2sim2real_bipedal/ddt_ros2_ws/install/mujoco_ros2_control/share/mujoco_ros2_control/local_setup.zsh
[13.251s] -- Symlinking: /home/aiseon/tita/sim2sim2real_bipedal/ddt_ros2_ws/install/mujoco_ros2_control/share/mujoco_ros2_control/local_setup.dsv
[13.254s] -- Symlinking: /home/aiseon/tita/sim2sim2real_bipedal/ddt_ros2_ws/install/mujoco_ros2_control/share/mujoco_ros2_control/package.dsv
[13.257s] -- Symlinking: /home/aiseon/tita/sim2sim2real_bipedal/ddt_ros2_ws/install/mujoco_ros2_control/share/ament_index/resource_index/packages/mujoco_ros2_control
[13.263s] -- Symlinking: /home/aiseon/tita/sim2sim2real_bipedal/ddt_ros2_ws/install/mujoco_ros2_control/share/ament_index/resource_index/mujoco_ros2_control__pluginlib__plugin/mujoco_ros2_control
[13.265s] -- Symlinking: /home/aiseon/tita/sim2sim2real_bipedal/ddt_ros2_ws/install/mujoco_ros2_control/share/ament_index/resource_index/mujoco_sim_ros2__pluginlib__plugin/mujoco_ros2_control
[13.270s] -- Symlinking: /home/aiseon/tita/sim2sim2real_bipedal/ddt_ros2_ws/install/mujoco_ros2_control/share/mujoco_ros2_control/cmake/mujoco_ros2_controlConfig.cmake
[13.273s] -- Symlinking: /home/aiseon/tita/sim2sim2real_bipedal/ddt_ros2_ws/install/mujoco_ros2_control/share/mujoco_ros2_control/cmake/mujoco_ros2_controlConfig-version.cmake
[13.279s] -- Symlinking: /home/aiseon/tita/sim2sim2real_bipedal/ddt_ros2_ws/install/mujoco_ros2_control/share/mujoco_ros2_control/package.xml
[13.282s] -- Installing: /home/aiseon/tita/sim2sim2real_bipedal/ddt_ros2_ws/install/mujoco_ros2_control/lib/libmujoco_system_plugins.so
[13.283s] -- Set runtime path of "/home/aiseon/tita/sim2sim2real_bipedal/ddt_ros2_ws/install/mujoco_ros2_control/lib/libmujoco_system_plugins.so" to "/opt/ros/humble/lib:/opt/ros/humble/lib/x86_64-linux-gnu:/home/aiseon/anaconda3/lib"
[13.283s] -- Installing: /home/aiseon/tita/sim2sim2real_bipedal/ddt_ros2_ws/install/mujoco_ros2_control/lib/libmujoco_ros2_control-system.so
[13.290s] -- Set runtime path of "/home/aiseon/tita/sim2sim2real_bipedal/ddt_ros2_ws/install/mujoco_ros2_control/lib/libmujoco_ros2_control-system.so" to "/opt/ros/humble/lib:/opt/ros/humble/lib/x86_64-linux-gnu:/home/aiseon/anaconda3/lib"
[13.298s] Invoked command in '/home/aiseon/tita/sim2sim2real_bipedal/ddt_ros2_ws/build/mujoco_ros2_control' returned '0': AMENT_PREFIX_PATH=/home/aiseon/tita/sim2sim2real_bipedal/ddt_ros2_ws/install/mujoco_sim_ros2:${AMENT_PREFIX_PATH} CMAKE_PREFIX_PATH=/home/aiseon/tita/sim2sim2real_bipedal/ddt_ros2_ws/install/mujoco_sim_ros2:/home.aiseon/mujoco_src:/opt/ros/humble CONDA_PROMPT_MODIFIER=(base) LD_LIBRARY_PATH=/home/aiseon/tita/sim2sim2real_bipedal/ddt_ros2_ws/install/mujoco_sim_ros2/lib:${LD_LIBRARY_PATH} /home/aiseon/.local/bin/cmake --install /home/aiseon/tita/sim2sim2real_bipedal/ddt_ros2_ws/build/mujoco_ros2_control
