[33mCMake Warning (dev) at /home/aiseon/tita/sim2sim2real/mujoco/lib/cmake/mujoco/mujocoConfig.cmake:6 (add_library):
  ADD_LIBRARY called with SHARED option but the target platform does not
  support dynamic linking.  Building a STATIC library instead.  This may lead
  to problems.
Call Stack (most recent call first):
  CMakeLists.txt:7 (find_package)
This warning is for project developers.  Use -Wno-dev to suppress it.
[0m
-- Found ament_cmake: 1.3.13 (/opt/ros/humble/share/ament_cmake/cmake)
-- Override CMake install command with custom implementation using symlinks instead of copying resources
-- Found rclcpp: 16.0.18 (/opt/ros/humble/share/rclcpp/cmake)
-- Found rosidl_generator_c: 3.1.8 (/opt/ros/humble/share/rosidl_generator_c/cmake)
-- Found rosidl_adapter: 3.1.8 (/opt/ros/humble/share/rosidl_adapter/cmake)
-- Found rosidl_generator_cpp: 3.1.8 (/opt/ros/humble/share/rosidl_generator_cpp/cmake)
-- Using all available rosidl_typesupport_c: rosidl_typesupport_fastrtps_c;rosidl_typesupport_introspection_c
-- Using all available rosidl_typesupport_cpp: rosidl_typesupport_fastrtps_cpp;rosidl_typesupport_introspection_cpp
-- Found rmw_implementation_cmake: 6.1.2 (/opt/ros/humble/share/rmw_implementation_cmake/cmake)
-- Found rmw_fastrtps_cpp: 6.2.10 (/opt/ros/humble/share/rmw_fastrtps_cpp/cmake)
-- Using RMW implementation 'rmw_fastrtps_cpp' as default
-- Found hardware_interface: 2.53.1 (/opt/ros/humble/share/hardware_interface/cmake)
-- Found controller_manager: 2.53.1 (/opt/ros/humble/share/controller_manager/cmake)
-- Found joint_limits: 2.53.1 (/opt/ros/humble/share/joint_limits/cmake)
-- Found control_toolbox: 3.6.3 (/opt/ros/humble/share/control_toolbox/cmake)
-- Found mujoco_sim_ros2: 3.3.0 (/home/aiseon/tita/sim2sim2real/install/mujoco_sim_ros2/share/mujoco_sim_ros2/cmake)
-- Mujoco build from source has been found
-- Configuring done
-- Generating done
-- Build files have been written to: /home/aiseon/tita/sim2sim2real/build/mujoco_ros2_control
[35m[1mConsolidate compiler generated dependencies of target mujoco_system_plugins[0m
[35m[1mConsolidate compiler generated dependencies of target mujoco_ros2_control-system[0m
[35m[1mConsolidate compiler generated dependencies of target mujoco_ros2_control[0m
[ 20%] Built target mujoco_system_plugins
[ 50%] Built target mujoco_ros2_control-system
[100%] Built target mujoco_ros2_control
-- Install configuration: ""
-- Execute custom install script
-- Up-to-date symlink: /home/aiseon/tita/sim2sim2real/install/mujoco_ros2_control/share/mujoco_ros2_control//mujoco_system_plugins.xml
-- Up-to-date symlink: /home/aiseon/tita/sim2sim2real/install/mujoco_ros2_control/share/mujoco_ros2_control//mujoco_ros2_control_plugins.xml
-- Up-to-date symlink: /home/aiseon/tita/sim2sim2real/install/mujoco_ros2_control/lib/mujoco_ros2_control/mujoco_ros2_control
-- Up-to-date symlink: /home/aiseon/tita/sim2sim2real/install/mujoco_ros2_control/share/mujoco_ros2_control//mujoco_system_plugins.xml
-- Up-to-date symlink: /home/aiseon/tita/sim2sim2real/install/mujoco_ros2_control/share/ament_index/resource_index/package_run_dependencies/mujoco_ros2_control
-- Up-to-date symlink: /home/aiseon/tita/sim2sim2real/install/mujoco_ros2_control/share/ament_index/resource_index/parent_prefix_path/mujoco_ros2_control
-- Up-to-date symlink: /home/aiseon/tita/sim2sim2real/install/mujoco_ros2_control/share/mujoco_ros2_control/environment/ament_prefix_path.sh
-- Up-to-date symlink: /home/aiseon/tita/sim2sim2real/install/mujoco_ros2_control/share/mujoco_ros2_control/environment/ament_prefix_path.dsv
-- Up-to-date symlink: /home/aiseon/tita/sim2sim2real/install/mujoco_ros2_control/share/mujoco_ros2_control/environment/path.sh
-- Up-to-date symlink: /home/aiseon/tita/sim2sim2real/install/mujoco_ros2_control/share/mujoco_ros2_control/environment/path.dsv
-- Up-to-date symlink: /home/aiseon/tita/sim2sim2real/install/mujoco_ros2_control/share/mujoco_ros2_control/local_setup.bash
-- Up-to-date symlink: /home/aiseon/tita/sim2sim2real/install/mujoco_ros2_control/share/mujoco_ros2_control/local_setup.sh
-- Up-to-date symlink: /home/aiseon/tita/sim2sim2real/install/mujoco_ros2_control/share/mujoco_ros2_control/local_setup.zsh
-- Up-to-date symlink: /home/aiseon/tita/sim2sim2real/install/mujoco_ros2_control/share/mujoco_ros2_control/local_setup.dsv
-- Symlinking: /home/aiseon/tita/sim2sim2real/install/mujoco_ros2_control/share/mujoco_ros2_control/package.dsv
-- Up-to-date symlink: /home/aiseon/tita/sim2sim2real/install/mujoco_ros2_control/share/ament_index/resource_index/packages/mujoco_ros2_control
-- Up-to-date symlink: /home/aiseon/tita/sim2sim2real/install/mujoco_ros2_control/share/ament_index/resource_index/mujoco_ros2_control__pluginlib__plugin/mujoco_ros2_control
-- Up-to-date symlink: /home/aiseon/tita/sim2sim2real/install/mujoco_ros2_control/share/ament_index/resource_index/mujoco_sim_ros2__pluginlib__plugin/mujoco_ros2_control
-- Up-to-date symlink: /home/aiseon/tita/sim2sim2real/install/mujoco_ros2_control/share/mujoco_ros2_control/cmake/mujoco_ros2_controlConfig.cmake
-- Up-to-date symlink: /home/aiseon/tita/sim2sim2real/install/mujoco_ros2_control/share/mujoco_ros2_control/cmake/mujoco_ros2_controlConfig-version.cmake
-- Up-to-date symlink: /home/aiseon/tita/sim2sim2real/install/mujoco_ros2_control/share/mujoco_ros2_control/package.xml
-- Up-to-date: /home/aiseon/tita/sim2sim2real/install/mujoco_ros2_control/lib/libmujoco_system_plugins.so
-- Up-to-date: /home/aiseon/tita/sim2sim2real/install/mujoco_ros2_control/lib/libmujoco_ros2_control-system.so
