[0.022s] Invoking command in '/home/aiseon/tita/sim2sim2real/build/mujoco_ros2_control': CMAKE_PREFIX_PATH=/home/aiseon/tita/sim2sim2real/install/mujoco_sim_ros2:/home/aiseon/tita/sim2sim2real/install/webots_bridge:/home/aiseon/tita/sim2sim2real/install/titatit_description:/home/aiseon/tita/sim2sim2real/install/hardware_bridge:/home/aiseon/tita/sim2sim2real/install/tita_robot:/home/aiseon/tita/sim2sim2real/install/gazebo_bridge:/home/aiseon/tita/sim2sim2real/install/tita_description:/home/aiseon/tita/sim2sim2real/install/teleop_command:/home/aiseon/tita/sim2sim2real/install/rl_controller:/home/aiseon/tita/sim2sim2real/install/keyboard_controller:/home/aiseon/tita/sim2sim2real/install/ros_utils:/home/aiseon/tita/sim2sim2real/install/mujoco_bridge:/home/aiseon/tita/sim2sim2real/install/mujoco_ros2_control:/opt/ros/humble /usr/bin/cmake /home/aiseon/tita/sim2sim2real/ddt_ros2_ws/ddt_ros2_control/simulation/mujoco_bridge/mujoco_ros2_control -DAMENT_CMAKE_SYMLINK_INSTALL=1 -DCMAKE_INSTALL_PREFIX=/home/aiseon/tita/sim2sim2real/install/mujoco_ros2_control
[0.033s] [33mCMake Warning (dev) at /home/aiseon/tita/sim2sim2real/mujoco/lib/cmake/mujoco/mujocoConfig.cmake:6 (add_library):
[0.033s]   ADD_LIBRARY called with SHARED option but the target platform does not
[0.033s]   support dynamic linking.  Building a STATIC library instead.  This may lead
[0.034s]   to problems.
[0.034s] Call Stack (most recent call first):
[0.034s]   CMakeLists.txt:7 (find_package)
[0.034s] This warning is for project developers.  Use -Wno-dev to suppress it.
[0.034s] [0m
[0.037s] -- Found ament_cmake: 1.3.13 (/opt/ros/humble/share/ament_cmake/cmake)
[0.176s] -- Override CMake install command with custom implementation using symlinks instead of copying resources
[0.183s] -- Found rclcpp: 16.0.18 (/opt/ros/humble/share/rclcpp/cmake)
[0.211s] -- Found rosidl_generator_c: 3.1.8 (/opt/ros/humble/share/rosidl_generator_c/cmake)
[0.213s] -- Found rosidl_adapter: 3.1.8 (/opt/ros/humble/share/rosidl_adapter/cmake)
[0.218s] -- Found rosidl_generator_cpp: 3.1.8 (/opt/ros/humble/share/rosidl_generator_cpp/cmake)
[0.227s] -- Using all available rosidl_typesupport_c: rosidl_typesupport_fastrtps_c;rosidl_typesupport_introspection_c
[0.238s] -- Using all available rosidl_typesupport_cpp: rosidl_typesupport_fastrtps_cpp;rosidl_typesupport_introspection_cpp
[0.267s] -- Found rmw_implementation_cmake: 6.1.2 (/opt/ros/humble/share/rmw_implementation_cmake/cmake)
[0.269s] -- Found rmw_fastrtps_cpp: 6.2.10 (/opt/ros/humble/share/rmw_fastrtps_cpp/cmake)
[0.395s] -- Using RMW implementation 'rmw_fastrtps_cpp' as default
[0.439s] -- Found hardware_interface: 2.53.1 (/opt/ros/humble/share/hardware_interface/cmake)
[0.557s] -- Found controller_manager: 2.53.1 (/opt/ros/humble/share/controller_manager/cmake)
[0.584s] -- Found joint_limits: 2.53.1 (/opt/ros/humble/share/joint_limits/cmake)
[0.591s] -- Found control_toolbox: 3.6.3 (/opt/ros/humble/share/control_toolbox/cmake)
[0.616s] -- Found mujoco_sim_ros2: 3.3.0 (/home/aiseon/tita/sim2sim2real/install/mujoco_sim_ros2/share/mujoco_sim_ros2/cmake)
[0.618s] -- Mujoco build from source has been found
[0.698s] -- Configuring done
[0.723s] -- Generating done
[0.733s] -- Build files have been written to: /home/aiseon/tita/sim2sim2real/build/mujoco_ros2_control
[0.744s] Invoked command in '/home/aiseon/tita/sim2sim2real/build/mujoco_ros2_control' returned '0': CMAKE_PREFIX_PATH=/home/aiseon/tita/sim2sim2real/install/mujoco_sim_ros2:/home/aiseon/tita/sim2sim2real/install/webots_bridge:/home/aiseon/tita/sim2sim2real/install/titatit_description:/home/aiseon/tita/sim2sim2real/install/hardware_bridge:/home/aiseon/tita/sim2sim2real/install/tita_robot:/home/aiseon/tita/sim2sim2real/install/gazebo_bridge:/home/aiseon/tita/sim2sim2real/install/tita_description:/home/aiseon/tita/sim2sim2real/install/teleop_command:/home/aiseon/tita/sim2sim2real/install/rl_controller:/home/aiseon/tita/sim2sim2real/install/keyboard_controller:/home/aiseon/tita/sim2sim2real/install/ros_utils:/home/aiseon/tita/sim2sim2real/install/mujoco_bridge:/home/aiseon/tita/sim2sim2real/install/mujoco_ros2_control:/opt/ros/humble /usr/bin/cmake /home/aiseon/tita/sim2sim2real/ddt_ros2_ws/ddt_ros2_control/simulation/mujoco_bridge/mujoco_ros2_control -DAMENT_CMAKE_SYMLINK_INSTALL=1 -DCMAKE_INSTALL_PREFIX=/home/aiseon/tita/sim2sim2real/install/mujoco_ros2_control
[0.748s] Invoking command in '/home/aiseon/tita/sim2sim2real/build/mujoco_ros2_control': CMAKE_PREFIX_PATH=/home/aiseon/tita/sim2sim2real/install/mujoco_sim_ros2:/home/aiseon/tita/sim2sim2real/install/webots_bridge:/home/aiseon/tita/sim2sim2real/install/titatit_description:/home/aiseon/tita/sim2sim2real/install/hardware_bridge:/home/aiseon/tita/sim2sim2real/install/tita_robot:/home/aiseon/tita/sim2sim2real/install/gazebo_bridge:/home/aiseon/tita/sim2sim2real/install/tita_description:/home/aiseon/tita/sim2sim2real/install/teleop_command:/home/aiseon/tita/sim2sim2real/install/rl_controller:/home/aiseon/tita/sim2sim2real/install/keyboard_controller:/home/aiseon/tita/sim2sim2real/install/ros_utils:/home/aiseon/tita/sim2sim2real/install/mujoco_bridge:/home/aiseon/tita/sim2sim2real/install/mujoco_ros2_control:/opt/ros/humble /usr/bin/cmake --build /home/aiseon/tita/sim2sim2real/build/mujoco_ros2_control -- -j192 -l192
[0.824s] [35m[1mConsolidate compiler generated dependencies of target mujoco_system_plugins[0m
[0.828s] [35m[1mConsolidate compiler generated dependencies of target mujoco_ros2_control-system[0m
[0.829s] [35m[1mConsolidate compiler generated dependencies of target mujoco_ros2_control[0m
[0.860s] [ 20%] Built target mujoco_system_plugins
[0.869s] [ 50%] Built target mujoco_ros2_control-system
[0.871s] [100%] Built target mujoco_ros2_control
[0.892s] Invoked command in '/home/aiseon/tita/sim2sim2real/build/mujoco_ros2_control' returned '0': CMAKE_PREFIX_PATH=/home/aiseon/tita/sim2sim2real/install/mujoco_sim_ros2:/home/aiseon/tita/sim2sim2real/install/webots_bridge:/home/aiseon/tita/sim2sim2real/install/titatit_description:/home/aiseon/tita/sim2sim2real/install/hardware_bridge:/home/aiseon/tita/sim2sim2real/install/tita_robot:/home/aiseon/tita/sim2sim2real/install/gazebo_bridge:/home/aiseon/tita/sim2sim2real/install/tita_description:/home/aiseon/tita/sim2sim2real/install/teleop_command:/home/aiseon/tita/sim2sim2real/install/rl_controller:/home/aiseon/tita/sim2sim2real/install/keyboard_controller:/home/aiseon/tita/sim2sim2real/install/ros_utils:/home/aiseon/tita/sim2sim2real/install/mujoco_bridge:/home/aiseon/tita/sim2sim2real/install/mujoco_ros2_control:/opt/ros/humble /usr/bin/cmake --build /home/aiseon/tita/sim2sim2real/build/mujoco_ros2_control -- -j192 -l192
[0.895s] Invoking command in '/home/aiseon/tita/sim2sim2real/build/mujoco_ros2_control': CMAKE_PREFIX_PATH=/home/aiseon/tita/sim2sim2real/install/mujoco_sim_ros2:/home/aiseon/tita/sim2sim2real/install/webots_bridge:/home/aiseon/tita/sim2sim2real/install/titatit_description:/home/aiseon/tita/sim2sim2real/install/hardware_bridge:/home/aiseon/tita/sim2sim2real/install/tita_robot:/home/aiseon/tita/sim2sim2real/install/gazebo_bridge:/home/aiseon/tita/sim2sim2real/install/tita_description:/home/aiseon/tita/sim2sim2real/install/teleop_command:/home/aiseon/tita/sim2sim2real/install/rl_controller:/home/aiseon/tita/sim2sim2real/install/keyboard_controller:/home/aiseon/tita/sim2sim2real/install/ros_utils:/home/aiseon/tita/sim2sim2real/install/mujoco_bridge:/home/aiseon/tita/sim2sim2real/install/mujoco_ros2_control:/opt/ros/humble /usr/bin/cmake --install /home/aiseon/tita/sim2sim2real/build/mujoco_ros2_control
[0.903s] -- Install configuration: ""
[0.904s] -- Execute custom install script
[0.904s] -- Up-to-date symlink: /home/aiseon/tita/sim2sim2real/install/mujoco_ros2_control/share/mujoco_ros2_control//mujoco_system_plugins.xml
[0.904s] -- Up-to-date symlink: /home/aiseon/tita/sim2sim2real/install/mujoco_ros2_control/share/mujoco_ros2_control//mujoco_ros2_control_plugins.xml
[0.904s] -- Up-to-date symlink: /home/aiseon/tita/sim2sim2real/install/mujoco_ros2_control/lib/mujoco_ros2_control/mujoco_ros2_control
[0.905s] -- Up-to-date symlink: /home/aiseon/tita/sim2sim2real/install/mujoco_ros2_control/share/mujoco_ros2_control//mujoco_system_plugins.xml
[0.905s] -- Up-to-date symlink: /home/aiseon/tita/sim2sim2real/install/mujoco_ros2_control/share/ament_index/resource_index/package_run_dependencies/mujoco_ros2_control
[0.905s] -- Up-to-date symlink: /home/aiseon/tita/sim2sim2real/install/mujoco_ros2_control/share/ament_index/resource_index/parent_prefix_path/mujoco_ros2_control
[0.905s] -- Up-to-date symlink: /home/aiseon/tita/sim2sim2real/install/mujoco_ros2_control/share/mujoco_ros2_control/environment/ament_prefix_path.sh
[0.905s] -- Up-to-date symlink: /home/aiseon/tita/sim2sim2real/install/mujoco_ros2_control/share/mujoco_ros2_control/environment/ament_prefix_path.dsv
[0.905s] -- Up-to-date symlink: /home/aiseon/tita/sim2sim2real/install/mujoco_ros2_control/share/mujoco_ros2_control/environment/path.sh
[0.906s] -- Up-to-date symlink: /home/aiseon/tita/sim2sim2real/install/mujoco_ros2_control/share/mujoco_ros2_control/environment/path.dsv
[0.906s] -- Up-to-date symlink: /home/aiseon/tita/sim2sim2real/install/mujoco_ros2_control/share/mujoco_ros2_control/local_setup.bash
[0.906s] -- Up-to-date symlink: /home/aiseon/tita/sim2sim2real/install/mujoco_ros2_control/share/mujoco_ros2_control/local_setup.sh
[0.906s] -- Up-to-date symlink: /home/aiseon/tita/sim2sim2real/install/mujoco_ros2_control/share/mujoco_ros2_control/local_setup.zsh
[0.906s] -- Up-to-date symlink: /home/aiseon/tita/sim2sim2real/install/mujoco_ros2_control/share/mujoco_ros2_control/local_setup.dsv
[0.906s] -- Symlinking: /home/aiseon/tita/sim2sim2real/install/mujoco_ros2_control/share/mujoco_ros2_control/package.dsv
[0.919s] -- Up-to-date symlink: /home/aiseon/tita/sim2sim2real/install/mujoco_ros2_control/share/ament_index/resource_index/packages/mujoco_ros2_control
[0.919s] -- Up-to-date symlink: /home/aiseon/tita/sim2sim2real/install/mujoco_ros2_control/share/ament_index/resource_index/mujoco_ros2_control__pluginlib__plugin/mujoco_ros2_control
[0.919s] -- Up-to-date symlink: /home/aiseon/tita/sim2sim2real/install/mujoco_ros2_control/share/ament_index/resource_index/mujoco_sim_ros2__pluginlib__plugin/mujoco_ros2_control
[0.919s] -- Up-to-date symlink: /home/aiseon/tita/sim2sim2real/install/mujoco_ros2_control/share/mujoco_ros2_control/cmake/mujoco_ros2_controlConfig.cmake
[0.920s] -- Up-to-date symlink: /home/aiseon/tita/sim2sim2real/install/mujoco_ros2_control/share/mujoco_ros2_control/cmake/mujoco_ros2_controlConfig-version.cmake
[0.920s] -- Up-to-date symlink: /home/aiseon/tita/sim2sim2real/install/mujoco_ros2_control/share/mujoco_ros2_control/package.xml
[0.920s] -- Up-to-date: /home/aiseon/tita/sim2sim2real/install/mujoco_ros2_control/lib/libmujoco_system_plugins.so
[0.920s] -- Up-to-date: /home/aiseon/tita/sim2sim2real/install/mujoco_ros2_control/lib/libmujoco_ros2_control-system.so
[0.924s] Invoked command in '/home/aiseon/tita/sim2sim2real/build/mujoco_ros2_control' returned '0': CMAKE_PREFIX_PATH=/home/aiseon/tita/sim2sim2real/install/mujoco_sim_ros2:/home/aiseon/tita/sim2sim2real/install/webots_bridge:/home/aiseon/tita/sim2sim2real/install/titatit_description:/home/aiseon/tita/sim2sim2real/install/hardware_bridge:/home/aiseon/tita/sim2sim2real/install/tita_robot:/home/aiseon/tita/sim2sim2real/install/gazebo_bridge:/home/aiseon/tita/sim2sim2real/install/tita_description:/home/aiseon/tita/sim2sim2real/install/teleop_command:/home/aiseon/tita/sim2sim2real/install/rl_controller:/home/aiseon/tita/sim2sim2real/install/keyboard_controller:/home/aiseon/tita/sim2sim2real/install/ros_utils:/home/aiseon/tita/sim2sim2real/install/mujoco_bridge:/home/aiseon/tita/sim2sim2real/install/mujoco_ros2_control:/opt/ros/humble /usr/bin/cmake --install /home/aiseon/tita/sim2sim2real/build/mujoco_ros2_control
