[0.019s] Invoking command in '/home/aiseon/tita/sim2sim2real/ddt_ros2_ws/build/ros_utils': CMAKE_PREFIX_PATH=${CMAKE_PREFIX_PATH}:/opt/ros/humble /usr/bin/cmake --build /home/aiseon/tita/sim2sim2real/ddt_ros2_ws/build/ros_utils -- -j192 -l192
[0.082s] Invoked command in '/home/aiseon/tita/sim2sim2real/ddt_ros2_ws/build/ros_utils' returned '0': CMAKE_PREFIX_PATH=${CMAKE_PREFIX_PATH}:/opt/ros/humble /usr/bin/cmake --build /home/aiseon/tita/sim2sim2real/ddt_ros2_ws/build/ros_utils -- -j192 -l192
[0.099s] Invoking command in '/home/aiseon/tita/sim2sim2real/ddt_ros2_ws/build/ros_utils': CMAKE_PREFIX_PATH=${CMAKE_PREFIX_PATH}:/opt/ros/humble /usr/bin/cmake --install /home/aiseon/tita/sim2sim2real/ddt_ros2_ws/build/ros_utils
[0.107s] -- Install configuration: ""
[0.108s] -- Execute custom install script
[0.108s] -- Up-to-date symlink: /home/aiseon/tita/sim2sim2real/ddt_ros2_ws/install/ros_utils/include/ros_utils/topic_names.hpp
[0.108s] -- Up-to-date symlink: /home/aiseon/tita/sim2sim2real/ddt_ros2_ws/install/ros_utils/share/ament_index/resource_index/package_run_dependencies/ros_utils
[0.109s] -- Up-to-date symlink: /home/aiseon/tita/sim2sim2real/ddt_ros2_ws/install/ros_utils/share/ament_index/resource_index/parent_prefix_path/ros_utils
[0.109s] -- Up-to-date symlink: /home/aiseon/tita/sim2sim2real/ddt_ros2_ws/install/ros_utils/share/ros_utils/environment/ament_prefix_path.sh
[0.109s] -- Up-to-date symlink: /home/aiseon/tita/sim2sim2real/ddt_ros2_ws/install/ros_utils/share/ros_utils/environment/ament_prefix_path.dsv
[0.109s] -- Up-to-date symlink: /home/aiseon/tita/sim2sim2real/ddt_ros2_ws/install/ros_utils/share/ros_utils/environment/path.sh
[0.109s] -- Up-to-date symlink: /home/aiseon/tita/sim2sim2real/ddt_ros2_ws/install/ros_utils/share/ros_utils/environment/path.dsv
[0.109s] -- Up-to-date symlink: /home/aiseon/tita/sim2sim2real/ddt_ros2_ws/install/ros_utils/share/ros_utils/local_setup.bash
[0.109s] -- Up-to-date symlink: /home/aiseon/tita/sim2sim2real/ddt_ros2_ws/install/ros_utils/share/ros_utils/local_setup.sh
[0.109s] -- Up-to-date symlink: /home/aiseon/tita/sim2sim2real/ddt_ros2_ws/install/ros_utils/share/ros_utils/local_setup.zsh
[0.110s] -- Up-to-date symlink: /home/aiseon/tita/sim2sim2real/ddt_ros2_ws/install/ros_utils/share/ros_utils/local_setup.dsv
[0.110s] -- Symlinking: /home/aiseon/tita/sim2sim2real/ddt_ros2_ws/install/ros_utils/share/ros_utils/package.dsv
[0.121s] -- Up-to-date symlink: /home/aiseon/tita/sim2sim2real/ddt_ros2_ws/install/ros_utils/share/ament_index/resource_index/packages/ros_utils
[0.121s] -- Up-to-date symlink: /home/aiseon/tita/sim2sim2real/ddt_ros2_ws/install/ros_utils/share/ros_utils/cmake/ament_cmake_export_dependencies-extras.cmake
[0.121s] -- Up-to-date symlink: /home/aiseon/tita/sim2sim2real/ddt_ros2_ws/install/ros_utils/share/ros_utils/cmake/ament_cmake_export_include_directories-extras.cmake
[0.121s] -- Up-to-date symlink: /home/aiseon/tita/sim2sim2real/ddt_ros2_ws/install/ros_utils/share/ros_utils/cmake/ros_utilsConfig.cmake
[0.122s] -- Up-to-date symlink: /home/aiseon/tita/sim2sim2real/ddt_ros2_ws/install/ros_utils/share/ros_utils/cmake/ros_utilsConfig-version.cmake
[0.122s] -- Up-to-date symlink: /home/aiseon/tita/sim2sim2real/ddt_ros2_ws/install/ros_utils/share/ros_utils/package.xml
[0.125s] Invoked command in '/home/aiseon/tita/sim2sim2real/ddt_ros2_ws/build/ros_utils' returned '0': CMAKE_PREFIX_PATH=${CMAKE_PREFIX_PATH}:/opt/ros/humble /usr/bin/cmake --install /home/aiseon/tita/sim2sim2real/ddt_ros2_ws/build/ros_utils
