[0.025s] Invoking command in '/home/aiseon/tita/sim2sim2real/build/tita_robot': CMAKE_PREFIX_PATH=${CMAKE_PREFIX_PATH}:/opt/ros/humble CONDA_PROMPT_MODIFIER=(base) /usr/bin/cmake --build /home/aiseon/tita/sim2sim2real/build/tita_robot -- -j192 -l192
[0.142s] [100%] Built target read_write_example
[0.165s] Invoked command in '/home/aiseon/tita/sim2sim2real/build/tita_robot' returned '0': CMAKE_PREFIX_PATH=${CMAKE_PREFIX_PATH}:/opt/ros/humble CONDA_PROMPT_MODIFIER=(base) /usr/bin/cmake --build /home/aiseon/tita/sim2sim2real/build/tita_robot -- -j192 -l192
[0.181s] Invoking command in '/home/aiseon/tita/sim2sim2real/build/tita_robot': CMAKE_PREFIX_PATH=${CMAKE_PREFIX_PATH}:/opt/ros/humble CONDA_PROMPT_MODIFIER=(base) /usr/bin/cmake --install /home/aiseon/tita/sim2sim2real/build/tita_robot
[0.196s] -- Install configuration: ""
[0.196s] -- Execute custom install script
[0.199s] -- Up-to-date symlink: /home/aiseon/tita/sim2sim2real/install/tita_robot/lib/libtita_robot.so
[0.200s] -- Up-to-date symlink: /home/aiseon/tita/sim2sim2real/install/tita_robot/lib/tita_robot/read_write_example
[0.201s] -- Up-to-date symlink: /home/aiseon/tita/sim2sim2real/install/tita_robot/share/tita_robot/environment/library_path.sh
[0.201s] -- Up-to-date symlink: /home/aiseon/tita/sim2sim2real/install/tita_robot/share/tita_robot/environment/library_path.dsv
[0.201s] -- Up-to-date symlink: /home/aiseon/tita/sim2sim2real/install/tita_robot/include/tita_robot/canfd_api.hpp
[0.202s] -- Up-to-date symlink: /home/aiseon/tita/sim2sim2real/install/tita_robot/include/tita_robot/protocol/can_utils.hpp
[0.202s] -- Up-to-date symlink: /home/aiseon/tita/sim2sim2real/install/tita_robot/include/tita_robot/protocol/socket_can_common.hpp
[0.202s] -- Up-to-date symlink: /home/aiseon/tita/sim2sim2real/install/tita_robot/include/tita_robot/protocol/socket_can_id.hpp
[0.202s] -- Up-to-date symlink: /home/aiseon/tita/sim2sim2real/install/tita_robot/include/tita_robot/protocol/socket_can_receiver.hpp
[0.202s] -- Up-to-date symlink: /home/aiseon/tita/sim2sim2real/install/tita_robot/include/tita_robot/protocol/socket_can_sender.hpp
[0.202s] -- Up-to-date symlink: /home/aiseon/tita/sim2sim2real/install/tita_robot/include/tita_robot/protocol/visibility_control.hpp
[0.202s] -- Up-to-date symlink: /home/aiseon/tita/sim2sim2real/install/tita_robot/include/tita_robot/tita_robot.hpp
[0.202s] -- Up-to-date symlink: /home/aiseon/tita/sim2sim2real/install/tita_robot/share/ament_index/resource_index/package_run_dependencies/tita_robot
[0.202s] -- Up-to-date symlink: /home/aiseon/tita/sim2sim2real/install/tita_robot/share/ament_index/resource_index/parent_prefix_path/tita_robot
[0.203s] -- Up-to-date symlink: /home/aiseon/tita/sim2sim2real/install/tita_robot/share/tita_robot/environment/ament_prefix_path.sh
[0.203s] -- Up-to-date symlink: /home/aiseon/tita/sim2sim2real/install/tita_robot/share/tita_robot/environment/ament_prefix_path.dsv
[0.203s] -- Up-to-date symlink: /home/aiseon/tita/sim2sim2real/install/tita_robot/share/tita_robot/environment/path.sh
[0.203s] -- Up-to-date symlink: /home/aiseon/tita/sim2sim2real/install/tita_robot/share/tita_robot/environment/path.dsv
[0.203s] -- Up-to-date symlink: /home/aiseon/tita/sim2sim2real/install/tita_robot/share/tita_robot/local_setup.bash
[0.203s] -- Up-to-date symlink: /home/aiseon/tita/sim2sim2real/install/tita_robot/share/tita_robot/local_setup.sh
[0.203s] -- Up-to-date symlink: /home/aiseon/tita/sim2sim2real/install/tita_robot/share/tita_robot/local_setup.zsh
[0.204s] -- Up-to-date symlink: /home/aiseon/tita/sim2sim2real/install/tita_robot/share/tita_robot/local_setup.dsv
[0.204s] -- Symlinking: /home/aiseon/tita/sim2sim2real/install/tita_robot/share/tita_robot/package.dsv
[0.219s] -- Up-to-date symlink: /home/aiseon/tita/sim2sim2real/install/tita_robot/share/ament_index/resource_index/packages/tita_robot
[0.220s] -- Up-to-date symlink: /home/aiseon/tita/sim2sim2real/install/tita_robot/share/tita_robot/cmake/ament_cmake_export_libraries-extras.cmake
[0.220s] -- Up-to-date symlink: /home/aiseon/tita/sim2sim2real/install/tita_robot/share/tita_robot/cmake/ament_cmake_export_include_directories-extras.cmake
[0.220s] -- Up-to-date symlink: /home/aiseon/tita/sim2sim2real/install/tita_robot/share/tita_robot/cmake/tita_robotConfig.cmake
[0.220s] -- Up-to-date symlink: /home/aiseon/tita/sim2sim2real/install/tita_robot/share/tita_robot/cmake/tita_robotConfig-version.cmake
[0.220s] -- Up-to-date symlink: /home/aiseon/tita/sim2sim2real/install/tita_robot/share/tita_robot/package.xml
[0.225s] Invoked command in '/home/aiseon/tita/sim2sim2real/build/tita_robot' returned '0': CMAKE_PREFIX_PATH=${CMAKE_PREFIX_PATH}:/opt/ros/humble CONDA_PROMPT_MODIFIER=(base) /usr/bin/cmake --install /home/aiseon/tita/sim2sim2real/build/tita_robot
