[ 11%] Creating directories for 'lodepng-populate'
[ 22%] Performing download step (git clone) for 'lodepng-populate'
正克隆到 'lodepng-src'...
fatal: 无法访问 'https://github.com/lvandeve/lodepng.git/'：Could not resolve host: github.com
正克隆到 'lodepng-src'...
fatal: 无法访问 'https://github.com/lvandeve/lodepng.git/'：Could not resolve host: github.com
正克隆到 'lodepng-src'...
fatal: 无法访问 'https://github.com/lvandeve/lodepng.git/'：Could not resolve host: github.com
-- Had to git clone more than once: 3 times.
CMake Error at lodepng-subbuild/lodepng-populate-prefix/tmp/lodepng-populate-gitclone.cmake:39 (message):
  Failed to clone repository: 'https://github.com/lvandeve/lodepng.git'


gmake[2]: *** [CMakeFiles/lodepng-populate.dir/build.make:102：lodepng-populate-prefix/src/lodepng-populate-stamp/lodepng-populate-download] 错误 1
gmake[1]: *** [CMakeFiles/Makefile2:83：CMakeFiles/lodepng-populate.dir/all] 错误 2
gmake: *** [Makefile:91：all] 错误 2

CMake Error at /home/aiseon/.local/lib/python3.10/site-packages/cmake/data/share/cmake-3.25/Modules/FetchContent.cmake:1616 (message):
  Build step for lodepng failed: 2
Call Stack (most recent call first):
  /home/aiseon/.local/lib/python3.10/site-packages/cmake/data/share/cmake-3.25/Modules/FetchContent.cmake:1756:EVAL:2 (__FetchContent_directPopulate)
  /home/aiseon/.local/lib/python3.10/site-packages/cmake/data/share/cmake-3.25/Modules/FetchContent.cmake:1756 (cmake_language)
  CMakeLists.txt:28 (FetchContent_Populate)


