[0.087s] DEBUG:colcon:Command line arguments: ['/usr/bin/colcon', 'build', '--symlink-install', '--packages-up-to', 'hardware_bridge']
[0.087s] DEBUG:colcon:Parsed command line arguments: Namespace(log_base=None, log_level=None, verb_name='build', build_base='build', install_base='install', merge_install=False, symlink_install=True, test_result_base=None, continue_on_error=False, executor='parallel', parallel_workers=192, event_handlers=None, ignore_user_meta=False, metas=['./colcon.meta'], base_paths=['.'], packages_ignore=None, packages_ignore_regex=None, paths=None, packages_up_to=['hardware_bridge'], packages_up_to_regex=None, packages_above=None, packages_above_and_dependencies=None, packages_above_depth=None, packages_select_by_dep=None, packages_skip_by_dep=None, packages_skip_up_to=None, packages_select_build_failed=False, packages_skip_build_finished=False, packages_select_test_failures=False, packages_skip_test_passed=False, packages_select=None, packages_skip=None, packages_select_regex=None, packages_skip_regex=None, packages_start=None, packages_end=None, allow_overriding=[], cmake_args=None, cmake_target=None, cmake_target_skip_unavailable=False, cmake_clean_cache=False, cmake_clean_first=False, cmake_force_configure=False, ament_cmake_args=None, catkin_cmake_args=None, catkin_skip_building_tests=False, verb_parser=<colcon_defaults.argument_parser.defaults.DefaultArgumentsDecorator object at 0x79b721861b70>, verb_extension=<colcon_core.verb.build.BuildVerb object at 0x79b721861660>, main=<bound method BuildVerb.main of <colcon_core.verb.build.BuildVerb object at 0x79b721861660>>)
[0.217s] Level 1:colcon.colcon_core.package_discovery:discover_packages(colcon_meta) check parameters
[0.218s] Level 1:colcon.colcon_core.package_discovery:discover_packages(recursive) check parameters
[0.218s] Level 1:colcon.colcon_core.package_discovery:discover_packages(ignore) check parameters
[0.218s] Level 1:colcon.colcon_core.package_discovery:discover_packages(path) check parameters
[0.218s] Level 1:colcon.colcon_core.package_discovery:discover_packages(colcon_meta) discover
[0.218s] Level 1:colcon.colcon_core.package_discovery:discover_packages(recursive) discover
[0.218s] INFO:colcon.colcon_core.package_discovery:Crawling recursively for packages in '/home/aiseon/tita/sim2sim2real'
[0.218s] Level 1:colcon.colcon_core.package_identification:_identify(.) by extensions ['ignore', 'ignore_ament_install']
[0.218s] Level 1:colcon.colcon_core.package_identification:_identify(.) by extension 'ignore'
[0.218s] Level 1:colcon.colcon_core.package_identification:_identify(.) by extension 'ignore_ament_install'
[0.218s] Level 1:colcon.colcon_core.package_identification:_identify(.) by extensions ['colcon_pkg']
[0.218s] Level 1:colcon.colcon_core.package_identification:_identify(.) by extension 'colcon_pkg'
[0.218s] Level 1:colcon.colcon_core.package_identification:_identify(.) by extensions ['colcon_meta']
[0.218s] Level 1:colcon.colcon_core.package_identification:_identify(.) by extension 'colcon_meta'
[0.218s] Level 1:colcon.colcon_core.package_identification:_identify(.) by extensions ['ros']
[0.218s] Level 1:colcon.colcon_core.package_identification:_identify(.) by extension 'ros'
[0.226s] Level 1:colcon.colcon_core.package_identification:_identify(.) by extensions ['cmake', 'python']
[0.226s] Level 1:colcon.colcon_core.package_identification:_identify(.) by extension 'cmake'
[0.226s] Level 1:colcon.colcon_core.package_identification:_identify(.) by extension 'python'
[0.227s] Level 1:colcon.colcon_core.package_identification:_identify(.) by extensions ['python_setup_py']
[0.227s] Level 1:colcon.colcon_core.package_identification:_identify(.) by extension 'python_setup_py'
[0.227s] Level 1:colcon.colcon_core.package_identification:_identify(build) by extensions ['ignore', 'ignore_ament_install']
[0.227s] Level 1:colcon.colcon_core.package_identification:_identify(build) by extension 'ignore'
[0.227s] Level 1:colcon.colcon_core.package_identification:_identify(build) ignored
[0.227s] Level 1:colcon.colcon_core.package_identification:_identify(ddt_ros2_ws) by extensions ['ignore', 'ignore_ament_install']
[0.227s] Level 1:colcon.colcon_core.package_identification:_identify(ddt_ros2_ws) by extension 'ignore'
[0.227s] Level 1:colcon.colcon_core.package_identification:_identify(ddt_ros2_ws) by extension 'ignore_ament_install'
[0.227s] Level 1:colcon.colcon_core.package_identification:_identify(ddt_ros2_ws) by extensions ['colcon_pkg']
[0.227s] Level 1:colcon.colcon_core.package_identification:_identify(ddt_ros2_ws) by extension 'colcon_pkg'
[0.227s] Level 1:colcon.colcon_core.package_identification:_identify(ddt_ros2_ws) by extensions ['colcon_meta']
[0.227s] Level 1:colcon.colcon_core.package_identification:_identify(ddt_ros2_ws) by extension 'colcon_meta'
[0.227s] Level 1:colcon.colcon_core.package_identification:_identify(ddt_ros2_ws) by extensions ['ros']
[0.227s] Level 1:colcon.colcon_core.package_identification:_identify(ddt_ros2_ws) by extension 'ros'
[0.227s] Level 1:colcon.colcon_core.package_identification:_identify(ddt_ros2_ws) by extensions ['cmake', 'python']
[0.227s] Level 1:colcon.colcon_core.package_identification:_identify(ddt_ros2_ws) by extension 'cmake'
[0.227s] Level 1:colcon.colcon_core.package_identification:_identify(ddt_ros2_ws) by extension 'python'
[0.227s] Level 1:colcon.colcon_core.package_identification:_identify(ddt_ros2_ws) by extensions ['python_setup_py']
[0.227s] Level 1:colcon.colcon_core.package_identification:_identify(ddt_ros2_ws) by extension 'python_setup_py'
[0.227s] Level 1:colcon.colcon_core.package_identification:_identify(ddt_ros2_ws/build) by extensions ['ignore', 'ignore_ament_install']
[0.227s] Level 1:colcon.colcon_core.package_identification:_identify(ddt_ros2_ws/build) by extension 'ignore'
[0.227s] Level 1:colcon.colcon_core.package_identification:_identify(ddt_ros2_ws/build) ignored
[0.227s] Level 1:colcon.colcon_core.package_identification:_identify(ddt_ros2_ws/ddt_ros2_control) by extensions ['ignore', 'ignore_ament_install']
[0.227s] Level 1:colcon.colcon_core.package_identification:_identify(ddt_ros2_ws/ddt_ros2_control) by extension 'ignore'
[0.227s] Level 1:colcon.colcon_core.package_identification:_identify(ddt_ros2_ws/ddt_ros2_control) by extension 'ignore_ament_install'
[0.227s] Level 1:colcon.colcon_core.package_identification:_identify(ddt_ros2_ws/ddt_ros2_control) by extensions ['colcon_pkg']
[0.227s] Level 1:colcon.colcon_core.package_identification:_identify(ddt_ros2_ws/ddt_ros2_control) by extension 'colcon_pkg'
[0.228s] Level 1:colcon.colcon_core.package_identification:_identify(ddt_ros2_ws/ddt_ros2_control) by extensions ['colcon_meta']
[0.228s] Level 1:colcon.colcon_core.package_identification:_identify(ddt_ros2_ws/ddt_ros2_control) by extension 'colcon_meta'
[0.228s] Level 1:colcon.colcon_core.package_identification:_identify(ddt_ros2_ws/ddt_ros2_control) by extensions ['ros']
[0.228s] Level 1:colcon.colcon_core.package_identification:_identify(ddt_ros2_ws/ddt_ros2_control) by extension 'ros'
[0.228s] Level 1:colcon.colcon_core.package_identification:_identify(ddt_ros2_ws/ddt_ros2_control) by extensions ['cmake', 'python']
[0.228s] Level 1:colcon.colcon_core.package_identification:_identify(ddt_ros2_ws/ddt_ros2_control) by extension 'cmake'
[0.228s] Level 1:colcon.colcon_core.package_identification:_identify(ddt_ros2_ws/ddt_ros2_control) by extension 'python'
[0.228s] Level 1:colcon.colcon_core.package_identification:_identify(ddt_ros2_ws/ddt_ros2_control) by extensions ['python_setup_py']
[0.228s] Level 1:colcon.colcon_core.package_identification:_identify(ddt_ros2_ws/ddt_ros2_control) by extension 'python_setup_py'
[0.228s] Level 1:colcon.colcon_core.package_identification:_identify(ddt_ros2_ws/ddt_ros2_control/controller) by extensions ['ignore', 'ignore_ament_install']
[0.228s] Level 1:colcon.colcon_core.package_identification:_identify(ddt_ros2_ws/ddt_ros2_control/controller) by extension 'ignore'
[0.228s] Level 1:colcon.colcon_core.package_identification:_identify(ddt_ros2_ws/ddt_ros2_control/controller) by extension 'ignore_ament_install'
[0.228s] Level 1:colcon.colcon_core.package_identification:_identify(ddt_ros2_ws/ddt_ros2_control/controller) by extensions ['colcon_pkg']
[0.228s] Level 1:colcon.colcon_core.package_identification:_identify(ddt_ros2_ws/ddt_ros2_control/controller) by extension 'colcon_pkg'
[0.228s] Level 1:colcon.colcon_core.package_identification:_identify(ddt_ros2_ws/ddt_ros2_control/controller) by extensions ['colcon_meta']
[0.228s] Level 1:colcon.colcon_core.package_identification:_identify(ddt_ros2_ws/ddt_ros2_control/controller) by extension 'colcon_meta'
[0.228s] Level 1:colcon.colcon_core.package_identification:_identify(ddt_ros2_ws/ddt_ros2_control/controller) by extensions ['ros']
[0.228s] Level 1:colcon.colcon_core.package_identification:_identify(ddt_ros2_ws/ddt_ros2_control/controller) by extension 'ros'
[0.228s] Level 1:colcon.colcon_core.package_identification:_identify(ddt_ros2_ws/ddt_ros2_control/controller) by extensions ['cmake', 'python']
[0.228s] Level 1:colcon.colcon_core.package_identification:_identify(ddt_ros2_ws/ddt_ros2_control/controller) by extension 'cmake'
[0.228s] Level 1:colcon.colcon_core.package_identification:_identify(ddt_ros2_ws/ddt_ros2_control/controller) by extension 'python'
[0.228s] Level 1:colcon.colcon_core.package_identification:_identify(ddt_ros2_ws/ddt_ros2_control/controller) by extensions ['python_setup_py']
[0.228s] Level 1:colcon.colcon_core.package_identification:_identify(ddt_ros2_ws/ddt_ros2_control/controller) by extension 'python_setup_py'
[0.228s] Level 1:colcon.colcon_core.package_identification:_identify(ddt_ros2_ws/ddt_ros2_control/controller/rl_controller) by extensions ['ignore', 'ignore_ament_install']
[0.228s] Level 1:colcon.colcon_core.package_identification:_identify(ddt_ros2_ws/ddt_ros2_control/controller/rl_controller) by extension 'ignore'
[0.228s] Level 1:colcon.colcon_core.package_identification:_identify(ddt_ros2_ws/ddt_ros2_control/controller/rl_controller) by extension 'ignore_ament_install'
[0.228s] Level 1:colcon.colcon_core.package_identification:_identify(ddt_ros2_ws/ddt_ros2_control/controller/rl_controller) by extensions ['colcon_pkg']
[0.228s] Level 1:colcon.colcon_core.package_identification:_identify(ddt_ros2_ws/ddt_ros2_control/controller/rl_controller) by extension 'colcon_pkg'
[0.228s] Level 1:colcon.colcon_core.package_identification:_identify(ddt_ros2_ws/ddt_ros2_control/controller/rl_controller) by extensions ['colcon_meta']
[0.228s] Level 1:colcon.colcon_core.package_identification:_identify(ddt_ros2_ws/ddt_ros2_control/controller/rl_controller) by extension 'colcon_meta'
[0.228s] Level 1:colcon.colcon_core.package_identification:_identify(ddt_ros2_ws/ddt_ros2_control/controller/rl_controller) by extensions ['ros']
[0.228s] Level 1:colcon.colcon_core.package_identification:_identify(ddt_ros2_ws/ddt_ros2_control/controller/rl_controller) by extension 'ros'
[0.232s] DEBUG:colcon.colcon_core.package_identification:Package 'ddt_ros2_ws/ddt_ros2_control/controller/rl_controller' with type 'ros.ament_cmake' and name 'rl_controller'
[0.232s] Level 1:colcon.colcon_core.package_identification:_identify(ddt_ros2_ws/ddt_ros2_control/hardware) by extensions ['ignore', 'ignore_ament_install']
[0.232s] Level 1:colcon.colcon_core.package_identification:_identify(ddt_ros2_ws/ddt_ros2_control/hardware) by extension 'ignore'
[0.232s] Level 1:colcon.colcon_core.package_identification:_identify(ddt_ros2_ws/ddt_ros2_control/hardware) by extension 'ignore_ament_install'
[0.232s] Level 1:colcon.colcon_core.package_identification:_identify(ddt_ros2_ws/ddt_ros2_control/hardware) by extensions ['colcon_pkg']
[0.232s] Level 1:colcon.colcon_core.package_identification:_identify(ddt_ros2_ws/ddt_ros2_control/hardware) by extension 'colcon_pkg'
[0.232s] Level 1:colcon.colcon_core.package_identification:_identify(ddt_ros2_ws/ddt_ros2_control/hardware) by extensions ['colcon_meta']
[0.232s] Level 1:colcon.colcon_core.package_identification:_identify(ddt_ros2_ws/ddt_ros2_control/hardware) by extension 'colcon_meta'
[0.232s] Level 1:colcon.colcon_core.package_identification:_identify(ddt_ros2_ws/ddt_ros2_control/hardware) by extensions ['ros']
[0.232s] Level 1:colcon.colcon_core.package_identification:_identify(ddt_ros2_ws/ddt_ros2_control/hardware) by extension 'ros'
[0.232s] Level 1:colcon.colcon_core.package_identification:_identify(ddt_ros2_ws/ddt_ros2_control/hardware) by extensions ['cmake', 'python']
[0.232s] Level 1:colcon.colcon_core.package_identification:_identify(ddt_ros2_ws/ddt_ros2_control/hardware) by extension 'cmake'
[0.232s] Level 1:colcon.colcon_core.package_identification:_identify(ddt_ros2_ws/ddt_ros2_control/hardware) by extension 'python'
[0.232s] Level 1:colcon.colcon_core.package_identification:_identify(ddt_ros2_ws/ddt_ros2_control/hardware) by extensions ['python_setup_py']
[0.232s] Level 1:colcon.colcon_core.package_identification:_identify(ddt_ros2_ws/ddt_ros2_control/hardware) by extension 'python_setup_py'
[0.232s] Level 1:colcon.colcon_core.package_identification:_identify(ddt_ros2_ws/ddt_ros2_control/hardware/hardware_bridge) by extensions ['ignore', 'ignore_ament_install']
[0.232s] Level 1:colcon.colcon_core.package_identification:_identify(ddt_ros2_ws/ddt_ros2_control/hardware/hardware_bridge) by extension 'ignore'
[0.232s] Level 1:colcon.colcon_core.package_identification:_identify(ddt_ros2_ws/ddt_ros2_control/hardware/hardware_bridge) by extension 'ignore_ament_install'
[0.232s] Level 1:colcon.colcon_core.package_identification:_identify(ddt_ros2_ws/ddt_ros2_control/hardware/hardware_bridge) by extensions ['colcon_pkg']
[0.233s] Level 1:colcon.colcon_core.package_identification:_identify(ddt_ros2_ws/ddt_ros2_control/hardware/hardware_bridge) by extension 'colcon_pkg'
[0.233s] Level 1:colcon.colcon_core.package_identification:_identify(ddt_ros2_ws/ddt_ros2_control/hardware/hardware_bridge) by extensions ['colcon_meta']
[0.233s] Level 1:colcon.colcon_core.package_identification:_identify(ddt_ros2_ws/ddt_ros2_control/hardware/hardware_bridge) by extension 'colcon_meta'
[0.233s] Level 1:colcon.colcon_core.package_identification:_identify(ddt_ros2_ws/ddt_ros2_control/hardware/hardware_bridge) by extensions ['ros']
[0.233s] Level 1:colcon.colcon_core.package_identification:_identify(ddt_ros2_ws/ddt_ros2_control/hardware/hardware_bridge) by extension 'ros'
[0.233s] DEBUG:colcon.colcon_core.package_identification:Package 'ddt_ros2_ws/ddt_ros2_control/hardware/hardware_bridge' with type 'ros.ament_cmake' and name 'hardware_bridge'
[0.233s] Level 1:colcon.colcon_core.package_identification:_identify(ddt_ros2_ws/ddt_ros2_control/hardware/tita_robot) by extensions ['ignore', 'ignore_ament_install']
[0.234s] Level 1:colcon.colcon_core.package_identification:_identify(ddt_ros2_ws/ddt_ros2_control/hardware/tita_robot) by extension 'ignore'
[0.234s] Level 1:colcon.colcon_core.package_identification:_identify(ddt_ros2_ws/ddt_ros2_control/hardware/tita_robot) by extension 'ignore_ament_install'
[0.234s] Level 1:colcon.colcon_core.package_identification:_identify(ddt_ros2_ws/ddt_ros2_control/hardware/tita_robot) by extensions ['colcon_pkg']
[0.234s] Level 1:colcon.colcon_core.package_identification:_identify(ddt_ros2_ws/ddt_ros2_control/hardware/tita_robot) by extension 'colcon_pkg'
[0.234s] Level 1:colcon.colcon_core.package_identification:_identify(ddt_ros2_ws/ddt_ros2_control/hardware/tita_robot) by extensions ['colcon_meta']
[0.234s] Level 1:colcon.colcon_core.package_identification:_identify(ddt_ros2_ws/ddt_ros2_control/hardware/tita_robot) by extension 'colcon_meta'
[0.234s] Level 1:colcon.colcon_core.package_identification:_identify(ddt_ros2_ws/ddt_ros2_control/hardware/tita_robot) by extensions ['ros']
[0.234s] Level 1:colcon.colcon_core.package_identification:_identify(ddt_ros2_ws/ddt_ros2_control/hardware/tita_robot) by extension 'ros'
[0.234s] DEBUG:colcon.colcon_core.package_identification:Package 'ddt_ros2_ws/ddt_ros2_control/hardware/tita_robot' with type 'ros.ament_cmake' and name 'tita_robot'
[0.234s] Level 1:colcon.colcon_core.package_identification:_identify(ddt_ros2_ws/ddt_ros2_control/interaction) by extensions ['ignore', 'ignore_ament_install']
[0.234s] Level 1:colcon.colcon_core.package_identification:_identify(ddt_ros2_ws/ddt_ros2_control/interaction) by extension 'ignore'
[0.234s] Level 1:colcon.colcon_core.package_identification:_identify(ddt_ros2_ws/ddt_ros2_control/interaction) by extension 'ignore_ament_install'
[0.234s] Level 1:colcon.colcon_core.package_identification:_identify(ddt_ros2_ws/ddt_ros2_control/interaction) by extensions ['colcon_pkg']
[0.234s] Level 1:colcon.colcon_core.package_identification:_identify(ddt_ros2_ws/ddt_ros2_control/interaction) by extension 'colcon_pkg'
[0.234s] Level 1:colcon.colcon_core.package_identification:_identify(ddt_ros2_ws/ddt_ros2_control/interaction) by extensions ['colcon_meta']
[0.234s] Level 1:colcon.colcon_core.package_identification:_identify(ddt_ros2_ws/ddt_ros2_control/interaction) by extension 'colcon_meta'
[0.234s] Level 1:colcon.colcon_core.package_identification:_identify(ddt_ros2_ws/ddt_ros2_control/interaction) by extensions ['ros']
[0.234s] Level 1:colcon.colcon_core.package_identification:_identify(ddt_ros2_ws/ddt_ros2_control/interaction) by extension 'ros'
[0.234s] Level 1:colcon.colcon_core.package_identification:_identify(ddt_ros2_ws/ddt_ros2_control/interaction) by extensions ['cmake', 'python']
[0.234s] Level 1:colcon.colcon_core.package_identification:_identify(ddt_ros2_ws/ddt_ros2_control/interaction) by extension 'cmake'
[0.234s] Level 1:colcon.colcon_core.package_identification:_identify(ddt_ros2_ws/ddt_ros2_control/interaction) by extension 'python'
[0.234s] Level 1:colcon.colcon_core.package_identification:_identify(ddt_ros2_ws/ddt_ros2_control/interaction) by extensions ['python_setup_py']
[0.235s] Level 1:colcon.colcon_core.package_identification:_identify(ddt_ros2_ws/ddt_ros2_control/interaction) by extension 'python_setup_py'
[0.235s] Level 1:colcon.colcon_core.package_identification:_identify(ddt_ros2_ws/ddt_ros2_control/interaction/keyboard_controller) by extensions ['ignore', 'ignore_ament_install']
[0.235s] Level 1:colcon.colcon_core.package_identification:_identify(ddt_ros2_ws/ddt_ros2_control/interaction/keyboard_controller) by extension 'ignore'
[0.235s] Level 1:colcon.colcon_core.package_identification:_identify(ddt_ros2_ws/ddt_ros2_control/interaction/keyboard_controller) by extension 'ignore_ament_install'
[0.235s] Level 1:colcon.colcon_core.package_identification:_identify(ddt_ros2_ws/ddt_ros2_control/interaction/keyboard_controller) by extensions ['colcon_pkg']
[0.235s] Level 1:colcon.colcon_core.package_identification:_identify(ddt_ros2_ws/ddt_ros2_control/interaction/keyboard_controller) by extension 'colcon_pkg'
[0.235s] Level 1:colcon.colcon_core.package_identification:_identify(ddt_ros2_ws/ddt_ros2_control/interaction/keyboard_controller) by extensions ['colcon_meta']
[0.235s] Level 1:colcon.colcon_core.package_identification:_identify(ddt_ros2_ws/ddt_ros2_control/interaction/keyboard_controller) by extension 'colcon_meta'
[0.235s] Level 1:colcon.colcon_core.package_identification:_identify(ddt_ros2_ws/ddt_ros2_control/interaction/keyboard_controller) by extensions ['ros']
[0.235s] Level 1:colcon.colcon_core.package_identification:_identify(ddt_ros2_ws/ddt_ros2_control/interaction/keyboard_controller) by extension 'ros'
[0.235s] DEBUG:colcon.colcon_core.package_identification:Package 'ddt_ros2_ws/ddt_ros2_control/interaction/keyboard_controller' with type 'ros.ament_cmake' and name 'keyboard_controller'
[0.236s] Level 1:colcon.colcon_core.package_identification:_identify(ddt_ros2_ws/ddt_ros2_control/interaction/teleop_command) by extensions ['ignore', 'ignore_ament_install']
[0.236s] Level 1:colcon.colcon_core.package_identification:_identify(ddt_ros2_ws/ddt_ros2_control/interaction/teleop_command) by extension 'ignore'
[0.236s] Level 1:colcon.colcon_core.package_identification:_identify(ddt_ros2_ws/ddt_ros2_control/interaction/teleop_command) by extension 'ignore_ament_install'
[0.236s] Level 1:colcon.colcon_core.package_identification:_identify(ddt_ros2_ws/ddt_ros2_control/interaction/teleop_command) by extensions ['colcon_pkg']
[0.236s] Level 1:colcon.colcon_core.package_identification:_identify(ddt_ros2_ws/ddt_ros2_control/interaction/teleop_command) by extension 'colcon_pkg'
[0.236s] Level 1:colcon.colcon_core.package_identification:_identify(ddt_ros2_ws/ddt_ros2_control/interaction/teleop_command) by extensions ['colcon_meta']
[0.236s] Level 1:colcon.colcon_core.package_identification:_identify(ddt_ros2_ws/ddt_ros2_control/interaction/teleop_command) by extension 'colcon_meta'
[0.236s] Level 1:colcon.colcon_core.package_identification:_identify(ddt_ros2_ws/ddt_ros2_control/interaction/teleop_command) by extensions ['ros']
[0.236s] Level 1:colcon.colcon_core.package_identification:_identify(ddt_ros2_ws/ddt_ros2_control/interaction/teleop_command) by extension 'ros'
[0.243s] DEBUG:colcon.colcon_core.package_identification:Package 'ddt_ros2_ws/ddt_ros2_control/interaction/teleop_command' with type 'ros.ament_cmake' and name 'teleop_command'
[0.243s] Level 1:colcon.colcon_core.package_identification:_identify(ddt_ros2_ws/ddt_ros2_control/ros_utils) by extensions ['ignore', 'ignore_ament_install']
[0.243s] Level 1:colcon.colcon_core.package_identification:_identify(ddt_ros2_ws/ddt_ros2_control/ros_utils) by extension 'ignore'
[0.243s] Level 1:colcon.colcon_core.package_identification:_identify(ddt_ros2_ws/ddt_ros2_control/ros_utils) by extension 'ignore_ament_install'
[0.243s] Level 1:colcon.colcon_core.package_identification:_identify(ddt_ros2_ws/ddt_ros2_control/ros_utils) by extensions ['colcon_pkg']
[0.243s] Level 1:colcon.colcon_core.package_identification:_identify(ddt_ros2_ws/ddt_ros2_control/ros_utils) by extension 'colcon_pkg'
[0.243s] Level 1:colcon.colcon_core.package_identification:_identify(ddt_ros2_ws/ddt_ros2_control/ros_utils) by extensions ['colcon_meta']
[0.243s] Level 1:colcon.colcon_core.package_identification:_identify(ddt_ros2_ws/ddt_ros2_control/ros_utils) by extension 'colcon_meta'
[0.243s] Level 1:colcon.colcon_core.package_identification:_identify(ddt_ros2_ws/ddt_ros2_control/ros_utils) by extensions ['ros']
[0.244s] Level 1:colcon.colcon_core.package_identification:_identify(ddt_ros2_ws/ddt_ros2_control/ros_utils) by extension 'ros'
[0.244s] DEBUG:colcon.colcon_core.package_identification:Package 'ddt_ros2_ws/ddt_ros2_control/ros_utils' with type 'ros.ament_cmake' and name 'ros_utils'
[0.244s] Level 1:colcon.colcon_core.package_identification:_identify(ddt_ros2_ws/ddt_ros2_control/simulation) by extensions ['ignore', 'ignore_ament_install']
[0.244s] Level 1:colcon.colcon_core.package_identification:_identify(ddt_ros2_ws/ddt_ros2_control/simulation) by extension 'ignore'
[0.244s] Level 1:colcon.colcon_core.package_identification:_identify(ddt_ros2_ws/ddt_ros2_control/simulation) by extension 'ignore_ament_install'
[0.244s] Level 1:colcon.colcon_core.package_identification:_identify(ddt_ros2_ws/ddt_ros2_control/simulation) by extensions ['colcon_pkg']
[0.244s] Level 1:colcon.colcon_core.package_identification:_identify(ddt_ros2_ws/ddt_ros2_control/simulation) by extension 'colcon_pkg'
[0.244s] Level 1:colcon.colcon_core.package_identification:_identify(ddt_ros2_ws/ddt_ros2_control/simulation) by extensions ['colcon_meta']
[0.244s] Level 1:colcon.colcon_core.package_identification:_identify(ddt_ros2_ws/ddt_ros2_control/simulation) by extension 'colcon_meta'
[0.244s] Level 1:colcon.colcon_core.package_identification:_identify(ddt_ros2_ws/ddt_ros2_control/simulation) by extensions ['ros']
[0.244s] Level 1:colcon.colcon_core.package_identification:_identify(ddt_ros2_ws/ddt_ros2_control/simulation) by extension 'ros'
[0.244s] Level 1:colcon.colcon_core.package_identification:_identify(ddt_ros2_ws/ddt_ros2_control/simulation) by extensions ['cmake', 'python']
[0.244s] Level 1:colcon.colcon_core.package_identification:_identify(ddt_ros2_ws/ddt_ros2_control/simulation) by extension 'cmake'
[0.244s] Level 1:colcon.colcon_core.package_identification:_identify(ddt_ros2_ws/ddt_ros2_control/simulation) by extension 'python'
[0.244s] Level 1:colcon.colcon_core.package_identification:_identify(ddt_ros2_ws/ddt_ros2_control/simulation) by extensions ['python_setup_py']
[0.244s] Level 1:colcon.colcon_core.package_identification:_identify(ddt_ros2_ws/ddt_ros2_control/simulation) by extension 'python_setup_py'
[0.244s] Level 1:colcon.colcon_core.package_identification:_identify(ddt_ros2_ws/ddt_ros2_control/simulation/gazebo_bridge) by extensions ['ignore', 'ignore_ament_install']
[0.245s] Level 1:colcon.colcon_core.package_identification:_identify(ddt_ros2_ws/ddt_ros2_control/simulation/gazebo_bridge) by extension 'ignore'
[0.245s] Level 1:colcon.colcon_core.package_identification:_identify(ddt_ros2_ws/ddt_ros2_control/simulation/gazebo_bridge) by extension 'ignore_ament_install'
[0.245s] Level 1:colcon.colcon_core.package_identification:_identify(ddt_ros2_ws/ddt_ros2_control/simulation/gazebo_bridge) by extensions ['colcon_pkg']
[0.245s] Level 1:colcon.colcon_core.package_identification:_identify(ddt_ros2_ws/ddt_ros2_control/simulation/gazebo_bridge) by extension 'colcon_pkg'
[0.245s] Level 1:colcon.colcon_core.package_identification:_identify(ddt_ros2_ws/ddt_ros2_control/simulation/gazebo_bridge) by extensions ['colcon_meta']
[0.245s] Level 1:colcon.colcon_core.package_identification:_identify(ddt_ros2_ws/ddt_ros2_control/simulation/gazebo_bridge) by extension 'colcon_meta'
[0.245s] Level 1:colcon.colcon_core.package_identification:_identify(ddt_ros2_ws/ddt_ros2_control/simulation/gazebo_bridge) by extensions ['ros']
[0.245s] Level 1:colcon.colcon_core.package_identification:_identify(ddt_ros2_ws/ddt_ros2_control/simulation/gazebo_bridge) by extension 'ros'
[0.245s] DEBUG:colcon.colcon_core.package_identification:Package 'ddt_ros2_ws/ddt_ros2_control/simulation/gazebo_bridge' with type 'ros.ament_cmake' and name 'gazebo_bridge'
[0.245s] Level 1:colcon.colcon_core.package_identification:_identify(ddt_ros2_ws/ddt_ros2_control/simulation/mujoco_bridge) by extensions ['ignore', 'ignore_ament_install']
[0.245s] Level 1:colcon.colcon_core.package_identification:_identify(ddt_ros2_ws/ddt_ros2_control/simulation/mujoco_bridge) by extension 'ignore'
[0.246s] Level 1:colcon.colcon_core.package_identification:_identify(ddt_ros2_ws/ddt_ros2_control/simulation/mujoco_bridge) by extension 'ignore_ament_install'
[0.246s] Level 1:colcon.colcon_core.package_identification:_identify(ddt_ros2_ws/ddt_ros2_control/simulation/mujoco_bridge) by extensions ['colcon_pkg']
[0.246s] Level 1:colcon.colcon_core.package_identification:_identify(ddt_ros2_ws/ddt_ros2_control/simulation/mujoco_bridge) by extension 'colcon_pkg'
[0.246s] Level 1:colcon.colcon_core.package_identification:_identify(ddt_ros2_ws/ddt_ros2_control/simulation/mujoco_bridge) by extensions ['colcon_meta']
[0.246s] Level 1:colcon.colcon_core.package_identification:_identify(ddt_ros2_ws/ddt_ros2_control/simulation/mujoco_bridge) by extension 'colcon_meta'
[0.246s] Level 1:colcon.colcon_core.package_identification:_identify(ddt_ros2_ws/ddt_ros2_control/simulation/mujoco_bridge) by extensions ['ros']
[0.246s] Level 1:colcon.colcon_core.package_identification:_identify(ddt_ros2_ws/ddt_ros2_control/simulation/mujoco_bridge) by extension 'ros'
[0.246s] Level 1:colcon.colcon_core.package_identification:_identify(ddt_ros2_ws/ddt_ros2_control/simulation/mujoco_bridge) by extensions ['cmake', 'python']
[0.246s] Level 1:colcon.colcon_core.package_identification:_identify(ddt_ros2_ws/ddt_ros2_control/simulation/mujoco_bridge) by extension 'cmake'
[0.246s] Level 1:colcon.colcon_core.package_identification:_identify(ddt_ros2_ws/ddt_ros2_control/simulation/mujoco_bridge) by extension 'python'
[0.246s] Level 1:colcon.colcon_core.package_identification:_identify(ddt_ros2_ws/ddt_ros2_control/simulation/mujoco_bridge) by extensions ['python_setup_py']
[0.246s] Level 1:colcon.colcon_core.package_identification:_identify(ddt_ros2_ws/ddt_ros2_control/simulation/mujoco_bridge) by extension 'python_setup_py'
[0.246s] Level 1:colcon.colcon_core.package_identification:_identify(ddt_ros2_ws/ddt_ros2_control/simulation/mujoco_bridge/mujoco_bridge) by extensions ['ignore', 'ignore_ament_install']
[0.246s] Level 1:colcon.colcon_core.package_identification:_identify(ddt_ros2_ws/ddt_ros2_control/simulation/mujoco_bridge/mujoco_bridge) by extension 'ignore'
[0.246s] Level 1:colcon.colcon_core.package_identification:_identify(ddt_ros2_ws/ddt_ros2_control/simulation/mujoco_bridge/mujoco_bridge) by extension 'ignore_ament_install'
[0.246s] Level 1:colcon.colcon_core.package_identification:_identify(ddt_ros2_ws/ddt_ros2_control/simulation/mujoco_bridge/mujoco_bridge) by extensions ['colcon_pkg']
[0.246s] Level 1:colcon.colcon_core.package_identification:_identify(ddt_ros2_ws/ddt_ros2_control/simulation/mujoco_bridge/mujoco_bridge) by extension 'colcon_pkg'
[0.246s] Level 1:colcon.colcon_core.package_identification:_identify(ddt_ros2_ws/ddt_ros2_control/simulation/mujoco_bridge/mujoco_bridge) by extensions ['colcon_meta']
[0.246s] Level 1:colcon.colcon_core.package_identification:_identify(ddt_ros2_ws/ddt_ros2_control/simulation/mujoco_bridge/mujoco_bridge) by extension 'colcon_meta'
[0.246s] Level 1:colcon.colcon_core.package_identification:_identify(ddt_ros2_ws/ddt_ros2_control/simulation/mujoco_bridge/mujoco_bridge) by extensions ['ros']
[0.246s] Level 1:colcon.colcon_core.package_identification:_identify(ddt_ros2_ws/ddt_ros2_control/simulation/mujoco_bridge/mujoco_bridge) by extension 'ros'
[0.246s] DEBUG:colcon.colcon_core.package_identification:Package 'ddt_ros2_ws/ddt_ros2_control/simulation/mujoco_bridge/mujoco_bridge' with type 'ros.ament_cmake' and name 'mujoco_bridge'
[0.247s] Level 1:colcon.colcon_core.package_identification:_identify(ddt_ros2_ws/ddt_ros2_control/simulation/mujoco_bridge/mujoco_ros2_control) by extensions ['ignore', 'ignore_ament_install']
[0.247s] Level 1:colcon.colcon_core.package_identification:_identify(ddt_ros2_ws/ddt_ros2_control/simulation/mujoco_bridge/mujoco_ros2_control) by extension 'ignore'
[0.247s] Level 1:colcon.colcon_core.package_identification:_identify(ddt_ros2_ws/ddt_ros2_control/simulation/mujoco_bridge/mujoco_ros2_control) by extension 'ignore_ament_install'
[0.247s] Level 1:colcon.colcon_core.package_identification:_identify(ddt_ros2_ws/ddt_ros2_control/simulation/mujoco_bridge/mujoco_ros2_control) by extensions ['colcon_pkg']
[0.247s] Level 1:colcon.colcon_core.package_identification:_identify(ddt_ros2_ws/ddt_ros2_control/simulation/mujoco_bridge/mujoco_ros2_control) by extension 'colcon_pkg'
[0.247s] Level 1:colcon.colcon_core.package_identification:_identify(ddt_ros2_ws/ddt_ros2_control/simulation/mujoco_bridge/mujoco_ros2_control) by extensions ['colcon_meta']
[0.247s] Level 1:colcon.colcon_core.package_identification:_identify(ddt_ros2_ws/ddt_ros2_control/simulation/mujoco_bridge/mujoco_ros2_control) by extension 'colcon_meta'
[0.247s] Level 1:colcon.colcon_core.package_identification:_identify(ddt_ros2_ws/ddt_ros2_control/simulation/mujoco_bridge/mujoco_ros2_control) by extensions ['ros']
[0.247s] Level 1:colcon.colcon_core.package_identification:_identify(ddt_ros2_ws/ddt_ros2_control/simulation/mujoco_bridge/mujoco_ros2_control) by extension 'ros'
[0.248s] DEBUG:colcon.colcon_core.package_identification:Package 'ddt_ros2_ws/ddt_ros2_control/simulation/mujoco_bridge/mujoco_ros2_control' with type 'ros.ament_cmake' and name 'mujoco_ros2_control'
[0.248s] Level 1:colcon.colcon_core.package_identification:_identify(ddt_ros2_ws/ddt_ros2_control/simulation/mujoco_bridge/mujoco_sim_ros2) by extensions ['ignore', 'ignore_ament_install']
[0.248s] Level 1:colcon.colcon_core.package_identification:_identify(ddt_ros2_ws/ddt_ros2_control/simulation/mujoco_bridge/mujoco_sim_ros2) by extension 'ignore'
[0.248s] Level 1:colcon.colcon_core.package_identification:_identify(ddt_ros2_ws/ddt_ros2_control/simulation/mujoco_bridge/mujoco_sim_ros2) by extension 'ignore_ament_install'
[0.248s] Level 1:colcon.colcon_core.package_identification:_identify(ddt_ros2_ws/ddt_ros2_control/simulation/mujoco_bridge/mujoco_sim_ros2) by extensions ['colcon_pkg']
[0.248s] Level 1:colcon.colcon_core.package_identification:_identify(ddt_ros2_ws/ddt_ros2_control/simulation/mujoco_bridge/mujoco_sim_ros2) by extension 'colcon_pkg'
[0.248s] Level 1:colcon.colcon_core.package_identification:_identify(ddt_ros2_ws/ddt_ros2_control/simulation/mujoco_bridge/mujoco_sim_ros2) by extensions ['colcon_meta']
[0.248s] Level 1:colcon.colcon_core.package_identification:_identify(ddt_ros2_ws/ddt_ros2_control/simulation/mujoco_bridge/mujoco_sim_ros2) by extension 'colcon_meta'
[0.248s] Level 1:colcon.colcon_core.package_identification:_identify(ddt_ros2_ws/ddt_ros2_control/simulation/mujoco_bridge/mujoco_sim_ros2) by extensions ['ros']
[0.248s] Level 1:colcon.colcon_core.package_identification:_identify(ddt_ros2_ws/ddt_ros2_control/simulation/mujoco_bridge/mujoco_sim_ros2) by extension 'ros'
[0.249s] DEBUG:colcon.colcon_core.package_identification:Package 'ddt_ros2_ws/ddt_ros2_control/simulation/mujoco_bridge/mujoco_sim_ros2' with type 'ros.ament_cmake' and name 'mujoco_sim_ros2'
[0.249s] Level 1:colcon.colcon_core.package_identification:_identify(ddt_ros2_ws/ddt_ros2_control/simulation/webots_bridge) by extensions ['ignore', 'ignore_ament_install']
[0.249s] Level 1:colcon.colcon_core.package_identification:_identify(ddt_ros2_ws/ddt_ros2_control/simulation/webots_bridge) by extension 'ignore'
[0.249s] Level 1:colcon.colcon_core.package_identification:_identify(ddt_ros2_ws/ddt_ros2_control/simulation/webots_bridge) by extension 'ignore_ament_install'
[0.249s] Level 1:colcon.colcon_core.package_identification:_identify(ddt_ros2_ws/ddt_ros2_control/simulation/webots_bridge) by extensions ['colcon_pkg']
[0.249s] Level 1:colcon.colcon_core.package_identification:_identify(ddt_ros2_ws/ddt_ros2_control/simulation/webots_bridge) by extension 'colcon_pkg'
[0.249s] Level 1:colcon.colcon_core.package_identification:_identify(ddt_ros2_ws/ddt_ros2_control/simulation/webots_bridge) by extensions ['colcon_meta']
[0.249s] Level 1:colcon.colcon_core.package_identification:_identify(ddt_ros2_ws/ddt_ros2_control/simulation/webots_bridge) by extension 'colcon_meta'
[0.249s] Level 1:colcon.colcon_core.package_identification:_identify(ddt_ros2_ws/ddt_ros2_control/simulation/webots_bridge) by extensions ['ros']
[0.249s] Level 1:colcon.colcon_core.package_identification:_identify(ddt_ros2_ws/ddt_ros2_control/simulation/webots_bridge) by extension 'ros'
[0.250s] DEBUG:colcon.colcon_core.package_identification:Package 'ddt_ros2_ws/ddt_ros2_control/simulation/webots_bridge' with type 'ros.ament_cmake' and name 'webots_bridge'
[0.250s] Level 1:colcon.colcon_core.package_identification:_identify(ddt_ros2_ws/ddt_ros2_control/urdfs) by extensions ['ignore', 'ignore_ament_install']
[0.250s] Level 1:colcon.colcon_core.package_identification:_identify(ddt_ros2_ws/ddt_ros2_control/urdfs) by extension 'ignore'
[0.250s] Level 1:colcon.colcon_core.package_identification:_identify(ddt_ros2_ws/ddt_ros2_control/urdfs) by extension 'ignore_ament_install'
[0.250s] Level 1:colcon.colcon_core.package_identification:_identify(ddt_ros2_ws/ddt_ros2_control/urdfs) by extensions ['colcon_pkg']
[0.250s] Level 1:colcon.colcon_core.package_identification:_identify(ddt_ros2_ws/ddt_ros2_control/urdfs) by extension 'colcon_pkg'
[0.250s] Level 1:colcon.colcon_core.package_identification:_identify(ddt_ros2_ws/ddt_ros2_control/urdfs) by extensions ['colcon_meta']
[0.250s] Level 1:colcon.colcon_core.package_identification:_identify(ddt_ros2_ws/ddt_ros2_control/urdfs) by extension 'colcon_meta'
[0.250s] Level 1:colcon.colcon_core.package_identification:_identify(ddt_ros2_ws/ddt_ros2_control/urdfs) by extensions ['ros']
[0.250s] Level 1:colcon.colcon_core.package_identification:_identify(ddt_ros2_ws/ddt_ros2_control/urdfs) by extension 'ros'
[0.250s] Level 1:colcon.colcon_core.package_identification:_identify(ddt_ros2_ws/ddt_ros2_control/urdfs) by extensions ['cmake', 'python']
[0.250s] Level 1:colcon.colcon_core.package_identification:_identify(ddt_ros2_ws/ddt_ros2_control/urdfs) by extension 'cmake'
[0.250s] Level 1:colcon.colcon_core.package_identification:_identify(ddt_ros2_ws/ddt_ros2_control/urdfs) by extension 'python'
[0.250s] Level 1:colcon.colcon_core.package_identification:_identify(ddt_ros2_ws/ddt_ros2_control/urdfs) by extensions ['python_setup_py']
[0.250s] Level 1:colcon.colcon_core.package_identification:_identify(ddt_ros2_ws/ddt_ros2_control/urdfs) by extension 'python_setup_py'
[0.250s] Level 1:colcon.colcon_core.package_identification:_identify(ddt_ros2_ws/ddt_ros2_control/urdfs/d1_description) by extensions ['ignore', 'ignore_ament_install']
[0.250s] Level 1:colcon.colcon_core.package_identification:_identify(ddt_ros2_ws/ddt_ros2_control/urdfs/d1_description) by extension 'ignore'
[0.250s] Level 1:colcon.colcon_core.package_identification:_identify(ddt_ros2_ws/ddt_ros2_control/urdfs/d1_description) by extension 'ignore_ament_install'
[0.250s] Level 1:colcon.colcon_core.package_identification:_identify(ddt_ros2_ws/ddt_ros2_control/urdfs/d1_description) by extensions ['colcon_pkg']
[0.250s] Level 1:colcon.colcon_core.package_identification:_identify(ddt_ros2_ws/ddt_ros2_control/urdfs/d1_description) by extension 'colcon_pkg'
[0.250s] Level 1:colcon.colcon_core.package_identification:_identify(ddt_ros2_ws/ddt_ros2_control/urdfs/d1_description) by extensions ['colcon_meta']
[0.250s] Level 1:colcon.colcon_core.package_identification:_identify(ddt_ros2_ws/ddt_ros2_control/urdfs/d1_description) by extension 'colcon_meta'
[0.250s] Level 1:colcon.colcon_core.package_identification:_identify(ddt_ros2_ws/ddt_ros2_control/urdfs/d1_description) by extensions ['ros']
[0.250s] Level 1:colcon.colcon_core.package_identification:_identify(ddt_ros2_ws/ddt_ros2_control/urdfs/d1_description) by extension 'ros'
[0.253s] DEBUG:colcon.colcon_core.package_identification:Package 'ddt_ros2_ws/ddt_ros2_control/urdfs/d1_description' with type 'ros.ament_cmake' and name 'd1_description'
[0.253s] Level 1:colcon.colcon_core.package_identification:_identify(ddt_ros2_ws/ddt_ros2_control/urdfs/d1h_description) by extensions ['ignore', 'ignore_ament_install']
[0.253s] Level 1:colcon.colcon_core.package_identification:_identify(ddt_ros2_ws/ddt_ros2_control/urdfs/d1h_description) by extension 'ignore'
[0.254s] Level 1:colcon.colcon_core.package_identification:_identify(ddt_ros2_ws/ddt_ros2_control/urdfs/d1h_description) by extension 'ignore_ament_install'
[0.254s] Level 1:colcon.colcon_core.package_identification:_identify(ddt_ros2_ws/ddt_ros2_control/urdfs/d1h_description) by extensions ['colcon_pkg']
[0.254s] Level 1:colcon.colcon_core.package_identification:_identify(ddt_ros2_ws/ddt_ros2_control/urdfs/d1h_description) by extension 'colcon_pkg'
[0.254s] Level 1:colcon.colcon_core.package_identification:_identify(ddt_ros2_ws/ddt_ros2_control/urdfs/d1h_description) by extensions ['colcon_meta']
[0.254s] Level 1:colcon.colcon_core.package_identification:_identify(ddt_ros2_ws/ddt_ros2_control/urdfs/d1h_description) by extension 'colcon_meta'
[0.254s] Level 1:colcon.colcon_core.package_identification:_identify(ddt_ros2_ws/ddt_ros2_control/urdfs/d1h_description) by extensions ['ros']
[0.254s] Level 1:colcon.colcon_core.package_identification:_identify(ddt_ros2_ws/ddt_ros2_control/urdfs/d1h_description) by extension 'ros'
[0.256s] DEBUG:colcon.colcon_core.package_identification:Package 'ddt_ros2_ws/ddt_ros2_control/urdfs/d1h_description' with type 'ros.ament_cmake' and name 'd1h_description'
[0.256s] Level 1:colcon.colcon_core.package_identification:_identify(ddt_ros2_ws/ddt_ros2_control/urdfs/tita_description) by extensions ['ignore', 'ignore_ament_install']
[0.256s] Level 1:colcon.colcon_core.package_identification:_identify(ddt_ros2_ws/ddt_ros2_control/urdfs/tita_description) by extension 'ignore'
[0.256s] Level 1:colcon.colcon_core.package_identification:_identify(ddt_ros2_ws/ddt_ros2_control/urdfs/tita_description) by extension 'ignore_ament_install'
[0.256s] Level 1:colcon.colcon_core.package_identification:_identify(ddt_ros2_ws/ddt_ros2_control/urdfs/tita_description) by extensions ['colcon_pkg']
[0.256s] Level 1:colcon.colcon_core.package_identification:_identify(ddt_ros2_ws/ddt_ros2_control/urdfs/tita_description) by extension 'colcon_pkg'
[0.256s] Level 1:colcon.colcon_core.package_identification:_identify(ddt_ros2_ws/ddt_ros2_control/urdfs/tita_description) by extensions ['colcon_meta']
[0.256s] Level 1:colcon.colcon_core.package_identification:_identify(ddt_ros2_ws/ddt_ros2_control/urdfs/tita_description) by extension 'colcon_meta'
[0.256s] Level 1:colcon.colcon_core.package_identification:_identify(ddt_ros2_ws/ddt_ros2_control/urdfs/tita_description) by extensions ['ros']
[0.256s] Level 1:colcon.colcon_core.package_identification:_identify(ddt_ros2_ws/ddt_ros2_control/urdfs/tita_description) by extension 'ros'
[0.258s] DEBUG:colcon.colcon_core.package_identification:Package 'ddt_ros2_ws/ddt_ros2_control/urdfs/tita_description' with type 'ros.ament_cmake' and name 'tita_description'
[0.258s] Level 1:colcon.colcon_core.package_identification:_identify(ddt_ros2_ws/ddt_ros2_control/urdfs/titatit_description) by extensions ['ignore', 'ignore_ament_install']
[0.258s] Level 1:colcon.colcon_core.package_identification:_identify(ddt_ros2_ws/ddt_ros2_control/urdfs/titatit_description) by extension 'ignore'
[0.258s] Level 1:colcon.colcon_core.package_identification:_identify(ddt_ros2_ws/ddt_ros2_control/urdfs/titatit_description) by extension 'ignore_ament_install'
[0.259s] Level 1:colcon.colcon_core.package_identification:_identify(ddt_ros2_ws/ddt_ros2_control/urdfs/titatit_description) by extensions ['colcon_pkg']
[0.259s] Level 1:colcon.colcon_core.package_identification:_identify(ddt_ros2_ws/ddt_ros2_control/urdfs/titatit_description) by extension 'colcon_pkg'
[0.259s] Level 1:colcon.colcon_core.package_identification:_identify(ddt_ros2_ws/ddt_ros2_control/urdfs/titatit_description) by extensions ['colcon_meta']
[0.259s] Level 1:colcon.colcon_core.package_identification:_identify(ddt_ros2_ws/ddt_ros2_control/urdfs/titatit_description) by extension 'colcon_meta'
[0.259s] Level 1:colcon.colcon_core.package_identification:_identify(ddt_ros2_ws/ddt_ros2_control/urdfs/titatit_description) by extensions ['ros']
[0.259s] Level 1:colcon.colcon_core.package_identification:_identify(ddt_ros2_ws/ddt_ros2_control/urdfs/titatit_description) by extension 'ros'
[0.261s] DEBUG:colcon.colcon_core.package_identification:Package 'ddt_ros2_ws/ddt_ros2_control/urdfs/titatit_description' with type 'ros.ament_cmake' and name 'titatit_description'
[0.261s] Level 1:colcon.colcon_core.package_identification:_identify(ddt_ros2_ws/install) by extensions ['ignore', 'ignore_ament_install']
[0.261s] Level 1:colcon.colcon_core.package_identification:_identify(ddt_ros2_ws/install) by extension 'ignore'
[0.261s] Level 1:colcon.colcon_core.package_identification:_identify(ddt_ros2_ws/install) ignored
[0.261s] Level 1:colcon.colcon_core.package_identification:_identify(ddt_ros2_ws/log) by extensions ['ignore', 'ignore_ament_install']
[0.261s] Level 1:colcon.colcon_core.package_identification:_identify(ddt_ros2_ws/log) by extension 'ignore'
[0.261s] Level 1:colcon.colcon_core.package_identification:_identify(ddt_ros2_ws/log) ignored
[0.261s] Level 1:colcon.colcon_core.package_identification:_identify(ddt_ros2_ws/mujoco) by extensions ['ignore', 'ignore_ament_install']
[0.261s] Level 1:colcon.colcon_core.package_identification:_identify(ddt_ros2_ws/mujoco) by extension 'ignore'
[0.261s] Level 1:colcon.colcon_core.package_identification:_identify(ddt_ros2_ws/mujoco) by extension 'ignore_ament_install'
[0.261s] Level 1:colcon.colcon_core.package_identification:_identify(ddt_ros2_ws/mujoco) by extensions ['colcon_pkg']
[0.261s] Level 1:colcon.colcon_core.package_identification:_identify(ddt_ros2_ws/mujoco) by extension 'colcon_pkg'
[0.261s] Level 1:colcon.colcon_core.package_identification:_identify(ddt_ros2_ws/mujoco) by extensions ['colcon_meta']
[0.261s] Level 1:colcon.colcon_core.package_identification:_identify(ddt_ros2_ws/mujoco) by extension 'colcon_meta'
[0.261s] Level 1:colcon.colcon_core.package_identification:_identify(ddt_ros2_ws/mujoco) by extensions ['ros']
[0.261s] Level 1:colcon.colcon_core.package_identification:_identify(ddt_ros2_ws/mujoco) by extension 'ros'
[0.261s] Level 1:colcon.colcon_core.package_identification:_identify(ddt_ros2_ws/mujoco) by extensions ['cmake', 'python']
[0.261s] Level 1:colcon.colcon_core.package_identification:_identify(ddt_ros2_ws/mujoco) by extension 'cmake'
[0.273s] Level 1:colcon.colcon_core.package_identification:_identify(ddt_ros2_ws/mujoco) by extension 'python'
[0.273s] DEBUG:colcon.colcon_core.package_identification:Package 'ddt_ros2_ws/mujoco' with type 'cmake' and name 'mujoco'
[0.274s] Level 1:colcon.colcon_core.package_identification:_identify(install) by extensions ['ignore', 'ignore_ament_install']
[0.274s] Level 1:colcon.colcon_core.package_identification:_identify(install) by extension 'ignore'
[0.274s] Level 1:colcon.colcon_core.package_identification:_identify(install) ignored
[0.274s] Level 1:colcon.colcon_core.package_identification:_identify(log) by extensions ['ignore', 'ignore_ament_install']
[0.274s] Level 1:colcon.colcon_core.package_identification:_identify(log) by extension 'ignore'
[0.274s] Level 1:colcon.colcon_core.package_identification:_identify(log) ignored
[0.274s] Level 1:colcon.colcon_core.package_identification:_identify(onnxruntime-linux-x64-1.10.0) by extensions ['ignore', 'ignore_ament_install']
[0.274s] Level 1:colcon.colcon_core.package_identification:_identify(onnxruntime-linux-x64-1.10.0) by extension 'ignore'
[0.274s] Level 1:colcon.colcon_core.package_identification:_identify(onnxruntime-linux-x64-1.10.0) by extension 'ignore_ament_install'
[0.274s] Level 1:colcon.colcon_core.package_identification:_identify(onnxruntime-linux-x64-1.10.0) by extensions ['colcon_pkg']
[0.274s] Level 1:colcon.colcon_core.package_identification:_identify(onnxruntime-linux-x64-1.10.0) by extension 'colcon_pkg'
[0.274s] Level 1:colcon.colcon_core.package_identification:_identify(onnxruntime-linux-x64-1.10.0) by extensions ['colcon_meta']
[0.274s] Level 1:colcon.colcon_core.package_identification:_identify(onnxruntime-linux-x64-1.10.0) by extension 'colcon_meta'
[0.274s] Level 1:colcon.colcon_core.package_identification:_identify(onnxruntime-linux-x64-1.10.0) by extensions ['ros']
[0.274s] Level 1:colcon.colcon_core.package_identification:_identify(onnxruntime-linux-x64-1.10.0) by extension 'ros'
[0.274s] Level 1:colcon.colcon_core.package_identification:_identify(onnxruntime-linux-x64-1.10.0) by extensions ['cmake', 'python']
[0.274s] Level 1:colcon.colcon_core.package_identification:_identify(onnxruntime-linux-x64-1.10.0) by extension 'cmake'
[0.274s] Level 1:colcon.colcon_core.package_identification:_identify(onnxruntime-linux-x64-1.10.0) by extension 'python'
[0.274s] Level 1:colcon.colcon_core.package_identification:_identify(onnxruntime-linux-x64-1.10.0) by extensions ['python_setup_py']
[0.274s] Level 1:colcon.colcon_core.package_identification:_identify(onnxruntime-linux-x64-1.10.0) by extension 'python_setup_py'
[0.274s] Level 1:colcon.colcon_core.package_identification:_identify(onnxruntime-linux-x64-1.10.0/include) by extensions ['ignore', 'ignore_ament_install']
[0.274s] Level 1:colcon.colcon_core.package_identification:_identify(onnxruntime-linux-x64-1.10.0/include) by extension 'ignore'
[0.274s] Level 1:colcon.colcon_core.package_identification:_identify(onnxruntime-linux-x64-1.10.0/include) by extension 'ignore_ament_install'
[0.274s] Level 1:colcon.colcon_core.package_identification:_identify(onnxruntime-linux-x64-1.10.0/include) by extensions ['colcon_pkg']
[0.274s] Level 1:colcon.colcon_core.package_identification:_identify(onnxruntime-linux-x64-1.10.0/include) by extension 'colcon_pkg'
[0.274s] Level 1:colcon.colcon_core.package_identification:_identify(onnxruntime-linux-x64-1.10.0/include) by extensions ['colcon_meta']
[0.274s] Level 1:colcon.colcon_core.package_identification:_identify(onnxruntime-linux-x64-1.10.0/include) by extension 'colcon_meta'
[0.274s] Level 1:colcon.colcon_core.package_identification:_identify(onnxruntime-linux-x64-1.10.0/include) by extensions ['ros']
[0.274s] Level 1:colcon.colcon_core.package_identification:_identify(onnxruntime-linux-x64-1.10.0/include) by extension 'ros'
[0.275s] Level 1:colcon.colcon_core.package_identification:_identify(onnxruntime-linux-x64-1.10.0/include) by extensions ['cmake', 'python']
[0.275s] Level 1:colcon.colcon_core.package_identification:_identify(onnxruntime-linux-x64-1.10.0/include) by extension 'cmake'
[0.275s] Level 1:colcon.colcon_core.package_identification:_identify(onnxruntime-linux-x64-1.10.0/include) by extension 'python'
[0.275s] Level 1:colcon.colcon_core.package_identification:_identify(onnxruntime-linux-x64-1.10.0/include) by extensions ['python_setup_py']
[0.275s] Level 1:colcon.colcon_core.package_identification:_identify(onnxruntime-linux-x64-1.10.0/include) by extension 'python_setup_py'
[0.275s] Level 1:colcon.colcon_core.package_identification:_identify(onnxruntime-linux-x64-1.10.0/lib) by extensions ['ignore', 'ignore_ament_install']
[0.275s] Level 1:colcon.colcon_core.package_identification:_identify(onnxruntime-linux-x64-1.10.0/lib) by extension 'ignore'
[0.275s] Level 1:colcon.colcon_core.package_identification:_identify(onnxruntime-linux-x64-1.10.0/lib) by extension 'ignore_ament_install'
[0.275s] Level 1:colcon.colcon_core.package_identification:_identify(onnxruntime-linux-x64-1.10.0/lib) by extensions ['colcon_pkg']
[0.275s] Level 1:colcon.colcon_core.package_identification:_identify(onnxruntime-linux-x64-1.10.0/lib) by extension 'colcon_pkg'
[0.275s] Level 1:colcon.colcon_core.package_identification:_identify(onnxruntime-linux-x64-1.10.0/lib) by extensions ['colcon_meta']
[0.275s] Level 1:colcon.colcon_core.package_identification:_identify(onnxruntime-linux-x64-1.10.0/lib) by extension 'colcon_meta'
[0.275s] Level 1:colcon.colcon_core.package_identification:_identify(onnxruntime-linux-x64-1.10.0/lib) by extensions ['ros']
[0.275s] Level 1:colcon.colcon_core.package_identification:_identify(onnxruntime-linux-x64-1.10.0/lib) by extension 'ros'
[0.275s] Level 1:colcon.colcon_core.package_identification:_identify(onnxruntime-linux-x64-1.10.0/lib) by extensions ['cmake', 'python']
[0.275s] Level 1:colcon.colcon_core.package_identification:_identify(onnxruntime-linux-x64-1.10.0/lib) by extension 'cmake'
[0.275s] Level 1:colcon.colcon_core.package_identification:_identify(onnxruntime-linux-x64-1.10.0/lib) by extension 'python'
[0.275s] Level 1:colcon.colcon_core.package_identification:_identify(onnxruntime-linux-x64-1.10.0/lib) by extensions ['python_setup_py']
[0.275s] Level 1:colcon.colcon_core.package_identification:_identify(onnxruntime-linux-x64-1.10.0/lib) by extension 'python_setup_py'
[0.275s] Level 1:colcon.colcon_core.package_discovery:discover_packages(recursive) using defaults
[0.275s] Level 1:colcon.colcon_core.package_discovery:discover_packages(ignore) discover
[0.275s] Level 1:colcon.colcon_core.package_discovery:discover_packages(ignore) using defaults
[0.275s] Level 1:colcon.colcon_core.package_discovery:discover_packages(path) discover
[0.275s] Level 1:colcon.colcon_core.package_discovery:discover_packages(path) using defaults
[0.292s] INFO:colcon.colcon_core.package_selection:Skipping package 'mujoco_bridge' in 'ddt_ros2_ws/ddt_ros2_control/simulation/mujoco_bridge/mujoco_bridge'
[0.292s] INFO:colcon.colcon_core.package_selection:Skipping package 'mujoco_ros2_control' in 'ddt_ros2_ws/ddt_ros2_control/simulation/mujoco_bridge/mujoco_ros2_control'
[0.292s] INFO:colcon.colcon_core.package_selection:Skipping package 'teleop_command' in 'ddt_ros2_ws/ddt_ros2_control/interaction/teleop_command'
[0.292s] INFO:colcon.colcon_core.package_selection:Skipping package 'rl_controller' in 'ddt_ros2_ws/ddt_ros2_control/controller/rl_controller'
[0.292s] INFO:colcon.colcon_core.package_selection:Skipping package 'mujoco_sim_ros2' in 'ddt_ros2_ws/ddt_ros2_control/simulation/mujoco_bridge/mujoco_sim_ros2'
[0.292s] INFO:colcon.colcon_core.package_selection:Skipping package 'keyboard_controller' in 'ddt_ros2_ws/ddt_ros2_control/interaction/keyboard_controller'
[0.292s] INFO:colcon.colcon_core.package_selection:Skipping package 'gazebo_bridge' in 'ddt_ros2_ws/ddt_ros2_control/simulation/gazebo_bridge'
[0.292s] INFO:colcon.colcon_core.package_selection:Skipping package 'webots_bridge' in 'ddt_ros2_ws/ddt_ros2_control/simulation/webots_bridge'
[0.292s] INFO:colcon.colcon_core.package_selection:Skipping package 'titatit_description' in 'ddt_ros2_ws/ddt_ros2_control/urdfs/titatit_description'
[0.292s] INFO:colcon.colcon_core.package_selection:Skipping package 'tita_description' in 'ddt_ros2_ws/ddt_ros2_control/urdfs/tita_description'
[0.292s] INFO:colcon.colcon_core.package_selection:Skipping package 'ros_utils' in 'ddt_ros2_ws/ddt_ros2_control/ros_utils'
[0.292s] INFO:colcon.colcon_core.package_selection:Skipping package 'mujoco' in 'ddt_ros2_ws/mujoco'
[0.292s] INFO:colcon.colcon_core.package_selection:Skipping package 'd1h_description' in 'ddt_ros2_ws/ddt_ros2_control/urdfs/d1h_description'
[0.292s] INFO:colcon.colcon_core.package_selection:Skipping package 'd1_description' in 'ddt_ros2_ws/ddt_ros2_control/urdfs/d1_description'
[0.292s] Level 1:colcon.colcon_core.package_discovery:discover_packages(prefix_path) check parameters
[0.292s] Level 1:colcon.colcon_core.package_discovery:discover_packages(prefix_path) discover
[0.294s] DEBUG:colcon.colcon_installed_package_information.package_discovery:Found 443 installed packages in /opt/ros/humble
[0.296s] Level 1:colcon.colcon_core.package_discovery:discover_packages(prefix_path) using defaults
[0.334s] Level 5:colcon.colcon_core.verb:set package 'tita_robot' build argument 'cmake_args' from command line to 'None'
[0.334s] Level 5:colcon.colcon_core.verb:set package 'tita_robot' build argument 'cmake_target' from command line to 'None'
[0.334s] Level 5:colcon.colcon_core.verb:set package 'tita_robot' build argument 'cmake_target_skip_unavailable' from command line to 'False'
[0.334s] Level 5:colcon.colcon_core.verb:set package 'tita_robot' build argument 'cmake_clean_cache' from command line to 'False'
[0.334s] Level 5:colcon.colcon_core.verb:set package 'tita_robot' build argument 'cmake_clean_first' from command line to 'False'
[0.334s] Level 5:colcon.colcon_core.verb:set package 'tita_robot' build argument 'cmake_force_configure' from command line to 'False'
[0.334s] Level 5:colcon.colcon_core.verb:set package 'tita_robot' build argument 'ament_cmake_args' from command line to 'None'
[0.334s] Level 5:colcon.colcon_core.verb:set package 'tita_robot' build argument 'catkin_cmake_args' from command line to 'None'
[0.334s] Level 5:colcon.colcon_core.verb:set package 'tita_robot' build argument 'catkin_skip_building_tests' from command line to 'False'
[0.334s] DEBUG:colcon.colcon_core.verb:Building package 'tita_robot' with the following arguments: {'ament_cmake_args': None, 'build_base': '/home/aiseon/tita/sim2sim2real/build/tita_robot', 'catkin_cmake_args': None, 'catkin_skip_building_tests': False, 'cmake_args': None, 'cmake_clean_cache': False, 'cmake_clean_first': False, 'cmake_force_configure': False, 'cmake_target': None, 'cmake_target_skip_unavailable': False, 'install_base': '/home/aiseon/tita/sim2sim2real/install/tita_robot', 'merge_install': False, 'path': '/home/aiseon/tita/sim2sim2real/ddt_ros2_ws/ddt_ros2_control/hardware/tita_robot', 'symlink_install': True, 'test_result_base': None}
[0.335s] Level 5:colcon.colcon_core.verb:set package 'hardware_bridge' build argument 'cmake_args' from command line to 'None'
[0.335s] Level 5:colcon.colcon_core.verb:set package 'hardware_bridge' build argument 'cmake_target' from command line to 'None'
[0.335s] Level 5:colcon.colcon_core.verb:set package 'hardware_bridge' build argument 'cmake_target_skip_unavailable' from command line to 'False'
[0.335s] Level 5:colcon.colcon_core.verb:set package 'hardware_bridge' build argument 'cmake_clean_cache' from command line to 'False'
[0.335s] Level 5:colcon.colcon_core.verb:set package 'hardware_bridge' build argument 'cmake_clean_first' from command line to 'False'
[0.335s] Level 5:colcon.colcon_core.verb:set package 'hardware_bridge' build argument 'cmake_force_configure' from command line to 'False'
[0.335s] Level 5:colcon.colcon_core.verb:set package 'hardware_bridge' build argument 'ament_cmake_args' from command line to 'None'
[0.335s] Level 5:colcon.colcon_core.verb:set package 'hardware_bridge' build argument 'catkin_cmake_args' from command line to 'None'
[0.335s] Level 5:colcon.colcon_core.verb:set package 'hardware_bridge' build argument 'catkin_skip_building_tests' from command line to 'False'
[0.335s] DEBUG:colcon.colcon_core.verb:Building package 'hardware_bridge' with the following arguments: {'ament_cmake_args': None, 'build_base': '/home/aiseon/tita/sim2sim2real/build/hardware_bridge', 'catkin_cmake_args': None, 'catkin_skip_building_tests': False, 'cmake_args': None, 'cmake_clean_cache': False, 'cmake_clean_first': False, 'cmake_force_configure': False, 'cmake_target': None, 'cmake_target_skip_unavailable': False, 'install_base': '/home/aiseon/tita/sim2sim2real/install/hardware_bridge', 'merge_install': False, 'path': '/home/aiseon/tita/sim2sim2real/ddt_ros2_ws/ddt_ros2_control/hardware/hardware_bridge', 'symlink_install': True, 'test_result_base': None}
[0.335s] INFO:colcon.colcon_core.executor:Executing jobs using 'parallel' executor
[0.336s] DEBUG:colcon.colcon_parallel_executor.executor.parallel:run_until_complete
[0.336s] INFO:colcon.colcon_ros.task.ament_cmake.build:Building ROS package in '/home/aiseon/tita/sim2sim2real/ddt_ros2_ws/ddt_ros2_control/hardware/tita_robot' with build type 'ament_cmake'
[0.336s] INFO:colcon.colcon_cmake.task.cmake.build:Building CMake package in '/home/aiseon/tita/sim2sim2real/ddt_ros2_ws/ddt_ros2_control/hardware/tita_robot'
[0.338s] INFO:colcon.colcon_core.plugin_system:Skipping extension 'colcon_core.shell.bat': Not used on non-Windows systems
[0.339s] INFO:colcon.colcon_core.shell:Skip shell extension 'powershell' for command environment: Not usable outside of PowerShell
[0.339s] DEBUG:colcon.colcon_core.shell:Skip shell extension 'dsv' for command environment
[0.356s] DEBUG:colcon.colcon_core.event_handler.log_command:Invoking command in '/home/aiseon/tita/sim2sim2real/build/tita_robot': CMAKE_PREFIX_PATH=/opt/ros/humble /usr/bin/cmake --build /home/aiseon/tita/sim2sim2real/build/tita_robot -- -j192 -l192
[0.447s] DEBUG:colcon.colcon_core.event_handler.log_command:Invoked command in '/home/aiseon/tita/sim2sim2real/build/tita_robot' returned '0': CMAKE_PREFIX_PATH=/opt/ros/humble /usr/bin/cmake --build /home/aiseon/tita/sim2sim2real/build/tita_robot -- -j192 -l192
[0.457s] DEBUG:colcon.colcon_core.event_handler.log_command:Invoking command in '/home/aiseon/tita/sim2sim2real/build/tita_robot': CMAKE_PREFIX_PATH=/opt/ros/humble /usr/bin/cmake --install /home/aiseon/tita/sim2sim2real/build/tita_robot
[0.482s] Level 1:colcon.colcon_core.environment:create_environment_scripts_only(tita_robot)
[0.482s] DEBUG:colcon.colcon_core.event_handler.log_command:Invoked command in '/home/aiseon/tita/sim2sim2real/build/tita_robot' returned '0': CMAKE_PREFIX_PATH=/opt/ros/humble /usr/bin/cmake --install /home/aiseon/tita/sim2sim2real/build/tita_robot
[0.485s] Level 1:colcon.colcon_core.environment:checking '/home/aiseon/tita/sim2sim2real/install/tita_robot' for CMake module files
[0.486s] Level 1:colcon.colcon_core.environment:checking '/home/aiseon/tita/sim2sim2real/install/tita_robot' for CMake config files
[0.486s] Level 1:colcon.colcon_core.shell:create_environment_hook('tita_robot', 'cmake_prefix_path')
[0.486s] INFO:colcon.colcon_core.shell:Creating environment hook '/home/aiseon/tita/sim2sim2real/install/tita_robot/share/tita_robot/hook/cmake_prefix_path.ps1'
[0.487s] INFO:colcon.colcon_core.shell:Creating environment descriptor '/home/aiseon/tita/sim2sim2real/install/tita_robot/share/tita_robot/hook/cmake_prefix_path.dsv'
[0.487s] INFO:colcon.colcon_core.shell:Creating environment hook '/home/aiseon/tita/sim2sim2real/install/tita_robot/share/tita_robot/hook/cmake_prefix_path.sh'
[0.488s] Level 1:colcon.colcon_core.environment:checking '/home/aiseon/tita/sim2sim2real/install/tita_robot/lib'
[0.488s] Level 1:colcon.colcon_core.shell:create_environment_hook('tita_robot', 'ld_library_path_lib')
[0.488s] INFO:colcon.colcon_core.shell:Creating environment hook '/home/aiseon/tita/sim2sim2real/install/tita_robot/share/tita_robot/hook/ld_library_path_lib.ps1'
[0.489s] INFO:colcon.colcon_core.shell:Creating environment descriptor '/home/aiseon/tita/sim2sim2real/install/tita_robot/share/tita_robot/hook/ld_library_path_lib.dsv'
[0.489s] INFO:colcon.colcon_core.shell:Creating environment hook '/home/aiseon/tita/sim2sim2real/install/tita_robot/share/tita_robot/hook/ld_library_path_lib.sh'
[0.489s] Level 1:colcon.colcon_core.environment:checking '/home/aiseon/tita/sim2sim2real/install/tita_robot/bin'
[0.489s] Level 1:colcon.colcon_core.environment:checking '/home/aiseon/tita/sim2sim2real/install/tita_robot/lib/pkgconfig/tita_robot.pc'
[0.489s] Level 1:colcon.colcon_core.environment:checking '/home/aiseon/tita/sim2sim2real/install/tita_robot/lib/python3.10/site-packages'
[0.490s] Level 1:colcon.colcon_core.environment:checking '/home/aiseon/tita/sim2sim2real/install/tita_robot/bin'
[0.490s] INFO:colcon.colcon_core.shell:Creating package script '/home/aiseon/tita/sim2sim2real/install/tita_robot/share/tita_robot/package.ps1'
[0.490s] INFO:colcon.colcon_core.shell:Creating package descriptor '/home/aiseon/tita/sim2sim2real/install/tita_robot/share/tita_robot/package.dsv'
[0.491s] INFO:colcon.colcon_core.shell:Creating package script '/home/aiseon/tita/sim2sim2real/install/tita_robot/share/tita_robot/package.sh'
[0.491s] INFO:colcon.colcon_core.shell:Creating package script '/home/aiseon/tita/sim2sim2real/install/tita_robot/share/tita_robot/package.bash'
[0.492s] INFO:colcon.colcon_core.shell:Creating package script '/home/aiseon/tita/sim2sim2real/install/tita_robot/share/tita_robot/package.zsh'
[0.492s] Level 1:colcon.colcon_core.environment:create_file_with_runtime_dependencies(/home/aiseon/tita/sim2sim2real/install/tita_robot/share/colcon-core/packages/tita_robot)
[0.493s] Level 1:colcon.colcon_core.environment:create_environment_scripts_only(tita_robot)
[0.493s] Level 1:colcon.colcon_core.environment:checking '/home/aiseon/tita/sim2sim2real/install/tita_robot' for CMake module files
[0.493s] Level 1:colcon.colcon_core.environment:checking '/home/aiseon/tita/sim2sim2real/install/tita_robot' for CMake config files
[0.493s] Level 1:colcon.colcon_core.shell:create_environment_hook('tita_robot', 'cmake_prefix_path')
[0.494s] INFO:colcon.colcon_core.shell:Creating environment hook '/home/aiseon/tita/sim2sim2real/install/tita_robot/share/tita_robot/hook/cmake_prefix_path.ps1'
[0.494s] INFO:colcon.colcon_core.shell:Creating environment descriptor '/home/aiseon/tita/sim2sim2real/install/tita_robot/share/tita_robot/hook/cmake_prefix_path.dsv'
[0.494s] INFO:colcon.colcon_core.shell:Creating environment hook '/home/aiseon/tita/sim2sim2real/install/tita_robot/share/tita_robot/hook/cmake_prefix_path.sh'
[0.494s] Level 1:colcon.colcon_core.environment:checking '/home/aiseon/tita/sim2sim2real/install/tita_robot/lib'
[0.495s] Level 1:colcon.colcon_core.shell:create_environment_hook('tita_robot', 'ld_library_path_lib')
[0.495s] INFO:colcon.colcon_core.shell:Creating environment hook '/home/aiseon/tita/sim2sim2real/install/tita_robot/share/tita_robot/hook/ld_library_path_lib.ps1'
[0.495s] INFO:colcon.colcon_core.shell:Creating environment descriptor '/home/aiseon/tita/sim2sim2real/install/tita_robot/share/tita_robot/hook/ld_library_path_lib.dsv'
[0.495s] INFO:colcon.colcon_core.shell:Creating environment hook '/home/aiseon/tita/sim2sim2real/install/tita_robot/share/tita_robot/hook/ld_library_path_lib.sh'
[0.495s] Level 1:colcon.colcon_core.environment:checking '/home/aiseon/tita/sim2sim2real/install/tita_robot/bin'
[0.495s] Level 1:colcon.colcon_core.environment:checking '/home/aiseon/tita/sim2sim2real/install/tita_robot/lib/pkgconfig/tita_robot.pc'
[0.496s] Level 1:colcon.colcon_core.environment:checking '/home/aiseon/tita/sim2sim2real/install/tita_robot/lib/python3.10/site-packages'
[0.496s] Level 1:colcon.colcon_core.environment:checking '/home/aiseon/tita/sim2sim2real/install/tita_robot/bin'
[0.496s] INFO:colcon.colcon_core.shell:Creating package script '/home/aiseon/tita/sim2sim2real/install/tita_robot/share/tita_robot/package.ps1'
[0.497s] INFO:colcon.colcon_core.shell:Creating package descriptor '/home/aiseon/tita/sim2sim2real/install/tita_robot/share/tita_robot/package.dsv'
[0.497s] INFO:colcon.colcon_core.shell:Creating package script '/home/aiseon/tita/sim2sim2real/install/tita_robot/share/tita_robot/package.sh'
[0.497s] INFO:colcon.colcon_core.shell:Creating package script '/home/aiseon/tita/sim2sim2real/install/tita_robot/share/tita_robot/package.bash'
[0.498s] INFO:colcon.colcon_core.shell:Creating package script '/home/aiseon/tita/sim2sim2real/install/tita_robot/share/tita_robot/package.zsh'
[0.498s] Level 1:colcon.colcon_core.environment:create_file_with_runtime_dependencies(/home/aiseon/tita/sim2sim2real/install/tita_robot/share/colcon-core/packages/tita_robot)
[0.498s] INFO:colcon.colcon_ros.task.ament_cmake.build:Building ROS package in '/home/aiseon/tita/sim2sim2real/ddt_ros2_ws/ddt_ros2_control/hardware/hardware_bridge' with build type 'ament_cmake'
[0.498s] INFO:colcon.colcon_cmake.task.cmake.build:Building CMake package in '/home/aiseon/tita/sim2sim2real/ddt_ros2_ws/ddt_ros2_control/hardware/hardware_bridge'
[0.498s] INFO:colcon.colcon_core.shell:Skip shell extension 'powershell' for command environment: Not usable outside of PowerShell
[0.498s] DEBUG:colcon.colcon_core.shell:Skip shell extension 'dsv' for command environment
[0.521s] DEBUG:colcon.colcon_core.event_handler.log_command:Invoking command in '/home/aiseon/tita/sim2sim2real/build/hardware_bridge': AMENT_PREFIX_PATH=/home/aiseon/tita/sim2sim2real/install/tita_robot:${AMENT_PREFIX_PATH} CMAKE_PREFIX_PATH=/home/aiseon/tita/sim2sim2real/install/tita_robot:/opt/ros/humble LD_LIBRARY_PATH=/home/aiseon/tita/sim2sim2real/install/tita_robot/lib:${LD_LIBRARY_PATH} /usr/bin/cmake --build /home/aiseon/tita/sim2sim2real/build/hardware_bridge -- -j192 -l192
[0.625s] DEBUG:colcon.colcon_core.event_handler.log_command:Invoked command in '/home/aiseon/tita/sim2sim2real/build/hardware_bridge' returned '0': AMENT_PREFIX_PATH=/home/aiseon/tita/sim2sim2real/install/tita_robot:${AMENT_PREFIX_PATH} CMAKE_PREFIX_PATH=/home/aiseon/tita/sim2sim2real/install/tita_robot:/opt/ros/humble LD_LIBRARY_PATH=/home/aiseon/tita/sim2sim2real/install/tita_robot/lib:${LD_LIBRARY_PATH} /usr/bin/cmake --build /home/aiseon/tita/sim2sim2real/build/hardware_bridge -- -j192 -l192
[0.628s] DEBUG:colcon.colcon_core.event_handler.log_command:Invoking command in '/home/aiseon/tita/sim2sim2real/build/hardware_bridge': AMENT_PREFIX_PATH=/home/aiseon/tita/sim2sim2real/install/tita_robot:${AMENT_PREFIX_PATH} CMAKE_PREFIX_PATH=/home/aiseon/tita/sim2sim2real/install/tita_robot:/opt/ros/humble LD_LIBRARY_PATH=/home/aiseon/tita/sim2sim2real/install/tita_robot/lib:${LD_LIBRARY_PATH} /usr/bin/cmake --install /home/aiseon/tita/sim2sim2real/build/hardware_bridge
[0.656s] Level 1:colcon.colcon_core.environment:create_environment_scripts_only(hardware_bridge)
[0.656s] Level 1:colcon.colcon_core.environment:checking '/home/aiseon/tita/sim2sim2real/install/hardware_bridge' for CMake module files
[0.657s] DEBUG:colcon.colcon_core.event_handler.log_command:Invoked command in '/home/aiseon/tita/sim2sim2real/build/hardware_bridge' returned '0': AMENT_PREFIX_PATH=/home/aiseon/tita/sim2sim2real/install/tita_robot:${AMENT_PREFIX_PATH} CMAKE_PREFIX_PATH=/home/aiseon/tita/sim2sim2real/install/tita_robot:/opt/ros/humble LD_LIBRARY_PATH=/home/aiseon/tita/sim2sim2real/install/tita_robot/lib:${LD_LIBRARY_PATH} /usr/bin/cmake --install /home/aiseon/tita/sim2sim2real/build/hardware_bridge
[0.658s] Level 1:colcon.colcon_core.environment:checking '/home/aiseon/tita/sim2sim2real/install/hardware_bridge' for CMake config files
[0.658s] Level 1:colcon.colcon_core.shell:create_environment_hook('hardware_bridge', 'cmake_prefix_path')
[0.659s] INFO:colcon.colcon_core.shell:Creating environment hook '/home/aiseon/tita/sim2sim2real/install/hardware_bridge/share/hardware_bridge/hook/cmake_prefix_path.ps1'
[0.659s] INFO:colcon.colcon_core.shell:Creating environment descriptor '/home/aiseon/tita/sim2sim2real/install/hardware_bridge/share/hardware_bridge/hook/cmake_prefix_path.dsv'
[0.659s] INFO:colcon.colcon_core.shell:Creating environment hook '/home/aiseon/tita/sim2sim2real/install/hardware_bridge/share/hardware_bridge/hook/cmake_prefix_path.sh'
[0.660s] Level 1:colcon.colcon_core.environment:checking '/home/aiseon/tita/sim2sim2real/install/hardware_bridge/lib'
[0.660s] Level 1:colcon.colcon_core.shell:create_environment_hook('hardware_bridge', 'ld_library_path_lib')
[0.660s] INFO:colcon.colcon_core.shell:Creating environment hook '/home/aiseon/tita/sim2sim2real/install/hardware_bridge/share/hardware_bridge/hook/ld_library_path_lib.ps1'
[0.660s] INFO:colcon.colcon_core.shell:Creating environment descriptor '/home/aiseon/tita/sim2sim2real/install/hardware_bridge/share/hardware_bridge/hook/ld_library_path_lib.dsv'
[0.660s] INFO:colcon.colcon_core.shell:Creating environment hook '/home/aiseon/tita/sim2sim2real/install/hardware_bridge/share/hardware_bridge/hook/ld_library_path_lib.sh'
[0.661s] Level 1:colcon.colcon_core.environment:checking '/home/aiseon/tita/sim2sim2real/install/hardware_bridge/bin'
[0.661s] Level 1:colcon.colcon_core.environment:checking '/home/aiseon/tita/sim2sim2real/install/hardware_bridge/lib/pkgconfig/hardware_bridge.pc'
[0.661s] Level 1:colcon.colcon_core.environment:checking '/home/aiseon/tita/sim2sim2real/install/hardware_bridge/lib/python3.10/site-packages'
[0.661s] Level 1:colcon.colcon_core.environment:checking '/home/aiseon/tita/sim2sim2real/install/hardware_bridge/bin'
[0.661s] INFO:colcon.colcon_core.shell:Creating package script '/home/aiseon/tita/sim2sim2real/install/hardware_bridge/share/hardware_bridge/package.ps1'
[0.662s] INFO:colcon.colcon_core.shell:Creating package descriptor '/home/aiseon/tita/sim2sim2real/install/hardware_bridge/share/hardware_bridge/package.dsv'
[0.662s] INFO:colcon.colcon_core.shell:Creating package script '/home/aiseon/tita/sim2sim2real/install/hardware_bridge/share/hardware_bridge/package.sh'
[0.662s] INFO:colcon.colcon_core.shell:Creating package script '/home/aiseon/tita/sim2sim2real/install/hardware_bridge/share/hardware_bridge/package.bash'
[0.663s] INFO:colcon.colcon_core.shell:Creating package script '/home/aiseon/tita/sim2sim2real/install/hardware_bridge/share/hardware_bridge/package.zsh'
[0.663s] Level 1:colcon.colcon_core.environment:create_file_with_runtime_dependencies(/home/aiseon/tita/sim2sim2real/install/hardware_bridge/share/colcon-core/packages/hardware_bridge)
[0.663s] Level 1:colcon.colcon_core.environment:create_environment_scripts_only(hardware_bridge)
[0.663s] Level 1:colcon.colcon_core.environment:checking '/home/aiseon/tita/sim2sim2real/install/hardware_bridge' for CMake module files
[0.664s] Level 1:colcon.colcon_core.environment:checking '/home/aiseon/tita/sim2sim2real/install/hardware_bridge' for CMake config files
[0.664s] Level 1:colcon.colcon_core.shell:create_environment_hook('hardware_bridge', 'cmake_prefix_path')
[0.664s] INFO:colcon.colcon_core.shell:Creating environment hook '/home/aiseon/tita/sim2sim2real/install/hardware_bridge/share/hardware_bridge/hook/cmake_prefix_path.ps1'
[0.664s] INFO:colcon.colcon_core.shell:Creating environment descriptor '/home/aiseon/tita/sim2sim2real/install/hardware_bridge/share/hardware_bridge/hook/cmake_prefix_path.dsv'
[0.665s] INFO:colcon.colcon_core.shell:Creating environment hook '/home/aiseon/tita/sim2sim2real/install/hardware_bridge/share/hardware_bridge/hook/cmake_prefix_path.sh'
[0.665s] Level 1:colcon.colcon_core.environment:checking '/home/aiseon/tita/sim2sim2real/install/hardware_bridge/lib'
[0.665s] Level 1:colcon.colcon_core.shell:create_environment_hook('hardware_bridge', 'ld_library_path_lib')
[0.665s] INFO:colcon.colcon_core.shell:Creating environment hook '/home/aiseon/tita/sim2sim2real/install/hardware_bridge/share/hardware_bridge/hook/ld_library_path_lib.ps1'
[0.665s] INFO:colcon.colcon_core.shell:Creating environment descriptor '/home/aiseon/tita/sim2sim2real/install/hardware_bridge/share/hardware_bridge/hook/ld_library_path_lib.dsv'
[0.666s] INFO:colcon.colcon_core.shell:Creating environment hook '/home/aiseon/tita/sim2sim2real/install/hardware_bridge/share/hardware_bridge/hook/ld_library_path_lib.sh'
[0.666s] Level 1:colcon.colcon_core.environment:checking '/home/aiseon/tita/sim2sim2real/install/hardware_bridge/bin'
[0.666s] Level 1:colcon.colcon_core.environment:checking '/home/aiseon/tita/sim2sim2real/install/hardware_bridge/lib/pkgconfig/hardware_bridge.pc'
[0.666s] Level 1:colcon.colcon_core.environment:checking '/home/aiseon/tita/sim2sim2real/install/hardware_bridge/lib/python3.10/site-packages'
[0.666s] Level 1:colcon.colcon_core.environment:checking '/home/aiseon/tita/sim2sim2real/install/hardware_bridge/bin'
[0.667s] INFO:colcon.colcon_core.shell:Creating package script '/home/aiseon/tita/sim2sim2real/install/hardware_bridge/share/hardware_bridge/package.ps1'
[0.667s] INFO:colcon.colcon_core.shell:Creating package descriptor '/home/aiseon/tita/sim2sim2real/install/hardware_bridge/share/hardware_bridge/package.dsv'
[0.667s] INFO:colcon.colcon_core.shell:Creating package script '/home/aiseon/tita/sim2sim2real/install/hardware_bridge/share/hardware_bridge/package.sh'
[0.668s] INFO:colcon.colcon_core.shell:Creating package script '/home/aiseon/tita/sim2sim2real/install/hardware_bridge/share/hardware_bridge/package.bash'
[0.668s] INFO:colcon.colcon_core.shell:Creating package script '/home/aiseon/tita/sim2sim2real/install/hardware_bridge/share/hardware_bridge/package.zsh'
[0.668s] Level 1:colcon.colcon_core.environment:create_file_with_runtime_dependencies(/home/aiseon/tita/sim2sim2real/install/hardware_bridge/share/colcon-core/packages/hardware_bridge)
[0.668s] DEBUG:colcon.colcon_parallel_executor.executor.parallel:closing loop
[0.669s] DEBUG:colcon.colcon_parallel_executor.executor.parallel:loop closed
[0.669s] DEBUG:colcon.colcon_parallel_executor.executor.parallel:run_until_complete finished with '0'
[0.669s] DEBUG:colcon.colcon_core.event_reactor:joining thread
[0.674s] INFO:colcon.colcon_core.plugin_system:Skipping extension 'colcon_notification.desktop_notification.terminal_notifier': Not used on non-Darwin systems
[0.674s] INFO:colcon.colcon_core.plugin_system:Skipping extension 'colcon_notification.desktop_notification.win32': Not used on non-Windows systems
[0.674s] INFO:colcon.colcon_notification.desktop_notification:Sending desktop notification using 'notify2'
[0.684s] DEBUG:colcon.colcon_core.event_reactor:joined thread
[0.684s] INFO:colcon.colcon_core.shell:Creating prefix script '/home/aiseon/tita/sim2sim2real/install/local_setup.ps1'
[0.686s] INFO:colcon.colcon_core.shell:Creating prefix util module '/home/aiseon/tita/sim2sim2real/install/_local_setup_util_ps1.py'
[0.688s] INFO:colcon.colcon_core.shell:Creating prefix chain script '/home/aiseon/tita/sim2sim2real/install/setup.ps1'
[0.689s] INFO:colcon.colcon_core.shell:Creating prefix script '/home/aiseon/tita/sim2sim2real/install/local_setup.sh'
[0.689s] INFO:colcon.colcon_core.shell:Creating prefix util module '/home/aiseon/tita/sim2sim2real/install/_local_setup_util_sh.py'
[0.689s] INFO:colcon.colcon_core.shell:Creating prefix chain script '/home/aiseon/tita/sim2sim2real/install/setup.sh'
[0.690s] INFO:colcon.colcon_core.shell:Creating prefix script '/home/aiseon/tita/sim2sim2real/install/local_setup.bash'
[0.690s] INFO:colcon.colcon_core.shell:Creating prefix chain script '/home/aiseon/tita/sim2sim2real/install/setup.bash'
[0.691s] INFO:colcon.colcon_core.shell:Creating prefix script '/home/aiseon/tita/sim2sim2real/install/local_setup.zsh'
[0.691s] INFO:colcon.colcon_core.shell:Creating prefix chain script '/home/aiseon/tita/sim2sim2real/install/setup.zsh'
