[0.018s] Invoking command in '/home/aiseon/tita/sim2sim2real/ddt_ros2_ws/build/mujoco_sim_ros2': CMAKE_PREFIX_PATH=/opt/ros/humble /usr/bin/cmake --build /home/aiseon/tita/sim2sim2real/ddt_ros2_ws/build/mujoco_sim_ros2 -- -j192 -l192
[0.081s] [35m[1mConsolidate compiler generated dependencies of target lodepng[0m
[0.101s] [ 25%] Built target lodepng
[0.120s] [35m[1mConsolidate compiler generated dependencies of target mujoco_sim[0m
[0.154s] [100%] Built target mujoco_sim
[0.172s] Invoked command in '/home/aiseon/tita/sim2sim2real/ddt_ros2_ws/build/mujoco_sim_ros2' returned '0': CMAKE_PREFIX_PATH=/opt/ros/humble /usr/bin/cmake --build /home/aiseon/tita/sim2sim2real/ddt_ros2_ws/build/mujoco_sim_ros2 -- -j192 -l192
[0.186s] Invoking command in '/home/aiseon/tita/sim2sim2real/ddt_ros2_ws/build/mujoco_sim_ros2': CMAKE_PREFIX_PATH=/opt/ros/humble /usr/bin/cmake --install /home/aiseon/tita/sim2sim2real/ddt_ros2_ws/build/mujoco_sim_ros2
[0.194s] -- Install configuration: ""
[0.195s] -- Execute custom install script
[0.195s] -- Up-to-date symlink: /home/aiseon/tita/sim2sim2real/ddt_ros2_ws/install/mujoco_sim_ros2/include/mujoco_sim_ros2/mujoco_sim_ros2/mujoco_physics_plugin.hpp
[0.195s] -- Up-to-date symlink: /home/aiseon/tita/sim2sim2real/ddt_ros2_ws/install/mujoco_sim_ros2/lib/mujoco_sim_ros2/mujoco_sim
[0.195s] -- Up-to-date symlink: /home/aiseon/tita/sim2sim2real/ddt_ros2_ws/install/mujoco_sim_ros2/share/mujoco_sim_ros2/environment/library_path.sh
[0.195s] -- Up-to-date symlink: /home/aiseon/tita/sim2sim2real/ddt_ros2_ws/install/mujoco_sim_ros2/share/mujoco_sim_ros2/environment/library_path.dsv
[0.196s] -- Up-to-date symlink: /home/aiseon/tita/sim2sim2real/ddt_ros2_ws/install/mujoco_sim_ros2/share/ament_index/resource_index/package_run_dependencies/mujoco_sim_ros2
[0.196s] -- Up-to-date symlink: /home/aiseon/tita/sim2sim2real/ddt_ros2_ws/install/mujoco_sim_ros2/share/ament_index/resource_index/parent_prefix_path/mujoco_sim_ros2
[0.196s] -- Up-to-date symlink: /home/aiseon/tita/sim2sim2real/ddt_ros2_ws/install/mujoco_sim_ros2/share/mujoco_sim_ros2/environment/ament_prefix_path.sh
[0.196s] -- Up-to-date symlink: /home/aiseon/tita/sim2sim2real/ddt_ros2_ws/install/mujoco_sim_ros2/share/mujoco_sim_ros2/environment/ament_prefix_path.dsv
[0.196s] -- Up-to-date symlink: /home/aiseon/tita/sim2sim2real/ddt_ros2_ws/install/mujoco_sim_ros2/share/mujoco_sim_ros2/environment/path.sh
[0.196s] -- Up-to-date symlink: /home/aiseon/tita/sim2sim2real/ddt_ros2_ws/install/mujoco_sim_ros2/share/mujoco_sim_ros2/environment/path.dsv
[0.196s] -- Up-to-date symlink: /home/aiseon/tita/sim2sim2real/ddt_ros2_ws/install/mujoco_sim_ros2/share/mujoco_sim_ros2/local_setup.bash
[0.196s] -- Up-to-date symlink: /home/aiseon/tita/sim2sim2real/ddt_ros2_ws/install/mujoco_sim_ros2/share/mujoco_sim_ros2/local_setup.sh
[0.197s] -- Up-to-date symlink: /home/aiseon/tita/sim2sim2real/ddt_ros2_ws/install/mujoco_sim_ros2/share/mujoco_sim_ros2/local_setup.zsh
[0.197s] -- Up-to-date symlink: /home/aiseon/tita/sim2sim2real/ddt_ros2_ws/install/mujoco_sim_ros2/share/mujoco_sim_ros2/local_setup.dsv
[0.197s] -- Symlinking: /home/aiseon/tita/sim2sim2real/ddt_ros2_ws/install/mujoco_sim_ros2/share/mujoco_sim_ros2/package.dsv
[0.208s] -- Up-to-date symlink: /home/aiseon/tita/sim2sim2real/ddt_ros2_ws/install/mujoco_sim_ros2/share/ament_index/resource_index/packages/mujoco_sim_ros2
[0.209s] -- Up-to-date symlink: /home/aiseon/tita/sim2sim2real/ddt_ros2_ws/install/mujoco_sim_ros2/share/mujoco_sim_ros2/cmake/ament_cmake_export_targets-extras.cmake
[0.209s] -- Up-to-date symlink: /home/aiseon/tita/sim2sim2real/ddt_ros2_ws/install/mujoco_sim_ros2/share/mujoco_sim_ros2/cmake/ament_cmake_export_dependencies-extras.cmake
[0.209s] -- Up-to-date symlink: /home/aiseon/tita/sim2sim2real/ddt_ros2_ws/install/mujoco_sim_ros2/share/mujoco_sim_ros2/cmake/mujoco_sim_ros2Config.cmake
[0.209s] -- Up-to-date symlink: /home/aiseon/tita/sim2sim2real/ddt_ros2_ws/install/mujoco_sim_ros2/share/mujoco_sim_ros2/cmake/mujoco_sim_ros2Config-version.cmake
[0.209s] -- Up-to-date symlink: /home/aiseon/tita/sim2sim2real/ddt_ros2_ws/install/mujoco_sim_ros2/share/mujoco_sim_ros2/package.xml
[0.210s] -- Up-to-date: /home/aiseon/tita/sim2sim2real/ddt_ros2_ws/install/mujoco_sim_ros2/share/mujoco_sim_ros2/cmake/export_mujoco_sim_ros2Export.cmake
[0.213s] Invoked command in '/home/aiseon/tita/sim2sim2real/ddt_ros2_ws/build/mujoco_sim_ros2' returned '0': CMAKE_PREFIX_PATH=/opt/ros/humble /usr/bin/cmake --install /home/aiseon/tita/sim2sim2real/ddt_ros2_ws/build/mujoco_sim_ros2
