[0.022s] Invoking command in '/home/aiseon/tita/sim2sim2real/build/mujoco': /usr/bin/cmake /home/aiseon/tita/sim2sim2real/ddt_ros2_ws/mujoco -DCMAKE_INSTALL_PREFIX=/home/aiseon/tita/sim2sim2real/install/mujoco
[0.131s] -- The C compiler identification is GNU 11.4.0
[0.215s] -- The CXX compiler identification is GNU 11.4.0
[0.227s] -- Detecting C compiler ABI info
[0.358s] -- Detecting C compiler ABI info - done
[0.365s] -- Check for working C compiler: /usr/bin/cc - skipped
[0.366s] -- Detecting C compile features
[0.366s] -- Detecting C compile features - done
[0.369s] -- Detecting CXX compiler ABI info
[0.503s] -- Detecting CXX compiler ABI info - done
[0.509s] -- Check for working CXX compiler: /usr/bin/c++ - skipped
[0.510s] -- Detecting CXX compile features
[0.510s] -- Detecting CXX compile features - done
[0.511s] -- Setting build type to 'Release' as none was specified.
[0.513s] -- Performing Test CAN_BUILD_AVX
[0.799s] -- Performing Test CAN_BUILD_AVX - Success
[0.799s] -- Performing Test SUPPORTS_LLD
[0.905s] -- Performing Test SUPPORTS_LLD - Failed
[0.906s] -- Performing Test SUPPORTS_GOLD
[1.035s] -- Performing Test SUPPORTS_GOLD - Success
[1.035s] -- Performing Test SUPPORTS_GC_SECTIONS
[1.168s] -- Performing Test SUPPORTS_GC_SECTIONS - Success
[2.177s] -- mujoco::FindOrFetch: checking for targets in package `qhull`
[2.177s] -- mujoco::FindOrFetch: checking for targets in package `qhull` - target `qhull` not defined.
[2.177s] -- mujoco::FindOrFetch: Using FetchContent to retrieve `qhull`
[64.822s] Invoked command in '/home/aiseon/tita/sim2sim2real/build/mujoco' returned '-2': /usr/bin/cmake /home/aiseon/tita/sim2sim2real/ddt_ros2_ws/mujoco -DCMAKE_INSTALL_PREFIX=/home/aiseon/tita/sim2sim2real/install/mujoco
