-- Found ament_cmake_auto: 1.3.13 (/opt/ros/humble/share/ament_cmake_auto/cmake)
-- Override CMake install command with custom implementation using symlinks instead of copying resources
-- Found rosidl_generator_c: 3.1.8 (/opt/ros/humble/share/rosidl_generator_c/cmake)
-- Found rosidl_adapter: 3.1.8 (/opt/ros/humble/share/rosidl_adapter/cmake)
-- Found rosidl_generator_cpp: 3.1.8 (/opt/ros/humble/share/rosidl_generator_cpp/cmake)
-- Using all available rosidl_typesupport_c: rosidl_typesupport_fastrtps_c;rosidl_typesupport_introspection_c
-- Using all available rosidl_typesupport_cpp: rosidl_typesupport_fastrtps_cpp;rosidl_typesupport_introspection_cpp
-- Found rmw_implementation_cmake: 6.1.2 (/opt/ros/humble/share/rmw_implementation_cmake/cmake)
-- Found rmw_fastrtps_cpp: 6.2.10 (/opt/ros/humble/share/rmw_fastrtps_cpp/cmake)
-- Using RMW implementation 'rmw_fastrtps_cpp' as default
-- Found ament_lint_auto: 0.12.15 (/opt/ros/humble/share/ament_lint_auto/cmake)
-- Added test 'clang_format' to check C / C++ code style
-- Added test 'copyright' to check source files copyright and LICENSE
-- Added test 'cppcheck' to perform static code analysis on C / C++ code
-- Configured cppcheck include dirs: /home/aiseon/tita/sim2sim2real/ddt_ros2_ws/ddt_ros2_control/interaction/keyboard_controller/include
-- Configured cppcheck exclude dirs and/or files: 
-- Added test 'cpplint' to check C / C++ code against the Google style
-- Configured cpplint exclude dirs and/or files: 
-- Added test 'lint_cmake' to check CMake code style
-- Added test 'xmllint' to check XML markup files
-- Configuring done
-- Generating done
-- Build files have been written to: /home/aiseon/tita/sim2sim2real/build/keyboard_controller
[35m[1mConsolidate compiler generated dependencies of target keyboard_controller_node[0m
[ 33%] [32mBuilding CXX object CMakeFiles/keyboard_controller_node.dir/src/main.cpp.o[0m
[ 66%] [32mBuilding CXX object CMakeFiles/keyboard_controller_node.dir/src/keyboard_controller.cpp.o[0m
[100%] [32m[1mLinking CXX executable keyboard_controller_node[0m
[100%] Built target keyboard_controller_node
-- Install configuration: ""
-- Execute custom install script
-- Up-to-date symlink: /home/aiseon/tita/sim2sim2real/install/keyboard_controller/include/keyboard_controller/keyboard_controller.hpp
-- Up-to-date symlink: /home/aiseon/tita/sim2sim2real/install/keyboard_controller/lib/keyboard_controller/keyboard_controller_node
-- Up-to-date symlink: /home/aiseon/tita/sim2sim2real/install/keyboard_controller/share/ament_index/resource_index/package_run_dependencies/keyboard_controller
-- Up-to-date symlink: /home/aiseon/tita/sim2sim2real/install/keyboard_controller/share/ament_index/resource_index/parent_prefix_path/keyboard_controller
-- Up-to-date symlink: /home/aiseon/tita/sim2sim2real/install/keyboard_controller/share/keyboard_controller/environment/ament_prefix_path.sh
-- Up-to-date symlink: /home/aiseon/tita/sim2sim2real/install/keyboard_controller/share/keyboard_controller/environment/ament_prefix_path.dsv
-- Up-to-date symlink: /home/aiseon/tita/sim2sim2real/install/keyboard_controller/share/keyboard_controller/environment/path.sh
-- Up-to-date symlink: /home/aiseon/tita/sim2sim2real/install/keyboard_controller/share/keyboard_controller/environment/path.dsv
-- Up-to-date symlink: /home/aiseon/tita/sim2sim2real/install/keyboard_controller/share/keyboard_controller/local_setup.bash
-- Up-to-date symlink: /home/aiseon/tita/sim2sim2real/install/keyboard_controller/share/keyboard_controller/local_setup.sh
-- Up-to-date symlink: /home/aiseon/tita/sim2sim2real/install/keyboard_controller/share/keyboard_controller/local_setup.zsh
-- Up-to-date symlink: /home/aiseon/tita/sim2sim2real/install/keyboard_controller/share/keyboard_controller/local_setup.dsv
-- Symlinking: /home/aiseon/tita/sim2sim2real/install/keyboard_controller/share/keyboard_controller/package.dsv
-- Up-to-date symlink: /home/aiseon/tita/sim2sim2real/install/keyboard_controller/share/ament_index/resource_index/packages/keyboard_controller
-- Up-to-date symlink: /home/aiseon/tita/sim2sim2real/install/keyboard_controller/share/keyboard_controller/cmake/ament_cmake_export_dependencies-extras.cmake
-- Up-to-date symlink: /home/aiseon/tita/sim2sim2real/install/keyboard_controller/share/keyboard_controller/cmake/ament_cmake_export_include_directories-extras.cmake
-- Up-to-date symlink: /home/aiseon/tita/sim2sim2real/install/keyboard_controller/share/keyboard_controller/cmake/keyboard_controllerConfig.cmake
-- Up-to-date symlink: /home/aiseon/tita/sim2sim2real/install/keyboard_controller/share/keyboard_controller/cmake/keyboard_controllerConfig-version.cmake
-- Up-to-date symlink: /home/aiseon/tita/sim2sim2real/install/keyboard_controller/share/keyboard_controller/package.xml
