[0.021s] Invoking command in '/home/aiseon/tita/sim2sim2real/build/keyboard_controller': AMENT_PREFIX_PATH=/home/aiseon/tita/sim2sim2real/install/ros_utils:${AMENT_PREFIX_PATH} CMAKE_PREFIX_PATH=/home/aiseon/tita/sim2sim2real/install/ros_utils:/opt/ros/humble CONDA_PROMPT_MODIFIER=(base) /usr/bin/cmake --build /home/aiseon/tita/sim2sim2real/build/keyboard_controller -- -j192 -l192
[0.060s] -- Found ament_cmake_auto: 1.3.13 (/opt/ros/humble/share/ament_cmake_auto/cmake)
[0.241s] -- Override CMake install command with custom implementation using symlinks instead of copying resources
[0.388s] -- Found rosidl_generator_c: 3.1.8 (/opt/ros/humble/share/rosidl_generator_c/cmake)
[0.390s] -- Found rosidl_adapter: 3.1.8 (/opt/ros/humble/share/rosidl_adapter/cmake)
[0.395s] -- Found rosidl_generator_cpp: 3.1.8 (/opt/ros/humble/share/rosidl_generator_cpp/cmake)
[0.404s] -- Using all available rosidl_typesupport_c: rosidl_typesupport_fastrtps_c;rosidl_typesupport_introspection_c
[0.415s] -- Using all available rosidl_typesupport_cpp: rosidl_typesupport_fastrtps_cpp;rosidl_typesupport_introspection_cpp
[0.444s] -- Found rmw_implementation_cmake: 6.1.2 (/opt/ros/humble/share/rmw_implementation_cmake/cmake)
[0.445s] -- Found rmw_fastrtps_cpp: 6.2.10 (/opt/ros/humble/share/rmw_fastrtps_cpp/cmake)
[0.582s] -- Using RMW implementation 'rmw_fastrtps_cpp' as default
[0.678s] -- Found ament_lint_auto: 0.12.15 (/opt/ros/humble/share/ament_lint_auto/cmake)
[0.681s] [0mIn this package, headers install destination is set to `include` by ament_auto_package. It is recommended to install `include/keyboard_controller` instead and will be the default behavior of ament_auto_package from ROS 2 Kilted Kaiju. On distributions before Kilted, ament_auto_package behaves the same way when you use USE_SCOPED_HEADER_INSTALL_DIR option.[0m
[0.685s] -- Added test 'clang_format' to check C / C++ code style
[0.685s] -- Added test 'copyright' to check source files copyright and LICENSE
[0.686s] -- Added test 'cppcheck' to perform static code analysis on C / C++ code
[0.686s] -- Configured cppcheck include dirs: /home/aiseon/tita/sim2sim2real/ddt_ros2_ws/ddt_ros2_control/interaction/keyboard_controller/include
[0.686s] -- Configured cppcheck exclude dirs and/or files: 
[0.687s] -- Added test 'cpplint' to check C / C++ code against the Google style
[0.687s] -- Configured cpplint exclude dirs and/or files: 
[0.687s] -- Added test 'lint_cmake' to check CMake code style
[0.687s] -- Added test 'xmllint' to check XML markup files
[0.689s] -- Configuring done
[0.700s] -- Generating done
[0.704s] -- Build files have been written to: /home/aiseon/tita/sim2sim2real/build/keyboard_controller
[0.762s] [35m[1mConsolidate compiler generated dependencies of target keyboard_controller_node[0m
[0.797s] [ 33%] [32mBuilding CXX object CMakeFiles/keyboard_controller_node.dir/src/main.cpp.o[0m
[0.798s] [ 66%] [32mBuilding CXX object CMakeFiles/keyboard_controller_node.dir/src/keyboard_controller.cpp.o[0m
[5.918s] [100%] [32m[1mLinking CXX executable keyboard_controller_node[0m
[6.160s] [100%] Built target keyboard_controller_node
[6.178s] Invoked command in '/home/aiseon/tita/sim2sim2real/build/keyboard_controller' returned '0': AMENT_PREFIX_PATH=/home/aiseon/tita/sim2sim2real/install/ros_utils:${AMENT_PREFIX_PATH} CMAKE_PREFIX_PATH=/home/aiseon/tita/sim2sim2real/install/ros_utils:/opt/ros/humble CONDA_PROMPT_MODIFIER=(base) /usr/bin/cmake --build /home/aiseon/tita/sim2sim2real/build/keyboard_controller -- -j192 -l192
[6.181s] Invoking command in '/home/aiseon/tita/sim2sim2real/build/keyboard_controller': AMENT_PREFIX_PATH=/home/aiseon/tita/sim2sim2real/install/ros_utils:${AMENT_PREFIX_PATH} CMAKE_PREFIX_PATH=/home/aiseon/tita/sim2sim2real/install/ros_utils:/opt/ros/humble CONDA_PROMPT_MODIFIER=(base) /usr/bin/cmake --install /home/aiseon/tita/sim2sim2real/build/keyboard_controller
[6.190s] -- Install configuration: ""
[6.191s] -- Execute custom install script
[6.191s] -- Up-to-date symlink: /home/aiseon/tita/sim2sim2real/install/keyboard_controller/include/keyboard_controller/keyboard_controller.hpp
[6.191s] -- Up-to-date symlink: /home/aiseon/tita/sim2sim2real/install/keyboard_controller/lib/keyboard_controller/keyboard_controller_node
[6.192s] -- Up-to-date symlink: /home/aiseon/tita/sim2sim2real/install/keyboard_controller/share/ament_index/resource_index/package_run_dependencies/keyboard_controller
[6.192s] -- Up-to-date symlink: /home/aiseon/tita/sim2sim2real/install/keyboard_controller/share/ament_index/resource_index/parent_prefix_path/keyboard_controller
[6.192s] -- Up-to-date symlink: /home/aiseon/tita/sim2sim2real/install/keyboard_controller/share/keyboard_controller/environment/ament_prefix_path.sh
[6.192s] -- Up-to-date symlink: /home/aiseon/tita/sim2sim2real/install/keyboard_controller/share/keyboard_controller/environment/ament_prefix_path.dsv
[6.192s] -- Up-to-date symlink: /home/aiseon/tita/sim2sim2real/install/keyboard_controller/share/keyboard_controller/environment/path.sh
[6.192s] -- Up-to-date symlink: /home/aiseon/tita/sim2sim2real/install/keyboard_controller/share/keyboard_controller/environment/path.dsv
[6.192s] -- Up-to-date symlink: /home/aiseon/tita/sim2sim2real/install/keyboard_controller/share/keyboard_controller/local_setup.bash
[6.192s] -- Up-to-date symlink: /home/aiseon/tita/sim2sim2real/install/keyboard_controller/share/keyboard_controller/local_setup.sh
[6.192s] -- Up-to-date symlink: /home/aiseon/tita/sim2sim2real/install/keyboard_controller/share/keyboard_controller/local_setup.zsh
[6.192s] -- Up-to-date symlink: /home/aiseon/tita/sim2sim2real/install/keyboard_controller/share/keyboard_controller/local_setup.dsv
[6.193s] -- Symlinking: /home/aiseon/tita/sim2sim2real/install/keyboard_controller/share/keyboard_controller/package.dsv
[6.204s] -- Up-to-date symlink: /home/aiseon/tita/sim2sim2real/install/keyboard_controller/share/ament_index/resource_index/packages/keyboard_controller
[6.204s] -- Up-to-date symlink: /home/aiseon/tita/sim2sim2real/install/keyboard_controller/share/keyboard_controller/cmake/ament_cmake_export_dependencies-extras.cmake
[6.204s] -- Up-to-date symlink: /home/aiseon/tita/sim2sim2real/install/keyboard_controller/share/keyboard_controller/cmake/ament_cmake_export_include_directories-extras.cmake
[6.204s] -- Up-to-date symlink: /home/aiseon/tita/sim2sim2real/install/keyboard_controller/share/keyboard_controller/cmake/keyboard_controllerConfig.cmake
[6.204s] -- Up-to-date symlink: /home/aiseon/tita/sim2sim2real/install/keyboard_controller/share/keyboard_controller/cmake/keyboard_controllerConfig-version.cmake
[6.205s] -- Up-to-date symlink: /home/aiseon/tita/sim2sim2real/install/keyboard_controller/share/keyboard_controller/package.xml
[6.208s] Invoked command in '/home/aiseon/tita/sim2sim2real/build/keyboard_controller' returned '0': AMENT_PREFIX_PATH=/home/aiseon/tita/sim2sim2real/install/ros_utils:${AMENT_PREFIX_PATH} CMAKE_PREFIX_PATH=/home/aiseon/tita/sim2sim2real/install/ros_utils:/opt/ros/humble CONDA_PROMPT_MODIFIER=(base) /usr/bin/cmake --install /home/aiseon/tita/sim2sim2real/build/keyboard_controller
