[0.022s] Invoking command in '/home/aiseon/tita/sim2sim2real/build/mujoco_sim_ros2': CMAKE_PREFIX_PATH=/opt/ros/humble /usr/bin/cmake /home/aiseon/tita/sim2sim2real/ddt_ros2_ws/ddt_ros2_control/simulation/mujoco_bridge/mujoco_sim_ros2 -DAMENT_CMAKE_SYMLINK_INSTALL=1 -DCMAKE_INSTALL_PREFIX=/home/aiseon/tita/sim2sim2real/install/mujoco_sim_ros2
[0.154s] -- The C compiler identification is GNU 11.4.0
[0.279s] -- The CXX compiler identification is GNU 11.4.0
[0.288s] -- Detecting C compiler ABI info
[0.426s] -- Detecting C compiler ABI info - done
[0.437s] -- Check for working C compiler: /usr/bin/cc - skipped
[0.438s] -- Detecting C compile features
[0.438s] -- Detecting C compile features - done
[0.447s] -- Detecting CXX compiler ABI info
[0.600s] -- Detecting CXX compiler ABI info - done
[0.612s] -- Check for working CXX compiler: /usr/bin/c++ - skipped
[0.613s] -- Detecting CXX compile features
[0.613s] -- Detecting CXX compile features - done
[1.591s] [0m[ 11%] Creating directories for 'lodepng-populate'
[1.591s] [ 22%] Performing download step (git clone) for 'lodepng-populate'
[1.591s] 正克隆到 'lodepng-src'...
[1.592s] fatal: 无法访问 'https://hub.fgit.cf/https://github.com/lvandeve/lodepng.git/'：gnutls_handshake() failed: The TLS connection was non-properly terminated.
[1.592s] 正克隆到 'lodepng-src'...
[1.592s] fatal: 无法访问 'https://hub.fgit.cf/https://github.com/lvandeve/lodepng.git/'：gnutls_handshake() failed: The TLS connection was non-properly terminated.
[1.592s] 正克隆到 'lodepng-src'...
[1.592s] fatal: 无法访问 'https://hub.fgit.cf/https://github.com/lvandeve/lodepng.git/'：gnutls_handshake() failed: The TLS connection was non-properly terminated.
[1.592s] -- Had to git clone more than once:
[1.592s]           3 times.
[1.592s] CMake Error at lodepng-subbuild/lodepng-populate-prefix/tmp/lodepng-populate-gitclone.cmake:31 (message):
[1.592s]   Failed to clone repository: 'https://github.com/lvandeve/lodepng.git'
[1.592s] 
[1.592s] 
[1.592s] gmake[2]: *** [CMakeFiles/lodepng-populate.dir/build.make:102：lodepng-populate-prefix/src/lodepng-populate-stamp/lodepng-populate-download] 错误 1
[1.592s] gmake[1]: *** [CMakeFiles/Makefile2:83：CMakeFiles/lodepng-populate.dir/all] 错误 2
[1.592s] gmake: *** [Makefile:91：all] 错误 2
[1.592s] [0m
[1.592s] [31mCMake Error at /usr/share/cmake-3.22/Modules/FetchContent.cmake:1087 (message):
[1.592s]   Build step for lodepng failed: 2
[1.593s] Call Stack (most recent call first):
[1.593s]   /usr/share/cmake-3.22/Modules/FetchContent.cmake:1216:EVAL:2 (__FetchContent_directPopulate)
[1.593s]   /usr/share/cmake-3.22/Modules/FetchContent.cmake:1216 (cmake_language)
[1.593s]   CMakeLists.txt:28 (FetchContent_Populate)
[1.593s] 
[1.593s] [0m
[1.593s] -- Configuring incomplete, errors occurred!
[1.593s] See also "/home/aiseon/tita/sim2sim2real/build/mujoco_sim_ros2/CMakeFiles/CMakeOutput.log".
[1.599s] Invoked command in '/home/aiseon/tita/sim2sim2real/build/mujoco_sim_ros2' returned '1': CMAKE_PREFIX_PATH=/opt/ros/humble /usr/bin/cmake /home/aiseon/tita/sim2sim2real/ddt_ros2_ws/ddt_ros2_control/simulation/mujoco_bridge/mujoco_sim_ros2 -DAMENT_CMAKE_SYMLINK_INSTALL=1 -DCMAKE_INSTALL_PREFIX=/home/aiseon/tita/sim2sim2real/install/mujoco_sim_ros2
