[0.019s] Invoking command in '/home/aiseon/tita/sim2sim2real/build/mujoco_sim_ros2': CMAKE_PREFIX_PATH=/opt/ros/humble /usr/bin/cmake /home/aiseon/tita/sim2sim2real/ddt_ros2_ws/ddt_ros2_control/simulation/mujoco_bridge/mujoco_sim_ros2 -DAMENT_CMAKE_SYMLINK_INSTALL=1 -DCMAKE_INSTALL_PREFIX=/home/aiseon/tita/sim2sim2real/install/mujoco_sim_ros2
[1.168s] -- Configuring incomplete, errors occurred!
[1.168s] See also "/home/aiseon/tita/sim2sim2real/build/mujoco_sim_ros2/CMakeFiles/CMakeOutput.log".
[1.168s] [0m[ 11%] Performing download step (git clone) for 'lodepng-populate'
[1.168s] 正克隆到 'lodepng-src'...
[1.168s] fatal: 无法访问 'https://ghproxy.com/https://github.com/lvandeve/lodepng.git/'：Failed to connect to ghproxy.com port 443 after 856 ms: 连接被拒绝
[1.168s] 正克隆到 'lodepng-src'...
[1.168s] fatal: 无法访问 'https://ghproxy.com/https://github.com/lvandeve/lodepng.git/'：Failed to connect to ghproxy.com port 443 after 3 ms: 连接被拒绝
[1.168s] 正克隆到 'lodepng-src'...
[1.168s] fatal: 无法访问 'https://ghproxy.com/https://github.com/lvandeve/lodepng.git/'：Failed to connect to ghproxy.com port 443 after 4 ms: 连接被拒绝
[1.168s] -- Had to git clone more than once:
[1.168s]           3 times.
[1.168s] CMake Error at lodepng-subbuild/lodepng-populate-prefix/tmp/lodepng-populate-gitclone.cmake:31 (message):
[1.169s]   Failed to clone repository: 'https://github.com/lvandeve/lodepng.git'
[1.169s] 
[1.169s] 
[1.169s] gmake[2]: *** [CMakeFiles/lodepng-populate.dir/build.make:102：lodepng-populate-prefix/src/lodepng-populate-stamp/lodepng-populate-download] 错误 1
[1.169s] gmake[1]: *** [CMakeFiles/Makefile2:83：CMakeFiles/lodepng-populate.dir/all] 错误 2
[1.169s] gmake: *** [Makefile:91：all] 错误 2
[1.169s] [0m
[1.169s] [31mCMake Error at /usr/share/cmake-3.22/Modules/FetchContent.cmake:1087 (message):
[1.169s]   Build step for lodepng failed: 2
[1.169s] Call Stack (most recent call first):
[1.169s]   /usr/share/cmake-3.22/Modules/FetchContent.cmake:1216:EVAL:2 (__FetchContent_directPopulate)
[1.169s]   /usr/share/cmake-3.22/Modules/FetchContent.cmake:1216 (cmake_language)
[1.169s]   CMakeLists.txt:28 (FetchContent_Populate)
[1.169s] 
[1.169s] [0m
[1.173s] Invoked command in '/home/aiseon/tita/sim2sim2real/build/mujoco_sim_ros2' returned '1': CMAKE_PREFIX_PATH=/opt/ros/humble /usr/bin/cmake /home/aiseon/tita/sim2sim2real/ddt_ros2_ws/ddt_ros2_control/simulation/mujoco_bridge/mujoco_sim_ros2 -DAMENT_CMAKE_SYMLINK_INSTALL=1 -DCMAKE_INSTALL_PREFIX=/home/aiseon/tita/sim2sim2real/install/mujoco_sim_ros2
