[0.022s] Invoking command in '/home/aiseon/tita/sim2sim2real/build/mujoco_bridge': AMENT_PREFIX_PATH=/home/aiseon/tita/sim2sim2real/install/mujoco_ros2_control:/home/aiseon/tita/sim2sim2real/install/mujoco_sim_ros2:${AMENT_PREFIX_PATH} CMAKE_PREFIX_PATH=/home/aiseon/tita/sim2sim2real/install/mujoco_ros2_control:/home/aiseon/tita/sim2sim2real/install/mujoco_sim_ros2:/opt/ros/humble LD_LIBRARY_PATH=/home/aiseon/tita/sim2sim2real/install/mujoco_ros2_control/lib:/home/aiseon/tita/sim2sim2real/install/mujoco_sim_ros2/lib:${LD_LIBRARY_PATH} /usr/bin/cmake /home/aiseon/tita/sim2sim2real/ddt_ros2_ws/ddt_ros2_control/simulation/mujoco_bridge/mujoco_bridge -DLODEPNG_SOURCE_DIR=~/lodepng-src -DAMENT_CMAKE_SYMLINK_INSTALL=1 -DCMAKE_INSTALL_PREFIX=/home/aiseon/tita/sim2sim2real/install/mujoco_bridge
[0.126s] -- The C compiler identification is GNU 11.4.0
[0.228s] -- The CXX compiler identification is GNU 11.4.0
[0.244s] -- Detecting C compiler ABI info
[0.384s] -- Detecting C compiler ABI info - done
[0.395s] -- Check for working C compiler: /usr/bin/cc - skipped
[0.395s] -- Detecting C compile features
[0.396s] -- Detecting C compile features - done
[0.399s] -- Detecting CXX compiler ABI info
[0.556s] -- Detecting CXX compiler ABI info - done
[0.566s] -- Check for working CXX compiler: /usr/bin/c++ - skipped
[0.566s] -- Detecting CXX compile features
[0.567s] -- Detecting CXX compile features - done
[0.571s] -- Found ament_cmake: 1.3.13 (/opt/ros/humble/share/ament_cmake/cmake)
[0.821s] -- Found Python3: /usr/bin/python3 (found version "3.10.12") found components: Interpreter 
[0.910s] -- Override CMake install command with custom implementation using symlinks instead of copying resources
[1.054s] -- Configuring done
[1.055s] -- Generating done
[1.059s] [33mCMake Warning:
[1.059s]   Manually-specified variables were not used by the project:
[1.059s] 
[1.059s]     LODEPNG_SOURCE_DIR
[1.059s] 
[1.059s] [0m
[1.059s] -- Build files have been written to: /home/aiseon/tita/sim2sim2real/build/mujoco_bridge
[1.067s] Invoked command in '/home/aiseon/tita/sim2sim2real/build/mujoco_bridge' returned '0': AMENT_PREFIX_PATH=/home/aiseon/tita/sim2sim2real/install/mujoco_ros2_control:/home/aiseon/tita/sim2sim2real/install/mujoco_sim_ros2:${AMENT_PREFIX_PATH} CMAKE_PREFIX_PATH=/home/aiseon/tita/sim2sim2real/install/mujoco_ros2_control:/home/aiseon/tita/sim2sim2real/install/mujoco_sim_ros2:/opt/ros/humble LD_LIBRARY_PATH=/home/aiseon/tita/sim2sim2real/install/mujoco_ros2_control/lib:/home/aiseon/tita/sim2sim2real/install/mujoco_sim_ros2/lib:${LD_LIBRARY_PATH} /usr/bin/cmake /home/aiseon/tita/sim2sim2real/ddt_ros2_ws/ddt_ros2_control/simulation/mujoco_bridge/mujoco_bridge -DLODEPNG_SOURCE_DIR=~/lodepng-src -DAMENT_CMAKE_SYMLINK_INSTALL=1 -DCMAKE_INSTALL_PREFIX=/home/aiseon/tita/sim2sim2real/install/mujoco_bridge
[1.069s] Invoking command in '/home/aiseon/tita/sim2sim2real/build/mujoco_bridge': AMENT_PREFIX_PATH=/home/aiseon/tita/sim2sim2real/install/mujoco_ros2_control:/home/aiseon/tita/sim2sim2real/install/mujoco_sim_ros2:${AMENT_PREFIX_PATH} CMAKE_PREFIX_PATH=/home/aiseon/tita/sim2sim2real/install/mujoco_ros2_control:/home/aiseon/tita/sim2sim2real/install/mujoco_sim_ros2:/opt/ros/humble LD_LIBRARY_PATH=/home/aiseon/tita/sim2sim2real/install/mujoco_ros2_control/lib:/home/aiseon/tita/sim2sim2real/install/mujoco_sim_ros2/lib:${LD_LIBRARY_PATH} /usr/bin/cmake --build /home/aiseon/tita/sim2sim2real/build/mujoco_bridge -- -j192 -l192
[1.142s] Invoked command in '/home/aiseon/tita/sim2sim2real/build/mujoco_bridge' returned '0': AMENT_PREFIX_PATH=/home/aiseon/tita/sim2sim2real/install/mujoco_ros2_control:/home/aiseon/tita/sim2sim2real/install/mujoco_sim_ros2:${AMENT_PREFIX_PATH} CMAKE_PREFIX_PATH=/home/aiseon/tita/sim2sim2real/install/mujoco_ros2_control:/home/aiseon/tita/sim2sim2real/install/mujoco_sim_ros2:/opt/ros/humble LD_LIBRARY_PATH=/home/aiseon/tita/sim2sim2real/install/mujoco_ros2_control/lib:/home/aiseon/tita/sim2sim2real/install/mujoco_sim_ros2/lib:${LD_LIBRARY_PATH} /usr/bin/cmake --build /home/aiseon/tita/sim2sim2real/build/mujoco_bridge -- -j192 -l192
[1.144s] Invoking command in '/home/aiseon/tita/sim2sim2real/build/mujoco_bridge': AMENT_PREFIX_PATH=/home/aiseon/tita/sim2sim2real/install/mujoco_ros2_control:/home/aiseon/tita/sim2sim2real/install/mujoco_sim_ros2:${AMENT_PREFIX_PATH} CMAKE_PREFIX_PATH=/home/aiseon/tita/sim2sim2real/install/mujoco_ros2_control:/home/aiseon/tita/sim2sim2real/install/mujoco_sim_ros2:/opt/ros/humble LD_LIBRARY_PATH=/home/aiseon/tita/sim2sim2real/install/mujoco_ros2_control/lib:/home/aiseon/tita/sim2sim2real/install/mujoco_sim_ros2/lib:${LD_LIBRARY_PATH} /usr/bin/cmake --install /home/aiseon/tita/sim2sim2real/build/mujoco_bridge
[1.160s] -- Install configuration: ""
[1.160s] -- Installing: /home/aiseon/tita/sim2sim2real/install/mujoco_bridge/share/mujoco_bridge/config
[1.160s] -- Installing: /home/aiseon/tita/sim2sim2real/install/mujoco_bridge/share/mujoco_bridge/config/controllers.yaml
[1.160s] -- Installing: /home/aiseon/tita/sim2sim2real/install/mujoco_bridge/share/mujoco_bridge/launch
[1.160s] -- Installing: /home/aiseon/tita/sim2sim2real/install/mujoco_bridge/share/mujoco_bridge/launch/mujoco_bridge.launch.py
[1.160s] -- Execute custom install script
[1.160s] -- Symlinking: /home/aiseon/tita/sim2sim2real/install/mujoco_bridge/share/ament_index/resource_index/package_run_dependencies/mujoco_bridge
[1.174s] -- Symlinking: /home/aiseon/tita/sim2sim2real/install/mujoco_bridge/share/ament_index/resource_index/parent_prefix_path/mujoco_bridge
[1.188s] -- Symlinking: /home/aiseon/tita/sim2sim2real/install/mujoco_bridge/share/mujoco_bridge/environment/ament_prefix_path.sh
[1.202s] -- Symlinking: /home/aiseon/tita/sim2sim2real/install/mujoco_bridge/share/mujoco_bridge/environment/ament_prefix_path.dsv
[1.217s] -- Symlinking: /home/aiseon/tita/sim2sim2real/install/mujoco_bridge/share/mujoco_bridge/environment/path.sh
[1.232s] -- Symlinking: /home/aiseon/tita/sim2sim2real/install/mujoco_bridge/share/mujoco_bridge/environment/path.dsv
[1.247s] -- Symlinking: /home/aiseon/tita/sim2sim2real/install/mujoco_bridge/share/mujoco_bridge/local_setup.bash
[1.265s] -- Symlinking: /home/aiseon/tita/sim2sim2real/install/mujoco_bridge/share/mujoco_bridge/local_setup.sh
[1.279s] -- Symlinking: /home/aiseon/tita/sim2sim2real/install/mujoco_bridge/share/mujoco_bridge/local_setup.zsh
[1.296s] -- Symlinking: /home/aiseon/tita/sim2sim2real/install/mujoco_bridge/share/mujoco_bridge/local_setup.dsv
[1.313s] -- Symlinking: /home/aiseon/tita/sim2sim2real/install/mujoco_bridge/share/mujoco_bridge/package.dsv
[1.327s] -- Symlinking: /home/aiseon/tita/sim2sim2real/install/mujoco_bridge/share/ament_index/resource_index/packages/mujoco_bridge
[1.341s] -- Symlinking: /home/aiseon/tita/sim2sim2real/install/mujoco_bridge/share/mujoco_bridge/cmake/mujoco_bridgeConfig.cmake
[1.358s] -- Symlinking: /home/aiseon/tita/sim2sim2real/install/mujoco_bridge/share/mujoco_bridge/cmake/mujoco_bridgeConfig-version.cmake
[1.374s] -- Symlinking: /home/aiseon/tita/sim2sim2real/install/mujoco_bridge/share/mujoco_bridge/package.xml
[1.398s] Invoked command in '/home/aiseon/tita/sim2sim2real/build/mujoco_bridge' returned '0': AMENT_PREFIX_PATH=/home/aiseon/tita/sim2sim2real/install/mujoco_ros2_control:/home/aiseon/tita/sim2sim2real/install/mujoco_sim_ros2:${AMENT_PREFIX_PATH} CMAKE_PREFIX_PATH=/home/aiseon/tita/sim2sim2real/install/mujoco_ros2_control:/home/aiseon/tita/sim2sim2real/install/mujoco_sim_ros2:/opt/ros/humble LD_LIBRARY_PATH=/home/aiseon/tita/sim2sim2real/install/mujoco_ros2_control/lib:/home/aiseon/tita/sim2sim2real/install/mujoco_sim_ros2/lib:${LD_LIBRARY_PATH} /usr/bin/cmake --install /home/aiseon/tita/sim2sim2real/build/mujoco_bridge
