[0.026s] Invoking command in '/home/aiseon/tita/sim2sim2real/build/mujoco_ros2_control': CMAKE_PREFIX_PATH=/home/aiseon/tita/sim2sim2real/install/mujoco_sim_ros2:/home/aiseon/tita/sim2sim2real/install/webots_bridge:/home/aiseon/tita/sim2sim2real/install/titatit_description:/home/aiseon/tita/sim2sim2real/install/hardware_bridge:/home/aiseon/tita/sim2sim2real/install/tita_robot:/home/aiseon/tita/sim2sim2real/install/gazebo_bridge:/home/aiseon/tita/sim2sim2real/install/tita_description:/home/aiseon/tita/sim2sim2real/install/teleop_command:/home/aiseon/tita/sim2sim2real/install/rl_controller:/home/aiseon/tita/sim2sim2real/install/keyboard_controller:/home/aiseon/tita/sim2sim2real/install/ros_utils:/home/aiseon/tita/sim2sim2real/install/mujoco_bridge:/home/aiseon/tita/sim2sim2real/install/mujoco_ros2_control:/opt/ros/humble /usr/bin/cmake --build /home/aiseon/tita/sim2sim2real/build/mujoco_ros2_control -- -j192 -l192
[0.165s] [ 20%] Built target mujoco_system_plugins
[0.234s] [ 70%] Built target mujoco_ros2_control
[0.310s] [100%] Built target mujoco_ros2_control-system
[0.328s] Invoked command in '/home/aiseon/tita/sim2sim2real/build/mujoco_ros2_control' returned '0': CMAKE_PREFIX_PATH=/home/aiseon/tita/sim2sim2real/install/mujoco_sim_ros2:/home/aiseon/tita/sim2sim2real/install/webots_bridge:/home/aiseon/tita/sim2sim2real/install/titatit_description:/home/aiseon/tita/sim2sim2real/install/hardware_bridge:/home/aiseon/tita/sim2sim2real/install/tita_robot:/home/aiseon/tita/sim2sim2real/install/gazebo_bridge:/home/aiseon/tita/sim2sim2real/install/tita_description:/home/aiseon/tita/sim2sim2real/install/teleop_command:/home/aiseon/tita/sim2sim2real/install/rl_controller:/home/aiseon/tita/sim2sim2real/install/keyboard_controller:/home/aiseon/tita/sim2sim2real/install/ros_utils:/home/aiseon/tita/sim2sim2real/install/mujoco_bridge:/home/aiseon/tita/sim2sim2real/install/mujoco_ros2_control:/opt/ros/humble /usr/bin/cmake --build /home/aiseon/tita/sim2sim2real/build/mujoco_ros2_control -- -j192 -l192
[0.330s] Invoking command in '/home/aiseon/tita/sim2sim2real/build/mujoco_ros2_control': CMAKE_PREFIX_PATH=/home/aiseon/tita/sim2sim2real/install/mujoco_sim_ros2:/home/aiseon/tita/sim2sim2real/install/webots_bridge:/home/aiseon/tita/sim2sim2real/install/titatit_description:/home/aiseon/tita/sim2sim2real/install/hardware_bridge:/home/aiseon/tita/sim2sim2real/install/tita_robot:/home/aiseon/tita/sim2sim2real/install/gazebo_bridge:/home/aiseon/tita/sim2sim2real/install/tita_description:/home/aiseon/tita/sim2sim2real/install/teleop_command:/home/aiseon/tita/sim2sim2real/install/rl_controller:/home/aiseon/tita/sim2sim2real/install/keyboard_controller:/home/aiseon/tita/sim2sim2real/install/ros_utils:/home/aiseon/tita/sim2sim2real/install/mujoco_bridge:/home/aiseon/tita/sim2sim2real/install/mujoco_ros2_control:/opt/ros/humble /usr/bin/cmake --install /home/aiseon/tita/sim2sim2real/build/mujoco_ros2_control
[0.349s] -- Install configuration: ""
[0.350s] -- Execute custom install script
[0.350s] -- Up-to-date symlink: /home/aiseon/tita/sim2sim2real/install/mujoco_ros2_control/share/mujoco_ros2_control//mujoco_system_plugins.xml
[0.350s] -- Up-to-date symlink: /home/aiseon/tita/sim2sim2real/install/mujoco_ros2_control/share/mujoco_ros2_control//mujoco_ros2_control_plugins.xml
[0.352s] -- Up-to-date symlink: /home/aiseon/tita/sim2sim2real/install/mujoco_ros2_control/lib/mujoco_ros2_control/mujoco_ros2_control
[0.352s] -- Up-to-date symlink: /home/aiseon/tita/sim2sim2real/install/mujoco_ros2_control/share/mujoco_ros2_control//mujoco_system_plugins.xml
[0.352s] -- Up-to-date symlink: /home/aiseon/tita/sim2sim2real/install/mujoco_ros2_control/share/ament_index/resource_index/package_run_dependencies/mujoco_ros2_control
[0.352s] -- Up-to-date symlink: /home/aiseon/tita/sim2sim2real/install/mujoco_ros2_control/share/ament_index/resource_index/parent_prefix_path/mujoco_ros2_control
[0.352s] -- Up-to-date symlink: /home/aiseon/tita/sim2sim2real/install/mujoco_ros2_control/share/mujoco_ros2_control/environment/ament_prefix_path.sh
[0.352s] -- Up-to-date symlink: /home/aiseon/tita/sim2sim2real/install/mujoco_ros2_control/share/mujoco_ros2_control/environment/ament_prefix_path.dsv
[0.352s] -- Up-to-date symlink: /home/aiseon/tita/sim2sim2real/install/mujoco_ros2_control/share/mujoco_ros2_control/environment/path.sh
[0.352s] -- Up-to-date symlink: /home/aiseon/tita/sim2sim2real/install/mujoco_ros2_control/share/mujoco_ros2_control/environment/path.dsv
[0.352s] -- Up-to-date symlink: /home/aiseon/tita/sim2sim2real/install/mujoco_ros2_control/share/mujoco_ros2_control/local_setup.bash
[0.352s] -- Up-to-date symlink: /home/aiseon/tita/sim2sim2real/install/mujoco_ros2_control/share/mujoco_ros2_control/local_setup.sh
[0.352s] -- Up-to-date symlink: /home/aiseon/tita/sim2sim2real/install/mujoco_ros2_control/share/mujoco_ros2_control/local_setup.zsh
[0.353s] -- Up-to-date symlink: /home/aiseon/tita/sim2sim2real/install/mujoco_ros2_control/share/mujoco_ros2_control/local_setup.dsv
[0.353s] -- Symlinking: /home/aiseon/tita/sim2sim2real/install/mujoco_ros2_control/share/mujoco_ros2_control/package.dsv
[0.374s] -- Up-to-date symlink: /home/aiseon/tita/sim2sim2real/install/mujoco_ros2_control/share/ament_index/resource_index/packages/mujoco_ros2_control
[0.374s] -- Up-to-date symlink: /home/aiseon/tita/sim2sim2real/install/mujoco_ros2_control/share/ament_index/resource_index/mujoco_ros2_control__pluginlib__plugin/mujoco_ros2_control
[0.374s] -- Up-to-date symlink: /home/aiseon/tita/sim2sim2real/install/mujoco_ros2_control/share/ament_index/resource_index/mujoco_sim_ros2__pluginlib__plugin/mujoco_ros2_control
[0.375s] -- Up-to-date symlink: /home/aiseon/tita/sim2sim2real/install/mujoco_ros2_control/share/mujoco_ros2_control/cmake/mujoco_ros2_controlConfig.cmake
[0.375s] -- Up-to-date symlink: /home/aiseon/tita/sim2sim2real/install/mujoco_ros2_control/share/mujoco_ros2_control/cmake/mujoco_ros2_controlConfig-version.cmake
[0.375s] -- Up-to-date symlink: /home/aiseon/tita/sim2sim2real/install/mujoco_ros2_control/share/mujoco_ros2_control/package.xml
[0.375s] -- Up-to-date: /home/aiseon/tita/sim2sim2real/install/mujoco_ros2_control/lib/libmujoco_system_plugins.so
[0.375s] -- Up-to-date: /home/aiseon/tita/sim2sim2real/install/mujoco_ros2_control/lib/libmujoco_ros2_control-system.so
[0.386s] Invoked command in '/home/aiseon/tita/sim2sim2real/build/mujoco_ros2_control' returned '0': CMAKE_PREFIX_PATH=/home/aiseon/tita/sim2sim2real/install/mujoco_sim_ros2:/home/aiseon/tita/sim2sim2real/install/webots_bridge:/home/aiseon/tita/sim2sim2real/install/titatit_description:/home/aiseon/tita/sim2sim2real/install/hardware_bridge:/home/aiseon/tita/sim2sim2real/install/tita_robot:/home/aiseon/tita/sim2sim2real/install/gazebo_bridge:/home/aiseon/tita/sim2sim2real/install/tita_description:/home/aiseon/tita/sim2sim2real/install/teleop_command:/home/aiseon/tita/sim2sim2real/install/rl_controller:/home/aiseon/tita/sim2sim2real/install/keyboard_controller:/home/aiseon/tita/sim2sim2real/install/ros_utils:/home/aiseon/tita/sim2sim2real/install/mujoco_bridge:/home/aiseon/tita/sim2sim2real/install/mujoco_ros2_control:/opt/ros/humble /usr/bin/cmake --install /home/aiseon/tita/sim2sim2real/build/mujoco_ros2_control
