-- Found ament_cmake_auto: 1.3.13 (/opt/ros/humble/share/ament_cmake_auto/cmake)
-- Override CMake install command with custom implementation using symlinks instead of copying resources
-- Found rosidl_generator_c: 3.1.8 (/opt/ros/humble/share/rosidl_generator_c/cmake)
-- Found rosidl_adapter: 3.1.8 (/opt/ros/humble/share/rosidl_adapter/cmake)
-- Found rosidl_generator_cpp: 3.1.8 (/opt/ros/humble/share/rosidl_generator_cpp/cmake)
-- Using all available rosidl_typesupport_c: rosidl_typesupport_fastrtps_c;rosidl_typesupport_introspection_c
-- Using all available rosidl_typesupport_cpp: rosidl_typesupport_fastrtps_cpp;rosidl_typesupport_introspection_cpp
-- Found rmw_implementation_cmake: 6.1.2 (/opt/ros/humble/share/rmw_implementation_cmake/cmake)
-- Found rmw_fastrtps_cpp: 6.2.10 (/opt/ros/humble/share/rmw_fastrtps_cpp/cmake)
-- Using RMW implementation 'rmw_fastrtps_cpp' as default
-- Found parameter_traits: 0.6.0 (/opt/ros/humble/share/parameter_traits/cmake)
-- Found rclcpp_lifecycle: 16.0.18 (/opt/ros/humble/share/rclcpp_lifecycle/cmake)
-- Found ament_lint_auto: 0.12.15 (/opt/ros/humble/share/ament_lint_auto/cmake)
-- Added test 'clang_format' to check C / C++ code style
-- Added test 'copyright' to check source files copyright and LICENSE
-- Added test 'cppcheck' to perform static code analysis on C / C++ code
-- Configured cppcheck include dirs: /home/aiseon/tita/sim2sim2real/ddt_ros2_ws/ddt_ros2_control/interaction/teleop_command/include
-- Configured cppcheck exclude dirs and/or files: 
-- Added test 'cpplint' to check C / C++ code against the Google style
-- Configured cpplint exclude dirs and/or files: 
-- Added test 'lint_cmake' to check CMake code style
-- Added test 'xmllint' to check XML markup files
-- Configuring done
-- Generating done
-- Build files have been written to: /home/aiseon/tita/sim2sim2real/build/teleop_command
[ 28%] Built target teleop_command_parameters
[35m[1mConsolidate compiler generated dependencies of target teleop_command_lib[0m
[ 42%] [32mBuilding CXX object CMakeFiles/teleop_command_lib.dir/src/teleop_command_node.cpp.o[0m
[ 57%] [32mBuilding CXX object CMakeFiles/teleop_command_lib.dir/src/elrs_emwave_device.cpp.o[0m
[ 71%] [32m[1mLinking CXX shared library libteleop_command_lib.so[0m
[ 71%] Built target teleop_command_lib
[35m[1mConsolidate compiler generated dependencies of target teleop_command_node[0m
[ 85%] [32mBuilding CXX object CMakeFiles/teleop_command_node.dir/src/main.cpp.o[0m
[100%] [32m[1mLinking CXX executable teleop_command_node[0m
[100%] Built target teleop_command_node
-- Install configuration: ""
-- Execute custom install script
-- Up-to-date symlink: /home/aiseon/tita/sim2sim2real/install/teleop_command/include/teleop_command/teleop_command_parameters.hpp
-- Up-to-date symlink: /home/aiseon/tita/sim2sim2real/install/teleop_command/share/teleop_command/launch/teleop_command.launch.py
-- Up-to-date symlink: /home/aiseon/tita/sim2sim2real/install/teleop_command/share/teleop_command/config/param.yaml
-- Up-to-date symlink: /home/aiseon/tita/sim2sim2real/install/teleop_command/include/teleop_command/elrs_emwave_device.hpp
-- Up-to-date symlink: /home/aiseon/tita/sim2sim2real/install/teleop_command/include/teleop_command/teleop_command_node.hpp
-- Up-to-date symlink: /home/aiseon/tita/sim2sim2real/install/teleop_command/share/teleop_command/environment/library_path.sh
-- Up-to-date symlink: /home/aiseon/tita/sim2sim2real/install/teleop_command/share/teleop_command/environment/library_path.dsv
-- Up-to-date symlink: /home/aiseon/tita/sim2sim2real/install/teleop_command/lib/libteleop_command_lib.so
-- Up-to-date symlink: /home/aiseon/tita/sim2sim2real/install/teleop_command/lib/teleop_command/teleop_command_node
-- Up-to-date symlink: /home/aiseon/tita/sim2sim2real/install/teleop_command/share/ament_index/resource_index/package_run_dependencies/teleop_command
-- Up-to-date symlink: /home/aiseon/tita/sim2sim2real/install/teleop_command/share/ament_index/resource_index/parent_prefix_path/teleop_command
-- Up-to-date symlink: /home/aiseon/tita/sim2sim2real/install/teleop_command/share/teleop_command/environment/ament_prefix_path.sh
-- Up-to-date symlink: /home/aiseon/tita/sim2sim2real/install/teleop_command/share/teleop_command/environment/ament_prefix_path.dsv
-- Up-to-date symlink: /home/aiseon/tita/sim2sim2real/install/teleop_command/share/teleop_command/environment/path.sh
-- Up-to-date symlink: /home/aiseon/tita/sim2sim2real/install/teleop_command/share/teleop_command/environment/path.dsv
-- Up-to-date symlink: /home/aiseon/tita/sim2sim2real/install/teleop_command/share/teleop_command/local_setup.bash
-- Up-to-date symlink: /home/aiseon/tita/sim2sim2real/install/teleop_command/share/teleop_command/local_setup.sh
-- Up-to-date symlink: /home/aiseon/tita/sim2sim2real/install/teleop_command/share/teleop_command/local_setup.zsh
-- Up-to-date symlink: /home/aiseon/tita/sim2sim2real/install/teleop_command/share/teleop_command/local_setup.dsv
-- Symlinking: /home/aiseon/tita/sim2sim2real/install/teleop_command/share/teleop_command/package.dsv
-- Up-to-date symlink: /home/aiseon/tita/sim2sim2real/install/teleop_command/share/ament_index/resource_index/packages/teleop_command
-- Up-to-date symlink: /home/aiseon/tita/sim2sim2real/install/teleop_command/share/teleop_command/cmake/ament_cmake_export_dependencies-extras.cmake
-- Up-to-date symlink: /home/aiseon/tita/sim2sim2real/install/teleop_command/share/teleop_command/cmake/ament_cmake_export_include_directories-extras.cmake
-- Up-to-date symlink: /home/aiseon/tita/sim2sim2real/install/teleop_command/share/teleop_command/cmake/ament_cmake_export_libraries-extras.cmake
-- Up-to-date symlink: /home/aiseon/tita/sim2sim2real/install/teleop_command/share/teleop_command/cmake/teleop_commandConfig.cmake
-- Up-to-date symlink: /home/aiseon/tita/sim2sim2real/install/teleop_command/share/teleop_command/cmake/teleop_commandConfig-version.cmake
-- Up-to-date symlink: /home/aiseon/tita/sim2sim2real/install/teleop_command/share/teleop_command/package.xml
