[0.023s] Invoking command in '/home/aiseon/tita/sim2sim2real/build/teleop_command': AMENT_PREFIX_PATH=/home/aiseon/tita/sim2sim2real/install/ros_utils:${AMENT_PREFIX_PATH} CMAKE_PREFIX_PATH=/home/aiseon/tita/sim2sim2real/install/ros_utils:/opt/ros/humble CONDA_PROMPT_MODIFIER=(base) /usr/bin/cmake --build /home/aiseon/tita/sim2sim2real/build/teleop_command -- -j192 -l192
[0.064s] -- Found ament_cmake_auto: 1.3.13 (/opt/ros/humble/share/ament_cmake_auto/cmake)
[0.234s] -- Override CMake install command with custom implementation using symlinks instead of copying resources
[0.383s] -- Found rosidl_generator_c: 3.1.8 (/opt/ros/humble/share/rosidl_generator_c/cmake)
[0.385s] -- Found rosidl_adapter: 3.1.8 (/opt/ros/humble/share/rosidl_adapter/cmake)
[0.390s] -- Found rosidl_generator_cpp: 3.1.8 (/opt/ros/humble/share/rosidl_generator_cpp/cmake)
[0.399s] -- Using all available rosidl_typesupport_c: rosidl_typesupport_fastrtps_c;rosidl_typesupport_introspection_c
[0.410s] -- Using all available rosidl_typesupport_cpp: rosidl_typesupport_fastrtps_cpp;rosidl_typesupport_introspection_cpp
[0.439s] -- Found rmw_implementation_cmake: 6.1.2 (/opt/ros/humble/share/rmw_implementation_cmake/cmake)
[0.440s] -- Found rmw_fastrtps_cpp: 6.2.10 (/opt/ros/humble/share/rmw_fastrtps_cpp/cmake)
[0.574s] -- Using RMW implementation 'rmw_fastrtps_cpp' as default
[0.708s] -- Found parameter_traits: 0.6.0 (/opt/ros/humble/share/parameter_traits/cmake)
[0.715s] -- Found rclcpp_lifecycle: 16.0.18 (/opt/ros/humble/share/rclcpp_lifecycle/cmake)
[0.738s] -- Found ament_lint_auto: 0.12.15 (/opt/ros/humble/share/ament_lint_auto/cmake)
[0.741s] [0mIn this package, headers install destination is set to `include` by ament_auto_package. It is recommended to install `include/teleop_command` instead and will be the default behavior of ament_auto_package from ROS 2 Kilted Kaiju. On distributions before Kilted, ament_auto_package behaves the same way when you use USE_SCOPED_HEADER_INSTALL_DIR option.[0m
[0.747s] -- Added test 'clang_format' to check C / C++ code style
[0.747s] -- Added test 'copyright' to check source files copyright and LICENSE
[0.748s] -- Added test 'cppcheck' to perform static code analysis on C / C++ code
[0.748s] -- Configured cppcheck include dirs: /home/aiseon/tita/sim2sim2real/ddt_ros2_ws/ddt_ros2_control/interaction/teleop_command/include
[0.748s] -- Configured cppcheck exclude dirs and/or files: 
[0.749s] -- Added test 'cpplint' to check C / C++ code against the Google style
[0.749s] -- Configured cpplint exclude dirs and/or files: 
[0.750s] -- Added test 'lint_cmake' to check CMake code style
[0.750s] -- Added test 'xmllint' to check XML markup files
[0.752s] -- Configuring done
[0.778s] -- Generating done
[0.786s] -- Build files have been written to: /home/aiseon/tita/sim2sim2real/build/teleop_command
[0.862s] [ 28%] Built target teleop_command_parameters
[0.886s] [35m[1mConsolidate compiler generated dependencies of target teleop_command_lib[0m
[0.920s] [ 42%] [32mBuilding CXX object CMakeFiles/teleop_command_lib.dir/src/teleop_command_node.cpp.o[0m
[0.921s] [ 57%] [32mBuilding CXX object CMakeFiles/teleop_command_lib.dir/src/elrs_emwave_device.cpp.o[0m
[9.022s] [ 71%] [32m[1mLinking CXX shared library libteleop_command_lib.so[0m
[9.185s] [ 71%] Built target teleop_command_lib
[9.209s] [35m[1mConsolidate compiler generated dependencies of target teleop_command_node[0m
[9.237s] [ 85%] [32mBuilding CXX object CMakeFiles/teleop_command_node.dir/src/main.cpp.o[0m
[11.838s] [100%] [32m[1mLinking CXX executable teleop_command_node[0m
[11.985s] [100%] Built target teleop_command_node
[12.003s] Invoked command in '/home/aiseon/tita/sim2sim2real/build/teleop_command' returned '0': AMENT_PREFIX_PATH=/home/aiseon/tita/sim2sim2real/install/ros_utils:${AMENT_PREFIX_PATH} CMAKE_PREFIX_PATH=/home/aiseon/tita/sim2sim2real/install/ros_utils:/opt/ros/humble CONDA_PROMPT_MODIFIER=(base) /usr/bin/cmake --build /home/aiseon/tita/sim2sim2real/build/teleop_command -- -j192 -l192
[12.006s] Invoking command in '/home/aiseon/tita/sim2sim2real/build/teleop_command': AMENT_PREFIX_PATH=/home/aiseon/tita/sim2sim2real/install/ros_utils:${AMENT_PREFIX_PATH} CMAKE_PREFIX_PATH=/home/aiseon/tita/sim2sim2real/install/ros_utils:/opt/ros/humble CONDA_PROMPT_MODIFIER=(base) /usr/bin/cmake --install /home/aiseon/tita/sim2sim2real/build/teleop_command
[12.015s] -- Install configuration: ""
[12.016s] -- Execute custom install script
[12.016s] -- Up-to-date symlink: /home/aiseon/tita/sim2sim2real/install/teleop_command/include/teleop_command/teleop_command_parameters.hpp
[12.017s] -- Up-to-date symlink: /home/aiseon/tita/sim2sim2real/install/teleop_command/share/teleop_command/launch/teleop_command.launch.py
[12.017s] -- Up-to-date symlink: /home/aiseon/tita/sim2sim2real/install/teleop_command/share/teleop_command/config/param.yaml
[12.017s] -- Up-to-date symlink: /home/aiseon/tita/sim2sim2real/install/teleop_command/include/teleop_command/elrs_emwave_device.hpp
[12.017s] -- Up-to-date symlink: /home/aiseon/tita/sim2sim2real/install/teleop_command/include/teleop_command/teleop_command_node.hpp
[12.017s] -- Up-to-date symlink: /home/aiseon/tita/sim2sim2real/install/teleop_command/share/teleop_command/environment/library_path.sh
[12.017s] -- Up-to-date symlink: /home/aiseon/tita/sim2sim2real/install/teleop_command/share/teleop_command/environment/library_path.dsv
[12.018s] -- Up-to-date symlink: /home/aiseon/tita/sim2sim2real/install/teleop_command/lib/libteleop_command_lib.so
[12.018s] -- Up-to-date symlink: /home/aiseon/tita/sim2sim2real/install/teleop_command/lib/teleop_command/teleop_command_node
[12.018s] -- Up-to-date symlink: /home/aiseon/tita/sim2sim2real/install/teleop_command/share/ament_index/resource_index/package_run_dependencies/teleop_command
[12.018s] -- Up-to-date symlink: /home/aiseon/tita/sim2sim2real/install/teleop_command/share/ament_index/resource_index/parent_prefix_path/teleop_command
[12.018s] -- Up-to-date symlink: /home/aiseon/tita/sim2sim2real/install/teleop_command/share/teleop_command/environment/ament_prefix_path.sh
[12.018s] -- Up-to-date symlink: /home/aiseon/tita/sim2sim2real/install/teleop_command/share/teleop_command/environment/ament_prefix_path.dsv
[12.018s] -- Up-to-date symlink: /home/aiseon/tita/sim2sim2real/install/teleop_command/share/teleop_command/environment/path.sh
[12.019s] -- Up-to-date symlink: /home/aiseon/tita/sim2sim2real/install/teleop_command/share/teleop_command/environment/path.dsv
[12.019s] -- Up-to-date symlink: /home/aiseon/tita/sim2sim2real/install/teleop_command/share/teleop_command/local_setup.bash
[12.019s] -- Up-to-date symlink: /home/aiseon/tita/sim2sim2real/install/teleop_command/share/teleop_command/local_setup.sh
[12.019s] -- Up-to-date symlink: /home/aiseon/tita/sim2sim2real/install/teleop_command/share/teleop_command/local_setup.zsh
[12.019s] -- Up-to-date symlink: /home/aiseon/tita/sim2sim2real/install/teleop_command/share/teleop_command/local_setup.dsv
[12.019s] -- Symlinking: /home/aiseon/tita/sim2sim2real/install/teleop_command/share/teleop_command/package.dsv
[12.030s] -- Up-to-date symlink: /home/aiseon/tita/sim2sim2real/install/teleop_command/share/ament_index/resource_index/packages/teleop_command
[12.030s] -- Up-to-date symlink: /home/aiseon/tita/sim2sim2real/install/teleop_command/share/teleop_command/cmake/ament_cmake_export_dependencies-extras.cmake
[12.030s] -- Up-to-date symlink: /home/aiseon/tita/sim2sim2real/install/teleop_command/share/teleop_command/cmake/ament_cmake_export_include_directories-extras.cmake
[12.031s] -- Up-to-date symlink: /home/aiseon/tita/sim2sim2real/install/teleop_command/share/teleop_command/cmake/ament_cmake_export_libraries-extras.cmake
[12.031s] -- Up-to-date symlink: /home/aiseon/tita/sim2sim2real/install/teleop_command/share/teleop_command/cmake/teleop_commandConfig.cmake
[12.031s] -- Up-to-date symlink: /home/aiseon/tita/sim2sim2real/install/teleop_command/share/teleop_command/cmake/teleop_commandConfig-version.cmake
[12.031s] -- Up-to-date symlink: /home/aiseon/tita/sim2sim2real/install/teleop_command/share/teleop_command/package.xml
[12.034s] Invoked command in '/home/aiseon/tita/sim2sim2real/build/teleop_command' returned '0': AMENT_PREFIX_PATH=/home/aiseon/tita/sim2sim2real/install/ros_utils:${AMENT_PREFIX_PATH} CMAKE_PREFIX_PATH=/home/aiseon/tita/sim2sim2real/install/ros_utils:/opt/ros/humble CONDA_PROMPT_MODIFIER=(base) /usr/bin/cmake --install /home/aiseon/tita/sim2sim2real/build/teleop_command
