[0.024s] Invoking command in '/home/aiseon/tita/sim2sim2real_bipedal/ddt_ros2_ws/build/mujoco_ros2_control': CMAKE_PREFIX_PATH=/home/aiseon/tita/sim2sim2real_bipedal/ddt_ros2_ws/install/mujoco_sim_ros2:/home/aiseon/tita/sim2sim2real_bipedal/ddt_ros2_ws/install/titatit_description:/home/aiseon/tita/sim2sim2real_bipedal/ddt_ros2_ws/install/hardware_bridge:/home/aiseon/tita/sim2sim2real_bipedal/ddt_ros2_ws/install/tita_robot:/home/aiseon/tita/sim2sim2real_bipedal/ddt_ros2_ws/install/tita_description:/home/aiseon/tita/sim2sim2real_bipedal/ddt_ros2_ws/install/teleop_command:/home/aiseon/tita/sim2sim2real_bipedal/ddt_ros2_ws/install/rl_controller:/home/aiseon/tita/sim2sim2real_bipedal/ddt_ros2_ws/install/keyboard_controller:/home/aiseon/tita/sim2sim2real_bipedal/ddt_ros2_ws/install/ros_utils:/home/aiseon/tita/sim2sim2real_bipedal/ddt_ros2_ws/install/mujoco_bridge:/home/aiseon/tita/sim2sim2real_bipedal/ddt_ros2_ws/install/mujoco_ros2_control:/home/aiseon/tita/sim2sim2real_bipedal/ddt_ros2_ws/install/d1h_description:/home/aiseon/tita/sim2sim2real_bipedal/ddt_ros2_ws/install/d1_description:/home.aiseon/mujoco_src:/home.aiseon/mujoco_src:/opt/ros/humble CONDA_PROMPT_MODIFIER=(base) /home/aiseon/.local/bin/cmake --build /home/aiseon/tita/sim2sim2real_bipedal/ddt_ros2_ws/build/mujoco_ros2_control -- -j192 -l192
[0.056s] [0mCMake Error: The current CMakeCache.txt directory /home/aiseon/tita/sim2sim2real_bipedal/ddt_ros2_ws/build/mujoco_ros2_control/CMakeCache.txt is different than the directory /home/aiseon/tita/sim2sim2real/ddt_ros2_ws/build/mujoco_ros2_control where CMakeCache.txt was created. This may result in binaries being created in the wrong place. If you are not sure, reedit the CMakeCache.txt[0m
[0.142s] [ 20%] Built target mujoco_system_plugins
[0.145s] [ 50%] Built target mujoco_ros2_control-system
[0.150s] [100%] Built target mujoco_ros2_control
[0.175s] Invoked command in '/home/aiseon/tita/sim2sim2real_bipedal/ddt_ros2_ws/build/mujoco_ros2_control' returned '0': CMAKE_PREFIX_PATH=/home/aiseon/tita/sim2sim2real_bipedal/ddt_ros2_ws/install/mujoco_sim_ros2:/home/aiseon/tita/sim2sim2real_bipedal/ddt_ros2_ws/install/titatit_description:/home/aiseon/tita/sim2sim2real_bipedal/ddt_ros2_ws/install/hardware_bridge:/home/aiseon/tita/sim2sim2real_bipedal/ddt_ros2_ws/install/tita_robot:/home/aiseon/tita/sim2sim2real_bipedal/ddt_ros2_ws/install/tita_description:/home/aiseon/tita/sim2sim2real_bipedal/ddt_ros2_ws/install/teleop_command:/home/aiseon/tita/sim2sim2real_bipedal/ddt_ros2_ws/install/rl_controller:/home/aiseon/tita/sim2sim2real_bipedal/ddt_ros2_ws/install/keyboard_controller:/home/aiseon/tita/sim2sim2real_bipedal/ddt_ros2_ws/install/ros_utils:/home/aiseon/tita/sim2sim2real_bipedal/ddt_ros2_ws/install/mujoco_bridge:/home/aiseon/tita/sim2sim2real_bipedal/ddt_ros2_ws/install/mujoco_ros2_control:/home/aiseon/tita/sim2sim2real_bipedal/ddt_ros2_ws/install/d1h_description:/home/aiseon/tita/sim2sim2real_bipedal/ddt_ros2_ws/install/d1_description:/home.aiseon/mujoco_src:/home.aiseon/mujoco_src:/opt/ros/humble CONDA_PROMPT_MODIFIER=(base) /home/aiseon/.local/bin/cmake --build /home/aiseon/tita/sim2sim2real_bipedal/ddt_ros2_ws/build/mujoco_ros2_control -- -j192 -l192
[0.178s] Invoking command in '/home/aiseon/tita/sim2sim2real_bipedal/ddt_ros2_ws/build/mujoco_ros2_control': CMAKE_PREFIX_PATH=/home/aiseon/tita/sim2sim2real_bipedal/ddt_ros2_ws/install/mujoco_sim_ros2:/home/aiseon/tita/sim2sim2real_bipedal/ddt_ros2_ws/install/titatit_description:/home/aiseon/tita/sim2sim2real_bipedal/ddt_ros2_ws/install/hardware_bridge:/home/aiseon/tita/sim2sim2real_bipedal/ddt_ros2_ws/install/tita_robot:/home/aiseon/tita/sim2sim2real_bipedal/ddt_ros2_ws/install/tita_description:/home/aiseon/tita/sim2sim2real_bipedal/ddt_ros2_ws/install/teleop_command:/home/aiseon/tita/sim2sim2real_bipedal/ddt_ros2_ws/install/rl_controller:/home/aiseon/tita/sim2sim2real_bipedal/ddt_ros2_ws/install/keyboard_controller:/home/aiseon/tita/sim2sim2real_bipedal/ddt_ros2_ws/install/ros_utils:/home/aiseon/tita/sim2sim2real_bipedal/ddt_ros2_ws/install/mujoco_bridge:/home/aiseon/tita/sim2sim2real_bipedal/ddt_ros2_ws/install/mujoco_ros2_control:/home/aiseon/tita/sim2sim2real_bipedal/ddt_ros2_ws/install/d1h_description:/home/aiseon/tita/sim2sim2real_bipedal/ddt_ros2_ws/install/d1_description:/home.aiseon/mujoco_src:/home.aiseon/mujoco_src:/opt/ros/humble CONDA_PROMPT_MODIFIER=(base) /home/aiseon/.local/bin/cmake --install /home/aiseon/tita/sim2sim2real_bipedal/ddt_ros2_ws/build/mujoco_ros2_control
[0.213s] -- Install configuration: ""
[0.214s] -- Execute custom install script
[0.214s] -- Up-to-date symlink: /home/aiseon/tita/sim2sim2real/ddt_ros2_ws/install/mujoco_ros2_control/share/mujoco_ros2_control//mujoco_system_plugins.xml
[0.214s] -- Up-to-date symlink: /home/aiseon/tita/sim2sim2real/ddt_ros2_ws/install/mujoco_ros2_control/share/mujoco_ros2_control//mujoco_ros2_control_plugins.xml
[0.215s] -- Up-to-date symlink: /home/aiseon/tita/sim2sim2real/ddt_ros2_ws/install/mujoco_ros2_control/lib/mujoco_ros2_control/mujoco_ros2_control
[0.215s] -- Up-to-date symlink: /home/aiseon/tita/sim2sim2real/ddt_ros2_ws/install/mujoco_ros2_control/share/mujoco_ros2_control//mujoco_system_plugins.xml
[0.215s] -- Up-to-date symlink: /home/aiseon/tita/sim2sim2real/ddt_ros2_ws/install/mujoco_ros2_control/share/ament_index/resource_index/package_run_dependencies/mujoco_ros2_control
[0.215s] -- Up-to-date symlink: /home/aiseon/tita/sim2sim2real/ddt_ros2_ws/install/mujoco_ros2_control/share/ament_index/resource_index/parent_prefix_path/mujoco_ros2_control
[0.215s] -- Up-to-date symlink: /home/aiseon/tita/sim2sim2real/ddt_ros2_ws/install/mujoco_ros2_control/share/mujoco_ros2_control/environment/ament_prefix_path.sh
[0.215s] -- Up-to-date symlink: /home/aiseon/tita/sim2sim2real/ddt_ros2_ws/install/mujoco_ros2_control/share/mujoco_ros2_control/environment/ament_prefix_path.dsv
[0.216s] -- Up-to-date symlink: /home/aiseon/tita/sim2sim2real/ddt_ros2_ws/install/mujoco_ros2_control/share/mujoco_ros2_control/environment/path.sh
[0.216s] -- Up-to-date symlink: /home/aiseon/tita/sim2sim2real/ddt_ros2_ws/install/mujoco_ros2_control/share/mujoco_ros2_control/environment/path.dsv
[0.216s] -- Up-to-date symlink: /home/aiseon/tita/sim2sim2real/ddt_ros2_ws/install/mujoco_ros2_control/share/mujoco_ros2_control/local_setup.bash
[0.216s] -- Up-to-date symlink: /home/aiseon/tita/sim2sim2real/ddt_ros2_ws/install/mujoco_ros2_control/share/mujoco_ros2_control/local_setup.sh
[0.216s] -- Up-to-date symlink: /home/aiseon/tita/sim2sim2real/ddt_ros2_ws/install/mujoco_ros2_control/share/mujoco_ros2_control/local_setup.zsh
[0.216s] -- Up-to-date symlink: /home/aiseon/tita/sim2sim2real/ddt_ros2_ws/install/mujoco_ros2_control/share/mujoco_ros2_control/local_setup.dsv
[0.216s] -- Up-to-date symlink: /home/aiseon/tita/sim2sim2real/ddt_ros2_ws/install/mujoco_ros2_control/share/mujoco_ros2_control/package.dsv
[0.216s] -- Up-to-date symlink: /home/aiseon/tita/sim2sim2real/ddt_ros2_ws/install/mujoco_ros2_control/share/ament_index/resource_index/packages/mujoco_ros2_control
[0.217s] -- Up-to-date symlink: /home/aiseon/tita/sim2sim2real/ddt_ros2_ws/install/mujoco_ros2_control/share/ament_index/resource_index/mujoco_ros2_control__pluginlib__plugin/mujoco_ros2_control
[0.217s] -- Up-to-date symlink: /home/aiseon/tita/sim2sim2real/ddt_ros2_ws/install/mujoco_ros2_control/share/ament_index/resource_index/mujoco_sim_ros2__pluginlib__plugin/mujoco_ros2_control
[0.217s] -- Up-to-date symlink: /home/aiseon/tita/sim2sim2real/ddt_ros2_ws/install/mujoco_ros2_control/share/mujoco_ros2_control/cmake/mujoco_ros2_controlConfig.cmake
[0.217s] -- Up-to-date symlink: /home/aiseon/tita/sim2sim2real/ddt_ros2_ws/install/mujoco_ros2_control/share/mujoco_ros2_control/cmake/mujoco_ros2_controlConfig-version.cmake
[0.217s] -- Up-to-date symlink: /home/aiseon/tita/sim2sim2real/ddt_ros2_ws/install/mujoco_ros2_control/share/mujoco_ros2_control/package.xml
[0.217s] -- Up-to-date: /home/aiseon/tita/sim2sim2real/ddt_ros2_ws/install/mujoco_ros2_control/lib/libmujoco_system_plugins.so
[0.217s] -- Up-to-date: /home/aiseon/tita/sim2sim2real/ddt_ros2_ws/install/mujoco_ros2_control/lib/libmujoco_ros2_control-system.so
[0.224s] Invoked command in '/home/aiseon/tita/sim2sim2real_bipedal/ddt_ros2_ws/build/mujoco_ros2_control' returned '0': CMAKE_PREFIX_PATH=/home/aiseon/tita/sim2sim2real_bipedal/ddt_ros2_ws/install/mujoco_sim_ros2:/home/aiseon/tita/sim2sim2real_bipedal/ddt_ros2_ws/install/titatit_description:/home/aiseon/tita/sim2sim2real_bipedal/ddt_ros2_ws/install/hardware_bridge:/home/aiseon/tita/sim2sim2real_bipedal/ddt_ros2_ws/install/tita_robot:/home/aiseon/tita/sim2sim2real_bipedal/ddt_ros2_ws/install/tita_description:/home/aiseon/tita/sim2sim2real_bipedal/ddt_ros2_ws/install/teleop_command:/home/aiseon/tita/sim2sim2real_bipedal/ddt_ros2_ws/install/rl_controller:/home/aiseon/tita/sim2sim2real_bipedal/ddt_ros2_ws/install/keyboard_controller:/home/aiseon/tita/sim2sim2real_bipedal/ddt_ros2_ws/install/ros_utils:/home/aiseon/tita/sim2sim2real_bipedal/ddt_ros2_ws/install/mujoco_bridge:/home/aiseon/tita/sim2sim2real_bipedal/ddt_ros2_ws/install/mujoco_ros2_control:/home/aiseon/tita/sim2sim2real_bipedal/ddt_ros2_ws/install/d1h_description:/home/aiseon/tita/sim2sim2real_bipedal/ddt_ros2_ws/install/d1_description:/home.aiseon/mujoco_src:/home.aiseon/mujoco_src:/opt/ros/humble CONDA_PROMPT_MODIFIER=(base) /home/aiseon/.local/bin/cmake --install /home/aiseon/tita/sim2sim2real_bipedal/ddt_ros2_ws/build/mujoco_ros2_control
