[0.025s] Invoking command in '/home/aiseon/tita/sim2sim2real/ddt_ros2_ws/build/rl_controller': CMAKE_PREFIX_PATH=/home/aiseon/tita/sim2sim2real/ddt_ros2_ws/install/ros_utils:/home/aiseon/tita/sim2sim2real/ddt_ros2_ws/install/titatit_description:/home/aiseon/tita/sim2sim2real/ddt_ros2_ws/install/hardware_bridge:/home/aiseon/tita/sim2sim2real/ddt_ros2_ws/install/tita_robot:/home/aiseon/tita/sim2sim2real/ddt_ros2_ws/install/tita_description:/home/aiseon/tita/sim2sim2real/ddt_ros2_ws/install/rl_controller:/home/aiseon/tita/sim2sim2real/ddt_ros2_ws/install/mujoco_bridge:/home/aiseon/tita/sim2sim2real/ddt_ros2_ws/install/mujoco_ros2_control:/home/aiseon/tita/sim2sim2real/ddt_ros2_ws/install/mujoco_sim_ros2:/home/aiseon/tita/sim2sim2real/ddt_ros2_ws/install/d1h_description:/home/aiseon/tita/sim2sim2real/ddt_ros2_ws/install/d1_description:/opt/ros/humble /usr/bin/cmake /home/aiseon/tita/sim2sim2real/ddt_ros2_ws/ddt_ros2_control/controller/rl_controller -DAMENT_CMAKE_SYMLINK_INSTALL=1 -DCMAKE_INSTALL_PREFIX=/home/aiseon/tita/sim2sim2real/ddt_ros2_ws/install/rl_controller
[0.040s] -- Found ament_cmake_auto: 1.3.13 (/opt/ros/humble/share/ament_cmake_auto/cmake)
[0.222s] -- Override CMake install command with custom implementation using symlinks instead of copying resources
[0.371s] -- Found rosidl_generator_c: 3.1.8 (/opt/ros/humble/share/rosidl_generator_c/cmake)
[0.373s] -- Found rosidl_adapter: 3.1.8 (/opt/ros/humble/share/rosidl_adapter/cmake)
[0.379s] -- Found rosidl_generator_cpp: 3.1.8 (/opt/ros/humble/share/rosidl_generator_cpp/cmake)
[0.387s] -- Using all available rosidl_typesupport_c: rosidl_typesupport_fastrtps_c;rosidl_typesupport_introspection_c
[0.399s] -- Using all available rosidl_typesupport_cpp: rosidl_typesupport_fastrtps_cpp;rosidl_typesupport_introspection_cpp
[0.429s] -- Found rmw_implementation_cmake: 6.1.2 (/opt/ros/humble/share/rmw_implementation_cmake/cmake)
[0.431s] -- Found rmw_fastrtps_cpp: 6.2.10 (/opt/ros/humble/share/rmw_fastrtps_cpp/cmake)
[0.557s] -- Using RMW implementation 'rmw_fastrtps_cpp' as default
[0.752s] -- Found parameter_traits: 0.6.0 (/opt/ros/humble/share/parameter_traits/cmake)
[0.766s] -- Found ament_lint_auto: 0.12.15 (/opt/ros/humble/share/ament_lint_auto/cmake)
[0.770s] [0mIn this package, headers install destination is set to `include` by ament_auto_package. It is recommended to install `include/rl_controller` instead and will be the default behavior of ament_auto_package from ROS 2 Kilted Kaiju. On distributions before Kilted, ament_auto_package behaves the same way when you use USE_SCOPED_HEADER_INSTALL_DIR option.[0m
[0.778s] -- Added test 'clang_format' to check C / C++ code style
[0.778s] -- Added test 'copyright' to check source files copyright and LICENSE
[0.781s] -- Added test 'cppcheck' to perform static code analysis on C / C++ code
[0.782s] -- Configured cppcheck include dirs: /home/aiseon/tita/sim2sim2real/ddt_ros2_ws/ddt_ros2_control/controller/rl_controller/include
[0.782s] -- Configured cppcheck exclude dirs and/or files: 
[0.785s] -- Added test 'cpplint' to check C / C++ code against the Google style
[0.785s] -- Configured cpplint exclude dirs and/or files: 
[0.786s] -- Added test 'lint_cmake' to check CMake code style
[0.786s] -- Added test 'xmllint' to check XML markup files
[0.788s] -- Configuring done
[0.803s] -- Generating done
[0.809s] -- Build files have been written to: /home/aiseon/tita/sim2sim2real/ddt_ros2_ws/build/rl_controller
[0.820s] Invoked command in '/home/aiseon/tita/sim2sim2real/ddt_ros2_ws/build/rl_controller' returned '0': CMAKE_PREFIX_PATH=/home/aiseon/tita/sim2sim2real/ddt_ros2_ws/install/ros_utils:/home/aiseon/tita/sim2sim2real/ddt_ros2_ws/install/titatit_description:/home/aiseon/tita/sim2sim2real/ddt_ros2_ws/install/hardware_bridge:/home/aiseon/tita/sim2sim2real/ddt_ros2_ws/install/tita_robot:/home/aiseon/tita/sim2sim2real/ddt_ros2_ws/install/tita_description:/home/aiseon/tita/sim2sim2real/ddt_ros2_ws/install/rl_controller:/home/aiseon/tita/sim2sim2real/ddt_ros2_ws/install/mujoco_bridge:/home/aiseon/tita/sim2sim2real/ddt_ros2_ws/install/mujoco_ros2_control:/home/aiseon/tita/sim2sim2real/ddt_ros2_ws/install/mujoco_sim_ros2:/home/aiseon/tita/sim2sim2real/ddt_ros2_ws/install/d1h_description:/home/aiseon/tita/sim2sim2real/ddt_ros2_ws/install/d1_description:/opt/ros/humble /usr/bin/cmake /home/aiseon/tita/sim2sim2real/ddt_ros2_ws/ddt_ros2_control/controller/rl_controller -DAMENT_CMAKE_SYMLINK_INSTALL=1 -DCMAKE_INSTALL_PREFIX=/home/aiseon/tita/sim2sim2real/ddt_ros2_ws/install/rl_controller
[0.824s] Invoking command in '/home/aiseon/tita/sim2sim2real/ddt_ros2_ws/build/rl_controller': CMAKE_PREFIX_PATH=/home/aiseon/tita/sim2sim2real/ddt_ros2_ws/install/ros_utils:/home/aiseon/tita/sim2sim2real/ddt_ros2_ws/install/titatit_description:/home/aiseon/tita/sim2sim2real/ddt_ros2_ws/install/hardware_bridge:/home/aiseon/tita/sim2sim2real/ddt_ros2_ws/install/tita_robot:/home/aiseon/tita/sim2sim2real/ddt_ros2_ws/install/tita_description:/home/aiseon/tita/sim2sim2real/ddt_ros2_ws/install/rl_controller:/home/aiseon/tita/sim2sim2real/ddt_ros2_ws/install/mujoco_bridge:/home/aiseon/tita/sim2sim2real/ddt_ros2_ws/install/mujoco_ros2_control:/home/aiseon/tita/sim2sim2real/ddt_ros2_ws/install/mujoco_sim_ros2:/home/aiseon/tita/sim2sim2real/ddt_ros2_ws/install/d1h_description:/home/aiseon/tita/sim2sim2real/ddt_ros2_ws/install/d1_description:/opt/ros/humble /usr/bin/cmake --build /home/aiseon/tita/sim2sim2real/ddt_ros2_ws/build/rl_controller -- -j192 -l192
[0.926s] [ 15%] Built target rl_controller_parameters
[0.957s] [35m[1mConsolidate compiler generated dependencies of target rl_controller[0m
[1.002s] [100%] Built target rl_controller
[1.024s] Invoked command in '/home/aiseon/tita/sim2sim2real/ddt_ros2_ws/build/rl_controller' returned '0': CMAKE_PREFIX_PATH=/home/aiseon/tita/sim2sim2real/ddt_ros2_ws/install/ros_utils:/home/aiseon/tita/sim2sim2real/ddt_ros2_ws/install/titatit_description:/home/aiseon/tita/sim2sim2real/ddt_ros2_ws/install/hardware_bridge:/home/aiseon/tita/sim2sim2real/ddt_ros2_ws/install/tita_robot:/home/aiseon/tita/sim2sim2real/ddt_ros2_ws/install/tita_description:/home/aiseon/tita/sim2sim2real/ddt_ros2_ws/install/rl_controller:/home/aiseon/tita/sim2sim2real/ddt_ros2_ws/install/mujoco_bridge:/home/aiseon/tita/sim2sim2real/ddt_ros2_ws/install/mujoco_ros2_control:/home/aiseon/tita/sim2sim2real/ddt_ros2_ws/install/mujoco_sim_ros2:/home/aiseon/tita/sim2sim2real/ddt_ros2_ws/install/d1h_description:/home/aiseon/tita/sim2sim2real/ddt_ros2_ws/install/d1_description:/opt/ros/humble /usr/bin/cmake --build /home/aiseon/tita/sim2sim2real/ddt_ros2_ws/build/rl_controller -- -j192 -l192
[1.027s] Invoking command in '/home/aiseon/tita/sim2sim2real/ddt_ros2_ws/build/rl_controller': CMAKE_PREFIX_PATH=/home/aiseon/tita/sim2sim2real/ddt_ros2_ws/install/ros_utils:/home/aiseon/tita/sim2sim2real/ddt_ros2_ws/install/titatit_description:/home/aiseon/tita/sim2sim2real/ddt_ros2_ws/install/hardware_bridge:/home/aiseon/tita/sim2sim2real/ddt_ros2_ws/install/tita_robot:/home/aiseon/tita/sim2sim2real/ddt_ros2_ws/install/tita_description:/home/aiseon/tita/sim2sim2real/ddt_ros2_ws/install/rl_controller:/home/aiseon/tita/sim2sim2real/ddt_ros2_ws/install/mujoco_bridge:/home/aiseon/tita/sim2sim2real/ddt_ros2_ws/install/mujoco_ros2_control:/home/aiseon/tita/sim2sim2real/ddt_ros2_ws/install/mujoco_sim_ros2:/home/aiseon/tita/sim2sim2real/ddt_ros2_ws/install/d1h_description:/home/aiseon/tita/sim2sim2real/ddt_ros2_ws/install/d1_description:/opt/ros/humble /usr/bin/cmake --install /home/aiseon/tita/sim2sim2real/ddt_ros2_ws/build/rl_controller
[1.041s] -- Install configuration: ""
[1.041s] -- Execute custom install script
[1.042s] -- Up-to-date symlink: /home/aiseon/tita/sim2sim2real/ddt_ros2_ws/install/rl_controller/include/rl_controller/rl_controller_parameters.hpp
[1.042s] -- Up-to-date symlink: /home/aiseon/tita/sim2sim2real/ddt_ros2_ws/install/rl_controller/share/rl_controller//rl_controller_plugin.xml
[1.042s] -- Up-to-date symlink: /home/aiseon/tita/sim2sim2real/ddt_ros2_ws/install/rl_controller/share/rl_controller/config/d1/controllers.yaml
[1.043s] -- Up-to-date symlink: /home/aiseon/tita/sim2sim2real/ddt_ros2_ws/install/rl_controller/share/rl_controller/config/d1/flat.onnx
[1.043s] -- Up-to-date symlink: /home/aiseon/tita/sim2sim2real/ddt_ros2_ws/install/rl_controller/share/rl_controller/config/d1h/controllers.yaml
[1.043s] -- Up-to-date symlink: /home/aiseon/tita/sim2sim2real/ddt_ros2_ws/install/rl_controller/share/rl_controller/config/d1h/flat.onnx
[1.043s] -- Up-to-date symlink: /home/aiseon/tita/sim2sim2real/ddt_ros2_ws/install/rl_controller/share/rl_controller/config/d1h/squatdown.onnx
[1.043s] -- Up-to-date symlink: /home/aiseon/tita/sim2sim2real/ddt_ros2_ws/install/rl_controller/share/rl_controller/config/tita/controllers.yaml
[1.043s] -- Up-to-date symlink: /home/aiseon/tita/sim2sim2real/ddt_ros2_ws/install/rl_controller/share/rl_controller/config/tita/flat.onnx
[1.043s] -- Up-to-date symlink: /home/aiseon/tita/sim2sim2real/ddt_ros2_ws/install/rl_controller/share/rl_controller/config/titatit/controllers.yaml
[1.043s] -- Up-to-date symlink: /home/aiseon/tita/sim2sim2real/ddt_ros2_ws/install/rl_controller/share/rl_controller/config/titatit/test5000.onnx
[1.043s] -- Up-to-date symlink: /home/aiseon/tita/sim2sim2real/ddt_ros2_ws/install/rl_controller/share/rl_controller/config/titatit/test_1.onnx
[1.044s] -- Up-to-date symlink: /home/aiseon/tita/sim2sim2real/ddt_ros2_ws/install/rl_controller/share/rl_controller/config/titatit/test_10000.onnx
[1.044s] -- Symlinking: /home/aiseon/tita/sim2sim2real/ddt_ros2_ws/install/rl_controller/share/rl_controller/config/titatit/test_5000.onnx
[1.057s] -- Up-to-date symlink: /home/aiseon/tita/sim2sim2real/ddt_ros2_ws/install/rl_controller/share/rl_controller/config/titatit/test_6000.onnx
[1.057s] -- Up-to-date symlink: /home/aiseon/tita/sim2sim2real/ddt_ros2_ws/install/rl_controller/share/rl_controller/config/titatit/test_cylinder_1027_open_source.onnx
[1.058s] -- Up-to-date symlink: /home/aiseon/tita/sim2sim2real/ddt_ros2_ws/install/rl_controller/share/rl_controller/launch/hw.launch.py
[1.058s] -- Up-to-date symlink: /home/aiseon/tita/sim2sim2real/ddt_ros2_ws/install/rl_controller/share/rl_controller/launch/sim_gazebo.launch.py
[1.058s] -- Up-to-date symlink: /home/aiseon/tita/sim2sim2real/ddt_ros2_ws/install/rl_controller/share/rl_controller/launch/sim_mujoco.launch.py
[1.058s] -- Up-to-date symlink: /home/aiseon/tita/sim2sim2real/ddt_ros2_ws/install/rl_controller/share/rl_controller/launch/sim_webots.launch.py
[1.059s] -- Up-to-date symlink: /home/aiseon/tita/sim2sim2real/ddt_ros2_ws/install/rl_controller/include/rl_controller/common/Math/MathUtilities.h
[1.060s] -- Up-to-date symlink: /home/aiseon/tita/sim2sim2real/ddt_ros2_ws/install/rl_controller/include/rl_controller/common/Math/orientation_tools.h
[1.060s] -- Up-to-date symlink: /home/aiseon/tita/sim2sim2real/ddt_ros2_ws/install/rl_controller/include/rl_controller/common/RobotParameters.h
[1.060s] -- Up-to-date symlink: /home/aiseon/tita/sim2sim2real/ddt_ros2_ws/install/rl_controller/include/rl_controller/common/cppTypes.h
[1.060s] -- Up-to-date symlink: /home/aiseon/tita/sim2sim2real/ddt_ros2_ws/install/rl_controller/include/rl_controller/common/enumClass.h
[1.060s] -- Up-to-date symlink: /home/aiseon/tita/sim2sim2real/ddt_ros2_ws/install/rl_controller/include/rl_controller/common/timeMarker.h
[1.061s] -- Up-to-date symlink: /home/aiseon/tita/sim2sim2real/ddt_ros2_ws/install/rl_controller/include/rl_controller/fsm/ControlFSMData.h
[1.061s] -- Up-to-date symlink: /home/aiseon/tita/sim2sim2real/ddt_ros2_ws/install/rl_controller/include/rl_controller/fsm/FSM.h
[1.061s] -- Up-to-date symlink: /home/aiseon/tita/sim2sim2real/ddt_ros2_ws/install/rl_controller/include/rl_controller/fsm/FSMState.h
[1.061s] -- Up-to-date symlink: /home/aiseon/tita/sim2sim2real/ddt_ros2_ws/install/rl_controller/include/rl_controller/fsm/FSMState_JointPD.h
[1.061s] -- Up-to-date symlink: /home/aiseon/tita/sim2sim2real/ddt_ros2_ws/install/rl_controller/include/rl_controller/fsm/FSMState_Passive.h
[1.062s] -- Up-to-date symlink: /home/aiseon/tita/sim2sim2real/ddt_ros2_ws/install/rl_controller/include/rl_controller/fsm/FSMState_RL.h
[1.062s] -- Up-to-date symlink: /home/aiseon/tita/sim2sim2real/ddt_ros2_ws/install/rl_controller/include/rl_controller/fsm/FSMState_RLPPO.h
[1.062s] -- Up-to-date symlink: /home/aiseon/tita/sim2sim2real/ddt_ros2_ws/install/rl_controller/include/rl_controller/fsm/FSMState_TransformDown.h
[1.062s] -- Up-to-date symlink: /home/aiseon/tita/sim2sim2real/ddt_ros2_ws/install/rl_controller/include/rl_controller/fsm/FSMState_TransformUp.h
[1.062s] -- Up-to-date symlink: /home/aiseon/tita/sim2sim2real/ddt_ros2_ws/install/rl_controller/include/rl_controller/inferrer/engine_inferrer.hpp
[1.062s] -- Up-to-date symlink: /home/aiseon/tita/sim2sim2real/ddt_ros2_ws/install/rl_controller/include/rl_controller/inferrer/inferrer_base.hpp
[1.062s] -- Up-to-date symlink: /home/aiseon/tita/sim2sim2real/ddt_ros2_ws/install/rl_controller/include/rl_controller/inferrer/onnx_inferrer.hpp
[1.062s] -- Up-to-date symlink: /home/aiseon/tita/sim2sim2real/ddt_ros2_ws/install/rl_controller/include/rl_controller/rl_controller_node.hpp
[1.063s] -- Up-to-date symlink: /home/aiseon/tita/sim2sim2real/ddt_ros2_ws/install/rl_controller/share/rl_controller/environment/library_path.sh
[1.063s] -- Up-to-date symlink: /home/aiseon/tita/sim2sim2real/ddt_ros2_ws/install/rl_controller/share/rl_controller/environment/library_path.dsv
[1.063s] -- Up-to-date symlink: /home/aiseon/tita/sim2sim2real/ddt_ros2_ws/install/rl_controller/lib/librl_controller.so
[1.063s] -- Up-to-date symlink: /home/aiseon/tita/sim2sim2real/ddt_ros2_ws/install/rl_controller/share/ament_index/resource_index/package_run_dependencies/rl_controller
[1.063s] -- Up-to-date symlink: /home/aiseon/tita/sim2sim2real/ddt_ros2_ws/install/rl_controller/share/ament_index/resource_index/parent_prefix_path/rl_controller
[1.063s] -- Up-to-date symlink: /home/aiseon/tita/sim2sim2real/ddt_ros2_ws/install/rl_controller/share/rl_controller/environment/ament_prefix_path.sh
[1.063s] -- Up-to-date symlink: /home/aiseon/tita/sim2sim2real/ddt_ros2_ws/install/rl_controller/share/rl_controller/environment/ament_prefix_path.dsv
[1.063s] -- Up-to-date symlink: /home/aiseon/tita/sim2sim2real/ddt_ros2_ws/install/rl_controller/share/rl_controller/environment/path.sh
[1.064s] -- Up-to-date symlink: /home/aiseon/tita/sim2sim2real/ddt_ros2_ws/install/rl_controller/share/rl_controller/environment/path.dsv
[1.064s] -- Up-to-date symlink: /home/aiseon/tita/sim2sim2real/ddt_ros2_ws/install/rl_controller/share/rl_controller/local_setup.bash
[1.064s] -- Up-to-date symlink: /home/aiseon/tita/sim2sim2real/ddt_ros2_ws/install/rl_controller/share/rl_controller/local_setup.sh
[1.064s] -- Up-to-date symlink: /home/aiseon/tita/sim2sim2real/ddt_ros2_ws/install/rl_controller/share/rl_controller/local_setup.zsh
[1.064s] -- Up-to-date symlink: /home/aiseon/tita/sim2sim2real/ddt_ros2_ws/install/rl_controller/share/rl_controller/local_setup.dsv
[1.064s] -- Symlinking: /home/aiseon/tita/sim2sim2real/ddt_ros2_ws/install/rl_controller/share/rl_controller/package.dsv
[1.078s] -- Up-to-date symlink: /home/aiseon/tita/sim2sim2real/ddt_ros2_ws/install/rl_controller/share/ament_index/resource_index/packages/rl_controller
[1.078s] -- Up-to-date symlink: /home/aiseon/tita/sim2sim2real/ddt_ros2_ws/install/rl_controller/share/ament_index/resource_index/controller_interface__pluginlib__plugin/rl_controller
[1.079s] -- Up-to-date symlink: /home/aiseon/tita/sim2sim2real/ddt_ros2_ws/install/rl_controller/share/rl_controller/cmake/ament_cmake_export_dependencies-extras.cmake
[1.079s] -- Up-to-date symlink: /home/aiseon/tita/sim2sim2real/ddt_ros2_ws/install/rl_controller/share/rl_controller/cmake/ament_cmake_export_include_directories-extras.cmake
[1.079s] -- Up-to-date symlink: /home/aiseon/tita/sim2sim2real/ddt_ros2_ws/install/rl_controller/share/rl_controller/cmake/ament_cmake_export_libraries-extras.cmake
[1.079s] -- Up-to-date symlink: /home/aiseon/tita/sim2sim2real/ddt_ros2_ws/install/rl_controller/share/rl_controller/cmake/rl_controllerConfig.cmake
[1.080s] -- Up-to-date symlink: /home/aiseon/tita/sim2sim2real/ddt_ros2_ws/install/rl_controller/share/rl_controller/cmake/rl_controllerConfig-version.cmake
[1.080s] -- Up-to-date symlink: /home/aiseon/tita/sim2sim2real/ddt_ros2_ws/install/rl_controller/share/rl_controller/package.xml
[1.083s] Invoked command in '/home/aiseon/tita/sim2sim2real/ddt_ros2_ws/build/rl_controller' returned '0': CMAKE_PREFIX_PATH=/home/aiseon/tita/sim2sim2real/ddt_ros2_ws/install/ros_utils:/home/aiseon/tita/sim2sim2real/ddt_ros2_ws/install/titatit_description:/home/aiseon/tita/sim2sim2real/ddt_ros2_ws/install/hardware_bridge:/home/aiseon/tita/sim2sim2real/ddt_ros2_ws/install/tita_robot:/home/aiseon/tita/sim2sim2real/ddt_ros2_ws/install/tita_description:/home/aiseon/tita/sim2sim2real/ddt_ros2_ws/install/rl_controller:/home/aiseon/tita/sim2sim2real/ddt_ros2_ws/install/mujoco_bridge:/home/aiseon/tita/sim2sim2real/ddt_ros2_ws/install/mujoco_ros2_control:/home/aiseon/tita/sim2sim2real/ddt_ros2_ws/install/mujoco_sim_ros2:/home/aiseon/tita/sim2sim2real/ddt_ros2_ws/install/d1h_description:/home/aiseon/tita/sim2sim2real/ddt_ros2_ws/install/d1_description:/opt/ros/humble /usr/bin/cmake --install /home/aiseon/tita/sim2sim2real/ddt_ros2_ws/build/rl_controller
