[0.013s] Invoking command in '/home/aiseon/tita/sim2sim2real/build/titatit_description': CMAKE_PREFIX_PATH=${CMAKE_PREFIX_PATH}:/opt/ros/humble /usr/bin/cmake /home/aiseon/tita/sim2sim2real/ddt_ros2_ws/ddt_ros2_control/urdfs/titatit_description -DAMENT_CMAKE_SYMLINK_INSTALL=1 -DCMAKE_INSTALL_PREFIX=/home/aiseon/tita/sim2sim2real/install/titatit_description
[0.099s] -- The C compiler identification is GNU 11.4.0
[0.172s] -- The CXX compiler identification is GNU 11.4.0
[0.183s] -- Detecting C compiler ABI info
[0.289s] -- Detecting C compiler ABI info - done
[0.296s] -- Check for working C compiler: /usr/bin/cc - skipped
[0.296s] -- Detecting C compile features
[0.296s] -- Detecting C compile features - done
[0.299s] -- Detecting CXX compiler ABI info
[0.422s] -- Detecting CXX compiler ABI info - done
[0.432s] -- Check for working CXX compiler: /usr/bin/c++ - skipped
[0.433s] -- Detecting CXX compile features
[0.433s] -- Detecting CXX compile features - done
[0.434s] [0mCurrently in ROS2 compilation environment[0m
[0.436s] -- Found ament_cmake: 1.3.13 (/opt/ros/humble/share/ament_cmake/cmake)
[0.595s] -- Found Python3: /usr/bin/python3 (found version "3.10.12") found components: Interpreter 
[0.657s] -- Override CMake install command with custom implementation using symlinks instead of copying resources
[0.756s] -- Configuring done
[0.758s] -- Generating done
[0.759s] -- Build files have been written to: /home/aiseon/tita/sim2sim2real/build/titatit_description
[0.764s] Invoked command in '/home/aiseon/tita/sim2sim2real/build/titatit_description' returned '0': CMAKE_PREFIX_PATH=${CMAKE_PREFIX_PATH}:/opt/ros/humble /usr/bin/cmake /home/aiseon/tita/sim2sim2real/ddt_ros2_ws/ddt_ros2_control/urdfs/titatit_description -DAMENT_CMAKE_SYMLINK_INSTALL=1 -DCMAKE_INSTALL_PREFIX=/home/aiseon/tita/sim2sim2real/install/titatit_description
[0.767s] Invoking command in '/home/aiseon/tita/sim2sim2real/build/titatit_description': CMAKE_PREFIX_PATH=${CMAKE_PREFIX_PATH}:/opt/ros/humble /usr/bin/cmake --build /home/aiseon/tita/sim2sim2real/build/titatit_description -- -j192 -l192
[0.822s] Invoked command in '/home/aiseon/tita/sim2sim2real/build/titatit_description' returned '0': CMAKE_PREFIX_PATH=${CMAKE_PREFIX_PATH}:/opt/ros/humble /usr/bin/cmake --build /home/aiseon/tita/sim2sim2real/build/titatit_description -- -j192 -l192
[0.833s] Invoking command in '/home/aiseon/tita/sim2sim2real/build/titatit_description': CMAKE_PREFIX_PATH=${CMAKE_PREFIX_PATH}:/opt/ros/humble /usr/bin/cmake --install /home/aiseon/tita/sim2sim2real/build/titatit_description
[0.843s] -- Install configuration: ""
[0.843s] -- Execute custom install script
[0.844s] -- Symlinking: /home/aiseon/tita/sim2sim2real/install/titatit_description/share/titatit_description/xacro/materials.xacro
[0.855s] -- Symlinking: /home/aiseon/tita/sim2sim2real/install/titatit_description/share/titatit_description/xacro/robot.xacro
[0.866s] -- Symlinking: /home/aiseon/tita/sim2sim2real/install/titatit_description/share/titatit_description/xacro/ros2control.xacro
[0.875s] -- Symlinking: /home/aiseon/tita/sim2sim2real/install/titatit_description/share/titatit_description/xacro/single_robot.xacro
[0.885s] -- Symlinking: /home/aiseon/tita/sim2sim2real/install/titatit_description/share/ament_index/resource_index/package_run_dependencies/titatit_description
[0.895s] -- Symlinking: /home/aiseon/tita/sim2sim2real/install/titatit_description/share/ament_index/resource_index/parent_prefix_path/titatit_description
[0.904s] -- Symlinking: /home/aiseon/tita/sim2sim2real/install/titatit_description/share/titatit_description/environment/ament_prefix_path.sh
[0.914s] -- Symlinking: /home/aiseon/tita/sim2sim2real/install/titatit_description/share/titatit_description/environment/ament_prefix_path.dsv
[0.925s] -- Symlinking: /home/aiseon/tita/sim2sim2real/install/titatit_description/share/titatit_description/environment/path.sh
[0.937s] -- Symlinking: /home/aiseon/tita/sim2sim2real/install/titatit_description/share/titatit_description/environment/path.dsv
[0.946s] -- Symlinking: /home/aiseon/tita/sim2sim2real/install/titatit_description/share/titatit_description/local_setup.bash
[0.954s] -- Symlinking: /home/aiseon/tita/sim2sim2real/install/titatit_description/share/titatit_description/local_setup.sh
[0.965s] -- Symlinking: /home/aiseon/tita/sim2sim2real/install/titatit_description/share/titatit_description/local_setup.zsh
[0.977s] -- Symlinking: /home/aiseon/tita/sim2sim2real/install/titatit_description/share/titatit_description/local_setup.dsv
[0.986s] -- Symlinking: /home/aiseon/tita/sim2sim2real/install/titatit_description/share/titatit_description/package.dsv
[0.996s] -- Symlinking: /home/aiseon/tita/sim2sim2real/install/titatit_description/share/ament_index/resource_index/packages/titatit_description
[1.007s] -- Symlinking: /home/aiseon/tita/sim2sim2real/install/titatit_description/share/titatit_description/cmake/titatit_descriptionConfig.cmake
[1.018s] -- Symlinking: /home/aiseon/tita/sim2sim2real/install/titatit_description/share/titatit_description/cmake/titatit_descriptionConfig-version.cmake
[1.029s] -- Symlinking: /home/aiseon/tita/sim2sim2real/install/titatit_description/share/titatit_description/package.xml
[1.042s] Invoked command in '/home/aiseon/tita/sim2sim2real/build/titatit_description' returned '0': CMAKE_PREFIX_PATH=${CMAKE_PREFIX_PATH}:/opt/ros/humble /usr/bin/cmake --install /home/aiseon/tita/sim2sim2real/build/titatit_description
