[0.019s] Invoking command in '/home/aiseon/tita/sim2sim2real_bipedal/ddt_ros2_ws/build/teleop_command': CMAKE_PREFIX_PATH=/home/aiseon/tita/sim2sim2real_bipedal/ddt_ros2_ws/install/ros_utils:/home/aiseon/tita/sim2sim2real_bipedal/ddt_ros2_ws/install/titatit_description:/home/aiseon/tita/sim2sim2real_bipedal/ddt_ros2_ws/install/hardware_bridge:/home/aiseon/tita/sim2sim2real_bipedal/ddt_ros2_ws/install/tita_robot:/home/aiseon/tita/sim2sim2real_bipedal/ddt_ros2_ws/install/tita_description:/home/aiseon/tita/sim2sim2real_bipedal/ddt_ros2_ws/install/teleop_command:/home/aiseon/tita/sim2sim2real_bipedal/ddt_ros2_ws/install/rl_controller:/home/aiseon/tita/sim2sim2real_bipedal/ddt_ros2_ws/install/keyboard_controller:/home/aiseon/tita/sim2sim2real_bipedal/ddt_ros2_ws/install/mujoco_bridge:/home/aiseon/tita/sim2sim2real_bipedal/ddt_ros2_ws/install/mujoco_ros2_control:/home/aiseon/tita/sim2sim2real_bipedal/ddt_ros2_ws/install/mujoco_sim_ros2:/home/aiseon/tita/sim2sim2real_bipedal/ddt_ros2_ws/install/d1h_description:/home/aiseon/tita/sim2sim2real_bipedal/ddt_ros2_ws/install/d1_description:/home.aiseon/mujoco_src:/home.aiseon/mujoco_src:/opt/ros/humble CONDA_PROMPT_MODIFIER=(base) /home/aiseon/.local/bin/cmake --build /home/aiseon/tita/sim2sim2real_bipedal/ddt_ros2_ws/build/teleop_command -- -j192 -l192
[0.051s] [0mCMake Error: The current CMakeCache.txt directory /home/aiseon/tita/sim2sim2real_bipedal/ddt_ros2_ws/build/teleop_command/CMakeCache.txt is different than the directory /home/aiseon/tita/sim2sim2real/ddt_ros2_ws/build/teleop_command where CMakeCache.txt was created. This may result in binaries being created in the wrong place. If you are not sure, reedit the CMakeCache.txt[0m
[0.127s] [ 28%] Built target teleop_command_parameters
[0.171s] [ 71%] Built target teleop_command_lib
[0.215s] [100%] Built target teleop_command_node
[0.239s] Invoked command in '/home/aiseon/tita/sim2sim2real_bipedal/ddt_ros2_ws/build/teleop_command' returned '0': CMAKE_PREFIX_PATH=/home/aiseon/tita/sim2sim2real_bipedal/ddt_ros2_ws/install/ros_utils:/home/aiseon/tita/sim2sim2real_bipedal/ddt_ros2_ws/install/titatit_description:/home/aiseon/tita/sim2sim2real_bipedal/ddt_ros2_ws/install/hardware_bridge:/home/aiseon/tita/sim2sim2real_bipedal/ddt_ros2_ws/install/tita_robot:/home/aiseon/tita/sim2sim2real_bipedal/ddt_ros2_ws/install/tita_description:/home/aiseon/tita/sim2sim2real_bipedal/ddt_ros2_ws/install/teleop_command:/home/aiseon/tita/sim2sim2real_bipedal/ddt_ros2_ws/install/rl_controller:/home/aiseon/tita/sim2sim2real_bipedal/ddt_ros2_ws/install/keyboard_controller:/home/aiseon/tita/sim2sim2real_bipedal/ddt_ros2_ws/install/mujoco_bridge:/home/aiseon/tita/sim2sim2real_bipedal/ddt_ros2_ws/install/mujoco_ros2_control:/home/aiseon/tita/sim2sim2real_bipedal/ddt_ros2_ws/install/mujoco_sim_ros2:/home/aiseon/tita/sim2sim2real_bipedal/ddt_ros2_ws/install/d1h_description:/home/aiseon/tita/sim2sim2real_bipedal/ddt_ros2_ws/install/d1_description:/home.aiseon/mujoco_src:/home.aiseon/mujoco_src:/opt/ros/humble CONDA_PROMPT_MODIFIER=(base) /home/aiseon/.local/bin/cmake --build /home/aiseon/tita/sim2sim2real_bipedal/ddt_ros2_ws/build/teleop_command -- -j192 -l192
[0.242s] Invoking command in '/home/aiseon/tita/sim2sim2real_bipedal/ddt_ros2_ws/build/teleop_command': CMAKE_PREFIX_PATH=/home/aiseon/tita/sim2sim2real_bipedal/ddt_ros2_ws/install/ros_utils:/home/aiseon/tita/sim2sim2real_bipedal/ddt_ros2_ws/install/titatit_description:/home/aiseon/tita/sim2sim2real_bipedal/ddt_ros2_ws/install/hardware_bridge:/home/aiseon/tita/sim2sim2real_bipedal/ddt_ros2_ws/install/tita_robot:/home/aiseon/tita/sim2sim2real_bipedal/ddt_ros2_ws/install/tita_description:/home/aiseon/tita/sim2sim2real_bipedal/ddt_ros2_ws/install/teleop_command:/home/aiseon/tita/sim2sim2real_bipedal/ddt_ros2_ws/install/rl_controller:/home/aiseon/tita/sim2sim2real_bipedal/ddt_ros2_ws/install/keyboard_controller:/home/aiseon/tita/sim2sim2real_bipedal/ddt_ros2_ws/install/mujoco_bridge:/home/aiseon/tita/sim2sim2real_bipedal/ddt_ros2_ws/install/mujoco_ros2_control:/home/aiseon/tita/sim2sim2real_bipedal/ddt_ros2_ws/install/mujoco_sim_ros2:/home/aiseon/tita/sim2sim2real_bipedal/ddt_ros2_ws/install/d1h_description:/home/aiseon/tita/sim2sim2real_bipedal/ddt_ros2_ws/install/d1_description:/home.aiseon/mujoco_src:/home.aiseon/mujoco_src:/opt/ros/humble CONDA_PROMPT_MODIFIER=(base) /home/aiseon/.local/bin/cmake --install /home/aiseon/tita/sim2sim2real_bipedal/ddt_ros2_ws/build/teleop_command
[0.274s] -- Install configuration: ""
[0.274s] -- Execute custom install script
[0.275s] -- Up-to-date symlink: /home/aiseon/tita/sim2sim2real/ddt_ros2_ws/install/teleop_command/include/teleop_command/teleop_command_parameters.hpp
[0.275s] -- Up-to-date symlink: /home/aiseon/tita/sim2sim2real/ddt_ros2_ws/install/teleop_command/share/teleop_command/launch/teleop_command.launch.py
[0.276s] -- Up-to-date symlink: /home/aiseon/tita/sim2sim2real/ddt_ros2_ws/install/teleop_command/share/teleop_command/config/param.yaml
[0.276s] -- Up-to-date symlink: /home/aiseon/tita/sim2sim2real/ddt_ros2_ws/install/teleop_command/include/teleop_command/elrs_emwave_device.hpp
[0.276s] -- Up-to-date symlink: /home/aiseon/tita/sim2sim2real/ddt_ros2_ws/install/teleop_command/include/teleop_command/teleop_command_node.hpp
[0.276s] -- Up-to-date symlink: /home/aiseon/tita/sim2sim2real/ddt_ros2_ws/install/teleop_command/share/teleop_command/environment/library_path.sh
[0.277s] -- Up-to-date symlink: /home/aiseon/tita/sim2sim2real/ddt_ros2_ws/install/teleop_command/share/teleop_command/environment/library_path.dsv
[0.277s] -- Up-to-date symlink: /home/aiseon/tita/sim2sim2real/ddt_ros2_ws/install/teleop_command/lib/libteleop_command_lib.so
[0.277s] -- Up-to-date symlink: /home/aiseon/tita/sim2sim2real/ddt_ros2_ws/install/teleop_command/lib/teleop_command/teleop_command_node
[0.277s] -- Up-to-date symlink: /home/aiseon/tita/sim2sim2real/ddt_ros2_ws/install/teleop_command/share/ament_index/resource_index/package_run_dependencies/teleop_command
[0.278s] -- Up-to-date symlink: /home/aiseon/tita/sim2sim2real/ddt_ros2_ws/install/teleop_command/share/ament_index/resource_index/parent_prefix_path/teleop_command
[0.278s] -- Up-to-date symlink: /home/aiseon/tita/sim2sim2real/ddt_ros2_ws/install/teleop_command/share/teleop_command/environment/ament_prefix_path.sh
[0.278s] -- Up-to-date symlink: /home/aiseon/tita/sim2sim2real/ddt_ros2_ws/install/teleop_command/share/teleop_command/environment/ament_prefix_path.dsv
[0.278s] -- Up-to-date symlink: /home/aiseon/tita/sim2sim2real/ddt_ros2_ws/install/teleop_command/share/teleop_command/environment/path.sh
[0.278s] -- Up-to-date symlink: /home/aiseon/tita/sim2sim2real/ddt_ros2_ws/install/teleop_command/share/teleop_command/environment/path.dsv
[0.278s] -- Up-to-date symlink: /home/aiseon/tita/sim2sim2real/ddt_ros2_ws/install/teleop_command/share/teleop_command/local_setup.bash
[0.278s] -- Up-to-date symlink: /home/aiseon/tita/sim2sim2real/ddt_ros2_ws/install/teleop_command/share/teleop_command/local_setup.sh
[0.278s] -- Up-to-date symlink: /home/aiseon/tita/sim2sim2real/ddt_ros2_ws/install/teleop_command/share/teleop_command/local_setup.zsh
[0.278s] -- Up-to-date symlink: /home/aiseon/tita/sim2sim2real/ddt_ros2_ws/install/teleop_command/share/teleop_command/local_setup.dsv
[0.278s] -- Up-to-date symlink: /home/aiseon/tita/sim2sim2real/ddt_ros2_ws/install/teleop_command/share/teleop_command/package.dsv
[0.279s] -- Up-to-date symlink: /home/aiseon/tita/sim2sim2real/ddt_ros2_ws/install/teleop_command/share/ament_index/resource_index/packages/teleop_command
[0.279s] -- Up-to-date symlink: /home/aiseon/tita/sim2sim2real/ddt_ros2_ws/install/teleop_command/share/teleop_command/cmake/ament_cmake_export_dependencies-extras.cmake
[0.279s] -- Up-to-date symlink: /home/aiseon/tita/sim2sim2real/ddt_ros2_ws/install/teleop_command/share/teleop_command/cmake/ament_cmake_export_include_directories-extras.cmake
[0.279s] -- Up-to-date symlink: /home/aiseon/tita/sim2sim2real/ddt_ros2_ws/install/teleop_command/share/teleop_command/cmake/ament_cmake_export_libraries-extras.cmake
[0.279s] -- Up-to-date symlink: /home/aiseon/tita/sim2sim2real/ddt_ros2_ws/install/teleop_command/share/teleop_command/cmake/teleop_commandConfig.cmake
[0.279s] -- Up-to-date symlink: /home/aiseon/tita/sim2sim2real/ddt_ros2_ws/install/teleop_command/share/teleop_command/cmake/teleop_commandConfig-version.cmake
[0.279s] -- Up-to-date symlink: /home/aiseon/tita/sim2sim2real/ddt_ros2_ws/install/teleop_command/share/teleop_command/package.xml
[0.287s] Invoked command in '/home/aiseon/tita/sim2sim2real_bipedal/ddt_ros2_ws/build/teleop_command' returned '0': CMAKE_PREFIX_PATH=/home/aiseon/tita/sim2sim2real_bipedal/ddt_ros2_ws/install/ros_utils:/home/aiseon/tita/sim2sim2real_bipedal/ddt_ros2_ws/install/titatit_description:/home/aiseon/tita/sim2sim2real_bipedal/ddt_ros2_ws/install/hardware_bridge:/home/aiseon/tita/sim2sim2real_bipedal/ddt_ros2_ws/install/tita_robot:/home/aiseon/tita/sim2sim2real_bipedal/ddt_ros2_ws/install/tita_description:/home/aiseon/tita/sim2sim2real_bipedal/ddt_ros2_ws/install/teleop_command:/home/aiseon/tita/sim2sim2real_bipedal/ddt_ros2_ws/install/rl_controller:/home/aiseon/tita/sim2sim2real_bipedal/ddt_ros2_ws/install/keyboard_controller:/home/aiseon/tita/sim2sim2real_bipedal/ddt_ros2_ws/install/mujoco_bridge:/home/aiseon/tita/sim2sim2real_bipedal/ddt_ros2_ws/install/mujoco_ros2_control:/home/aiseon/tita/sim2sim2real_bipedal/ddt_ros2_ws/install/mujoco_sim_ros2:/home/aiseon/tita/sim2sim2real_bipedal/ddt_ros2_ws/install/d1h_description:/home/aiseon/tita/sim2sim2real_bipedal/ddt_ros2_ws/install/d1_description:/home.aiseon/mujoco_src:/home.aiseon/mujoco_src:/opt/ros/humble CONDA_PROMPT_MODIFIER=(base) /home/aiseon/.local/bin/cmake --install /home/aiseon/tita/sim2sim2real_bipedal/ddt_ros2_ws/build/teleop_command
