[0.099s] DEBUG:colcon:Command line arguments: ['/usr/bin/colcon', 'build', '--symlink-install', '--packages-up-to', 'mujoco_bridge']
[0.100s] DEBUG:colcon:Parsed command line arguments: Namespace(log_base=None, log_level=None, verb_name='build', build_base='build', install_base='install', merge_install=False, symlink_install=True, test_result_base=None, continue_on_error=False, executor='parallel', parallel_workers=192, event_handlers=None, ignore_user_meta=False, metas=['./colcon.meta'], base_paths=['.'], packages_ignore=None, packages_ignore_regex=None, paths=None, packages_up_to=['mujoco_bridge'], packages_up_to_regex=None, packages_above=None, packages_above_and_dependencies=None, packages_above_depth=None, packages_select_by_dep=None, packages_skip_by_dep=None, packages_skip_up_to=None, packages_select_build_failed=False, packages_skip_build_finished=False, packages_select_test_failures=False, packages_skip_test_passed=False, packages_select=None, packages_skip=None, packages_select_regex=None, packages_skip_regex=None, packages_start=None, packages_end=None, allow_overriding=[], cmake_args=None, cmake_target=None, cmake_target_skip_unavailable=False, cmake_clean_cache=False, cmake_clean_first=False, cmake_force_configure=False, ament_cmake_args=None, catkin_cmake_args=None, catkin_skip_building_tests=False, verb_parser=<colcon_defaults.argument_parser.defaults.DefaultArgumentsDecorator object at 0x76af45a1a110>, verb_extension=<colcon_core.verb.build.BuildVerb object at 0x76af45a19c00>, main=<bound method BuildVerb.main of <colcon_core.verb.build.BuildVerb object at 0x76af45a19c00>>)
[0.251s] Level 1:colcon.colcon_core.package_discovery:discover_packages(colcon_meta) check parameters
[0.251s] Level 1:colcon.colcon_core.package_discovery:discover_packages(recursive) check parameters
[0.251s] Level 1:colcon.colcon_core.package_discovery:discover_packages(ignore) check parameters
[0.252s] Level 1:colcon.colcon_core.package_discovery:discover_packages(path) check parameters
[0.252s] Level 1:colcon.colcon_core.package_discovery:discover_packages(colcon_meta) discover
[0.252s] Level 1:colcon.colcon_core.package_discovery:discover_packages(recursive) discover
[0.252s] INFO:colcon.colcon_core.package_discovery:Crawling recursively for packages in '/home/aiseon/tita/sim2sim2real/ddt_ros2_ws'
[0.252s] Level 1:colcon.colcon_core.package_identification:_identify(.) by extensions ['ignore', 'ignore_ament_install']
[0.252s] Level 1:colcon.colcon_core.package_identification:_identify(.) by extension 'ignore'
[0.252s] Level 1:colcon.colcon_core.package_identification:_identify(.) by extension 'ignore_ament_install'
[0.252s] Level 1:colcon.colcon_core.package_identification:_identify(.) by extensions ['colcon_pkg']
[0.252s] Level 1:colcon.colcon_core.package_identification:_identify(.) by extension 'colcon_pkg'
[0.252s] Level 1:colcon.colcon_core.package_identification:_identify(.) by extensions ['colcon_meta']
[0.252s] Level 1:colcon.colcon_core.package_identification:_identify(.) by extension 'colcon_meta'
[0.252s] Level 1:colcon.colcon_core.package_identification:_identify(.) by extensions ['ros']
[0.252s] Level 1:colcon.colcon_core.package_identification:_identify(.) by extension 'ros'
[0.264s] Level 1:colcon.colcon_core.package_identification:_identify(.) by extensions ['cmake', 'python']
[0.264s] Level 1:colcon.colcon_core.package_identification:_identify(.) by extension 'cmake'
[0.264s] Level 1:colcon.colcon_core.package_identification:_identify(.) by extension 'python'
[0.264s] Level 1:colcon.colcon_core.package_identification:_identify(.) by extensions ['python_setup_py']
[0.264s] Level 1:colcon.colcon_core.package_identification:_identify(.) by extension 'python_setup_py'
[0.264s] Level 1:colcon.colcon_core.package_identification:_identify(build) by extensions ['ignore', 'ignore_ament_install']
[0.264s] Level 1:colcon.colcon_core.package_identification:_identify(build) by extension 'ignore'
[0.264s] Level 1:colcon.colcon_core.package_identification:_identify(build) ignored
[0.264s] Level 1:colcon.colcon_core.package_identification:_identify(ddt_ros2_control) by extensions ['ignore', 'ignore_ament_install']
[0.264s] Level 1:colcon.colcon_core.package_identification:_identify(ddt_ros2_control) by extension 'ignore'
[0.264s] Level 1:colcon.colcon_core.package_identification:_identify(ddt_ros2_control) by extension 'ignore_ament_install'
[0.265s] Level 1:colcon.colcon_core.package_identification:_identify(ddt_ros2_control) by extensions ['colcon_pkg']
[0.265s] Level 1:colcon.colcon_core.package_identification:_identify(ddt_ros2_control) by extension 'colcon_pkg'
[0.265s] Level 1:colcon.colcon_core.package_identification:_identify(ddt_ros2_control) by extensions ['colcon_meta']
[0.265s] Level 1:colcon.colcon_core.package_identification:_identify(ddt_ros2_control) by extension 'colcon_meta'
[0.265s] Level 1:colcon.colcon_core.package_identification:_identify(ddt_ros2_control) by extensions ['ros']
[0.265s] Level 1:colcon.colcon_core.package_identification:_identify(ddt_ros2_control) by extension 'ros'
[0.265s] Level 1:colcon.colcon_core.package_identification:_identify(ddt_ros2_control) by extensions ['cmake', 'python']
[0.265s] Level 1:colcon.colcon_core.package_identification:_identify(ddt_ros2_control) by extension 'cmake'
[0.265s] Level 1:colcon.colcon_core.package_identification:_identify(ddt_ros2_control) by extension 'python'
[0.265s] Level 1:colcon.colcon_core.package_identification:_identify(ddt_ros2_control) by extensions ['python_setup_py']
[0.265s] Level 1:colcon.colcon_core.package_identification:_identify(ddt_ros2_control) by extension 'python_setup_py'
[0.265s] Level 1:colcon.colcon_core.package_identification:_identify(ddt_ros2_control/controller) by extensions ['ignore', 'ignore_ament_install']
[0.265s] Level 1:colcon.colcon_core.package_identification:_identify(ddt_ros2_control/controller) by extension 'ignore'
[0.265s] Level 1:colcon.colcon_core.package_identification:_identify(ddt_ros2_control/controller) by extension 'ignore_ament_install'
[0.265s] Level 1:colcon.colcon_core.package_identification:_identify(ddt_ros2_control/controller) by extensions ['colcon_pkg']
[0.265s] Level 1:colcon.colcon_core.package_identification:_identify(ddt_ros2_control/controller) by extension 'colcon_pkg'
[0.265s] Level 1:colcon.colcon_core.package_identification:_identify(ddt_ros2_control/controller) by extensions ['colcon_meta']
[0.265s] Level 1:colcon.colcon_core.package_identification:_identify(ddt_ros2_control/controller) by extension 'colcon_meta'
[0.265s] Level 1:colcon.colcon_core.package_identification:_identify(ddt_ros2_control/controller) by extensions ['ros']
[0.265s] Level 1:colcon.colcon_core.package_identification:_identify(ddt_ros2_control/controller) by extension 'ros'
[0.265s] Level 1:colcon.colcon_core.package_identification:_identify(ddt_ros2_control/controller) by extensions ['cmake', 'python']
[0.265s] Level 1:colcon.colcon_core.package_identification:_identify(ddt_ros2_control/controller) by extension 'cmake'
[0.265s] Level 1:colcon.colcon_core.package_identification:_identify(ddt_ros2_control/controller) by extension 'python'
[0.265s] Level 1:colcon.colcon_core.package_identification:_identify(ddt_ros2_control/controller) by extensions ['python_setup_py']
[0.265s] Level 1:colcon.colcon_core.package_identification:_identify(ddt_ros2_control/controller) by extension 'python_setup_py'
[0.265s] Level 1:colcon.colcon_core.package_identification:_identify(ddt_ros2_control/controller/rl_controller) by extensions ['ignore', 'ignore_ament_install']
[0.265s] Level 1:colcon.colcon_core.package_identification:_identify(ddt_ros2_control/controller/rl_controller) by extension 'ignore'
[0.266s] Level 1:colcon.colcon_core.package_identification:_identify(ddt_ros2_control/controller/rl_controller) by extension 'ignore_ament_install'
[0.266s] Level 1:colcon.colcon_core.package_identification:_identify(ddt_ros2_control/controller/rl_controller) by extensions ['colcon_pkg']
[0.266s] Level 1:colcon.colcon_core.package_identification:_identify(ddt_ros2_control/controller/rl_controller) by extension 'colcon_pkg'
[0.266s] Level 1:colcon.colcon_core.package_identification:_identify(ddt_ros2_control/controller/rl_controller) by extensions ['colcon_meta']
[0.266s] Level 1:colcon.colcon_core.package_identification:_identify(ddt_ros2_control/controller/rl_controller) by extension 'colcon_meta'
[0.266s] Level 1:colcon.colcon_core.package_identification:_identify(ddt_ros2_control/controller/rl_controller) by extensions ['ros']
[0.266s] Level 1:colcon.colcon_core.package_identification:_identify(ddt_ros2_control/controller/rl_controller) by extension 'ros'
[0.269s] DEBUG:colcon.colcon_core.package_identification:Package 'ddt_ros2_control/controller/rl_controller' with type 'ros.ament_cmake' and name 'rl_controller'
[0.269s] Level 1:colcon.colcon_core.package_identification:_identify(ddt_ros2_control/hardware) by extensions ['ignore', 'ignore_ament_install']
[0.269s] Level 1:colcon.colcon_core.package_identification:_identify(ddt_ros2_control/hardware) by extension 'ignore'
[0.269s] Level 1:colcon.colcon_core.package_identification:_identify(ddt_ros2_control/hardware) by extension 'ignore_ament_install'
[0.269s] Level 1:colcon.colcon_core.package_identification:_identify(ddt_ros2_control/hardware) by extensions ['colcon_pkg']
[0.269s] Level 1:colcon.colcon_core.package_identification:_identify(ddt_ros2_control/hardware) by extension 'colcon_pkg'
[0.269s] Level 1:colcon.colcon_core.package_identification:_identify(ddt_ros2_control/hardware) by extensions ['colcon_meta']
[0.269s] Level 1:colcon.colcon_core.package_identification:_identify(ddt_ros2_control/hardware) by extension 'colcon_meta'
[0.269s] Level 1:colcon.colcon_core.package_identification:_identify(ddt_ros2_control/hardware) by extensions ['ros']
[0.269s] Level 1:colcon.colcon_core.package_identification:_identify(ddt_ros2_control/hardware) by extension 'ros'
[0.269s] Level 1:colcon.colcon_core.package_identification:_identify(ddt_ros2_control/hardware) by extensions ['cmake', 'python']
[0.269s] Level 1:colcon.colcon_core.package_identification:_identify(ddt_ros2_control/hardware) by extension 'cmake'
[0.269s] Level 1:colcon.colcon_core.package_identification:_identify(ddt_ros2_control/hardware) by extension 'python'
[0.269s] Level 1:colcon.colcon_core.package_identification:_identify(ddt_ros2_control/hardware) by extensions ['python_setup_py']
[0.269s] Level 1:colcon.colcon_core.package_identification:_identify(ddt_ros2_control/hardware) by extension 'python_setup_py'
[0.270s] Level 1:colcon.colcon_core.package_identification:_identify(ddt_ros2_control/hardware/hardware_bridge) by extensions ['ignore', 'ignore_ament_install']
[0.270s] Level 1:colcon.colcon_core.package_identification:_identify(ddt_ros2_control/hardware/hardware_bridge) by extension 'ignore'
[0.270s] Level 1:colcon.colcon_core.package_identification:_identify(ddt_ros2_control/hardware/hardware_bridge) by extension 'ignore_ament_install'
[0.270s] Level 1:colcon.colcon_core.package_identification:_identify(ddt_ros2_control/hardware/hardware_bridge) by extensions ['colcon_pkg']
[0.270s] Level 1:colcon.colcon_core.package_identification:_identify(ddt_ros2_control/hardware/hardware_bridge) by extension 'colcon_pkg'
[0.270s] Level 1:colcon.colcon_core.package_identification:_identify(ddt_ros2_control/hardware/hardware_bridge) by extensions ['colcon_meta']
[0.270s] Level 1:colcon.colcon_core.package_identification:_identify(ddt_ros2_control/hardware/hardware_bridge) by extension 'colcon_meta'
[0.270s] Level 1:colcon.colcon_core.package_identification:_identify(ddt_ros2_control/hardware/hardware_bridge) by extensions ['ros']
[0.270s] Level 1:colcon.colcon_core.package_identification:_identify(ddt_ros2_control/hardware/hardware_bridge) by extension 'ros'
[0.283s] DEBUG:colcon.colcon_core.package_identification:Package 'ddt_ros2_control/hardware/hardware_bridge' with type 'ros.ament_cmake' and name 'hardware_bridge'
[0.284s] Level 1:colcon.colcon_core.package_identification:_identify(ddt_ros2_control/hardware/tita_robot) by extensions ['ignore', 'ignore_ament_install']
[0.284s] Level 1:colcon.colcon_core.package_identification:_identify(ddt_ros2_control/hardware/tita_robot) by extension 'ignore'
[0.284s] Level 1:colcon.colcon_core.package_identification:_identify(ddt_ros2_control/hardware/tita_robot) by extension 'ignore_ament_install'
[0.284s] Level 1:colcon.colcon_core.package_identification:_identify(ddt_ros2_control/hardware/tita_robot) by extensions ['colcon_pkg']
[0.284s] Level 1:colcon.colcon_core.package_identification:_identify(ddt_ros2_control/hardware/tita_robot) by extension 'colcon_pkg'
[0.284s] Level 1:colcon.colcon_core.package_identification:_identify(ddt_ros2_control/hardware/tita_robot) by extensions ['colcon_meta']
[0.284s] Level 1:colcon.colcon_core.package_identification:_identify(ddt_ros2_control/hardware/tita_robot) by extension 'colcon_meta'
[0.284s] Level 1:colcon.colcon_core.package_identification:_identify(ddt_ros2_control/hardware/tita_robot) by extensions ['ros']
[0.284s] Level 1:colcon.colcon_core.package_identification:_identify(ddt_ros2_control/hardware/tita_robot) by extension 'ros'
[0.284s] DEBUG:colcon.colcon_core.package_identification:Package 'ddt_ros2_control/hardware/tita_robot' with type 'ros.ament_cmake' and name 'tita_robot'
[0.284s] Level 1:colcon.colcon_core.package_identification:_identify(ddt_ros2_control/interaction) by extensions ['ignore', 'ignore_ament_install']
[0.285s] Level 1:colcon.colcon_core.package_identification:_identify(ddt_ros2_control/interaction) by extension 'ignore'
[0.285s] Level 1:colcon.colcon_core.package_identification:_identify(ddt_ros2_control/interaction) by extension 'ignore_ament_install'
[0.285s] Level 1:colcon.colcon_core.package_identification:_identify(ddt_ros2_control/interaction) by extensions ['colcon_pkg']
[0.285s] Level 1:colcon.colcon_core.package_identification:_identify(ddt_ros2_control/interaction) by extension 'colcon_pkg'
[0.285s] Level 1:colcon.colcon_core.package_identification:_identify(ddt_ros2_control/interaction) by extensions ['colcon_meta']
[0.285s] Level 1:colcon.colcon_core.package_identification:_identify(ddt_ros2_control/interaction) by extension 'colcon_meta'
[0.285s] Level 1:colcon.colcon_core.package_identification:_identify(ddt_ros2_control/interaction) by extensions ['ros']
[0.285s] Level 1:colcon.colcon_core.package_identification:_identify(ddt_ros2_control/interaction) by extension 'ros'
[0.285s] Level 1:colcon.colcon_core.package_identification:_identify(ddt_ros2_control/interaction) by extensions ['cmake', 'python']
[0.285s] Level 1:colcon.colcon_core.package_identification:_identify(ddt_ros2_control/interaction) by extension 'cmake'
[0.285s] Level 1:colcon.colcon_core.package_identification:_identify(ddt_ros2_control/interaction) by extension 'python'
[0.285s] Level 1:colcon.colcon_core.package_identification:_identify(ddt_ros2_control/interaction) by extensions ['python_setup_py']
[0.285s] Level 1:colcon.colcon_core.package_identification:_identify(ddt_ros2_control/interaction) by extension 'python_setup_py'
[0.285s] Level 1:colcon.colcon_core.package_identification:_identify(ddt_ros2_control/interaction/keyboard_controller) by extensions ['ignore', 'ignore_ament_install']
[0.285s] Level 1:colcon.colcon_core.package_identification:_identify(ddt_ros2_control/interaction/keyboard_controller) by extension 'ignore'
[0.285s] Level 1:colcon.colcon_core.package_identification:_identify(ddt_ros2_control/interaction/keyboard_controller) by extension 'ignore_ament_install'
[0.285s] Level 1:colcon.colcon_core.package_identification:_identify(ddt_ros2_control/interaction/keyboard_controller) by extensions ['colcon_pkg']
[0.285s] Level 1:colcon.colcon_core.package_identification:_identify(ddt_ros2_control/interaction/keyboard_controller) by extension 'colcon_pkg'
[0.285s] Level 1:colcon.colcon_core.package_identification:_identify(ddt_ros2_control/interaction/keyboard_controller) by extensions ['colcon_meta']
[0.285s] Level 1:colcon.colcon_core.package_identification:_identify(ddt_ros2_control/interaction/keyboard_controller) by extension 'colcon_meta'
[0.285s] Level 1:colcon.colcon_core.package_identification:_identify(ddt_ros2_control/interaction/keyboard_controller) by extensions ['ros']
[0.285s] Level 1:colcon.colcon_core.package_identification:_identify(ddt_ros2_control/interaction/keyboard_controller) by extension 'ros'
[0.287s] DEBUG:colcon.colcon_core.package_identification:Package 'ddt_ros2_control/interaction/keyboard_controller' with type 'ros.ament_cmake' and name 'keyboard_controller'
[0.287s] Level 1:colcon.colcon_core.package_identification:_identify(ddt_ros2_control/interaction/teleop_command) by extensions ['ignore', 'ignore_ament_install']
[0.287s] Level 1:colcon.colcon_core.package_identification:_identify(ddt_ros2_control/interaction/teleop_command) by extension 'ignore'
[0.287s] Level 1:colcon.colcon_core.package_identification:_identify(ddt_ros2_control/interaction/teleop_command) by extension 'ignore_ament_install'
[0.288s] Level 1:colcon.colcon_core.package_identification:_identify(ddt_ros2_control/interaction/teleop_command) by extensions ['colcon_pkg']
[0.288s] Level 1:colcon.colcon_core.package_identification:_identify(ddt_ros2_control/interaction/teleop_command) by extension 'colcon_pkg'
[0.288s] Level 1:colcon.colcon_core.package_identification:_identify(ddt_ros2_control/interaction/teleop_command) by extensions ['colcon_meta']
[0.288s] Level 1:colcon.colcon_core.package_identification:_identify(ddt_ros2_control/interaction/teleop_command) by extension 'colcon_meta'
[0.288s] Level 1:colcon.colcon_core.package_identification:_identify(ddt_ros2_control/interaction/teleop_command) by extensions ['ros']
[0.288s] Level 1:colcon.colcon_core.package_identification:_identify(ddt_ros2_control/interaction/teleop_command) by extension 'ros'
[0.289s] DEBUG:colcon.colcon_core.package_identification:Package 'ddt_ros2_control/interaction/teleop_command' with type 'ros.ament_cmake' and name 'teleop_command'
[0.289s] Level 1:colcon.colcon_core.package_identification:_identify(ddt_ros2_control/ros_utils) by extensions ['ignore', 'ignore_ament_install']
[0.289s] Level 1:colcon.colcon_core.package_identification:_identify(ddt_ros2_control/ros_utils) by extension 'ignore'
[0.289s] Level 1:colcon.colcon_core.package_identification:_identify(ddt_ros2_control/ros_utils) by extension 'ignore_ament_install'
[0.289s] Level 1:colcon.colcon_core.package_identification:_identify(ddt_ros2_control/ros_utils) by extensions ['colcon_pkg']
[0.289s] Level 1:colcon.colcon_core.package_identification:_identify(ddt_ros2_control/ros_utils) by extension 'colcon_pkg'
[0.289s] Level 1:colcon.colcon_core.package_identification:_identify(ddt_ros2_control/ros_utils) by extensions ['colcon_meta']
[0.289s] Level 1:colcon.colcon_core.package_identification:_identify(ddt_ros2_control/ros_utils) by extension 'colcon_meta'
[0.289s] Level 1:colcon.colcon_core.package_identification:_identify(ddt_ros2_control/ros_utils) by extensions ['ros']
[0.289s] Level 1:colcon.colcon_core.package_identification:_identify(ddt_ros2_control/ros_utils) by extension 'ros'
[0.290s] DEBUG:colcon.colcon_core.package_identification:Package 'ddt_ros2_control/ros_utils' with type 'ros.ament_cmake' and name 'ros_utils'
[0.290s] Level 1:colcon.colcon_core.package_identification:_identify(ddt_ros2_control/simulation) by extensions ['ignore', 'ignore_ament_install']
[0.290s] Level 1:colcon.colcon_core.package_identification:_identify(ddt_ros2_control/simulation) by extension 'ignore'
[0.290s] Level 1:colcon.colcon_core.package_identification:_identify(ddt_ros2_control/simulation) by extension 'ignore_ament_install'
[0.290s] Level 1:colcon.colcon_core.package_identification:_identify(ddt_ros2_control/simulation) by extensions ['colcon_pkg']
[0.290s] Level 1:colcon.colcon_core.package_identification:_identify(ddt_ros2_control/simulation) by extension 'colcon_pkg'
[0.290s] Level 1:colcon.colcon_core.package_identification:_identify(ddt_ros2_control/simulation) by extensions ['colcon_meta']
[0.290s] Level 1:colcon.colcon_core.package_identification:_identify(ddt_ros2_control/simulation) by extension 'colcon_meta'
[0.290s] Level 1:colcon.colcon_core.package_identification:_identify(ddt_ros2_control/simulation) by extensions ['ros']
[0.290s] Level 1:colcon.colcon_core.package_identification:_identify(ddt_ros2_control/simulation) by extension 'ros'
[0.290s] Level 1:colcon.colcon_core.package_identification:_identify(ddt_ros2_control/simulation) by extensions ['cmake', 'python']
[0.290s] Level 1:colcon.colcon_core.package_identification:_identify(ddt_ros2_control/simulation) by extension 'cmake'
[0.291s] Level 1:colcon.colcon_core.package_identification:_identify(ddt_ros2_control/simulation) by extension 'python'
[0.291s] Level 1:colcon.colcon_core.package_identification:_identify(ddt_ros2_control/simulation) by extensions ['python_setup_py']
[0.291s] Level 1:colcon.colcon_core.package_identification:_identify(ddt_ros2_control/simulation) by extension 'python_setup_py'
[0.291s] Level 1:colcon.colcon_core.package_identification:_identify(ddt_ros2_control/simulation/gazebo_bridge) by extensions ['ignore', 'ignore_ament_install']
[0.291s] Level 1:colcon.colcon_core.package_identification:_identify(ddt_ros2_control/simulation/gazebo_bridge) by extension 'ignore'
[0.291s] Level 1:colcon.colcon_core.package_identification:_identify(ddt_ros2_control/simulation/gazebo_bridge) by extension 'ignore_ament_install'
[0.291s] Level 1:colcon.colcon_core.package_identification:_identify(ddt_ros2_control/simulation/gazebo_bridge) by extensions ['colcon_pkg']
[0.291s] Level 1:colcon.colcon_core.package_identification:_identify(ddt_ros2_control/simulation/gazebo_bridge) by extension 'colcon_pkg'
[0.291s] Level 1:colcon.colcon_core.package_identification:_identify(ddt_ros2_control/simulation/gazebo_bridge) by extensions ['colcon_meta']
[0.291s] Level 1:colcon.colcon_core.package_identification:_identify(ddt_ros2_control/simulation/gazebo_bridge) by extension 'colcon_meta'
[0.291s] Level 1:colcon.colcon_core.package_identification:_identify(ddt_ros2_control/simulation/gazebo_bridge) by extensions ['ros']
[0.291s] Level 1:colcon.colcon_core.package_identification:_identify(ddt_ros2_control/simulation/gazebo_bridge) by extension 'ros'
[0.292s] DEBUG:colcon.colcon_core.package_identification:Package 'ddt_ros2_control/simulation/gazebo_bridge' with type 'ros.ament_cmake' and name 'gazebo_bridge'
[0.292s] Level 1:colcon.colcon_core.package_identification:_identify(ddt_ros2_control/simulation/mujoco_bridge) by extensions ['ignore', 'ignore_ament_install']
[0.292s] Level 1:colcon.colcon_core.package_identification:_identify(ddt_ros2_control/simulation/mujoco_bridge) by extension 'ignore'
[0.292s] Level 1:colcon.colcon_core.package_identification:_identify(ddt_ros2_control/simulation/mujoco_bridge) by extension 'ignore_ament_install'
[0.292s] Level 1:colcon.colcon_core.package_identification:_identify(ddt_ros2_control/simulation/mujoco_bridge) by extensions ['colcon_pkg']
[0.292s] Level 1:colcon.colcon_core.package_identification:_identify(ddt_ros2_control/simulation/mujoco_bridge) by extension 'colcon_pkg'
[0.292s] Level 1:colcon.colcon_core.package_identification:_identify(ddt_ros2_control/simulation/mujoco_bridge) by extensions ['colcon_meta']
[0.292s] Level 1:colcon.colcon_core.package_identification:_identify(ddt_ros2_control/simulation/mujoco_bridge) by extension 'colcon_meta'
[0.292s] Level 1:colcon.colcon_core.package_identification:_identify(ddt_ros2_control/simulation/mujoco_bridge) by extensions ['ros']
[0.292s] Level 1:colcon.colcon_core.package_identification:_identify(ddt_ros2_control/simulation/mujoco_bridge) by extension 'ros'
[0.292s] Level 1:colcon.colcon_core.package_identification:_identify(ddt_ros2_control/simulation/mujoco_bridge) by extensions ['cmake', 'python']
[0.292s] Level 1:colcon.colcon_core.package_identification:_identify(ddt_ros2_control/simulation/mujoco_bridge) by extension 'cmake'
[0.292s] Level 1:colcon.colcon_core.package_identification:_identify(ddt_ros2_control/simulation/mujoco_bridge) by extension 'python'
[0.292s] Level 1:colcon.colcon_core.package_identification:_identify(ddt_ros2_control/simulation/mujoco_bridge) by extensions ['python_setup_py']
[0.292s] Level 1:colcon.colcon_core.package_identification:_identify(ddt_ros2_control/simulation/mujoco_bridge) by extension 'python_setup_py'
[0.292s] Level 1:colcon.colcon_core.package_identification:_identify(ddt_ros2_control/simulation/mujoco_bridge/mujoco_bridge) by extensions ['ignore', 'ignore_ament_install']
[0.293s] Level 1:colcon.colcon_core.package_identification:_identify(ddt_ros2_control/simulation/mujoco_bridge/mujoco_bridge) by extension 'ignore'
[0.293s] Level 1:colcon.colcon_core.package_identification:_identify(ddt_ros2_control/simulation/mujoco_bridge/mujoco_bridge) by extension 'ignore_ament_install'
[0.293s] Level 1:colcon.colcon_core.package_identification:_identify(ddt_ros2_control/simulation/mujoco_bridge/mujoco_bridge) by extensions ['colcon_pkg']
[0.293s] Level 1:colcon.colcon_core.package_identification:_identify(ddt_ros2_control/simulation/mujoco_bridge/mujoco_bridge) by extension 'colcon_pkg'
[0.293s] Level 1:colcon.colcon_core.package_identification:_identify(ddt_ros2_control/simulation/mujoco_bridge/mujoco_bridge) by extensions ['colcon_meta']
[0.293s] Level 1:colcon.colcon_core.package_identification:_identify(ddt_ros2_control/simulation/mujoco_bridge/mujoco_bridge) by extension 'colcon_meta'
[0.293s] Level 1:colcon.colcon_core.package_identification:_identify(ddt_ros2_control/simulation/mujoco_bridge/mujoco_bridge) by extensions ['ros']
[0.293s] Level 1:colcon.colcon_core.package_identification:_identify(ddt_ros2_control/simulation/mujoco_bridge/mujoco_bridge) by extension 'ros'
[0.293s] DEBUG:colcon.colcon_core.package_identification:Package 'ddt_ros2_control/simulation/mujoco_bridge/mujoco_bridge' with type 'ros.ament_cmake' and name 'mujoco_bridge'
[0.293s] Level 1:colcon.colcon_core.package_identification:_identify(ddt_ros2_control/simulation/mujoco_bridge/mujoco_ros2_control) by extensions ['ignore', 'ignore_ament_install']
[0.293s] Level 1:colcon.colcon_core.package_identification:_identify(ddt_ros2_control/simulation/mujoco_bridge/mujoco_ros2_control) by extension 'ignore'
[0.294s] Level 1:colcon.colcon_core.package_identification:_identify(ddt_ros2_control/simulation/mujoco_bridge/mujoco_ros2_control) by extension 'ignore_ament_install'
[0.294s] Level 1:colcon.colcon_core.package_identification:_identify(ddt_ros2_control/simulation/mujoco_bridge/mujoco_ros2_control) by extensions ['colcon_pkg']
[0.294s] Level 1:colcon.colcon_core.package_identification:_identify(ddt_ros2_control/simulation/mujoco_bridge/mujoco_ros2_control) by extension 'colcon_pkg'
[0.294s] Level 1:colcon.colcon_core.package_identification:_identify(ddt_ros2_control/simulation/mujoco_bridge/mujoco_ros2_control) by extensions ['colcon_meta']
[0.294s] Level 1:colcon.colcon_core.package_identification:_identify(ddt_ros2_control/simulation/mujoco_bridge/mujoco_ros2_control) by extension 'colcon_meta'
[0.294s] Level 1:colcon.colcon_core.package_identification:_identify(ddt_ros2_control/simulation/mujoco_bridge/mujoco_ros2_control) by extensions ['ros']
[0.294s] Level 1:colcon.colcon_core.package_identification:_identify(ddt_ros2_control/simulation/mujoco_bridge/mujoco_ros2_control) by extension 'ros'
[0.295s] DEBUG:colcon.colcon_core.package_identification:Package 'ddt_ros2_control/simulation/mujoco_bridge/mujoco_ros2_control' with type 'ros.ament_cmake' and name 'mujoco_ros2_control'
[0.295s] Level 1:colcon.colcon_core.package_identification:_identify(ddt_ros2_control/simulation/mujoco_bridge/mujoco_sim_ros2) by extensions ['ignore', 'ignore_ament_install']
[0.295s] Level 1:colcon.colcon_core.package_identification:_identify(ddt_ros2_control/simulation/mujoco_bridge/mujoco_sim_ros2) by extension 'ignore'
[0.295s] Level 1:colcon.colcon_core.package_identification:_identify(ddt_ros2_control/simulation/mujoco_bridge/mujoco_sim_ros2) by extension 'ignore_ament_install'
[0.295s] Level 1:colcon.colcon_core.package_identification:_identify(ddt_ros2_control/simulation/mujoco_bridge/mujoco_sim_ros2) by extensions ['colcon_pkg']
[0.295s] Level 1:colcon.colcon_core.package_identification:_identify(ddt_ros2_control/simulation/mujoco_bridge/mujoco_sim_ros2) by extension 'colcon_pkg'
[0.295s] Level 1:colcon.colcon_core.package_identification:_identify(ddt_ros2_control/simulation/mujoco_bridge/mujoco_sim_ros2) by extensions ['colcon_meta']
[0.295s] Level 1:colcon.colcon_core.package_identification:_identify(ddt_ros2_control/simulation/mujoco_bridge/mujoco_sim_ros2) by extension 'colcon_meta'
[0.295s] Level 1:colcon.colcon_core.package_identification:_identify(ddt_ros2_control/simulation/mujoco_bridge/mujoco_sim_ros2) by extensions ['ros']
[0.295s] Level 1:colcon.colcon_core.package_identification:_identify(ddt_ros2_control/simulation/mujoco_bridge/mujoco_sim_ros2) by extension 'ros'
[0.296s] DEBUG:colcon.colcon_core.package_identification:Package 'ddt_ros2_control/simulation/mujoco_bridge/mujoco_sim_ros2' with type 'ros.ament_cmake' and name 'mujoco_sim_ros2'
[0.296s] Level 1:colcon.colcon_core.package_identification:_identify(ddt_ros2_control/simulation/webots_bridge) by extensions ['ignore', 'ignore_ament_install']
[0.296s] Level 1:colcon.colcon_core.package_identification:_identify(ddt_ros2_control/simulation/webots_bridge) by extension 'ignore'
[0.296s] Level 1:colcon.colcon_core.package_identification:_identify(ddt_ros2_control/simulation/webots_bridge) by extension 'ignore_ament_install'
[0.296s] Level 1:colcon.colcon_core.package_identification:_identify(ddt_ros2_control/simulation/webots_bridge) by extensions ['colcon_pkg']
[0.296s] Level 1:colcon.colcon_core.package_identification:_identify(ddt_ros2_control/simulation/webots_bridge) by extension 'colcon_pkg'
[0.296s] Level 1:colcon.colcon_core.package_identification:_identify(ddt_ros2_control/simulation/webots_bridge) by extensions ['colcon_meta']
[0.296s] Level 1:colcon.colcon_core.package_identification:_identify(ddt_ros2_control/simulation/webots_bridge) by extension 'colcon_meta'
[0.296s] Level 1:colcon.colcon_core.package_identification:_identify(ddt_ros2_control/simulation/webots_bridge) by extensions ['ros']
[0.296s] Level 1:colcon.colcon_core.package_identification:_identify(ddt_ros2_control/simulation/webots_bridge) by extension 'ros'
[0.297s] DEBUG:colcon.colcon_core.package_identification:Package 'ddt_ros2_control/simulation/webots_bridge' with type 'ros.ament_cmake' and name 'webots_bridge'
[0.297s] Level 1:colcon.colcon_core.package_identification:_identify(ddt_ros2_control/urdfs) by extensions ['ignore', 'ignore_ament_install']
[0.298s] Level 1:colcon.colcon_core.package_identification:_identify(ddt_ros2_control/urdfs) by extension 'ignore'
[0.298s] Level 1:colcon.colcon_core.package_identification:_identify(ddt_ros2_control/urdfs) by extension 'ignore_ament_install'
[0.298s] Level 1:colcon.colcon_core.package_identification:_identify(ddt_ros2_control/urdfs) by extensions ['colcon_pkg']
[0.298s] Level 1:colcon.colcon_core.package_identification:_identify(ddt_ros2_control/urdfs) by extension 'colcon_pkg'
[0.298s] Level 1:colcon.colcon_core.package_identification:_identify(ddt_ros2_control/urdfs) by extensions ['colcon_meta']
[0.298s] Level 1:colcon.colcon_core.package_identification:_identify(ddt_ros2_control/urdfs) by extension 'colcon_meta'
[0.298s] Level 1:colcon.colcon_core.package_identification:_identify(ddt_ros2_control/urdfs) by extensions ['ros']
[0.298s] Level 1:colcon.colcon_core.package_identification:_identify(ddt_ros2_control/urdfs) by extension 'ros'
[0.298s] Level 1:colcon.colcon_core.package_identification:_identify(ddt_ros2_control/urdfs) by extensions ['cmake', 'python']
[0.298s] Level 1:colcon.colcon_core.package_identification:_identify(ddt_ros2_control/urdfs) by extension 'cmake'
[0.298s] Level 1:colcon.colcon_core.package_identification:_identify(ddt_ros2_control/urdfs) by extension 'python'
[0.298s] Level 1:colcon.colcon_core.package_identification:_identify(ddt_ros2_control/urdfs) by extensions ['python_setup_py']
[0.298s] Level 1:colcon.colcon_core.package_identification:_identify(ddt_ros2_control/urdfs) by extension 'python_setup_py'
[0.298s] Level 1:colcon.colcon_core.package_identification:_identify(ddt_ros2_control/urdfs/d1_description) by extensions ['ignore', 'ignore_ament_install']
[0.298s] Level 1:colcon.colcon_core.package_identification:_identify(ddt_ros2_control/urdfs/d1_description) by extension 'ignore'
[0.298s] Level 1:colcon.colcon_core.package_identification:_identify(ddt_ros2_control/urdfs/d1_description) by extension 'ignore_ament_install'
[0.298s] Level 1:colcon.colcon_core.package_identification:_identify(ddt_ros2_control/urdfs/d1_description) by extensions ['colcon_pkg']
[0.298s] Level 1:colcon.colcon_core.package_identification:_identify(ddt_ros2_control/urdfs/d1_description) by extension 'colcon_pkg'
[0.298s] Level 1:colcon.colcon_core.package_identification:_identify(ddt_ros2_control/urdfs/d1_description) by extensions ['colcon_meta']
[0.298s] Level 1:colcon.colcon_core.package_identification:_identify(ddt_ros2_control/urdfs/d1_description) by extension 'colcon_meta'
[0.298s] Level 1:colcon.colcon_core.package_identification:_identify(ddt_ros2_control/urdfs/d1_description) by extensions ['ros']
[0.298s] Level 1:colcon.colcon_core.package_identification:_identify(ddt_ros2_control/urdfs/d1_description) by extension 'ros'
[0.302s] DEBUG:colcon.colcon_core.package_identification:Package 'ddt_ros2_control/urdfs/d1_description' with type 'ros.ament_cmake' and name 'd1_description'
[0.302s] Level 1:colcon.colcon_core.package_identification:_identify(ddt_ros2_control/urdfs/d1h_description) by extensions ['ignore', 'ignore_ament_install']
[0.302s] Level 1:colcon.colcon_core.package_identification:_identify(ddt_ros2_control/urdfs/d1h_description) by extension 'ignore'
[0.302s] Level 1:colcon.colcon_core.package_identification:_identify(ddt_ros2_control/urdfs/d1h_description) by extension 'ignore_ament_install'
[0.302s] Level 1:colcon.colcon_core.package_identification:_identify(ddt_ros2_control/urdfs/d1h_description) by extensions ['colcon_pkg']
[0.302s] Level 1:colcon.colcon_core.package_identification:_identify(ddt_ros2_control/urdfs/d1h_description) by extension 'colcon_pkg'
[0.302s] Level 1:colcon.colcon_core.package_identification:_identify(ddt_ros2_control/urdfs/d1h_description) by extensions ['colcon_meta']
[0.302s] Level 1:colcon.colcon_core.package_identification:_identify(ddt_ros2_control/urdfs/d1h_description) by extension 'colcon_meta'
[0.302s] Level 1:colcon.colcon_core.package_identification:_identify(ddt_ros2_control/urdfs/d1h_description) by extensions ['ros']
[0.302s] Level 1:colcon.colcon_core.package_identification:_identify(ddt_ros2_control/urdfs/d1h_description) by extension 'ros'
[0.305s] DEBUG:colcon.colcon_core.package_identification:Package 'ddt_ros2_control/urdfs/d1h_description' with type 'ros.ament_cmake' and name 'd1h_description'
[0.305s] Level 1:colcon.colcon_core.package_identification:_identify(ddt_ros2_control/urdfs/tita_description) by extensions ['ignore', 'ignore_ament_install']
[0.305s] Level 1:colcon.colcon_core.package_identification:_identify(ddt_ros2_control/urdfs/tita_description) by extension 'ignore'
[0.305s] Level 1:colcon.colcon_core.package_identification:_identify(ddt_ros2_control/urdfs/tita_description) by extension 'ignore_ament_install'
[0.306s] Level 1:colcon.colcon_core.package_identification:_identify(ddt_ros2_control/urdfs/tita_description) by extensions ['colcon_pkg']
[0.306s] Level 1:colcon.colcon_core.package_identification:_identify(ddt_ros2_control/urdfs/tita_description) by extension 'colcon_pkg'
[0.306s] Level 1:colcon.colcon_core.package_identification:_identify(ddt_ros2_control/urdfs/tita_description) by extensions ['colcon_meta']
[0.306s] Level 1:colcon.colcon_core.package_identification:_identify(ddt_ros2_control/urdfs/tita_description) by extension 'colcon_meta'
[0.306s] Level 1:colcon.colcon_core.package_identification:_identify(ddt_ros2_control/urdfs/tita_description) by extensions ['ros']
[0.306s] Level 1:colcon.colcon_core.package_identification:_identify(ddt_ros2_control/urdfs/tita_description) by extension 'ros'
[0.308s] DEBUG:colcon.colcon_core.package_identification:Package 'ddt_ros2_control/urdfs/tita_description' with type 'ros.ament_cmake' and name 'tita_description'
[0.308s] Level 1:colcon.colcon_core.package_identification:_identify(ddt_ros2_control/urdfs/titatit_description) by extensions ['ignore', 'ignore_ament_install']
[0.308s] Level 1:colcon.colcon_core.package_identification:_identify(ddt_ros2_control/urdfs/titatit_description) by extension 'ignore'
[0.308s] Level 1:colcon.colcon_core.package_identification:_identify(ddt_ros2_control/urdfs/titatit_description) by extension 'ignore_ament_install'
[0.308s] Level 1:colcon.colcon_core.package_identification:_identify(ddt_ros2_control/urdfs/titatit_description) by extensions ['colcon_pkg']
[0.309s] Level 1:colcon.colcon_core.package_identification:_identify(ddt_ros2_control/urdfs/titatit_description) by extension 'colcon_pkg'
[0.309s] Level 1:colcon.colcon_core.package_identification:_identify(ddt_ros2_control/urdfs/titatit_description) by extensions ['colcon_meta']
[0.309s] Level 1:colcon.colcon_core.package_identification:_identify(ddt_ros2_control/urdfs/titatit_description) by extension 'colcon_meta'
[0.309s] Level 1:colcon.colcon_core.package_identification:_identify(ddt_ros2_control/urdfs/titatit_description) by extensions ['ros']
[0.309s] Level 1:colcon.colcon_core.package_identification:_identify(ddt_ros2_control/urdfs/titatit_description) by extension 'ros'
[0.311s] DEBUG:colcon.colcon_core.package_identification:Package 'ddt_ros2_control/urdfs/titatit_description' with type 'ros.ament_cmake' and name 'titatit_description'
[0.312s] Level 1:colcon.colcon_core.package_identification:_identify(install) by extensions ['ignore', 'ignore_ament_install']
[0.312s] Level 1:colcon.colcon_core.package_identification:_identify(install) by extension 'ignore'
[0.312s] Level 1:colcon.colcon_core.package_identification:_identify(install) ignored
[0.312s] Level 1:colcon.colcon_core.package_identification:_identify(log) by extensions ['ignore', 'ignore_ament_install']
[0.312s] Level 1:colcon.colcon_core.package_identification:_identify(log) by extension 'ignore'
[0.312s] Level 1:colcon.colcon_core.package_identification:_identify(log) ignored
[0.312s] Level 1:colcon.colcon_core.package_discovery:discover_packages(recursive) using defaults
[0.312s] Level 1:colcon.colcon_core.package_discovery:discover_packages(ignore) discover
[0.312s] Level 1:colcon.colcon_core.package_discovery:discover_packages(ignore) using defaults
[0.312s] Level 1:colcon.colcon_core.package_discovery:discover_packages(path) discover
[0.312s] Level 1:colcon.colcon_core.package_discovery:discover_packages(path) using defaults
[0.333s] INFO:colcon.colcon_core.package_selection:Skipping package 'teleop_command' in 'ddt_ros2_control/interaction/teleop_command'
[0.333s] INFO:colcon.colcon_core.package_selection:Skipping package 'rl_controller' in 'ddt_ros2_control/controller/rl_controller'
[0.333s] INFO:colcon.colcon_core.package_selection:Skipping package 'keyboard_controller' in 'ddt_ros2_control/interaction/keyboard_controller'
[0.333s] INFO:colcon.colcon_core.package_selection:Skipping package 'hardware_bridge' in 'ddt_ros2_control/hardware/hardware_bridge'
[0.333s] INFO:colcon.colcon_core.package_selection:Skipping package 'gazebo_bridge' in 'ddt_ros2_control/simulation/gazebo_bridge'
[0.333s] INFO:colcon.colcon_core.package_selection:Skipping package 'webots_bridge' in 'ddt_ros2_control/simulation/webots_bridge'
[0.333s] INFO:colcon.colcon_core.package_selection:Skipping package 'titatit_description' in 'ddt_ros2_control/urdfs/titatit_description'
[0.333s] INFO:colcon.colcon_core.package_selection:Skipping package 'tita_robot' in 'ddt_ros2_control/hardware/tita_robot'
[0.333s] INFO:colcon.colcon_core.package_selection:Skipping package 'tita_description' in 'ddt_ros2_control/urdfs/tita_description'
[0.333s] INFO:colcon.colcon_core.package_selection:Skipping package 'ros_utils' in 'ddt_ros2_control/ros_utils'
[0.333s] INFO:colcon.colcon_core.package_selection:Skipping package 'd1h_description' in 'ddt_ros2_control/urdfs/d1h_description'
[0.333s] INFO:colcon.colcon_core.package_selection:Skipping package 'd1_description' in 'ddt_ros2_control/urdfs/d1_description'
[0.334s] Level 1:colcon.colcon_core.package_discovery:discover_packages(prefix_path) check parameters
[0.334s] Level 1:colcon.colcon_core.package_discovery:discover_packages(prefix_path) discover
[0.336s] DEBUG:colcon.colcon_installed_package_information.package_discovery:Found 440 installed packages in /opt/ros/humble
[0.339s] Level 1:colcon.colcon_core.package_discovery:discover_packages(prefix_path) using defaults
[0.385s] Level 5:colcon.colcon_core.verb:set package 'mujoco_sim_ros2' build argument 'cmake_args' from command line to 'None'
[0.385s] Level 5:colcon.colcon_core.verb:set package 'mujoco_sim_ros2' build argument 'cmake_target' from command line to 'None'
[0.385s] Level 5:colcon.colcon_core.verb:set package 'mujoco_sim_ros2' build argument 'cmake_target_skip_unavailable' from command line to 'False'
[0.385s] Level 5:colcon.colcon_core.verb:set package 'mujoco_sim_ros2' build argument 'cmake_clean_cache' from command line to 'False'
[0.385s] Level 5:colcon.colcon_core.verb:set package 'mujoco_sim_ros2' build argument 'cmake_clean_first' from command line to 'False'
[0.385s] Level 5:colcon.colcon_core.verb:set package 'mujoco_sim_ros2' build argument 'cmake_force_configure' from command line to 'False'
[0.385s] Level 5:colcon.colcon_core.verb:set package 'mujoco_sim_ros2' build argument 'ament_cmake_args' from command line to 'None'
[0.385s] Level 5:colcon.colcon_core.verb:set package 'mujoco_sim_ros2' build argument 'catkin_cmake_args' from command line to 'None'
[0.385s] Level 5:colcon.colcon_core.verb:set package 'mujoco_sim_ros2' build argument 'catkin_skip_building_tests' from command line to 'False'
[0.385s] DEBUG:colcon.colcon_core.verb:Building package 'mujoco_sim_ros2' with the following arguments: {'ament_cmake_args': None, 'build_base': '/home/aiseon/tita/sim2sim2real/ddt_ros2_ws/build/mujoco_sim_ros2', 'catkin_cmake_args': None, 'catkin_skip_building_tests': False, 'cmake_args': None, 'cmake_clean_cache': False, 'cmake_clean_first': False, 'cmake_force_configure': False, 'cmake_target': None, 'cmake_target_skip_unavailable': False, 'install_base': '/home/aiseon/tita/sim2sim2real/ddt_ros2_ws/install/mujoco_sim_ros2', 'merge_install': False, 'path': '/home/aiseon/tita/sim2sim2real/ddt_ros2_ws/ddt_ros2_control/simulation/mujoco_bridge/mujoco_sim_ros2', 'symlink_install': True, 'test_result_base': None}
[0.385s] Level 5:colcon.colcon_core.verb:set package 'mujoco_ros2_control' build argument 'cmake_args' from command line to 'None'
[0.385s] Level 5:colcon.colcon_core.verb:set package 'mujoco_ros2_control' build argument 'cmake_target' from command line to 'None'
[0.385s] Level 5:colcon.colcon_core.verb:set package 'mujoco_ros2_control' build argument 'cmake_target_skip_unavailable' from command line to 'False'
[0.385s] Level 5:colcon.colcon_core.verb:set package 'mujoco_ros2_control' build argument 'cmake_clean_cache' from command line to 'False'
[0.385s] Level 5:colcon.colcon_core.verb:set package 'mujoco_ros2_control' build argument 'cmake_clean_first' from command line to 'False'
[0.385s] Level 5:colcon.colcon_core.verb:set package 'mujoco_ros2_control' build argument 'cmake_force_configure' from command line to 'False'
[0.385s] Level 5:colcon.colcon_core.verb:set package 'mujoco_ros2_control' build argument 'ament_cmake_args' from command line to 'None'
[0.385s] Level 5:colcon.colcon_core.verb:set package 'mujoco_ros2_control' build argument 'catkin_cmake_args' from command line to 'None'
[0.385s] Level 5:colcon.colcon_core.verb:set package 'mujoco_ros2_control' build argument 'catkin_skip_building_tests' from command line to 'False'
[0.385s] DEBUG:colcon.colcon_core.verb:Building package 'mujoco_ros2_control' with the following arguments: {'ament_cmake_args': None, 'build_base': '/home/aiseon/tita/sim2sim2real/ddt_ros2_ws/build/mujoco_ros2_control', 'catkin_cmake_args': None, 'catkin_skip_building_tests': False, 'cmake_args': None, 'cmake_clean_cache': False, 'cmake_clean_first': False, 'cmake_force_configure': False, 'cmake_target': None, 'cmake_target_skip_unavailable': False, 'install_base': '/home/aiseon/tita/sim2sim2real/ddt_ros2_ws/install/mujoco_ros2_control', 'merge_install': False, 'path': '/home/aiseon/tita/sim2sim2real/ddt_ros2_ws/ddt_ros2_control/simulation/mujoco_bridge/mujoco_ros2_control', 'symlink_install': True, 'test_result_base': None}
[0.386s] Level 5:colcon.colcon_core.verb:set package 'mujoco_bridge' build argument 'cmake_args' from command line to 'None'
[0.386s] Level 5:colcon.colcon_core.verb:set package 'mujoco_bridge' build argument 'cmake_target' from command line to 'None'
[0.386s] Level 5:colcon.colcon_core.verb:set package 'mujoco_bridge' build argument 'cmake_target_skip_unavailable' from command line to 'False'
[0.386s] Level 5:colcon.colcon_core.verb:set package 'mujoco_bridge' build argument 'cmake_clean_cache' from command line to 'False'
[0.386s] Level 5:colcon.colcon_core.verb:set package 'mujoco_bridge' build argument 'cmake_clean_first' from command line to 'False'
[0.386s] Level 5:colcon.colcon_core.verb:set package 'mujoco_bridge' build argument 'cmake_force_configure' from command line to 'False'
[0.386s] Level 5:colcon.colcon_core.verb:set package 'mujoco_bridge' build argument 'ament_cmake_args' from command line to 'None'
[0.386s] Level 5:colcon.colcon_core.verb:set package 'mujoco_bridge' build argument 'catkin_cmake_args' from command line to 'None'
[0.386s] Level 5:colcon.colcon_core.verb:set package 'mujoco_bridge' build argument 'catkin_skip_building_tests' from command line to 'False'
[0.386s] DEBUG:colcon.colcon_core.verb:Building package 'mujoco_bridge' with the following arguments: {'ament_cmake_args': None, 'build_base': '/home/aiseon/tita/sim2sim2real/ddt_ros2_ws/build/mujoco_bridge', 'catkin_cmake_args': None, 'catkin_skip_building_tests': False, 'cmake_args': None, 'cmake_clean_cache': False, 'cmake_clean_first': False, 'cmake_force_configure': False, 'cmake_target': None, 'cmake_target_skip_unavailable': False, 'install_base': '/home/aiseon/tita/sim2sim2real/ddt_ros2_ws/install/mujoco_bridge', 'merge_install': False, 'path': '/home/aiseon/tita/sim2sim2real/ddt_ros2_ws/ddt_ros2_control/simulation/mujoco_bridge/mujoco_bridge', 'symlink_install': True, 'test_result_base': None}
[0.386s] INFO:colcon.colcon_core.executor:Executing jobs using 'parallel' executor
[0.387s] DEBUG:colcon.colcon_parallel_executor.executor.parallel:run_until_complete
[0.387s] INFO:colcon.colcon_ros.task.ament_cmake.build:Building ROS package in '/home/aiseon/tita/sim2sim2real/ddt_ros2_ws/ddt_ros2_control/simulation/mujoco_bridge/mujoco_sim_ros2' with build type 'ament_cmake'
[0.388s] INFO:colcon.colcon_cmake.task.cmake.build:Building CMake package in '/home/aiseon/tita/sim2sim2real/ddt_ros2_ws/ddt_ros2_control/simulation/mujoco_bridge/mujoco_sim_ros2'
[0.391s] INFO:colcon.colcon_core.plugin_system:Skipping extension 'colcon_core.shell.bat': Not used on non-Windows systems
[0.391s] INFO:colcon.colcon_core.shell:Skip shell extension 'powershell' for command environment: Not usable outside of PowerShell
[0.391s] DEBUG:colcon.colcon_core.shell:Skip shell extension 'dsv' for command environment
[0.410s] DEBUG:colcon.colcon_core.event_handler.log_command:Invoking command in '/home/aiseon/tita/sim2sim2real/ddt_ros2_ws/build/mujoco_sim_ros2': CMAKE_PREFIX_PATH=/opt/ros/humble CONDA_PROMPT_MODIFIER=(base) /usr/bin/cmake --build /home/aiseon/tita/sim2sim2real/ddt_ros2_ws/build/mujoco_sim_ros2 -- -j192 -l192
[0.580s] DEBUG:colcon.colcon_core.event_handler.log_command:Invoked command in '/home/aiseon/tita/sim2sim2real/ddt_ros2_ws/build/mujoco_sim_ros2' returned '0': CMAKE_PREFIX_PATH=/opt/ros/humble CONDA_PROMPT_MODIFIER=(base) /usr/bin/cmake --build /home/aiseon/tita/sim2sim2real/ddt_ros2_ws/build/mujoco_sim_ros2 -- -j192 -l192
[0.596s] DEBUG:colcon.colcon_core.event_handler.log_command:Invoking command in '/home/aiseon/tita/sim2sim2real/ddt_ros2_ws/build/mujoco_sim_ros2': CMAKE_PREFIX_PATH=/opt/ros/humble CONDA_PROMPT_MODIFIER=(base) /usr/bin/cmake --install /home/aiseon/tita/sim2sim2real/ddt_ros2_ws/build/mujoco_sim_ros2
[0.629s] Level 1:colcon.colcon_core.environment:create_environment_scripts_only(mujoco_sim_ros2)
[0.630s] DEBUG:colcon.colcon_core.event_handler.log_command:Invoked command in '/home/aiseon/tita/sim2sim2real/ddt_ros2_ws/build/mujoco_sim_ros2' returned '0': CMAKE_PREFIX_PATH=/opt/ros/humble CONDA_PROMPT_MODIFIER=(base) /usr/bin/cmake --install /home/aiseon/tita/sim2sim2real/ddt_ros2_ws/build/mujoco_sim_ros2
[0.633s] Level 1:colcon.colcon_core.environment:checking '/home/aiseon/tita/sim2sim2real/ddt_ros2_ws/install/mujoco_sim_ros2' for CMake module files
[0.633s] Level 1:colcon.colcon_core.environment:checking '/home/aiseon/tita/sim2sim2real/ddt_ros2_ws/install/mujoco_sim_ros2' for CMake config files
[0.633s] Level 1:colcon.colcon_core.shell:create_environment_hook('mujoco_sim_ros2', 'cmake_prefix_path')
[0.634s] INFO:colcon.colcon_core.shell:Creating environment hook '/home/aiseon/tita/sim2sim2real/ddt_ros2_ws/install/mujoco_sim_ros2/share/mujoco_sim_ros2/hook/cmake_prefix_path.ps1'
[0.634s] INFO:colcon.colcon_core.shell:Creating environment descriptor '/home/aiseon/tita/sim2sim2real/ddt_ros2_ws/install/mujoco_sim_ros2/share/mujoco_sim_ros2/hook/cmake_prefix_path.dsv'
[0.635s] INFO:colcon.colcon_core.shell:Creating environment hook '/home/aiseon/tita/sim2sim2real/ddt_ros2_ws/install/mujoco_sim_ros2/share/mujoco_sim_ros2/hook/cmake_prefix_path.sh'
[0.635s] Level 1:colcon.colcon_core.environment:checking '/home/aiseon/tita/sim2sim2real/ddt_ros2_ws/install/mujoco_sim_ros2/lib'
[0.636s] Level 1:colcon.colcon_core.environment:checking '/home/aiseon/tita/sim2sim2real/ddt_ros2_ws/install/mujoco_sim_ros2/bin'
[0.636s] Level 1:colcon.colcon_core.environment:checking '/home/aiseon/tita/sim2sim2real/ddt_ros2_ws/install/mujoco_sim_ros2/lib/pkgconfig/mujoco_sim_ros2.pc'
[0.636s] Level 1:colcon.colcon_core.environment:checking '/home/aiseon/tita/sim2sim2real/ddt_ros2_ws/install/mujoco_sim_ros2/lib/python3.10/site-packages'
[0.636s] Level 1:colcon.colcon_core.environment:checking '/home/aiseon/tita/sim2sim2real/ddt_ros2_ws/install/mujoco_sim_ros2/bin'
[0.636s] INFO:colcon.colcon_core.shell:Creating package script '/home/aiseon/tita/sim2sim2real/ddt_ros2_ws/install/mujoco_sim_ros2/share/mujoco_sim_ros2/package.ps1'
[0.637s] INFO:colcon.colcon_core.shell:Creating package descriptor '/home/aiseon/tita/sim2sim2real/ddt_ros2_ws/install/mujoco_sim_ros2/share/mujoco_sim_ros2/package.dsv'
[0.638s] INFO:colcon.colcon_core.shell:Creating package script '/home/aiseon/tita/sim2sim2real/ddt_ros2_ws/install/mujoco_sim_ros2/share/mujoco_sim_ros2/package.sh'
[0.638s] INFO:colcon.colcon_core.shell:Creating package script '/home/aiseon/tita/sim2sim2real/ddt_ros2_ws/install/mujoco_sim_ros2/share/mujoco_sim_ros2/package.bash'
[0.639s] INFO:colcon.colcon_core.shell:Creating package script '/home/aiseon/tita/sim2sim2real/ddt_ros2_ws/install/mujoco_sim_ros2/share/mujoco_sim_ros2/package.zsh'
[0.639s] Level 1:colcon.colcon_core.environment:create_file_with_runtime_dependencies(/home/aiseon/tita/sim2sim2real/ddt_ros2_ws/install/mujoco_sim_ros2/share/colcon-core/packages/mujoco_sim_ros2)
[0.640s] Level 1:colcon.colcon_core.environment:create_environment_scripts_only(mujoco_sim_ros2)
[0.640s] Level 1:colcon.colcon_core.environment:checking '/home/aiseon/tita/sim2sim2real/ddt_ros2_ws/install/mujoco_sim_ros2' for CMake module files
[0.641s] Level 1:colcon.colcon_core.environment:checking '/home/aiseon/tita/sim2sim2real/ddt_ros2_ws/install/mujoco_sim_ros2' for CMake config files
[0.641s] Level 1:colcon.colcon_core.shell:create_environment_hook('mujoco_sim_ros2', 'cmake_prefix_path')
[0.641s] INFO:colcon.colcon_core.shell:Creating environment hook '/home/aiseon/tita/sim2sim2real/ddt_ros2_ws/install/mujoco_sim_ros2/share/mujoco_sim_ros2/hook/cmake_prefix_path.ps1'
[0.642s] INFO:colcon.colcon_core.shell:Creating environment descriptor '/home/aiseon/tita/sim2sim2real/ddt_ros2_ws/install/mujoco_sim_ros2/share/mujoco_sim_ros2/hook/cmake_prefix_path.dsv'
[0.642s] INFO:colcon.colcon_core.shell:Creating environment hook '/home/aiseon/tita/sim2sim2real/ddt_ros2_ws/install/mujoco_sim_ros2/share/mujoco_sim_ros2/hook/cmake_prefix_path.sh'
[0.643s] Level 1:colcon.colcon_core.environment:checking '/home/aiseon/tita/sim2sim2real/ddt_ros2_ws/install/mujoco_sim_ros2/lib'
[0.643s] Level 1:colcon.colcon_core.environment:checking '/home/aiseon/tita/sim2sim2real/ddt_ros2_ws/install/mujoco_sim_ros2/bin'
[0.643s] Level 1:colcon.colcon_core.environment:checking '/home/aiseon/tita/sim2sim2real/ddt_ros2_ws/install/mujoco_sim_ros2/lib/pkgconfig/mujoco_sim_ros2.pc'
[0.644s] Level 1:colcon.colcon_core.environment:checking '/home/aiseon/tita/sim2sim2real/ddt_ros2_ws/install/mujoco_sim_ros2/lib/python3.10/site-packages'
[0.644s] Level 1:colcon.colcon_core.environment:checking '/home/aiseon/tita/sim2sim2real/ddt_ros2_ws/install/mujoco_sim_ros2/bin'
[0.645s] INFO:colcon.colcon_core.shell:Creating package script '/home/aiseon/tita/sim2sim2real/ddt_ros2_ws/install/mujoco_sim_ros2/share/mujoco_sim_ros2/package.ps1'
[0.645s] INFO:colcon.colcon_core.shell:Creating package descriptor '/home/aiseon/tita/sim2sim2real/ddt_ros2_ws/install/mujoco_sim_ros2/share/mujoco_sim_ros2/package.dsv'
[0.646s] INFO:colcon.colcon_core.shell:Creating package script '/home/aiseon/tita/sim2sim2real/ddt_ros2_ws/install/mujoco_sim_ros2/share/mujoco_sim_ros2/package.sh'
[0.647s] INFO:colcon.colcon_core.shell:Creating package script '/home/aiseon/tita/sim2sim2real/ddt_ros2_ws/install/mujoco_sim_ros2/share/mujoco_sim_ros2/package.bash'
[0.647s] INFO:colcon.colcon_core.shell:Creating package script '/home/aiseon/tita/sim2sim2real/ddt_ros2_ws/install/mujoco_sim_ros2/share/mujoco_sim_ros2/package.zsh'
[0.648s] Level 1:colcon.colcon_core.environment:create_file_with_runtime_dependencies(/home/aiseon/tita/sim2sim2real/ddt_ros2_ws/install/mujoco_sim_ros2/share/colcon-core/packages/mujoco_sim_ros2)
[0.648s] INFO:colcon.colcon_ros.task.ament_cmake.build:Building ROS package in '/home/aiseon/tita/sim2sim2real/ddt_ros2_ws/ddt_ros2_control/simulation/mujoco_bridge/mujoco_ros2_control' with build type 'ament_cmake'
[0.649s] INFO:colcon.colcon_cmake.task.cmake.build:Building CMake package in '/home/aiseon/tita/sim2sim2real/ddt_ros2_ws/ddt_ros2_control/simulation/mujoco_bridge/mujoco_ros2_control'
[0.649s] INFO:colcon.colcon_core.shell:Skip shell extension 'powershell' for command environment: Not usable outside of PowerShell
[0.649s] DEBUG:colcon.colcon_core.shell:Skip shell extension 'dsv' for command environment
[0.671s] DEBUG:colcon.colcon_core.event_handler.log_command:Invoking command in '/home/aiseon/tita/sim2sim2real/ddt_ros2_ws/build/mujoco_ros2_control': AMENT_PREFIX_PATH=/home/aiseon/tita/sim2sim2real/ddt_ros2_ws/install/mujoco_sim_ros2:${AMENT_PREFIX_PATH} CMAKE_PREFIX_PATH=/home/aiseon/tita/sim2sim2real/ddt_ros2_ws/install/mujoco_sim_ros2:/opt/ros/humble CONDA_PROMPT_MODIFIER=(base) LD_LIBRARY_PATH=/home/aiseon/tita/sim2sim2real/ddt_ros2_ws/install/mujoco_sim_ros2/lib:${LD_LIBRARY_PATH} /usr/bin/cmake --build /home/aiseon/tita/sim2sim2real/ddt_ros2_ws/build/mujoco_ros2_control -- -j192 -l192
[0.801s] DEBUG:colcon.colcon_core.event_handler.log_command:Invoked command in '/home/aiseon/tita/sim2sim2real/ddt_ros2_ws/build/mujoco_ros2_control' returned '0': AMENT_PREFIX_PATH=/home/aiseon/tita/sim2sim2real/ddt_ros2_ws/install/mujoco_sim_ros2:${AMENT_PREFIX_PATH} CMAKE_PREFIX_PATH=/home/aiseon/tita/sim2sim2real/ddt_ros2_ws/install/mujoco_sim_ros2:/opt/ros/humble CONDA_PROMPT_MODIFIER=(base) LD_LIBRARY_PATH=/home/aiseon/tita/sim2sim2real/ddt_ros2_ws/install/mujoco_sim_ros2/lib:${LD_LIBRARY_PATH} /usr/bin/cmake --build /home/aiseon/tita/sim2sim2real/ddt_ros2_ws/build/mujoco_ros2_control -- -j192 -l192
[0.804s] DEBUG:colcon.colcon_core.event_handler.log_command:Invoking command in '/home/aiseon/tita/sim2sim2real/ddt_ros2_ws/build/mujoco_ros2_control': AMENT_PREFIX_PATH=/home/aiseon/tita/sim2sim2real/ddt_ros2_ws/install/mujoco_sim_ros2:${AMENT_PREFIX_PATH} CMAKE_PREFIX_PATH=/home/aiseon/tita/sim2sim2real/ddt_ros2_ws/install/mujoco_sim_ros2:/opt/ros/humble CONDA_PROMPT_MODIFIER=(base) LD_LIBRARY_PATH=/home/aiseon/tita/sim2sim2real/ddt_ros2_ws/install/mujoco_sim_ros2/lib:${LD_LIBRARY_PATH} /usr/bin/cmake --install /home/aiseon/tita/sim2sim2real/ddt_ros2_ws/build/mujoco_ros2_control
[0.836s] Level 1:colcon.colcon_core.environment:create_environment_scripts_only(mujoco_ros2_control)
[0.837s] Level 1:colcon.colcon_core.environment:checking '/home/aiseon/tita/sim2sim2real/ddt_ros2_ws/install/mujoco_ros2_control' for CMake module files
[0.838s] DEBUG:colcon.colcon_core.event_handler.log_command:Invoked command in '/home/aiseon/tita/sim2sim2real/ddt_ros2_ws/build/mujoco_ros2_control' returned '0': AMENT_PREFIX_PATH=/home/aiseon/tita/sim2sim2real/ddt_ros2_ws/install/mujoco_sim_ros2:${AMENT_PREFIX_PATH} CMAKE_PREFIX_PATH=/home/aiseon/tita/sim2sim2real/ddt_ros2_ws/install/mujoco_sim_ros2:/opt/ros/humble CONDA_PROMPT_MODIFIER=(base) LD_LIBRARY_PATH=/home/aiseon/tita/sim2sim2real/ddt_ros2_ws/install/mujoco_sim_ros2/lib:${LD_LIBRARY_PATH} /usr/bin/cmake --install /home/aiseon/tita/sim2sim2real/ddt_ros2_ws/build/mujoco_ros2_control
[0.839s] Level 1:colcon.colcon_core.environment:checking '/home/aiseon/tita/sim2sim2real/ddt_ros2_ws/install/mujoco_ros2_control' for CMake config files
[0.840s] Level 1:colcon.colcon_core.shell:create_environment_hook('mujoco_ros2_control', 'cmake_prefix_path')
[0.840s] INFO:colcon.colcon_core.shell:Creating environment hook '/home/aiseon/tita/sim2sim2real/ddt_ros2_ws/install/mujoco_ros2_control/share/mujoco_ros2_control/hook/cmake_prefix_path.ps1'
[0.841s] INFO:colcon.colcon_core.shell:Creating environment descriptor '/home/aiseon/tita/sim2sim2real/ddt_ros2_ws/install/mujoco_ros2_control/share/mujoco_ros2_control/hook/cmake_prefix_path.dsv'
[0.841s] INFO:colcon.colcon_core.shell:Creating environment hook '/home/aiseon/tita/sim2sim2real/ddt_ros2_ws/install/mujoco_ros2_control/share/mujoco_ros2_control/hook/cmake_prefix_path.sh'
[0.842s] Level 1:colcon.colcon_core.environment:checking '/home/aiseon/tita/sim2sim2real/ddt_ros2_ws/install/mujoco_ros2_control/lib'
[0.842s] Level 1:colcon.colcon_core.shell:create_environment_hook('mujoco_ros2_control', 'ld_library_path_lib')
[0.842s] INFO:colcon.colcon_core.shell:Creating environment hook '/home/aiseon/tita/sim2sim2real/ddt_ros2_ws/install/mujoco_ros2_control/share/mujoco_ros2_control/hook/ld_library_path_lib.ps1'
[0.842s] INFO:colcon.colcon_core.shell:Creating environment descriptor '/home/aiseon/tita/sim2sim2real/ddt_ros2_ws/install/mujoco_ros2_control/share/mujoco_ros2_control/hook/ld_library_path_lib.dsv'
[0.843s] INFO:colcon.colcon_core.shell:Creating environment hook '/home/aiseon/tita/sim2sim2real/ddt_ros2_ws/install/mujoco_ros2_control/share/mujoco_ros2_control/hook/ld_library_path_lib.sh'
[0.843s] Level 1:colcon.colcon_core.environment:checking '/home/aiseon/tita/sim2sim2real/ddt_ros2_ws/install/mujoco_ros2_control/bin'
[0.843s] Level 1:colcon.colcon_core.environment:checking '/home/aiseon/tita/sim2sim2real/ddt_ros2_ws/install/mujoco_ros2_control/lib/pkgconfig/mujoco_ros2_control.pc'
[0.843s] Level 1:colcon.colcon_core.environment:checking '/home/aiseon/tita/sim2sim2real/ddt_ros2_ws/install/mujoco_ros2_control/lib/python3.10/site-packages'
[0.844s] Level 1:colcon.colcon_core.environment:checking '/home/aiseon/tita/sim2sim2real/ddt_ros2_ws/install/mujoco_ros2_control/bin'
[0.844s] INFO:colcon.colcon_core.shell:Creating package script '/home/aiseon/tita/sim2sim2real/ddt_ros2_ws/install/mujoco_ros2_control/share/mujoco_ros2_control/package.ps1'
[0.844s] INFO:colcon.colcon_core.shell:Creating package descriptor '/home/aiseon/tita/sim2sim2real/ddt_ros2_ws/install/mujoco_ros2_control/share/mujoco_ros2_control/package.dsv'
[0.845s] INFO:colcon.colcon_core.shell:Creating package script '/home/aiseon/tita/sim2sim2real/ddt_ros2_ws/install/mujoco_ros2_control/share/mujoco_ros2_control/package.sh'
[0.845s] INFO:colcon.colcon_core.shell:Creating package script '/home/aiseon/tita/sim2sim2real/ddt_ros2_ws/install/mujoco_ros2_control/share/mujoco_ros2_control/package.bash'
[0.846s] INFO:colcon.colcon_core.shell:Creating package script '/home/aiseon/tita/sim2sim2real/ddt_ros2_ws/install/mujoco_ros2_control/share/mujoco_ros2_control/package.zsh'
[0.846s] Level 1:colcon.colcon_core.environment:create_file_with_runtime_dependencies(/home/aiseon/tita/sim2sim2real/ddt_ros2_ws/install/mujoco_ros2_control/share/colcon-core/packages/mujoco_ros2_control)
[0.846s] Level 1:colcon.colcon_core.environment:create_environment_scripts_only(mujoco_ros2_control)
[0.847s] Level 1:colcon.colcon_core.environment:checking '/home/aiseon/tita/sim2sim2real/ddt_ros2_ws/install/mujoco_ros2_control' for CMake module files
[0.847s] Level 1:colcon.colcon_core.environment:checking '/home/aiseon/tita/sim2sim2real/ddt_ros2_ws/install/mujoco_ros2_control' for CMake config files
[0.847s] Level 1:colcon.colcon_core.shell:create_environment_hook('mujoco_ros2_control', 'cmake_prefix_path')
[0.847s] INFO:colcon.colcon_core.shell:Creating environment hook '/home/aiseon/tita/sim2sim2real/ddt_ros2_ws/install/mujoco_ros2_control/share/mujoco_ros2_control/hook/cmake_prefix_path.ps1'
[0.848s] INFO:colcon.colcon_core.shell:Creating environment descriptor '/home/aiseon/tita/sim2sim2real/ddt_ros2_ws/install/mujoco_ros2_control/share/mujoco_ros2_control/hook/cmake_prefix_path.dsv'
[0.848s] INFO:colcon.colcon_core.shell:Creating environment hook '/home/aiseon/tita/sim2sim2real/ddt_ros2_ws/install/mujoco_ros2_control/share/mujoco_ros2_control/hook/cmake_prefix_path.sh'
[0.849s] Level 1:colcon.colcon_core.environment:checking '/home/aiseon/tita/sim2sim2real/ddt_ros2_ws/install/mujoco_ros2_control/lib'
[0.849s] Level 1:colcon.colcon_core.shell:create_environment_hook('mujoco_ros2_control', 'ld_library_path_lib')
[0.849s] INFO:colcon.colcon_core.shell:Creating environment hook '/home/aiseon/tita/sim2sim2real/ddt_ros2_ws/install/mujoco_ros2_control/share/mujoco_ros2_control/hook/ld_library_path_lib.ps1'
[0.849s] INFO:colcon.colcon_core.shell:Creating environment descriptor '/home/aiseon/tita/sim2sim2real/ddt_ros2_ws/install/mujoco_ros2_control/share/mujoco_ros2_control/hook/ld_library_path_lib.dsv'
[0.849s] INFO:colcon.colcon_core.shell:Creating environment hook '/home/aiseon/tita/sim2sim2real/ddt_ros2_ws/install/mujoco_ros2_control/share/mujoco_ros2_control/hook/ld_library_path_lib.sh'
[0.850s] Level 1:colcon.colcon_core.environment:checking '/home/aiseon/tita/sim2sim2real/ddt_ros2_ws/install/mujoco_ros2_control/bin'
[0.850s] Level 1:colcon.colcon_core.environment:checking '/home/aiseon/tita/sim2sim2real/ddt_ros2_ws/install/mujoco_ros2_control/lib/pkgconfig/mujoco_ros2_control.pc'
[0.850s] Level 1:colcon.colcon_core.environment:checking '/home/aiseon/tita/sim2sim2real/ddt_ros2_ws/install/mujoco_ros2_control/lib/python3.10/site-packages'
[0.850s] Level 1:colcon.colcon_core.environment:checking '/home/aiseon/tita/sim2sim2real/ddt_ros2_ws/install/mujoco_ros2_control/bin'
[0.851s] INFO:colcon.colcon_core.shell:Creating package script '/home/aiseon/tita/sim2sim2real/ddt_ros2_ws/install/mujoco_ros2_control/share/mujoco_ros2_control/package.ps1'
[0.851s] INFO:colcon.colcon_core.shell:Creating package descriptor '/home/aiseon/tita/sim2sim2real/ddt_ros2_ws/install/mujoco_ros2_control/share/mujoco_ros2_control/package.dsv'
[0.852s] INFO:colcon.colcon_core.shell:Creating package script '/home/aiseon/tita/sim2sim2real/ddt_ros2_ws/install/mujoco_ros2_control/share/mujoco_ros2_control/package.sh'
[0.852s] INFO:colcon.colcon_core.shell:Creating package script '/home/aiseon/tita/sim2sim2real/ddt_ros2_ws/install/mujoco_ros2_control/share/mujoco_ros2_control/package.bash'
[0.852s] INFO:colcon.colcon_core.shell:Creating package script '/home/aiseon/tita/sim2sim2real/ddt_ros2_ws/install/mujoco_ros2_control/share/mujoco_ros2_control/package.zsh'
[0.853s] Level 1:colcon.colcon_core.environment:create_file_with_runtime_dependencies(/home/aiseon/tita/sim2sim2real/ddt_ros2_ws/install/mujoco_ros2_control/share/colcon-core/packages/mujoco_ros2_control)
[0.853s] INFO:colcon.colcon_ros.task.ament_cmake.build:Building ROS package in '/home/aiseon/tita/sim2sim2real/ddt_ros2_ws/ddt_ros2_control/simulation/mujoco_bridge/mujoco_bridge' with build type 'ament_cmake'
[0.853s] INFO:colcon.colcon_cmake.task.cmake.build:Building CMake package in '/home/aiseon/tita/sim2sim2real/ddt_ros2_ws/ddt_ros2_control/simulation/mujoco_bridge/mujoco_bridge'
[0.853s] INFO:colcon.colcon_core.shell:Skip shell extension 'powershell' for command environment: Not usable outside of PowerShell
[0.854s] DEBUG:colcon.colcon_core.shell:Skip shell extension 'dsv' for command environment
[0.880s] DEBUG:colcon.colcon_core.event_handler.log_command:Invoking command in '/home/aiseon/tita/sim2sim2real/ddt_ros2_ws/build/mujoco_bridge': AMENT_PREFIX_PATH=/home/aiseon/tita/sim2sim2real/ddt_ros2_ws/install/mujoco_ros2_control:/home/aiseon/tita/sim2sim2real/ddt_ros2_ws/install/mujoco_sim_ros2:${AMENT_PREFIX_PATH} CMAKE_PREFIX_PATH=/home/aiseon/tita/sim2sim2real/ddt_ros2_ws/install/mujoco_ros2_control:/home/aiseon/tita/sim2sim2real/ddt_ros2_ws/install/mujoco_sim_ros2:/opt/ros/humble CONDA_PROMPT_MODIFIER=(base) LD_LIBRARY_PATH=/home/aiseon/tita/sim2sim2real/ddt_ros2_ws/install/mujoco_ros2_control/lib:/home/aiseon/tita/sim2sim2real/ddt_ros2_ws/install/mujoco_sim_ros2/lib:${LD_LIBRARY_PATH} /usr/bin/cmake --build /home/aiseon/tita/sim2sim2real/ddt_ros2_ws/build/mujoco_bridge -- -j192 -l192
[0.940s] DEBUG:colcon.colcon_core.event_handler.log_command:Invoked command in '/home/aiseon/tita/sim2sim2real/ddt_ros2_ws/build/mujoco_bridge' returned '0': AMENT_PREFIX_PATH=/home/aiseon/tita/sim2sim2real/ddt_ros2_ws/install/mujoco_ros2_control:/home/aiseon/tita/sim2sim2real/ddt_ros2_ws/install/mujoco_sim_ros2:${AMENT_PREFIX_PATH} CMAKE_PREFIX_PATH=/home/aiseon/tita/sim2sim2real/ddt_ros2_ws/install/mujoco_ros2_control:/home/aiseon/tita/sim2sim2real/ddt_ros2_ws/install/mujoco_sim_ros2:/opt/ros/humble CONDA_PROMPT_MODIFIER=(base) LD_LIBRARY_PATH=/home/aiseon/tita/sim2sim2real/ddt_ros2_ws/install/mujoco_ros2_control/lib:/home/aiseon/tita/sim2sim2real/ddt_ros2_ws/install/mujoco_sim_ros2/lib:${LD_LIBRARY_PATH} /usr/bin/cmake --build /home/aiseon/tita/sim2sim2real/ddt_ros2_ws/build/mujoco_bridge -- -j192 -l192
[0.944s] DEBUG:colcon.colcon_core.event_handler.log_command:Invoking command in '/home/aiseon/tita/sim2sim2real/ddt_ros2_ws/build/mujoco_bridge': AMENT_PREFIX_PATH=/home/aiseon/tita/sim2sim2real/ddt_ros2_ws/install/mujoco_ros2_control:/home/aiseon/tita/sim2sim2real/ddt_ros2_ws/install/mujoco_sim_ros2:${AMENT_PREFIX_PATH} CMAKE_PREFIX_PATH=/home/aiseon/tita/sim2sim2real/ddt_ros2_ws/install/mujoco_ros2_control:/home/aiseon/tita/sim2sim2real/ddt_ros2_ws/install/mujoco_sim_ros2:/opt/ros/humble CONDA_PROMPT_MODIFIER=(base) LD_LIBRARY_PATH=/home/aiseon/tita/sim2sim2real/ddt_ros2_ws/install/mujoco_ros2_control/lib:/home/aiseon/tita/sim2sim2real/ddt_ros2_ws/install/mujoco_sim_ros2/lib:${LD_LIBRARY_PATH} /usr/bin/cmake --install /home/aiseon/tita/sim2sim2real/ddt_ros2_ws/build/mujoco_bridge
[0.972s] Level 1:colcon.colcon_core.environment:create_environment_scripts_only(mujoco_bridge)
[0.972s] DEBUG:colcon.colcon_core.event_handler.log_command:Invoked command in '/home/aiseon/tita/sim2sim2real/ddt_ros2_ws/build/mujoco_bridge' returned '0': AMENT_PREFIX_PATH=/home/aiseon/tita/sim2sim2real/ddt_ros2_ws/install/mujoco_ros2_control:/home/aiseon/tita/sim2sim2real/ddt_ros2_ws/install/mujoco_sim_ros2:${AMENT_PREFIX_PATH} CMAKE_PREFIX_PATH=/home/aiseon/tita/sim2sim2real/ddt_ros2_ws/install/mujoco_ros2_control:/home/aiseon/tita/sim2sim2real/ddt_ros2_ws/install/mujoco_sim_ros2:/opt/ros/humble CONDA_PROMPT_MODIFIER=(base) LD_LIBRARY_PATH=/home/aiseon/tita/sim2sim2real/ddt_ros2_ws/install/mujoco_ros2_control/lib:/home/aiseon/tita/sim2sim2real/ddt_ros2_ws/install/mujoco_sim_ros2/lib:${LD_LIBRARY_PATH} /usr/bin/cmake --install /home/aiseon/tita/sim2sim2real/ddt_ros2_ws/build/mujoco_bridge
[0.973s] Level 1:colcon.colcon_core.environment:checking '/home/aiseon/tita/sim2sim2real/ddt_ros2_ws/install/mujoco_bridge' for CMake module files
[0.974s] Level 1:colcon.colcon_core.environment:checking '/home/aiseon/tita/sim2sim2real/ddt_ros2_ws/install/mujoco_bridge' for CMake config files
[0.974s] Level 1:colcon.colcon_core.shell:create_environment_hook('mujoco_bridge', 'cmake_prefix_path')
[0.975s] INFO:colcon.colcon_core.shell:Creating environment hook '/home/aiseon/tita/sim2sim2real/ddt_ros2_ws/install/mujoco_bridge/share/mujoco_bridge/hook/cmake_prefix_path.ps1'
[0.976s] INFO:colcon.colcon_core.shell:Creating environment descriptor '/home/aiseon/tita/sim2sim2real/ddt_ros2_ws/install/mujoco_bridge/share/mujoco_bridge/hook/cmake_prefix_path.dsv'
[0.976s] INFO:colcon.colcon_core.shell:Creating environment hook '/home/aiseon/tita/sim2sim2real/ddt_ros2_ws/install/mujoco_bridge/share/mujoco_bridge/hook/cmake_prefix_path.sh'
[0.977s] Level 1:colcon.colcon_core.environment:checking '/home/aiseon/tita/sim2sim2real/ddt_ros2_ws/install/mujoco_bridge/bin'
[0.977s] Level 1:colcon.colcon_core.environment:checking '/home/aiseon/tita/sim2sim2real/ddt_ros2_ws/install/mujoco_bridge/lib/pkgconfig/mujoco_bridge.pc'
[0.977s] Level 1:colcon.colcon_core.environment:checking '/home/aiseon/tita/sim2sim2real/ddt_ros2_ws/install/mujoco_bridge/lib/python3.10/site-packages'
[0.978s] Level 1:colcon.colcon_core.environment:checking '/home/aiseon/tita/sim2sim2real/ddt_ros2_ws/install/mujoco_bridge/bin'
[0.978s] INFO:colcon.colcon_core.shell:Creating package script '/home/aiseon/tita/sim2sim2real/ddt_ros2_ws/install/mujoco_bridge/share/mujoco_bridge/package.ps1'
[0.979s] INFO:colcon.colcon_core.shell:Creating package descriptor '/home/aiseon/tita/sim2sim2real/ddt_ros2_ws/install/mujoco_bridge/share/mujoco_bridge/package.dsv'
[0.979s] INFO:colcon.colcon_core.shell:Creating package script '/home/aiseon/tita/sim2sim2real/ddt_ros2_ws/install/mujoco_bridge/share/mujoco_bridge/package.sh'
[0.979s] INFO:colcon.colcon_core.shell:Creating package script '/home/aiseon/tita/sim2sim2real/ddt_ros2_ws/install/mujoco_bridge/share/mujoco_bridge/package.bash'
[0.980s] INFO:colcon.colcon_core.shell:Creating package script '/home/aiseon/tita/sim2sim2real/ddt_ros2_ws/install/mujoco_bridge/share/mujoco_bridge/package.zsh'
[0.980s] Level 1:colcon.colcon_core.environment:create_file_with_runtime_dependencies(/home/aiseon/tita/sim2sim2real/ddt_ros2_ws/install/mujoco_bridge/share/colcon-core/packages/mujoco_bridge)
[0.981s] Level 1:colcon.colcon_core.environment:create_environment_scripts_only(mujoco_bridge)
[0.981s] Level 1:colcon.colcon_core.environment:checking '/home/aiseon/tita/sim2sim2real/ddt_ros2_ws/install/mujoco_bridge' for CMake module files
[0.981s] Level 1:colcon.colcon_core.environment:checking '/home/aiseon/tita/sim2sim2real/ddt_ros2_ws/install/mujoco_bridge' for CMake config files
[0.982s] Level 1:colcon.colcon_core.shell:create_environment_hook('mujoco_bridge', 'cmake_prefix_path')
[0.982s] INFO:colcon.colcon_core.shell:Creating environment hook '/home/aiseon/tita/sim2sim2real/ddt_ros2_ws/install/mujoco_bridge/share/mujoco_bridge/hook/cmake_prefix_path.ps1'
[0.982s] INFO:colcon.colcon_core.shell:Creating environment descriptor '/home/aiseon/tita/sim2sim2real/ddt_ros2_ws/install/mujoco_bridge/share/mujoco_bridge/hook/cmake_prefix_path.dsv'
[0.982s] INFO:colcon.colcon_core.shell:Creating environment hook '/home/aiseon/tita/sim2sim2real/ddt_ros2_ws/install/mujoco_bridge/share/mujoco_bridge/hook/cmake_prefix_path.sh'
[0.983s] Level 1:colcon.colcon_core.environment:checking '/home/aiseon/tita/sim2sim2real/ddt_ros2_ws/install/mujoco_bridge/bin'
[0.983s] Level 1:colcon.colcon_core.environment:checking '/home/aiseon/tita/sim2sim2real/ddt_ros2_ws/install/mujoco_bridge/lib/pkgconfig/mujoco_bridge.pc'
[0.983s] Level 1:colcon.colcon_core.environment:checking '/home/aiseon/tita/sim2sim2real/ddt_ros2_ws/install/mujoco_bridge/lib/python3.10/site-packages'
[0.983s] Level 1:colcon.colcon_core.environment:checking '/home/aiseon/tita/sim2sim2real/ddt_ros2_ws/install/mujoco_bridge/bin'
[0.984s] INFO:colcon.colcon_core.shell:Creating package script '/home/aiseon/tita/sim2sim2real/ddt_ros2_ws/install/mujoco_bridge/share/mujoco_bridge/package.ps1'
[0.984s] INFO:colcon.colcon_core.shell:Creating package descriptor '/home/aiseon/tita/sim2sim2real/ddt_ros2_ws/install/mujoco_bridge/share/mujoco_bridge/package.dsv'
[0.985s] INFO:colcon.colcon_core.shell:Creating package script '/home/aiseon/tita/sim2sim2real/ddt_ros2_ws/install/mujoco_bridge/share/mujoco_bridge/package.sh'
[0.985s] INFO:colcon.colcon_core.shell:Creating package script '/home/aiseon/tita/sim2sim2real/ddt_ros2_ws/install/mujoco_bridge/share/mujoco_bridge/package.bash'
[0.985s] INFO:colcon.colcon_core.shell:Creating package script '/home/aiseon/tita/sim2sim2real/ddt_ros2_ws/install/mujoco_bridge/share/mujoco_bridge/package.zsh'
[0.985s] Level 1:colcon.colcon_core.environment:create_file_with_runtime_dependencies(/home/aiseon/tita/sim2sim2real/ddt_ros2_ws/install/mujoco_bridge/share/colcon-core/packages/mujoco_bridge)
[0.986s] DEBUG:colcon.colcon_parallel_executor.executor.parallel:closing loop
[0.987s] DEBUG:colcon.colcon_parallel_executor.executor.parallel:loop closed
[0.987s] DEBUG:colcon.colcon_parallel_executor.executor.parallel:run_until_complete finished with '0'
[0.987s] DEBUG:colcon.colcon_core.event_reactor:joining thread
[0.995s] INFO:colcon.colcon_core.plugin_system:Skipping extension 'colcon_notification.desktop_notification.terminal_notifier': Not used on non-Darwin systems
[0.995s] INFO:colcon.colcon_core.plugin_system:Skipping extension 'colcon_notification.desktop_notification.win32': Not used on non-Windows systems
[0.996s] INFO:colcon.colcon_notification.desktop_notification:Sending desktop notification using 'notify2'
[1.008s] DEBUG:colcon.colcon_core.event_reactor:joined thread
[1.009s] INFO:colcon.colcon_core.shell:Creating prefix script '/home/aiseon/tita/sim2sim2real/ddt_ros2_ws/install/local_setup.ps1'
[1.010s] INFO:colcon.colcon_core.shell:Creating prefix util module '/home/aiseon/tita/sim2sim2real/ddt_ros2_ws/install/_local_setup_util_ps1.py'
[1.012s] INFO:colcon.colcon_core.shell:Creating prefix chain script '/home/aiseon/tita/sim2sim2real/ddt_ros2_ws/install/setup.ps1'
[1.013s] INFO:colcon.colcon_core.shell:Creating prefix script '/home/aiseon/tita/sim2sim2real/ddt_ros2_ws/install/local_setup.sh'
[1.014s] INFO:colcon.colcon_core.shell:Creating prefix util module '/home/aiseon/tita/sim2sim2real/ddt_ros2_ws/install/_local_setup_util_sh.py'
[1.015s] INFO:colcon.colcon_core.shell:Creating prefix chain script '/home/aiseon/tita/sim2sim2real/ddt_ros2_ws/install/setup.sh'
[1.016s] INFO:colcon.colcon_core.shell:Creating prefix script '/home/aiseon/tita/sim2sim2real/ddt_ros2_ws/install/local_setup.bash'
[1.017s] INFO:colcon.colcon_core.shell:Creating prefix chain script '/home/aiseon/tita/sim2sim2real/ddt_ros2_ws/install/setup.bash'
[1.018s] INFO:colcon.colcon_core.shell:Creating prefix script '/home/aiseon/tita/sim2sim2real/ddt_ros2_ws/install/local_setup.zsh'
[1.018s] INFO:colcon.colcon_core.shell:Creating prefix chain script '/home/aiseon/tita/sim2sim2real/ddt_ros2_ws/install/setup.zsh'
