[0.095s] DEBUG:colcon:Command line arguments: ['/usr/bin/colcon', 'build', '--symlink-install', '--packages-up-to', 'rl_controller']
[0.095s] DEBUG:colcon:Parsed command line arguments: Namespace(log_base=None, log_level=None, verb_name='build', build_base='build', install_base='install', merge_install=False, symlink_install=True, test_result_base=None, continue_on_error=False, executor='parallel', parallel_workers=192, event_handlers=None, ignore_user_meta=False, metas=['./colcon.meta'], base_paths=['.'], packages_ignore=None, packages_ignore_regex=None, paths=None, packages_up_to=['rl_controller'], packages_up_to_regex=None, packages_above=None, packages_above_and_dependencies=None, packages_above_depth=None, packages_select_by_dep=None, packages_skip_by_dep=None, packages_skip_up_to=None, packages_select_build_failed=False, packages_skip_build_finished=False, packages_select_test_failures=False, packages_skip_test_passed=False, packages_select=None, packages_skip=None, packages_select_regex=None, packages_skip_regex=None, packages_start=None, packages_end=None, allow_overriding=[], cmake_args=None, cmake_target=None, cmake_target_skip_unavailable=False, cmake_clean_cache=False, cmake_clean_first=False, cmake_force_configure=False, ament_cmake_args=None, catkin_cmake_args=None, catkin_skip_building_tests=False, verb_parser=<colcon_defaults.argument_parser.defaults.DefaultArgumentsDecorator object at 0x736e49375b40>, verb_extension=<colcon_core.verb.build.BuildVerb object at 0x736e49375630>, main=<bound method BuildVerb.main of <colcon_core.verb.build.BuildVerb object at 0x736e49375630>>)
[0.226s] Level 1:colcon.colcon_core.package_discovery:discover_packages(colcon_meta) check parameters
[0.226s] Level 1:colcon.colcon_core.package_discovery:discover_packages(recursive) check parameters
[0.226s] Level 1:colcon.colcon_core.package_discovery:discover_packages(ignore) check parameters
[0.226s] Level 1:colcon.colcon_core.package_discovery:discover_packages(path) check parameters
[0.226s] Level 1:colcon.colcon_core.package_discovery:discover_packages(colcon_meta) discover
[0.226s] Level 1:colcon.colcon_core.package_discovery:discover_packages(recursive) discover
[0.226s] INFO:colcon.colcon_core.package_discovery:Crawling recursively for packages in '/home/aiseon/tita/sim2sim2real'
[0.226s] Level 1:colcon.colcon_core.package_identification:_identify(.) by extensions ['ignore', 'ignore_ament_install']
[0.226s] Level 1:colcon.colcon_core.package_identification:_identify(.) by extension 'ignore'
[0.226s] Level 1:colcon.colcon_core.package_identification:_identify(.) by extension 'ignore_ament_install'
[0.226s] Level 1:colcon.colcon_core.package_identification:_identify(.) by extensions ['colcon_pkg']
[0.226s] Level 1:colcon.colcon_core.package_identification:_identify(.) by extension 'colcon_pkg'
[0.226s] Level 1:colcon.colcon_core.package_identification:_identify(.) by extensions ['colcon_meta']
[0.226s] Level 1:colcon.colcon_core.package_identification:_identify(.) by extension 'colcon_meta'
[0.226s] Level 1:colcon.colcon_core.package_identification:_identify(.) by extensions ['ros']
[0.226s] Level 1:colcon.colcon_core.package_identification:_identify(.) by extension 'ros'
[0.235s] Level 1:colcon.colcon_core.package_identification:_identify(.) by extensions ['cmake', 'python']
[0.235s] Level 1:colcon.colcon_core.package_identification:_identify(.) by extension 'cmake'
[0.235s] Level 1:colcon.colcon_core.package_identification:_identify(.) by extension 'python'
[0.235s] Level 1:colcon.colcon_core.package_identification:_identify(.) by extensions ['python_setup_py']
[0.235s] Level 1:colcon.colcon_core.package_identification:_identify(.) by extension 'python_setup_py'
[0.235s] Level 1:colcon.colcon_core.package_identification:_identify(build) by extensions ['ignore', 'ignore_ament_install']
[0.235s] Level 1:colcon.colcon_core.package_identification:_identify(build) by extension 'ignore'
[0.235s] Level 1:colcon.colcon_core.package_identification:_identify(build) ignored
[0.235s] Level 1:colcon.colcon_core.package_identification:_identify(ddt_ros2_ws) by extensions ['ignore', 'ignore_ament_install']
[0.235s] Level 1:colcon.colcon_core.package_identification:_identify(ddt_ros2_ws) by extension 'ignore'
[0.235s] Level 1:colcon.colcon_core.package_identification:_identify(ddt_ros2_ws) by extension 'ignore_ament_install'
[0.235s] Level 1:colcon.colcon_core.package_identification:_identify(ddt_ros2_ws) by extensions ['colcon_pkg']
[0.235s] Level 1:colcon.colcon_core.package_identification:_identify(ddt_ros2_ws) by extension 'colcon_pkg'
[0.235s] Level 1:colcon.colcon_core.package_identification:_identify(ddt_ros2_ws) by extensions ['colcon_meta']
[0.235s] Level 1:colcon.colcon_core.package_identification:_identify(ddt_ros2_ws) by extension 'colcon_meta'
[0.235s] Level 1:colcon.colcon_core.package_identification:_identify(ddt_ros2_ws) by extensions ['ros']
[0.235s] Level 1:colcon.colcon_core.package_identification:_identify(ddt_ros2_ws) by extension 'ros'
[0.235s] Level 1:colcon.colcon_core.package_identification:_identify(ddt_ros2_ws) by extensions ['cmake', 'python']
[0.235s] Level 1:colcon.colcon_core.package_identification:_identify(ddt_ros2_ws) by extension 'cmake'
[0.235s] Level 1:colcon.colcon_core.package_identification:_identify(ddt_ros2_ws) by extension 'python'
[0.236s] Level 1:colcon.colcon_core.package_identification:_identify(ddt_ros2_ws) by extensions ['python_setup_py']
[0.236s] Level 1:colcon.colcon_core.package_identification:_identify(ddt_ros2_ws) by extension 'python_setup_py'
[0.236s] Level 1:colcon.colcon_core.package_identification:_identify(ddt_ros2_ws/build) by extensions ['ignore', 'ignore_ament_install']
[0.236s] Level 1:colcon.colcon_core.package_identification:_identify(ddt_ros2_ws/build) by extension 'ignore'
[0.236s] Level 1:colcon.colcon_core.package_identification:_identify(ddt_ros2_ws/build) ignored
[0.236s] Level 1:colcon.colcon_core.package_identification:_identify(ddt_ros2_ws/ddt_ros2_control) by extensions ['ignore', 'ignore_ament_install']
[0.236s] Level 1:colcon.colcon_core.package_identification:_identify(ddt_ros2_ws/ddt_ros2_control) by extension 'ignore'
[0.236s] Level 1:colcon.colcon_core.package_identification:_identify(ddt_ros2_ws/ddt_ros2_control) by extension 'ignore_ament_install'
[0.236s] Level 1:colcon.colcon_core.package_identification:_identify(ddt_ros2_ws/ddt_ros2_control) by extensions ['colcon_pkg']
[0.236s] Level 1:colcon.colcon_core.package_identification:_identify(ddt_ros2_ws/ddt_ros2_control) by extension 'colcon_pkg'
[0.236s] Level 1:colcon.colcon_core.package_identification:_identify(ddt_ros2_ws/ddt_ros2_control) by extensions ['colcon_meta']
[0.236s] Level 1:colcon.colcon_core.package_identification:_identify(ddt_ros2_ws/ddt_ros2_control) by extension 'colcon_meta'
[0.236s] Level 1:colcon.colcon_core.package_identification:_identify(ddt_ros2_ws/ddt_ros2_control) by extensions ['ros']
[0.236s] Level 1:colcon.colcon_core.package_identification:_identify(ddt_ros2_ws/ddt_ros2_control) by extension 'ros'
[0.236s] Level 1:colcon.colcon_core.package_identification:_identify(ddt_ros2_ws/ddt_ros2_control) by extensions ['cmake', 'python']
[0.236s] Level 1:colcon.colcon_core.package_identification:_identify(ddt_ros2_ws/ddt_ros2_control) by extension 'cmake'
[0.236s] Level 1:colcon.colcon_core.package_identification:_identify(ddt_ros2_ws/ddt_ros2_control) by extension 'python'
[0.236s] Level 1:colcon.colcon_core.package_identification:_identify(ddt_ros2_ws/ddt_ros2_control) by extensions ['python_setup_py']
[0.236s] Level 1:colcon.colcon_core.package_identification:_identify(ddt_ros2_ws/ddt_ros2_control) by extension 'python_setup_py'
[0.236s] Level 1:colcon.colcon_core.package_identification:_identify(ddt_ros2_ws/ddt_ros2_control/controller) by extensions ['ignore', 'ignore_ament_install']
[0.236s] Level 1:colcon.colcon_core.package_identification:_identify(ddt_ros2_ws/ddt_ros2_control/controller) by extension 'ignore'
[0.236s] Level 1:colcon.colcon_core.package_identification:_identify(ddt_ros2_ws/ddt_ros2_control/controller) by extension 'ignore_ament_install'
[0.236s] Level 1:colcon.colcon_core.package_identification:_identify(ddt_ros2_ws/ddt_ros2_control/controller) by extensions ['colcon_pkg']
[0.236s] Level 1:colcon.colcon_core.package_identification:_identify(ddt_ros2_ws/ddt_ros2_control/controller) by extension 'colcon_pkg'
[0.236s] Level 1:colcon.colcon_core.package_identification:_identify(ddt_ros2_ws/ddt_ros2_control/controller) by extensions ['colcon_meta']
[0.236s] Level 1:colcon.colcon_core.package_identification:_identify(ddt_ros2_ws/ddt_ros2_control/controller) by extension 'colcon_meta'
[0.236s] Level 1:colcon.colcon_core.package_identification:_identify(ddt_ros2_ws/ddt_ros2_control/controller) by extensions ['ros']
[0.236s] Level 1:colcon.colcon_core.package_identification:_identify(ddt_ros2_ws/ddt_ros2_control/controller) by extension 'ros'
[0.236s] Level 1:colcon.colcon_core.package_identification:_identify(ddt_ros2_ws/ddt_ros2_control/controller) by extensions ['cmake', 'python']
[0.236s] Level 1:colcon.colcon_core.package_identification:_identify(ddt_ros2_ws/ddt_ros2_control/controller) by extension 'cmake'
[0.236s] Level 1:colcon.colcon_core.package_identification:_identify(ddt_ros2_ws/ddt_ros2_control/controller) by extension 'python'
[0.236s] Level 1:colcon.colcon_core.package_identification:_identify(ddt_ros2_ws/ddt_ros2_control/controller) by extensions ['python_setup_py']
[0.237s] Level 1:colcon.colcon_core.package_identification:_identify(ddt_ros2_ws/ddt_ros2_control/controller) by extension 'python_setup_py'
[0.237s] Level 1:colcon.colcon_core.package_identification:_identify(ddt_ros2_ws/ddt_ros2_control/controller/rl_controller) by extensions ['ignore', 'ignore_ament_install']
[0.237s] Level 1:colcon.colcon_core.package_identification:_identify(ddt_ros2_ws/ddt_ros2_control/controller/rl_controller) by extension 'ignore'
[0.237s] Level 1:colcon.colcon_core.package_identification:_identify(ddt_ros2_ws/ddt_ros2_control/controller/rl_controller) by extension 'ignore_ament_install'
[0.237s] Level 1:colcon.colcon_core.package_identification:_identify(ddt_ros2_ws/ddt_ros2_control/controller/rl_controller) by extensions ['colcon_pkg']
[0.237s] Level 1:colcon.colcon_core.package_identification:_identify(ddt_ros2_ws/ddt_ros2_control/controller/rl_controller) by extension 'colcon_pkg'
[0.237s] Level 1:colcon.colcon_core.package_identification:_identify(ddt_ros2_ws/ddt_ros2_control/controller/rl_controller) by extensions ['colcon_meta']
[0.237s] Level 1:colcon.colcon_core.package_identification:_identify(ddt_ros2_ws/ddt_ros2_control/controller/rl_controller) by extension 'colcon_meta'
[0.237s] Level 1:colcon.colcon_core.package_identification:_identify(ddt_ros2_ws/ddt_ros2_control/controller/rl_controller) by extensions ['ros']
[0.237s] Level 1:colcon.colcon_core.package_identification:_identify(ddt_ros2_ws/ddt_ros2_control/controller/rl_controller) by extension 'ros'
[0.239s] DEBUG:colcon.colcon_core.package_identification:Package 'ddt_ros2_ws/ddt_ros2_control/controller/rl_controller' with type 'ros.ament_cmake' and name 'rl_controller'
[0.239s] Level 1:colcon.colcon_core.package_identification:_identify(ddt_ros2_ws/ddt_ros2_control/hardware) by extensions ['ignore', 'ignore_ament_install']
[0.240s] Level 1:colcon.colcon_core.package_identification:_identify(ddt_ros2_ws/ddt_ros2_control/hardware) by extension 'ignore'
[0.240s] Level 1:colcon.colcon_core.package_identification:_identify(ddt_ros2_ws/ddt_ros2_control/hardware) by extension 'ignore_ament_install'
[0.240s] Level 1:colcon.colcon_core.package_identification:_identify(ddt_ros2_ws/ddt_ros2_control/hardware) by extensions ['colcon_pkg']
[0.240s] Level 1:colcon.colcon_core.package_identification:_identify(ddt_ros2_ws/ddt_ros2_control/hardware) by extension 'colcon_pkg'
[0.240s] Level 1:colcon.colcon_core.package_identification:_identify(ddt_ros2_ws/ddt_ros2_control/hardware) by extensions ['colcon_meta']
[0.240s] Level 1:colcon.colcon_core.package_identification:_identify(ddt_ros2_ws/ddt_ros2_control/hardware) by extension 'colcon_meta'
[0.240s] Level 1:colcon.colcon_core.package_identification:_identify(ddt_ros2_ws/ddt_ros2_control/hardware) by extensions ['ros']
[0.240s] Level 1:colcon.colcon_core.package_identification:_identify(ddt_ros2_ws/ddt_ros2_control/hardware) by extension 'ros'
[0.240s] Level 1:colcon.colcon_core.package_identification:_identify(ddt_ros2_ws/ddt_ros2_control/hardware) by extensions ['cmake', 'python']
[0.240s] Level 1:colcon.colcon_core.package_identification:_identify(ddt_ros2_ws/ddt_ros2_control/hardware) by extension 'cmake'
[0.240s] Level 1:colcon.colcon_core.package_identification:_identify(ddt_ros2_ws/ddt_ros2_control/hardware) by extension 'python'
[0.240s] Level 1:colcon.colcon_core.package_identification:_identify(ddt_ros2_ws/ddt_ros2_control/hardware) by extensions ['python_setup_py']
[0.240s] Level 1:colcon.colcon_core.package_identification:_identify(ddt_ros2_ws/ddt_ros2_control/hardware) by extension 'python_setup_py'
[0.240s] Level 1:colcon.colcon_core.package_identification:_identify(ddt_ros2_ws/ddt_ros2_control/hardware/hardware_bridge) by extensions ['ignore', 'ignore_ament_install']
[0.240s] Level 1:colcon.colcon_core.package_identification:_identify(ddt_ros2_ws/ddt_ros2_control/hardware/hardware_bridge) by extension 'ignore'
[0.240s] Level 1:colcon.colcon_core.package_identification:_identify(ddt_ros2_ws/ddt_ros2_control/hardware/hardware_bridge) by extension 'ignore_ament_install'
[0.240s] Level 1:colcon.colcon_core.package_identification:_identify(ddt_ros2_ws/ddt_ros2_control/hardware/hardware_bridge) by extensions ['colcon_pkg']
[0.240s] Level 1:colcon.colcon_core.package_identification:_identify(ddt_ros2_ws/ddt_ros2_control/hardware/hardware_bridge) by extension 'colcon_pkg'
[0.240s] Level 1:colcon.colcon_core.package_identification:_identify(ddt_ros2_ws/ddt_ros2_control/hardware/hardware_bridge) by extensions ['colcon_meta']
[0.240s] Level 1:colcon.colcon_core.package_identification:_identify(ddt_ros2_ws/ddt_ros2_control/hardware/hardware_bridge) by extension 'colcon_meta'
[0.240s] Level 1:colcon.colcon_core.package_identification:_identify(ddt_ros2_ws/ddt_ros2_control/hardware/hardware_bridge) by extensions ['ros']
[0.240s] Level 1:colcon.colcon_core.package_identification:_identify(ddt_ros2_ws/ddt_ros2_control/hardware/hardware_bridge) by extension 'ros'
[0.241s] DEBUG:colcon.colcon_core.package_identification:Package 'ddt_ros2_ws/ddt_ros2_control/hardware/hardware_bridge' with type 'ros.ament_cmake' and name 'hardware_bridge'
[0.241s] Level 1:colcon.colcon_core.package_identification:_identify(ddt_ros2_ws/ddt_ros2_control/hardware/tita_robot) by extensions ['ignore', 'ignore_ament_install']
[0.241s] Level 1:colcon.colcon_core.package_identification:_identify(ddt_ros2_ws/ddt_ros2_control/hardware/tita_robot) by extension 'ignore'
[0.241s] Level 1:colcon.colcon_core.package_identification:_identify(ddt_ros2_ws/ddt_ros2_control/hardware/tita_robot) by extension 'ignore_ament_install'
[0.241s] Level 1:colcon.colcon_core.package_identification:_identify(ddt_ros2_ws/ddt_ros2_control/hardware/tita_robot) by extensions ['colcon_pkg']
[0.241s] Level 1:colcon.colcon_core.package_identification:_identify(ddt_ros2_ws/ddt_ros2_control/hardware/tita_robot) by extension 'colcon_pkg'
[0.241s] Level 1:colcon.colcon_core.package_identification:_identify(ddt_ros2_ws/ddt_ros2_control/hardware/tita_robot) by extensions ['colcon_meta']
[0.241s] Level 1:colcon.colcon_core.package_identification:_identify(ddt_ros2_ws/ddt_ros2_control/hardware/tita_robot) by extension 'colcon_meta'
[0.241s] Level 1:colcon.colcon_core.package_identification:_identify(ddt_ros2_ws/ddt_ros2_control/hardware/tita_robot) by extensions ['ros']
[0.241s] Level 1:colcon.colcon_core.package_identification:_identify(ddt_ros2_ws/ddt_ros2_control/hardware/tita_robot) by extension 'ros'
[0.242s] DEBUG:colcon.colcon_core.package_identification:Package 'ddt_ros2_ws/ddt_ros2_control/hardware/tita_robot' with type 'ros.ament_cmake' and name 'tita_robot'
[0.242s] Level 1:colcon.colcon_core.package_identification:_identify(ddt_ros2_ws/ddt_ros2_control/interaction) by extensions ['ignore', 'ignore_ament_install']
[0.242s] Level 1:colcon.colcon_core.package_identification:_identify(ddt_ros2_ws/ddt_ros2_control/interaction) by extension 'ignore'
[0.242s] Level 1:colcon.colcon_core.package_identification:_identify(ddt_ros2_ws/ddt_ros2_control/interaction) by extension 'ignore_ament_install'
[0.242s] Level 1:colcon.colcon_core.package_identification:_identify(ddt_ros2_ws/ddt_ros2_control/interaction) by extensions ['colcon_pkg']
[0.242s] Level 1:colcon.colcon_core.package_identification:_identify(ddt_ros2_ws/ddt_ros2_control/interaction) by extension 'colcon_pkg'
[0.242s] Level 1:colcon.colcon_core.package_identification:_identify(ddt_ros2_ws/ddt_ros2_control/interaction) by extensions ['colcon_meta']
[0.242s] Level 1:colcon.colcon_core.package_identification:_identify(ddt_ros2_ws/ddt_ros2_control/interaction) by extension 'colcon_meta'
[0.242s] Level 1:colcon.colcon_core.package_identification:_identify(ddt_ros2_ws/ddt_ros2_control/interaction) by extensions ['ros']
[0.242s] Level 1:colcon.colcon_core.package_identification:_identify(ddt_ros2_ws/ddt_ros2_control/interaction) by extension 'ros'
[0.242s] Level 1:colcon.colcon_core.package_identification:_identify(ddt_ros2_ws/ddt_ros2_control/interaction) by extensions ['cmake', 'python']
[0.242s] Level 1:colcon.colcon_core.package_identification:_identify(ddt_ros2_ws/ddt_ros2_control/interaction) by extension 'cmake'
[0.242s] Level 1:colcon.colcon_core.package_identification:_identify(ddt_ros2_ws/ddt_ros2_control/interaction) by extension 'python'
[0.242s] Level 1:colcon.colcon_core.package_identification:_identify(ddt_ros2_ws/ddt_ros2_control/interaction) by extensions ['python_setup_py']
[0.242s] Level 1:colcon.colcon_core.package_identification:_identify(ddt_ros2_ws/ddt_ros2_control/interaction) by extension 'python_setup_py'
[0.242s] Level 1:colcon.colcon_core.package_identification:_identify(ddt_ros2_ws/ddt_ros2_control/interaction/keyboard_controller) by extensions ['ignore', 'ignore_ament_install']
[0.242s] Level 1:colcon.colcon_core.package_identification:_identify(ddt_ros2_ws/ddt_ros2_control/interaction/keyboard_controller) by extension 'ignore'
[0.242s] Level 1:colcon.colcon_core.package_identification:_identify(ddt_ros2_ws/ddt_ros2_control/interaction/keyboard_controller) by extension 'ignore_ament_install'
[0.242s] Level 1:colcon.colcon_core.package_identification:_identify(ddt_ros2_ws/ddt_ros2_control/interaction/keyboard_controller) by extensions ['colcon_pkg']
[0.242s] Level 1:colcon.colcon_core.package_identification:_identify(ddt_ros2_ws/ddt_ros2_control/interaction/keyboard_controller) by extension 'colcon_pkg'
[0.242s] Level 1:colcon.colcon_core.package_identification:_identify(ddt_ros2_ws/ddt_ros2_control/interaction/keyboard_controller) by extensions ['colcon_meta']
[0.242s] Level 1:colcon.colcon_core.package_identification:_identify(ddt_ros2_ws/ddt_ros2_control/interaction/keyboard_controller) by extension 'colcon_meta'
[0.242s] Level 1:colcon.colcon_core.package_identification:_identify(ddt_ros2_ws/ddt_ros2_control/interaction/keyboard_controller) by extensions ['ros']
[0.242s] Level 1:colcon.colcon_core.package_identification:_identify(ddt_ros2_ws/ddt_ros2_control/interaction/keyboard_controller) by extension 'ros'
[0.243s] DEBUG:colcon.colcon_core.package_identification:Package 'ddt_ros2_ws/ddt_ros2_control/interaction/keyboard_controller' with type 'ros.ament_cmake' and name 'keyboard_controller'
[0.243s] Level 1:colcon.colcon_core.package_identification:_identify(ddt_ros2_ws/ddt_ros2_control/interaction/teleop_command) by extensions ['ignore', 'ignore_ament_install']
[0.243s] Level 1:colcon.colcon_core.package_identification:_identify(ddt_ros2_ws/ddt_ros2_control/interaction/teleop_command) by extension 'ignore'
[0.243s] Level 1:colcon.colcon_core.package_identification:_identify(ddt_ros2_ws/ddt_ros2_control/interaction/teleop_command) by extension 'ignore_ament_install'
[0.243s] Level 1:colcon.colcon_core.package_identification:_identify(ddt_ros2_ws/ddt_ros2_control/interaction/teleop_command) by extensions ['colcon_pkg']
[0.243s] Level 1:colcon.colcon_core.package_identification:_identify(ddt_ros2_ws/ddt_ros2_control/interaction/teleop_command) by extension 'colcon_pkg'
[0.243s] Level 1:colcon.colcon_core.package_identification:_identify(ddt_ros2_ws/ddt_ros2_control/interaction/teleop_command) by extensions ['colcon_meta']
[0.243s] Level 1:colcon.colcon_core.package_identification:_identify(ddt_ros2_ws/ddt_ros2_control/interaction/teleop_command) by extension 'colcon_meta'
[0.244s] Level 1:colcon.colcon_core.package_identification:_identify(ddt_ros2_ws/ddt_ros2_control/interaction/teleop_command) by extensions ['ros']
[0.244s] Level 1:colcon.colcon_core.package_identification:_identify(ddt_ros2_ws/ddt_ros2_control/interaction/teleop_command) by extension 'ros'
[0.244s] DEBUG:colcon.colcon_core.package_identification:Package 'ddt_ros2_ws/ddt_ros2_control/interaction/teleop_command' with type 'ros.ament_cmake' and name 'teleop_command'
[0.244s] Level 1:colcon.colcon_core.package_identification:_identify(ddt_ros2_ws/ddt_ros2_control/ros_utils) by extensions ['ignore', 'ignore_ament_install']
[0.244s] Level 1:colcon.colcon_core.package_identification:_identify(ddt_ros2_ws/ddt_ros2_control/ros_utils) by extension 'ignore'
[0.244s] Level 1:colcon.colcon_core.package_identification:_identify(ddt_ros2_ws/ddt_ros2_control/ros_utils) by extension 'ignore_ament_install'
[0.245s] Level 1:colcon.colcon_core.package_identification:_identify(ddt_ros2_ws/ddt_ros2_control/ros_utils) by extensions ['colcon_pkg']
[0.245s] Level 1:colcon.colcon_core.package_identification:_identify(ddt_ros2_ws/ddt_ros2_control/ros_utils) by extension 'colcon_pkg'
[0.245s] Level 1:colcon.colcon_core.package_identification:_identify(ddt_ros2_ws/ddt_ros2_control/ros_utils) by extensions ['colcon_meta']
[0.245s] Level 1:colcon.colcon_core.package_identification:_identify(ddt_ros2_ws/ddt_ros2_control/ros_utils) by extension 'colcon_meta'
[0.245s] Level 1:colcon.colcon_core.package_identification:_identify(ddt_ros2_ws/ddt_ros2_control/ros_utils) by extensions ['ros']
[0.245s] Level 1:colcon.colcon_core.package_identification:_identify(ddt_ros2_ws/ddt_ros2_control/ros_utils) by extension 'ros'
[0.245s] DEBUG:colcon.colcon_core.package_identification:Package 'ddt_ros2_ws/ddt_ros2_control/ros_utils' with type 'ros.ament_cmake' and name 'ros_utils'
[0.245s] Level 1:colcon.colcon_core.package_identification:_identify(ddt_ros2_ws/ddt_ros2_control/simulation) by extensions ['ignore', 'ignore_ament_install']
[0.246s] Level 1:colcon.colcon_core.package_identification:_identify(ddt_ros2_ws/ddt_ros2_control/simulation) by extension 'ignore'
[0.246s] Level 1:colcon.colcon_core.package_identification:_identify(ddt_ros2_ws/ddt_ros2_control/simulation) by extension 'ignore_ament_install'
[0.246s] Level 1:colcon.colcon_core.package_identification:_identify(ddt_ros2_ws/ddt_ros2_control/simulation) by extensions ['colcon_pkg']
[0.246s] Level 1:colcon.colcon_core.package_identification:_identify(ddt_ros2_ws/ddt_ros2_control/simulation) by extension 'colcon_pkg'
[0.246s] Level 1:colcon.colcon_core.package_identification:_identify(ddt_ros2_ws/ddt_ros2_control/simulation) by extensions ['colcon_meta']
[0.246s] Level 1:colcon.colcon_core.package_identification:_identify(ddt_ros2_ws/ddt_ros2_control/simulation) by extension 'colcon_meta'
[0.246s] Level 1:colcon.colcon_core.package_identification:_identify(ddt_ros2_ws/ddt_ros2_control/simulation) by extensions ['ros']
[0.246s] Level 1:colcon.colcon_core.package_identification:_identify(ddt_ros2_ws/ddt_ros2_control/simulation) by extension 'ros'
[0.246s] Level 1:colcon.colcon_core.package_identification:_identify(ddt_ros2_ws/ddt_ros2_control/simulation) by extensions ['cmake', 'python']
[0.246s] Level 1:colcon.colcon_core.package_identification:_identify(ddt_ros2_ws/ddt_ros2_control/simulation) by extension 'cmake'
[0.246s] Level 1:colcon.colcon_core.package_identification:_identify(ddt_ros2_ws/ddt_ros2_control/simulation) by extension 'python'
[0.246s] Level 1:colcon.colcon_core.package_identification:_identify(ddt_ros2_ws/ddt_ros2_control/simulation) by extensions ['python_setup_py']
[0.246s] Level 1:colcon.colcon_core.package_identification:_identify(ddt_ros2_ws/ddt_ros2_control/simulation) by extension 'python_setup_py'
[0.247s] Level 1:colcon.colcon_core.package_identification:_identify(ddt_ros2_ws/ddt_ros2_control/simulation/gazebo_bridge) by extensions ['ignore', 'ignore_ament_install']
[0.247s] Level 1:colcon.colcon_core.package_identification:_identify(ddt_ros2_ws/ddt_ros2_control/simulation/gazebo_bridge) by extension 'ignore'
[0.247s] Level 1:colcon.colcon_core.package_identification:_identify(ddt_ros2_ws/ddt_ros2_control/simulation/gazebo_bridge) by extension 'ignore_ament_install'
[0.247s] Level 1:colcon.colcon_core.package_identification:_identify(ddt_ros2_ws/ddt_ros2_control/simulation/gazebo_bridge) by extensions ['colcon_pkg']
[0.247s] Level 1:colcon.colcon_core.package_identification:_identify(ddt_ros2_ws/ddt_ros2_control/simulation/gazebo_bridge) by extension 'colcon_pkg'
[0.247s] Level 1:colcon.colcon_core.package_identification:_identify(ddt_ros2_ws/ddt_ros2_control/simulation/gazebo_bridge) by extensions ['colcon_meta']
[0.247s] Level 1:colcon.colcon_core.package_identification:_identify(ddt_ros2_ws/ddt_ros2_control/simulation/gazebo_bridge) by extension 'colcon_meta'
[0.247s] Level 1:colcon.colcon_core.package_identification:_identify(ddt_ros2_ws/ddt_ros2_control/simulation/gazebo_bridge) by extensions ['ros']
[0.247s] Level 1:colcon.colcon_core.package_identification:_identify(ddt_ros2_ws/ddt_ros2_control/simulation/gazebo_bridge) by extension 'ros'
[0.247s] DEBUG:colcon.colcon_core.package_identification:Package 'ddt_ros2_ws/ddt_ros2_control/simulation/gazebo_bridge' with type 'ros.ament_cmake' and name 'gazebo_bridge'
[0.248s] Level 1:colcon.colcon_core.package_identification:_identify(ddt_ros2_ws/ddt_ros2_control/simulation/mujoco_bridge) by extensions ['ignore', 'ignore_ament_install']
[0.248s] Level 1:colcon.colcon_core.package_identification:_identify(ddt_ros2_ws/ddt_ros2_control/simulation/mujoco_bridge) by extension 'ignore'
[0.248s] Level 1:colcon.colcon_core.package_identification:_identify(ddt_ros2_ws/ddt_ros2_control/simulation/mujoco_bridge) by extension 'ignore_ament_install'
[0.248s] Level 1:colcon.colcon_core.package_identification:_identify(ddt_ros2_ws/ddt_ros2_control/simulation/mujoco_bridge) by extensions ['colcon_pkg']
[0.248s] Level 1:colcon.colcon_core.package_identification:_identify(ddt_ros2_ws/ddt_ros2_control/simulation/mujoco_bridge) by extension 'colcon_pkg'
[0.248s] Level 1:colcon.colcon_core.package_identification:_identify(ddt_ros2_ws/ddt_ros2_control/simulation/mujoco_bridge) by extensions ['colcon_meta']
[0.248s] Level 1:colcon.colcon_core.package_identification:_identify(ddt_ros2_ws/ddt_ros2_control/simulation/mujoco_bridge) by extension 'colcon_meta'
[0.248s] Level 1:colcon.colcon_core.package_identification:_identify(ddt_ros2_ws/ddt_ros2_control/simulation/mujoco_bridge) by extensions ['ros']
[0.248s] Level 1:colcon.colcon_core.package_identification:_identify(ddt_ros2_ws/ddt_ros2_control/simulation/mujoco_bridge) by extension 'ros'
[0.248s] Level 1:colcon.colcon_core.package_identification:_identify(ddt_ros2_ws/ddt_ros2_control/simulation/mujoco_bridge) by extensions ['cmake', 'python']
[0.248s] Level 1:colcon.colcon_core.package_identification:_identify(ddt_ros2_ws/ddt_ros2_control/simulation/mujoco_bridge) by extension 'cmake'
[0.248s] Level 1:colcon.colcon_core.package_identification:_identify(ddt_ros2_ws/ddt_ros2_control/simulation/mujoco_bridge) by extension 'python'
[0.248s] Level 1:colcon.colcon_core.package_identification:_identify(ddt_ros2_ws/ddt_ros2_control/simulation/mujoco_bridge) by extensions ['python_setup_py']
[0.248s] Level 1:colcon.colcon_core.package_identification:_identify(ddt_ros2_ws/ddt_ros2_control/simulation/mujoco_bridge) by extension 'python_setup_py'
[0.248s] Level 1:colcon.colcon_core.package_identification:_identify(ddt_ros2_ws/ddt_ros2_control/simulation/mujoco_bridge/mujoco_bridge) by extensions ['ignore', 'ignore_ament_install']
[0.248s] Level 1:colcon.colcon_core.package_identification:_identify(ddt_ros2_ws/ddt_ros2_control/simulation/mujoco_bridge/mujoco_bridge) by extension 'ignore'
[0.248s] Level 1:colcon.colcon_core.package_identification:_identify(ddt_ros2_ws/ddt_ros2_control/simulation/mujoco_bridge/mujoco_bridge) by extension 'ignore_ament_install'
[0.248s] Level 1:colcon.colcon_core.package_identification:_identify(ddt_ros2_ws/ddt_ros2_control/simulation/mujoco_bridge/mujoco_bridge) by extensions ['colcon_pkg']
[0.248s] Level 1:colcon.colcon_core.package_identification:_identify(ddt_ros2_ws/ddt_ros2_control/simulation/mujoco_bridge/mujoco_bridge) by extension 'colcon_pkg'
[0.248s] Level 1:colcon.colcon_core.package_identification:_identify(ddt_ros2_ws/ddt_ros2_control/simulation/mujoco_bridge/mujoco_bridge) by extensions ['colcon_meta']
[0.248s] Level 1:colcon.colcon_core.package_identification:_identify(ddt_ros2_ws/ddt_ros2_control/simulation/mujoco_bridge/mujoco_bridge) by extension 'colcon_meta'
[0.248s] Level 1:colcon.colcon_core.package_identification:_identify(ddt_ros2_ws/ddt_ros2_control/simulation/mujoco_bridge/mujoco_bridge) by extensions ['ros']
[0.248s] Level 1:colcon.colcon_core.package_identification:_identify(ddt_ros2_ws/ddt_ros2_control/simulation/mujoco_bridge/mujoco_bridge) by extension 'ros'
[0.249s] DEBUG:colcon.colcon_core.package_identification:Package 'ddt_ros2_ws/ddt_ros2_control/simulation/mujoco_bridge/mujoco_bridge' with type 'ros.ament_cmake' and name 'mujoco_bridge'
[0.249s] Level 1:colcon.colcon_core.package_identification:_identify(ddt_ros2_ws/ddt_ros2_control/simulation/mujoco_bridge/mujoco_ros2_control) by extensions ['ignore', 'ignore_ament_install']
[0.249s] Level 1:colcon.colcon_core.package_identification:_identify(ddt_ros2_ws/ddt_ros2_control/simulation/mujoco_bridge/mujoco_ros2_control) by extension 'ignore'
[0.249s] Level 1:colcon.colcon_core.package_identification:_identify(ddt_ros2_ws/ddt_ros2_control/simulation/mujoco_bridge/mujoco_ros2_control) by extension 'ignore_ament_install'
[0.249s] Level 1:colcon.colcon_core.package_identification:_identify(ddt_ros2_ws/ddt_ros2_control/simulation/mujoco_bridge/mujoco_ros2_control) by extensions ['colcon_pkg']
[0.249s] Level 1:colcon.colcon_core.package_identification:_identify(ddt_ros2_ws/ddt_ros2_control/simulation/mujoco_bridge/mujoco_ros2_control) by extension 'colcon_pkg'
[0.249s] Level 1:colcon.colcon_core.package_identification:_identify(ddt_ros2_ws/ddt_ros2_control/simulation/mujoco_bridge/mujoco_ros2_control) by extensions ['colcon_meta']
[0.249s] Level 1:colcon.colcon_core.package_identification:_identify(ddt_ros2_ws/ddt_ros2_control/simulation/mujoco_bridge/mujoco_ros2_control) by extension 'colcon_meta'
[0.249s] Level 1:colcon.colcon_core.package_identification:_identify(ddt_ros2_ws/ddt_ros2_control/simulation/mujoco_bridge/mujoco_ros2_control) by extensions ['ros']
[0.249s] Level 1:colcon.colcon_core.package_identification:_identify(ddt_ros2_ws/ddt_ros2_control/simulation/mujoco_bridge/mujoco_ros2_control) by extension 'ros'
[0.250s] DEBUG:colcon.colcon_core.package_identification:Package 'ddt_ros2_ws/ddt_ros2_control/simulation/mujoco_bridge/mujoco_ros2_control' with type 'ros.ament_cmake' and name 'mujoco_ros2_control'
[0.250s] Level 1:colcon.colcon_core.package_identification:_identify(ddt_ros2_ws/ddt_ros2_control/simulation/mujoco_bridge/mujoco_sim_ros2) by extensions ['ignore', 'ignore_ament_install']
[0.250s] Level 1:colcon.colcon_core.package_identification:_identify(ddt_ros2_ws/ddt_ros2_control/simulation/mujoco_bridge/mujoco_sim_ros2) by extension 'ignore'
[0.250s] Level 1:colcon.colcon_core.package_identification:_identify(ddt_ros2_ws/ddt_ros2_control/simulation/mujoco_bridge/mujoco_sim_ros2) by extension 'ignore_ament_install'
[0.250s] Level 1:colcon.colcon_core.package_identification:_identify(ddt_ros2_ws/ddt_ros2_control/simulation/mujoco_bridge/mujoco_sim_ros2) by extensions ['colcon_pkg']
[0.250s] Level 1:colcon.colcon_core.package_identification:_identify(ddt_ros2_ws/ddt_ros2_control/simulation/mujoco_bridge/mujoco_sim_ros2) by extension 'colcon_pkg'
[0.250s] Level 1:colcon.colcon_core.package_identification:_identify(ddt_ros2_ws/ddt_ros2_control/simulation/mujoco_bridge/mujoco_sim_ros2) by extensions ['colcon_meta']
[0.250s] Level 1:colcon.colcon_core.package_identification:_identify(ddt_ros2_ws/ddt_ros2_control/simulation/mujoco_bridge/mujoco_sim_ros2) by extension 'colcon_meta'
[0.250s] Level 1:colcon.colcon_core.package_identification:_identify(ddt_ros2_ws/ddt_ros2_control/simulation/mujoco_bridge/mujoco_sim_ros2) by extensions ['ros']
[0.250s] Level 1:colcon.colcon_core.package_identification:_identify(ddt_ros2_ws/ddt_ros2_control/simulation/mujoco_bridge/mujoco_sim_ros2) by extension 'ros'
[0.251s] DEBUG:colcon.colcon_core.package_identification:Package 'ddt_ros2_ws/ddt_ros2_control/simulation/mujoco_bridge/mujoco_sim_ros2' with type 'ros.ament_cmake' and name 'mujoco_sim_ros2'
[0.251s] Level 1:colcon.colcon_core.package_identification:_identify(ddt_ros2_ws/ddt_ros2_control/simulation/webots_bridge) by extensions ['ignore', 'ignore_ament_install']
[0.251s] Level 1:colcon.colcon_core.package_identification:_identify(ddt_ros2_ws/ddt_ros2_control/simulation/webots_bridge) by extension 'ignore'
[0.251s] Level 1:colcon.colcon_core.package_identification:_identify(ddt_ros2_ws/ddt_ros2_control/simulation/webots_bridge) by extension 'ignore_ament_install'
[0.251s] Level 1:colcon.colcon_core.package_identification:_identify(ddt_ros2_ws/ddt_ros2_control/simulation/webots_bridge) by extensions ['colcon_pkg']
[0.251s] Level 1:colcon.colcon_core.package_identification:_identify(ddt_ros2_ws/ddt_ros2_control/simulation/webots_bridge) by extension 'colcon_pkg'
[0.251s] Level 1:colcon.colcon_core.package_identification:_identify(ddt_ros2_ws/ddt_ros2_control/simulation/webots_bridge) by extensions ['colcon_meta']
[0.251s] Level 1:colcon.colcon_core.package_identification:_identify(ddt_ros2_ws/ddt_ros2_control/simulation/webots_bridge) by extension 'colcon_meta'
[0.251s] Level 1:colcon.colcon_core.package_identification:_identify(ddt_ros2_ws/ddt_ros2_control/simulation/webots_bridge) by extensions ['ros']
[0.251s] Level 1:colcon.colcon_core.package_identification:_identify(ddt_ros2_ws/ddt_ros2_control/simulation/webots_bridge) by extension 'ros'
[0.258s] DEBUG:colcon.colcon_core.package_identification:Package 'ddt_ros2_ws/ddt_ros2_control/simulation/webots_bridge' with type 'ros.ament_cmake' and name 'webots_bridge'
[0.258s] Level 1:colcon.colcon_core.package_identification:_identify(ddt_ros2_ws/ddt_ros2_control/urdfs) by extensions ['ignore', 'ignore_ament_install']
[0.258s] Level 1:colcon.colcon_core.package_identification:_identify(ddt_ros2_ws/ddt_ros2_control/urdfs) by extension 'ignore'
[0.258s] Level 1:colcon.colcon_core.package_identification:_identify(ddt_ros2_ws/ddt_ros2_control/urdfs) by extension 'ignore_ament_install'
[0.258s] Level 1:colcon.colcon_core.package_identification:_identify(ddt_ros2_ws/ddt_ros2_control/urdfs) by extensions ['colcon_pkg']
[0.258s] Level 1:colcon.colcon_core.package_identification:_identify(ddt_ros2_ws/ddt_ros2_control/urdfs) by extension 'colcon_pkg'
[0.258s] Level 1:colcon.colcon_core.package_identification:_identify(ddt_ros2_ws/ddt_ros2_control/urdfs) by extensions ['colcon_meta']
[0.258s] Level 1:colcon.colcon_core.package_identification:_identify(ddt_ros2_ws/ddt_ros2_control/urdfs) by extension 'colcon_meta'
[0.258s] Level 1:colcon.colcon_core.package_identification:_identify(ddt_ros2_ws/ddt_ros2_control/urdfs) by extensions ['ros']
[0.258s] Level 1:colcon.colcon_core.package_identification:_identify(ddt_ros2_ws/ddt_ros2_control/urdfs) by extension 'ros'
[0.258s] Level 1:colcon.colcon_core.package_identification:_identify(ddt_ros2_ws/ddt_ros2_control/urdfs) by extensions ['cmake', 'python']
[0.258s] Level 1:colcon.colcon_core.package_identification:_identify(ddt_ros2_ws/ddt_ros2_control/urdfs) by extension 'cmake'
[0.259s] Level 1:colcon.colcon_core.package_identification:_identify(ddt_ros2_ws/ddt_ros2_control/urdfs) by extension 'python'
[0.259s] Level 1:colcon.colcon_core.package_identification:_identify(ddt_ros2_ws/ddt_ros2_control/urdfs) by extensions ['python_setup_py']
[0.259s] Level 1:colcon.colcon_core.package_identification:_identify(ddt_ros2_ws/ddt_ros2_control/urdfs) by extension 'python_setup_py'
[0.259s] Level 1:colcon.colcon_core.package_identification:_identify(ddt_ros2_ws/ddt_ros2_control/urdfs/d1_description) by extensions ['ignore', 'ignore_ament_install']
[0.259s] Level 1:colcon.colcon_core.package_identification:_identify(ddt_ros2_ws/ddt_ros2_control/urdfs/d1_description) by extension 'ignore'
[0.259s] Level 1:colcon.colcon_core.package_identification:_identify(ddt_ros2_ws/ddt_ros2_control/urdfs/d1_description) by extension 'ignore_ament_install'
[0.259s] Level 1:colcon.colcon_core.package_identification:_identify(ddt_ros2_ws/ddt_ros2_control/urdfs/d1_description) by extensions ['colcon_pkg']
[0.259s] Level 1:colcon.colcon_core.package_identification:_identify(ddt_ros2_ws/ddt_ros2_control/urdfs/d1_description) by extension 'colcon_pkg'
[0.259s] Level 1:colcon.colcon_core.package_identification:_identify(ddt_ros2_ws/ddt_ros2_control/urdfs/d1_description) by extensions ['colcon_meta']
[0.259s] Level 1:colcon.colcon_core.package_identification:_identify(ddt_ros2_ws/ddt_ros2_control/urdfs/d1_description) by extension 'colcon_meta'
[0.259s] Level 1:colcon.colcon_core.package_identification:_identify(ddt_ros2_ws/ddt_ros2_control/urdfs/d1_description) by extensions ['ros']
[0.259s] Level 1:colcon.colcon_core.package_identification:_identify(ddt_ros2_ws/ddt_ros2_control/urdfs/d1_description) by extension 'ros'
[0.262s] DEBUG:colcon.colcon_core.package_identification:Package 'ddt_ros2_ws/ddt_ros2_control/urdfs/d1_description' with type 'ros.ament_cmake' and name 'd1_description'
[0.262s] Level 1:colcon.colcon_core.package_identification:_identify(ddt_ros2_ws/ddt_ros2_control/urdfs/d1h_description) by extensions ['ignore', 'ignore_ament_install']
[0.262s] Level 1:colcon.colcon_core.package_identification:_identify(ddt_ros2_ws/ddt_ros2_control/urdfs/d1h_description) by extension 'ignore'
[0.262s] Level 1:colcon.colcon_core.package_identification:_identify(ddt_ros2_ws/ddt_ros2_control/urdfs/d1h_description) by extension 'ignore_ament_install'
[0.262s] Level 1:colcon.colcon_core.package_identification:_identify(ddt_ros2_ws/ddt_ros2_control/urdfs/d1h_description) by extensions ['colcon_pkg']
[0.262s] Level 1:colcon.colcon_core.package_identification:_identify(ddt_ros2_ws/ddt_ros2_control/urdfs/d1h_description) by extension 'colcon_pkg'
[0.262s] Level 1:colcon.colcon_core.package_identification:_identify(ddt_ros2_ws/ddt_ros2_control/urdfs/d1h_description) by extensions ['colcon_meta']
[0.262s] Level 1:colcon.colcon_core.package_identification:_identify(ddt_ros2_ws/ddt_ros2_control/urdfs/d1h_description) by extension 'colcon_meta'
[0.262s] Level 1:colcon.colcon_core.package_identification:_identify(ddt_ros2_ws/ddt_ros2_control/urdfs/d1h_description) by extensions ['ros']
[0.262s] Level 1:colcon.colcon_core.package_identification:_identify(ddt_ros2_ws/ddt_ros2_control/urdfs/d1h_description) by extension 'ros'
[0.264s] DEBUG:colcon.colcon_core.package_identification:Package 'ddt_ros2_ws/ddt_ros2_control/urdfs/d1h_description' with type 'ros.ament_cmake' and name 'd1h_description'
[0.264s] Level 1:colcon.colcon_core.package_identification:_identify(ddt_ros2_ws/ddt_ros2_control/urdfs/tita_description) by extensions ['ignore', 'ignore_ament_install']
[0.265s] Level 1:colcon.colcon_core.package_identification:_identify(ddt_ros2_ws/ddt_ros2_control/urdfs/tita_description) by extension 'ignore'
[0.265s] Level 1:colcon.colcon_core.package_identification:_identify(ddt_ros2_ws/ddt_ros2_control/urdfs/tita_description) by extension 'ignore_ament_install'
[0.265s] Level 1:colcon.colcon_core.package_identification:_identify(ddt_ros2_ws/ddt_ros2_control/urdfs/tita_description) by extensions ['colcon_pkg']
[0.265s] Level 1:colcon.colcon_core.package_identification:_identify(ddt_ros2_ws/ddt_ros2_control/urdfs/tita_description) by extension 'colcon_pkg'
[0.265s] Level 1:colcon.colcon_core.package_identification:_identify(ddt_ros2_ws/ddt_ros2_control/urdfs/tita_description) by extensions ['colcon_meta']
[0.265s] Level 1:colcon.colcon_core.package_identification:_identify(ddt_ros2_ws/ddt_ros2_control/urdfs/tita_description) by extension 'colcon_meta'
[0.265s] Level 1:colcon.colcon_core.package_identification:_identify(ddt_ros2_ws/ddt_ros2_control/urdfs/tita_description) by extensions ['ros']
[0.265s] Level 1:colcon.colcon_core.package_identification:_identify(ddt_ros2_ws/ddt_ros2_control/urdfs/tita_description) by extension 'ros'
[0.267s] DEBUG:colcon.colcon_core.package_identification:Package 'ddt_ros2_ws/ddt_ros2_control/urdfs/tita_description' with type 'ros.ament_cmake' and name 'tita_description'
[0.267s] Level 1:colcon.colcon_core.package_identification:_identify(ddt_ros2_ws/ddt_ros2_control/urdfs/titatit_description) by extensions ['ignore', 'ignore_ament_install']
[0.267s] Level 1:colcon.colcon_core.package_identification:_identify(ddt_ros2_ws/ddt_ros2_control/urdfs/titatit_description) by extension 'ignore'
[0.267s] Level 1:colcon.colcon_core.package_identification:_identify(ddt_ros2_ws/ddt_ros2_control/urdfs/titatit_description) by extension 'ignore_ament_install'
[0.267s] Level 1:colcon.colcon_core.package_identification:_identify(ddt_ros2_ws/ddt_ros2_control/urdfs/titatit_description) by extensions ['colcon_pkg']
[0.267s] Level 1:colcon.colcon_core.package_identification:_identify(ddt_ros2_ws/ddt_ros2_control/urdfs/titatit_description) by extension 'colcon_pkg'
[0.267s] Level 1:colcon.colcon_core.package_identification:_identify(ddt_ros2_ws/ddt_ros2_control/urdfs/titatit_description) by extensions ['colcon_meta']
[0.267s] Level 1:colcon.colcon_core.package_identification:_identify(ddt_ros2_ws/ddt_ros2_control/urdfs/titatit_description) by extension 'colcon_meta'
[0.267s] Level 1:colcon.colcon_core.package_identification:_identify(ddt_ros2_ws/ddt_ros2_control/urdfs/titatit_description) by extensions ['ros']
[0.267s] Level 1:colcon.colcon_core.package_identification:_identify(ddt_ros2_ws/ddt_ros2_control/urdfs/titatit_description) by extension 'ros'
[0.269s] DEBUG:colcon.colcon_core.package_identification:Package 'ddt_ros2_ws/ddt_ros2_control/urdfs/titatit_description' with type 'ros.ament_cmake' and name 'titatit_description'
[0.270s] Level 1:colcon.colcon_core.package_identification:_identify(ddt_ros2_ws/install) by extensions ['ignore', 'ignore_ament_install']
[0.270s] Level 1:colcon.colcon_core.package_identification:_identify(ddt_ros2_ws/install) by extension 'ignore'
[0.270s] Level 1:colcon.colcon_core.package_identification:_identify(ddt_ros2_ws/install) ignored
[0.270s] Level 1:colcon.colcon_core.package_identification:_identify(ddt_ros2_ws/log) by extensions ['ignore', 'ignore_ament_install']
[0.270s] Level 1:colcon.colcon_core.package_identification:_identify(ddt_ros2_ws/log) by extension 'ignore'
[0.270s] Level 1:colcon.colcon_core.package_identification:_identify(ddt_ros2_ws/log) ignored
[0.270s] Level 1:colcon.colcon_core.package_identification:_identify(ddt_ros2_ws/mujoco) by extensions ['ignore', 'ignore_ament_install']
[0.270s] Level 1:colcon.colcon_core.package_identification:_identify(ddt_ros2_ws/mujoco) by extension 'ignore'
[0.270s] Level 1:colcon.colcon_core.package_identification:_identify(ddt_ros2_ws/mujoco) by extension 'ignore_ament_install'
[0.270s] Level 1:colcon.colcon_core.package_identification:_identify(ddt_ros2_ws/mujoco) by extensions ['colcon_pkg']
[0.270s] Level 1:colcon.colcon_core.package_identification:_identify(ddt_ros2_ws/mujoco) by extension 'colcon_pkg'
[0.270s] Level 1:colcon.colcon_core.package_identification:_identify(ddt_ros2_ws/mujoco) by extensions ['colcon_meta']
[0.270s] Level 1:colcon.colcon_core.package_identification:_identify(ddt_ros2_ws/mujoco) by extension 'colcon_meta'
[0.270s] Level 1:colcon.colcon_core.package_identification:_identify(ddt_ros2_ws/mujoco) by extensions ['ros']
[0.270s] Level 1:colcon.colcon_core.package_identification:_identify(ddt_ros2_ws/mujoco) by extension 'ros'
[0.270s] Level 1:colcon.colcon_core.package_identification:_identify(ddt_ros2_ws/mujoco) by extensions ['cmake', 'python']
[0.270s] Level 1:colcon.colcon_core.package_identification:_identify(ddt_ros2_ws/mujoco) by extension 'cmake'
[0.282s] Level 1:colcon.colcon_core.package_identification:_identify(ddt_ros2_ws/mujoco) by extension 'python'
[0.282s] DEBUG:colcon.colcon_core.package_identification:Package 'ddt_ros2_ws/mujoco' with type 'cmake' and name 'mujoco'
[0.282s] Level 1:colcon.colcon_core.package_identification:_identify(install) by extensions ['ignore', 'ignore_ament_install']
[0.282s] Level 1:colcon.colcon_core.package_identification:_identify(install) by extension 'ignore'
[0.282s] Level 1:colcon.colcon_core.package_identification:_identify(install) ignored
[0.282s] Level 1:colcon.colcon_core.package_identification:_identify(log) by extensions ['ignore', 'ignore_ament_install']
[0.282s] Level 1:colcon.colcon_core.package_identification:_identify(log) by extension 'ignore'
[0.282s] Level 1:colcon.colcon_core.package_identification:_identify(log) ignored
[0.282s] Level 1:colcon.colcon_core.package_identification:_identify(onnxruntime-linux-x64-1.10.0) by extensions ['ignore', 'ignore_ament_install']
[0.282s] Level 1:colcon.colcon_core.package_identification:_identify(onnxruntime-linux-x64-1.10.0) by extension 'ignore'
[0.282s] Level 1:colcon.colcon_core.package_identification:_identify(onnxruntime-linux-x64-1.10.0) by extension 'ignore_ament_install'
[0.282s] Level 1:colcon.colcon_core.package_identification:_identify(onnxruntime-linux-x64-1.10.0) by extensions ['colcon_pkg']
[0.282s] Level 1:colcon.colcon_core.package_identification:_identify(onnxruntime-linux-x64-1.10.0) by extension 'colcon_pkg'
[0.282s] Level 1:colcon.colcon_core.package_identification:_identify(onnxruntime-linux-x64-1.10.0) by extensions ['colcon_meta']
[0.282s] Level 1:colcon.colcon_core.package_identification:_identify(onnxruntime-linux-x64-1.10.0) by extension 'colcon_meta'
[0.283s] Level 1:colcon.colcon_core.package_identification:_identify(onnxruntime-linux-x64-1.10.0) by extensions ['ros']
[0.283s] Level 1:colcon.colcon_core.package_identification:_identify(onnxruntime-linux-x64-1.10.0) by extension 'ros'
[0.283s] Level 1:colcon.colcon_core.package_identification:_identify(onnxruntime-linux-x64-1.10.0) by extensions ['cmake', 'python']
[0.283s] Level 1:colcon.colcon_core.package_identification:_identify(onnxruntime-linux-x64-1.10.0) by extension 'cmake'
[0.283s] Level 1:colcon.colcon_core.package_identification:_identify(onnxruntime-linux-x64-1.10.0) by extension 'python'
[0.283s] Level 1:colcon.colcon_core.package_identification:_identify(onnxruntime-linux-x64-1.10.0) by extensions ['python_setup_py']
[0.283s] Level 1:colcon.colcon_core.package_identification:_identify(onnxruntime-linux-x64-1.10.0) by extension 'python_setup_py'
[0.289s] Level 1:colcon.colcon_core.package_identification:_identify(onnxruntime-linux-x64-1.10.0/include) by extensions ['ignore', 'ignore_ament_install']
[0.289s] Level 1:colcon.colcon_core.package_identification:_identify(onnxruntime-linux-x64-1.10.0/include) by extension 'ignore'
[0.289s] Level 1:colcon.colcon_core.package_identification:_identify(onnxruntime-linux-x64-1.10.0/include) by extension 'ignore_ament_install'
[0.289s] Level 1:colcon.colcon_core.package_identification:_identify(onnxruntime-linux-x64-1.10.0/include) by extensions ['colcon_pkg']
[0.289s] Level 1:colcon.colcon_core.package_identification:_identify(onnxruntime-linux-x64-1.10.0/include) by extension 'colcon_pkg'
[0.289s] Level 1:colcon.colcon_core.package_identification:_identify(onnxruntime-linux-x64-1.10.0/include) by extensions ['colcon_meta']
[0.289s] Level 1:colcon.colcon_core.package_identification:_identify(onnxruntime-linux-x64-1.10.0/include) by extension 'colcon_meta'
[0.289s] Level 1:colcon.colcon_core.package_identification:_identify(onnxruntime-linux-x64-1.10.0/include) by extensions ['ros']
[0.289s] Level 1:colcon.colcon_core.package_identification:_identify(onnxruntime-linux-x64-1.10.0/include) by extension 'ros'
[0.289s] Level 1:colcon.colcon_core.package_identification:_identify(onnxruntime-linux-x64-1.10.0/include) by extensions ['cmake', 'python']
[0.289s] Level 1:colcon.colcon_core.package_identification:_identify(onnxruntime-linux-x64-1.10.0/include) by extension 'cmake'
[0.289s] Level 1:colcon.colcon_core.package_identification:_identify(onnxruntime-linux-x64-1.10.0/include) by extension 'python'
[0.289s] Level 1:colcon.colcon_core.package_identification:_identify(onnxruntime-linux-x64-1.10.0/include) by extensions ['python_setup_py']
[0.289s] Level 1:colcon.colcon_core.package_identification:_identify(onnxruntime-linux-x64-1.10.0/include) by extension 'python_setup_py'
[0.289s] Level 1:colcon.colcon_core.package_identification:_identify(onnxruntime-linux-x64-1.10.0/lib) by extensions ['ignore', 'ignore_ament_install']
[0.289s] Level 1:colcon.colcon_core.package_identification:_identify(onnxruntime-linux-x64-1.10.0/lib) by extension 'ignore'
[0.289s] Level 1:colcon.colcon_core.package_identification:_identify(onnxruntime-linux-x64-1.10.0/lib) by extension 'ignore_ament_install'
[0.289s] Level 1:colcon.colcon_core.package_identification:_identify(onnxruntime-linux-x64-1.10.0/lib) by extensions ['colcon_pkg']
[0.289s] Level 1:colcon.colcon_core.package_identification:_identify(onnxruntime-linux-x64-1.10.0/lib) by extension 'colcon_pkg'
[0.289s] Level 1:colcon.colcon_core.package_identification:_identify(onnxruntime-linux-x64-1.10.0/lib) by extensions ['colcon_meta']
[0.290s] Level 1:colcon.colcon_core.package_identification:_identify(onnxruntime-linux-x64-1.10.0/lib) by extension 'colcon_meta'
[0.290s] Level 1:colcon.colcon_core.package_identification:_identify(onnxruntime-linux-x64-1.10.0/lib) by extensions ['ros']
[0.290s] Level 1:colcon.colcon_core.package_identification:_identify(onnxruntime-linux-x64-1.10.0/lib) by extension 'ros'
[0.290s] Level 1:colcon.colcon_core.package_identification:_identify(onnxruntime-linux-x64-1.10.0/lib) by extensions ['cmake', 'python']
[0.290s] Level 1:colcon.colcon_core.package_identification:_identify(onnxruntime-linux-x64-1.10.0/lib) by extension 'cmake'
[0.290s] Level 1:colcon.colcon_core.package_identification:_identify(onnxruntime-linux-x64-1.10.0/lib) by extension 'python'
[0.290s] Level 1:colcon.colcon_core.package_identification:_identify(onnxruntime-linux-x64-1.10.0/lib) by extensions ['python_setup_py']
[0.290s] Level 1:colcon.colcon_core.package_identification:_identify(onnxruntime-linux-x64-1.10.0/lib) by extension 'python_setup_py'
[0.290s] Level 1:colcon.colcon_core.package_discovery:discover_packages(recursive) using defaults
[0.290s] Level 1:colcon.colcon_core.package_discovery:discover_packages(ignore) discover
[0.290s] Level 1:colcon.colcon_core.package_discovery:discover_packages(ignore) using defaults
[0.290s] Level 1:colcon.colcon_core.package_discovery:discover_packages(path) discover
[0.290s] Level 1:colcon.colcon_core.package_discovery:discover_packages(path) using defaults
[0.309s] INFO:colcon.colcon_core.package_selection:Skipping package 'mujoco_bridge' in 'ddt_ros2_ws/ddt_ros2_control/simulation/mujoco_bridge/mujoco_bridge'
[0.309s] INFO:colcon.colcon_core.package_selection:Skipping package 'mujoco_ros2_control' in 'ddt_ros2_ws/ddt_ros2_control/simulation/mujoco_bridge/mujoco_ros2_control'
[0.309s] INFO:colcon.colcon_core.package_selection:Skipping package 'teleop_command' in 'ddt_ros2_ws/ddt_ros2_control/interaction/teleop_command'
[0.309s] INFO:colcon.colcon_core.package_selection:Skipping package 'mujoco_sim_ros2' in 'ddt_ros2_ws/ddt_ros2_control/simulation/mujoco_bridge/mujoco_sim_ros2'
[0.309s] INFO:colcon.colcon_core.package_selection:Skipping package 'keyboard_controller' in 'ddt_ros2_ws/ddt_ros2_control/interaction/keyboard_controller'
[0.309s] INFO:colcon.colcon_core.package_selection:Skipping package 'hardware_bridge' in 'ddt_ros2_ws/ddt_ros2_control/hardware/hardware_bridge'
[0.309s] INFO:colcon.colcon_core.package_selection:Skipping package 'gazebo_bridge' in 'ddt_ros2_ws/ddt_ros2_control/simulation/gazebo_bridge'
[0.309s] INFO:colcon.colcon_core.package_selection:Skipping package 'webots_bridge' in 'ddt_ros2_ws/ddt_ros2_control/simulation/webots_bridge'
[0.309s] INFO:colcon.colcon_core.package_selection:Skipping package 'titatit_description' in 'ddt_ros2_ws/ddt_ros2_control/urdfs/titatit_description'
[0.309s] INFO:colcon.colcon_core.package_selection:Skipping package 'tita_robot' in 'ddt_ros2_ws/ddt_ros2_control/hardware/tita_robot'
[0.309s] INFO:colcon.colcon_core.package_selection:Skipping package 'tita_description' in 'ddt_ros2_ws/ddt_ros2_control/urdfs/tita_description'
[0.309s] INFO:colcon.colcon_core.package_selection:Skipping package 'mujoco' in 'ddt_ros2_ws/mujoco'
[0.309s] INFO:colcon.colcon_core.package_selection:Skipping package 'd1h_description' in 'ddt_ros2_ws/ddt_ros2_control/urdfs/d1h_description'
[0.309s] INFO:colcon.colcon_core.package_selection:Skipping package 'd1_description' in 'ddt_ros2_ws/ddt_ros2_control/urdfs/d1_description'
[0.309s] Level 1:colcon.colcon_core.package_discovery:discover_packages(prefix_path) check parameters
[0.310s] Level 1:colcon.colcon_core.package_discovery:discover_packages(prefix_path) discover
[0.312s] DEBUG:colcon.colcon_installed_package_information.package_discovery:Found 443 installed packages in /opt/ros/humble
[0.314s] Level 1:colcon.colcon_core.package_discovery:discover_packages(prefix_path) using defaults
[0.357s] Level 5:colcon.colcon_core.verb:set package 'ros_utils' build argument 'cmake_args' from command line to 'None'
[0.358s] Level 5:colcon.colcon_core.verb:set package 'ros_utils' build argument 'cmake_target' from command line to 'None'
[0.358s] Level 5:colcon.colcon_core.verb:set package 'ros_utils' build argument 'cmake_target_skip_unavailable' from command line to 'False'
[0.358s] Level 5:colcon.colcon_core.verb:set package 'ros_utils' build argument 'cmake_clean_cache' from command line to 'False'
[0.358s] Level 5:colcon.colcon_core.verb:set package 'ros_utils' build argument 'cmake_clean_first' from command line to 'False'
[0.358s] Level 5:colcon.colcon_core.verb:set package 'ros_utils' build argument 'cmake_force_configure' from command line to 'False'
[0.358s] Level 5:colcon.colcon_core.verb:set package 'ros_utils' build argument 'ament_cmake_args' from command line to 'None'
[0.358s] Level 5:colcon.colcon_core.verb:set package 'ros_utils' build argument 'catkin_cmake_args' from command line to 'None'
[0.358s] Level 5:colcon.colcon_core.verb:set package 'ros_utils' build argument 'catkin_skip_building_tests' from command line to 'False'
[0.358s] DEBUG:colcon.colcon_core.verb:Building package 'ros_utils' with the following arguments: {'ament_cmake_args': None, 'build_base': '/home/aiseon/tita/sim2sim2real/build/ros_utils', 'catkin_cmake_args': None, 'catkin_skip_building_tests': False, 'cmake_args': None, 'cmake_clean_cache': False, 'cmake_clean_first': False, 'cmake_force_configure': False, 'cmake_target': None, 'cmake_target_skip_unavailable': False, 'install_base': '/home/aiseon/tita/sim2sim2real/install/ros_utils', 'merge_install': False, 'path': '/home/aiseon/tita/sim2sim2real/ddt_ros2_ws/ddt_ros2_control/ros_utils', 'symlink_install': True, 'test_result_base': None}
[0.358s] Level 5:colcon.colcon_core.verb:set package 'rl_controller' build argument 'cmake_args' from command line to 'None'
[0.358s] Level 5:colcon.colcon_core.verb:set package 'rl_controller' build argument 'cmake_target' from command line to 'None'
[0.358s] Level 5:colcon.colcon_core.verb:set package 'rl_controller' build argument 'cmake_target_skip_unavailable' from command line to 'False'
[0.358s] Level 5:colcon.colcon_core.verb:set package 'rl_controller' build argument 'cmake_clean_cache' from command line to 'False'
[0.358s] Level 5:colcon.colcon_core.verb:set package 'rl_controller' build argument 'cmake_clean_first' from command line to 'False'
[0.358s] Level 5:colcon.colcon_core.verb:set package 'rl_controller' build argument 'cmake_force_configure' from command line to 'False'
[0.358s] Level 5:colcon.colcon_core.verb:set package 'rl_controller' build argument 'ament_cmake_args' from command line to 'None'
[0.358s] Level 5:colcon.colcon_core.verb:set package 'rl_controller' build argument 'catkin_cmake_args' from command line to 'None'
[0.358s] Level 5:colcon.colcon_core.verb:set package 'rl_controller' build argument 'catkin_skip_building_tests' from command line to 'False'
[0.358s] DEBUG:colcon.colcon_core.verb:Building package 'rl_controller' with the following arguments: {'ament_cmake_args': None, 'build_base': '/home/aiseon/tita/sim2sim2real/build/rl_controller', 'catkin_cmake_args': None, 'catkin_skip_building_tests': False, 'cmake_args': None, 'cmake_clean_cache': False, 'cmake_clean_first': False, 'cmake_force_configure': False, 'cmake_target': None, 'cmake_target_skip_unavailable': False, 'install_base': '/home/aiseon/tita/sim2sim2real/install/rl_controller', 'merge_install': False, 'path': '/home/aiseon/tita/sim2sim2real/ddt_ros2_ws/ddt_ros2_control/controller/rl_controller', 'symlink_install': True, 'test_result_base': None}
[0.358s] INFO:colcon.colcon_core.executor:Executing jobs using 'parallel' executor
[0.359s] DEBUG:colcon.colcon_parallel_executor.executor.parallel:run_until_complete
[0.359s] INFO:colcon.colcon_ros.task.ament_cmake.build:Building ROS package in '/home/aiseon/tita/sim2sim2real/ddt_ros2_ws/ddt_ros2_control/ros_utils' with build type 'ament_cmake'
[0.360s] INFO:colcon.colcon_cmake.task.cmake.build:Building CMake package in '/home/aiseon/tita/sim2sim2real/ddt_ros2_ws/ddt_ros2_control/ros_utils'
[0.362s] INFO:colcon.colcon_core.plugin_system:Skipping extension 'colcon_core.shell.bat': Not used on non-Windows systems
[0.362s] INFO:colcon.colcon_core.shell:Skip shell extension 'powershell' for command environment: Not usable outside of PowerShell
[0.362s] DEBUG:colcon.colcon_core.shell:Skip shell extension 'dsv' for command environment
[0.378s] DEBUG:colcon.colcon_core.event_handler.log_command:Invoking command in '/home/aiseon/tita/sim2sim2real/build/ros_utils': CMAKE_PREFIX_PATH=${CMAKE_PREFIX_PATH}:/opt/ros/humble /usr/bin/cmake --build /home/aiseon/tita/sim2sim2real/build/ros_utils -- -j192 -l192
[0.937s] DEBUG:colcon.colcon_core.event_handler.log_command:Invoked command in '/home/aiseon/tita/sim2sim2real/build/ros_utils' returned '0': CMAKE_PREFIX_PATH=${CMAKE_PREFIX_PATH}:/opt/ros/humble /usr/bin/cmake --build /home/aiseon/tita/sim2sim2real/build/ros_utils -- -j192 -l192
[0.950s] DEBUG:colcon.colcon_core.event_handler.log_command:Invoking command in '/home/aiseon/tita/sim2sim2real/build/ros_utils': CMAKE_PREFIX_PATH=${CMAKE_PREFIX_PATH}:/opt/ros/humble /usr/bin/cmake --install /home/aiseon/tita/sim2sim2real/build/ros_utils
[0.977s] Level 1:colcon.colcon_core.environment:create_environment_scripts_only(ros_utils)
[0.977s] DEBUG:colcon.colcon_core.event_handler.log_command:Invoked command in '/home/aiseon/tita/sim2sim2real/build/ros_utils' returned '0': CMAKE_PREFIX_PATH=${CMAKE_PREFIX_PATH}:/opt/ros/humble /usr/bin/cmake --install /home/aiseon/tita/sim2sim2real/build/ros_utils
[0.981s] Level 1:colcon.colcon_core.environment:checking '/home/aiseon/tita/sim2sim2real/install/ros_utils' for CMake module files
[0.982s] Level 1:colcon.colcon_core.environment:checking '/home/aiseon/tita/sim2sim2real/install/ros_utils' for CMake config files
[0.982s] Level 1:colcon.colcon_core.shell:create_environment_hook('ros_utils', 'cmake_prefix_path')
[0.982s] INFO:colcon.colcon_core.shell:Creating environment hook '/home/aiseon/tita/sim2sim2real/install/ros_utils/share/ros_utils/hook/cmake_prefix_path.ps1'
[0.983s] INFO:colcon.colcon_core.shell:Creating environment descriptor '/home/aiseon/tita/sim2sim2real/install/ros_utils/share/ros_utils/hook/cmake_prefix_path.dsv'
[0.983s] INFO:colcon.colcon_core.shell:Creating environment hook '/home/aiseon/tita/sim2sim2real/install/ros_utils/share/ros_utils/hook/cmake_prefix_path.sh'
[0.983s] Level 1:colcon.colcon_core.environment:checking '/home/aiseon/tita/sim2sim2real/install/ros_utils/bin'
[0.984s] Level 1:colcon.colcon_core.environment:checking '/home/aiseon/tita/sim2sim2real/install/ros_utils/lib/pkgconfig/ros_utils.pc'
[0.984s] Level 1:colcon.colcon_core.environment:checking '/home/aiseon/tita/sim2sim2real/install/ros_utils/lib/python3.10/site-packages'
[0.984s] Level 1:colcon.colcon_core.environment:checking '/home/aiseon/tita/sim2sim2real/install/ros_utils/bin'
[0.984s] INFO:colcon.colcon_core.shell:Creating package script '/home/aiseon/tita/sim2sim2real/install/ros_utils/share/ros_utils/package.ps1'
[0.985s] INFO:colcon.colcon_core.shell:Creating package descriptor '/home/aiseon/tita/sim2sim2real/install/ros_utils/share/ros_utils/package.dsv'
[0.985s] INFO:colcon.colcon_core.shell:Creating package script '/home/aiseon/tita/sim2sim2real/install/ros_utils/share/ros_utils/package.sh'
[0.985s] INFO:colcon.colcon_core.shell:Creating package script '/home/aiseon/tita/sim2sim2real/install/ros_utils/share/ros_utils/package.bash'
[0.986s] INFO:colcon.colcon_core.shell:Creating package script '/home/aiseon/tita/sim2sim2real/install/ros_utils/share/ros_utils/package.zsh'
[0.986s] Level 1:colcon.colcon_core.environment:create_file_with_runtime_dependencies(/home/aiseon/tita/sim2sim2real/install/ros_utils/share/colcon-core/packages/ros_utils)
[0.987s] Level 1:colcon.colcon_core.environment:create_environment_scripts_only(ros_utils)
[0.987s] Level 1:colcon.colcon_core.environment:checking '/home/aiseon/tita/sim2sim2real/install/ros_utils' for CMake module files
[0.987s] Level 1:colcon.colcon_core.environment:checking '/home/aiseon/tita/sim2sim2real/install/ros_utils' for CMake config files
[0.987s] Level 1:colcon.colcon_core.shell:create_environment_hook('ros_utils', 'cmake_prefix_path')
[0.988s] INFO:colcon.colcon_core.shell:Creating environment hook '/home/aiseon/tita/sim2sim2real/install/ros_utils/share/ros_utils/hook/cmake_prefix_path.ps1'
[0.988s] INFO:colcon.colcon_core.shell:Creating environment descriptor '/home/aiseon/tita/sim2sim2real/install/ros_utils/share/ros_utils/hook/cmake_prefix_path.dsv'
[0.988s] INFO:colcon.colcon_core.shell:Creating environment hook '/home/aiseon/tita/sim2sim2real/install/ros_utils/share/ros_utils/hook/cmake_prefix_path.sh'
[0.988s] Level 1:colcon.colcon_core.environment:checking '/home/aiseon/tita/sim2sim2real/install/ros_utils/bin'
[0.988s] Level 1:colcon.colcon_core.environment:checking '/home/aiseon/tita/sim2sim2real/install/ros_utils/lib/pkgconfig/ros_utils.pc'
[0.989s] Level 1:colcon.colcon_core.environment:checking '/home/aiseon/tita/sim2sim2real/install/ros_utils/lib/python3.10/site-packages'
[0.989s] Level 1:colcon.colcon_core.environment:checking '/home/aiseon/tita/sim2sim2real/install/ros_utils/bin'
[0.989s] INFO:colcon.colcon_core.shell:Creating package script '/home/aiseon/tita/sim2sim2real/install/ros_utils/share/ros_utils/package.ps1'
[0.989s] INFO:colcon.colcon_core.shell:Creating package descriptor '/home/aiseon/tita/sim2sim2real/install/ros_utils/share/ros_utils/package.dsv'
[0.990s] INFO:colcon.colcon_core.shell:Creating package script '/home/aiseon/tita/sim2sim2real/install/ros_utils/share/ros_utils/package.sh'
[0.990s] INFO:colcon.colcon_core.shell:Creating package script '/home/aiseon/tita/sim2sim2real/install/ros_utils/share/ros_utils/package.bash'
[0.990s] INFO:colcon.colcon_core.shell:Creating package script '/home/aiseon/tita/sim2sim2real/install/ros_utils/share/ros_utils/package.zsh'
[0.990s] Level 1:colcon.colcon_core.environment:create_file_with_runtime_dependencies(/home/aiseon/tita/sim2sim2real/install/ros_utils/share/colcon-core/packages/ros_utils)
[0.991s] INFO:colcon.colcon_ros.task.ament_cmake.build:Building ROS package in '/home/aiseon/tita/sim2sim2real/ddt_ros2_ws/ddt_ros2_control/controller/rl_controller' with build type 'ament_cmake'
[0.991s] INFO:colcon.colcon_cmake.task.cmake.build:Building CMake package in '/home/aiseon/tita/sim2sim2real/ddt_ros2_ws/ddt_ros2_control/controller/rl_controller'
[0.991s] INFO:colcon.colcon_core.shell:Skip shell extension 'powershell' for command environment: Not usable outside of PowerShell
[0.991s] DEBUG:colcon.colcon_core.shell:Skip shell extension 'dsv' for command environment
[1.007s] DEBUG:colcon.colcon_core.event_handler.log_command:Invoking command in '/home/aiseon/tita/sim2sim2real/build/rl_controller': AMENT_PREFIX_PATH=/home/aiseon/tita/sim2sim2real/install/ros_utils:${AMENT_PREFIX_PATH} CMAKE_PREFIX_PATH=/home/aiseon/tita/sim2sim2real/install/ros_utils:/usr/lib/cmake/mujoco:/opt/ros/humble /usr/bin/cmake /home/aiseon/tita/sim2sim2real/ddt_ros2_ws/ddt_ros2_control/controller/rl_controller -DAMENT_CMAKE_SYMLINK_INSTALL=1 -DCMAKE_INSTALL_PREFIX=/home/aiseon/tita/sim2sim2real/install/rl_controller
[2.594s] DEBUG:colcon.colcon_core.event_handler.log_command:Invoked command in '/home/aiseon/tita/sim2sim2real/build/rl_controller' returned '0': AMENT_PREFIX_PATH=/home/aiseon/tita/sim2sim2real/install/ros_utils:${AMENT_PREFIX_PATH} CMAKE_PREFIX_PATH=/home/aiseon/tita/sim2sim2real/install/ros_utils:/usr/lib/cmake/mujoco:/opt/ros/humble /usr/bin/cmake /home/aiseon/tita/sim2sim2real/ddt_ros2_ws/ddt_ros2_control/controller/rl_controller -DAMENT_CMAKE_SYMLINK_INSTALL=1 -DCMAKE_INSTALL_PREFIX=/home/aiseon/tita/sim2sim2real/install/rl_controller
[2.597s] DEBUG:colcon.colcon_core.event_handler.log_command:Invoking command in '/home/aiseon/tita/sim2sim2real/build/rl_controller': AMENT_PREFIX_PATH=/home/aiseon/tita/sim2sim2real/install/ros_utils:${AMENT_PREFIX_PATH} CMAKE_PREFIX_PATH=/home/aiseon/tita/sim2sim2real/install/ros_utils:/usr/lib/cmake/mujoco:/opt/ros/humble /usr/bin/cmake --build /home/aiseon/tita/sim2sim2real/build/rl_controller -- -j192 -l192
[18.887s] DEBUG:colcon.colcon_core.event_handler.log_command:Invoked command in '/home/aiseon/tita/sim2sim2real/build/rl_controller' returned '0': AMENT_PREFIX_PATH=/home/aiseon/tita/sim2sim2real/install/ros_utils:${AMENT_PREFIX_PATH} CMAKE_PREFIX_PATH=/home/aiseon/tita/sim2sim2real/install/ros_utils:/usr/lib/cmake/mujoco:/opt/ros/humble /usr/bin/cmake --build /home/aiseon/tita/sim2sim2real/build/rl_controller -- -j192 -l192
[18.890s] DEBUG:colcon.colcon_core.event_handler.log_command:Invoking command in '/home/aiseon/tita/sim2sim2real/build/rl_controller': AMENT_PREFIX_PATH=/home/aiseon/tita/sim2sim2real/install/ros_utils:${AMENT_PREFIX_PATH} CMAKE_PREFIX_PATH=/home/aiseon/tita/sim2sim2real/install/ros_utils:/usr/lib/cmake/mujoco:/opt/ros/humble /usr/bin/cmake --install /home/aiseon/tita/sim2sim2real/build/rl_controller
[19.532s] Level 1:colcon.colcon_core.environment:create_environment_scripts_only(rl_controller)
[19.532s] DEBUG:colcon.colcon_core.event_handler.log_command:Invoked command in '/home/aiseon/tita/sim2sim2real/build/rl_controller' returned '0': AMENT_PREFIX_PATH=/home/aiseon/tita/sim2sim2real/install/ros_utils:${AMENT_PREFIX_PATH} CMAKE_PREFIX_PATH=/home/aiseon/tita/sim2sim2real/install/ros_utils:/usr/lib/cmake/mujoco:/opt/ros/humble /usr/bin/cmake --install /home/aiseon/tita/sim2sim2real/build/rl_controller
[19.533s] Level 1:colcon.colcon_core.environment:checking '/home/aiseon/tita/sim2sim2real/install/rl_controller' for CMake module files
[19.534s] Level 1:colcon.colcon_core.environment:checking '/home/aiseon/tita/sim2sim2real/install/rl_controller' for CMake config files
[19.534s] Level 1:colcon.colcon_core.shell:create_environment_hook('rl_controller', 'cmake_prefix_path')
[19.534s] INFO:colcon.colcon_core.shell:Creating environment hook '/home/aiseon/tita/sim2sim2real/install/rl_controller/share/rl_controller/hook/cmake_prefix_path.ps1'
[19.535s] INFO:colcon.colcon_core.shell:Creating environment descriptor '/home/aiseon/tita/sim2sim2real/install/rl_controller/share/rl_controller/hook/cmake_prefix_path.dsv'
[19.535s] INFO:colcon.colcon_core.shell:Creating environment hook '/home/aiseon/tita/sim2sim2real/install/rl_controller/share/rl_controller/hook/cmake_prefix_path.sh'
[19.536s] Level 1:colcon.colcon_core.environment:checking '/home/aiseon/tita/sim2sim2real/install/rl_controller/lib'
[19.536s] Level 1:colcon.colcon_core.shell:create_environment_hook('rl_controller', 'ld_library_path_lib')
[19.536s] INFO:colcon.colcon_core.shell:Creating environment hook '/home/aiseon/tita/sim2sim2real/install/rl_controller/share/rl_controller/hook/ld_library_path_lib.ps1'
[19.536s] INFO:colcon.colcon_core.shell:Creating environment descriptor '/home/aiseon/tita/sim2sim2real/install/rl_controller/share/rl_controller/hook/ld_library_path_lib.dsv'
[19.536s] INFO:colcon.colcon_core.shell:Creating environment hook '/home/aiseon/tita/sim2sim2real/install/rl_controller/share/rl_controller/hook/ld_library_path_lib.sh'
[19.537s] Level 1:colcon.colcon_core.environment:checking '/home/aiseon/tita/sim2sim2real/install/rl_controller/bin'
[19.537s] Level 1:colcon.colcon_core.environment:checking '/home/aiseon/tita/sim2sim2real/install/rl_controller/lib/pkgconfig/rl_controller.pc'
[19.537s] Level 1:colcon.colcon_core.environment:checking '/home/aiseon/tita/sim2sim2real/install/rl_controller/lib/python3.10/site-packages'
[19.537s] Level 1:colcon.colcon_core.environment:checking '/home/aiseon/tita/sim2sim2real/install/rl_controller/bin'
[19.537s] INFO:colcon.colcon_core.shell:Creating package script '/home/aiseon/tita/sim2sim2real/install/rl_controller/share/rl_controller/package.ps1'
[19.538s] INFO:colcon.colcon_core.shell:Creating package descriptor '/home/aiseon/tita/sim2sim2real/install/rl_controller/share/rl_controller/package.dsv'
[19.538s] INFO:colcon.colcon_core.shell:Creating package script '/home/aiseon/tita/sim2sim2real/install/rl_controller/share/rl_controller/package.sh'
[19.538s] INFO:colcon.colcon_core.shell:Creating package script '/home/aiseon/tita/sim2sim2real/install/rl_controller/share/rl_controller/package.bash'
[19.539s] INFO:colcon.colcon_core.shell:Creating package script '/home/aiseon/tita/sim2sim2real/install/rl_controller/share/rl_controller/package.zsh'
[19.539s] Level 1:colcon.colcon_core.environment:create_file_with_runtime_dependencies(/home/aiseon/tita/sim2sim2real/install/rl_controller/share/colcon-core/packages/rl_controller)
[19.539s] Level 1:colcon.colcon_core.environment:create_environment_scripts_only(rl_controller)
[19.539s] Level 1:colcon.colcon_core.environment:checking '/home/aiseon/tita/sim2sim2real/install/rl_controller' for CMake module files
[19.540s] Level 1:colcon.colcon_core.environment:checking '/home/aiseon/tita/sim2sim2real/install/rl_controller' for CMake config files
[19.540s] Level 1:colcon.colcon_core.shell:create_environment_hook('rl_controller', 'cmake_prefix_path')
[19.540s] INFO:colcon.colcon_core.shell:Creating environment hook '/home/aiseon/tita/sim2sim2real/install/rl_controller/share/rl_controller/hook/cmake_prefix_path.ps1'
[19.541s] INFO:colcon.colcon_core.shell:Creating environment descriptor '/home/aiseon/tita/sim2sim2real/install/rl_controller/share/rl_controller/hook/cmake_prefix_path.dsv'
[19.541s] INFO:colcon.colcon_core.shell:Creating environment hook '/home/aiseon/tita/sim2sim2real/install/rl_controller/share/rl_controller/hook/cmake_prefix_path.sh'
[19.541s] Level 1:colcon.colcon_core.environment:checking '/home/aiseon/tita/sim2sim2real/install/rl_controller/lib'
[19.541s] Level 1:colcon.colcon_core.shell:create_environment_hook('rl_controller', 'ld_library_path_lib')
[19.541s] INFO:colcon.colcon_core.shell:Creating environment hook '/home/aiseon/tita/sim2sim2real/install/rl_controller/share/rl_controller/hook/ld_library_path_lib.ps1'
[19.542s] INFO:colcon.colcon_core.shell:Creating environment descriptor '/home/aiseon/tita/sim2sim2real/install/rl_controller/share/rl_controller/hook/ld_library_path_lib.dsv'
[19.542s] INFO:colcon.colcon_core.shell:Creating environment hook '/home/aiseon/tita/sim2sim2real/install/rl_controller/share/rl_controller/hook/ld_library_path_lib.sh'
[19.542s] Level 1:colcon.colcon_core.environment:checking '/home/aiseon/tita/sim2sim2real/install/rl_controller/bin'
[19.542s] Level 1:colcon.colcon_core.environment:checking '/home/aiseon/tita/sim2sim2real/install/rl_controller/lib/pkgconfig/rl_controller.pc'
[19.542s] Level 1:colcon.colcon_core.environment:checking '/home/aiseon/tita/sim2sim2real/install/rl_controller/lib/python3.10/site-packages'
[19.543s] Level 1:colcon.colcon_core.environment:checking '/home/aiseon/tita/sim2sim2real/install/rl_controller/bin'
[19.543s] INFO:colcon.colcon_core.shell:Creating package script '/home/aiseon/tita/sim2sim2real/install/rl_controller/share/rl_controller/package.ps1'
[19.543s] INFO:colcon.colcon_core.shell:Creating package descriptor '/home/aiseon/tita/sim2sim2real/install/rl_controller/share/rl_controller/package.dsv'
[19.544s] INFO:colcon.colcon_core.shell:Creating package script '/home/aiseon/tita/sim2sim2real/install/rl_controller/share/rl_controller/package.sh'
[19.544s] INFO:colcon.colcon_core.shell:Creating package script '/home/aiseon/tita/sim2sim2real/install/rl_controller/share/rl_controller/package.bash'
[19.544s] INFO:colcon.colcon_core.shell:Creating package script '/home/aiseon/tita/sim2sim2real/install/rl_controller/share/rl_controller/package.zsh'
[19.545s] Level 1:colcon.colcon_core.environment:create_file_with_runtime_dependencies(/home/aiseon/tita/sim2sim2real/install/rl_controller/share/colcon-core/packages/rl_controller)
[19.545s] DEBUG:colcon.colcon_parallel_executor.executor.parallel:closing loop
[19.545s] DEBUG:colcon.colcon_parallel_executor.executor.parallel:loop closed
[19.545s] DEBUG:colcon.colcon_parallel_executor.executor.parallel:run_until_complete finished with '0'
[19.545s] DEBUG:colcon.colcon_core.event_reactor:joining thread
[19.552s] INFO:colcon.colcon_core.plugin_system:Skipping extension 'colcon_notification.desktop_notification.terminal_notifier': Not used on non-Darwin systems
[19.552s] INFO:colcon.colcon_core.plugin_system:Skipping extension 'colcon_notification.desktop_notification.win32': Not used on non-Windows systems
[19.552s] INFO:colcon.colcon_notification.desktop_notification:Sending desktop notification using 'notify2'
[19.563s] DEBUG:colcon.colcon_core.event_reactor:joined thread
[19.564s] INFO:colcon.colcon_core.shell:Creating prefix script '/home/aiseon/tita/sim2sim2real/install/local_setup.ps1'
[19.567s] INFO:colcon.colcon_core.shell:Creating prefix util module '/home/aiseon/tita/sim2sim2real/install/_local_setup_util_ps1.py'
[19.568s] INFO:colcon.colcon_core.shell:Creating prefix chain script '/home/aiseon/tita/sim2sim2real/install/setup.ps1'
[19.569s] INFO:colcon.colcon_core.shell:Creating prefix script '/home/aiseon/tita/sim2sim2real/install/local_setup.sh'
[19.569s] INFO:colcon.colcon_core.shell:Creating prefix util module '/home/aiseon/tita/sim2sim2real/install/_local_setup_util_sh.py'
[19.570s] INFO:colcon.colcon_core.shell:Creating prefix chain script '/home/aiseon/tita/sim2sim2real/install/setup.sh'
[19.571s] INFO:colcon.colcon_core.shell:Creating prefix script '/home/aiseon/tita/sim2sim2real/install/local_setup.bash'
[19.571s] INFO:colcon.colcon_core.shell:Creating prefix chain script '/home/aiseon/tita/sim2sim2real/install/setup.bash'
[19.572s] INFO:colcon.colcon_core.shell:Creating prefix script '/home/aiseon/tita/sim2sim2real/install/local_setup.zsh'
[19.572s] INFO:colcon.colcon_core.shell:Creating prefix chain script '/home/aiseon/tita/sim2sim2real/install/setup.zsh'
