[0.089s] DEBUG:colcon:Command line arguments: ['/usr/bin/colcon', 'build', '--symlink-install', '--packages-up-to', 'gazebo_bridge']
[0.089s] DEBUG:colcon:Parsed command line arguments: Namespace(log_base=None, log_level=None, verb_name='build', build_base='build', install_base='install', merge_install=False, symlink_install=True, test_result_base=None, continue_on_error=False, executor='parallel', parallel_workers=192, event_handlers=None, ignore_user_meta=False, metas=['./colcon.meta'], base_paths=['.'], packages_ignore=None, packages_ignore_regex=None, paths=None, packages_up_to=['gazebo_bridge'], packages_up_to_regex=None, packages_above=None, packages_above_and_dependencies=None, packages_above_depth=None, packages_select_by_dep=None, packages_skip_by_dep=None, packages_skip_up_to=None, packages_select_build_failed=False, packages_skip_build_finished=False, packages_select_test_failures=False, packages_skip_test_passed=False, packages_select=None, packages_skip=None, packages_select_regex=None, packages_skip_regex=None, packages_start=None, packages_end=None, allow_overriding=[], cmake_args=None, cmake_target=None, cmake_target_skip_unavailable=False, cmake_clean_cache=False, cmake_clean_first=False, cmake_force_configure=False, ament_cmake_args=None, catkin_cmake_args=None, catkin_skip_building_tests=False, verb_parser=<colcon_defaults.argument_parser.defaults.DefaultArgumentsDecorator object at 0x78acc1575b40>, verb_extension=<colcon_core.verb.build.BuildVerb object at 0x78acc1575630>, main=<bound method BuildVerb.main of <colcon_core.verb.build.BuildVerb object at 0x78acc1575630>>)
[0.230s] Level 1:colcon.colcon_core.package_discovery:discover_packages(colcon_meta) check parameters
[0.230s] Level 1:colcon.colcon_core.package_discovery:discover_packages(recursive) check parameters
[0.231s] Level 1:colcon.colcon_core.package_discovery:discover_packages(ignore) check parameters
[0.231s] Level 1:colcon.colcon_core.package_discovery:discover_packages(path) check parameters
[0.231s] Level 1:colcon.colcon_core.package_discovery:discover_packages(colcon_meta) discover
[0.231s] Level 1:colcon.colcon_core.package_discovery:discover_packages(recursive) discover
[0.231s] INFO:colcon.colcon_core.package_discovery:Crawling recursively for packages in '/home/aiseon/tita/sim2sim2real'
[0.231s] Level 1:colcon.colcon_core.package_identification:_identify(.) by extensions ['ignore', 'ignore_ament_install']
[0.231s] Level 1:colcon.colcon_core.package_identification:_identify(.) by extension 'ignore'
[0.231s] Level 1:colcon.colcon_core.package_identification:_identify(.) by extension 'ignore_ament_install'
[0.231s] Level 1:colcon.colcon_core.package_identification:_identify(.) by extensions ['colcon_pkg']
[0.231s] Level 1:colcon.colcon_core.package_identification:_identify(.) by extension 'colcon_pkg'
[0.231s] Level 1:colcon.colcon_core.package_identification:_identify(.) by extensions ['colcon_meta']
[0.231s] Level 1:colcon.colcon_core.package_identification:_identify(.) by extension 'colcon_meta'
[0.231s] Level 1:colcon.colcon_core.package_identification:_identify(.) by extensions ['ros']
[0.231s] Level 1:colcon.colcon_core.package_identification:_identify(.) by extension 'ros'
[0.241s] Level 1:colcon.colcon_core.package_identification:_identify(.) by extensions ['cmake', 'python']
[0.241s] Level 1:colcon.colcon_core.package_identification:_identify(.) by extension 'cmake'
[0.241s] Level 1:colcon.colcon_core.package_identification:_identify(.) by extension 'python'
[0.241s] Level 1:colcon.colcon_core.package_identification:_identify(.) by extensions ['python_setup_py']
[0.241s] Level 1:colcon.colcon_core.package_identification:_identify(.) by extension 'python_setup_py'
[0.241s] Level 1:colcon.colcon_core.package_identification:_identify(build) by extensions ['ignore', 'ignore_ament_install']
[0.241s] Level 1:colcon.colcon_core.package_identification:_identify(build) by extension 'ignore'
[0.241s] Level 1:colcon.colcon_core.package_identification:_identify(build) ignored
[0.241s] Level 1:colcon.colcon_core.package_identification:_identify(ddt_ros2_ws) by extensions ['ignore', 'ignore_ament_install']
[0.241s] Level 1:colcon.colcon_core.package_identification:_identify(ddt_ros2_ws) by extension 'ignore'
[0.241s] Level 1:colcon.colcon_core.package_identification:_identify(ddt_ros2_ws) by extension 'ignore_ament_install'
[0.241s] Level 1:colcon.colcon_core.package_identification:_identify(ddt_ros2_ws) by extensions ['colcon_pkg']
[0.241s] Level 1:colcon.colcon_core.package_identification:_identify(ddt_ros2_ws) by extension 'colcon_pkg'
[0.241s] Level 1:colcon.colcon_core.package_identification:_identify(ddt_ros2_ws) by extensions ['colcon_meta']
[0.241s] Level 1:colcon.colcon_core.package_identification:_identify(ddt_ros2_ws) by extension 'colcon_meta'
[0.241s] Level 1:colcon.colcon_core.package_identification:_identify(ddt_ros2_ws) by extensions ['ros']
[0.241s] Level 1:colcon.colcon_core.package_identification:_identify(ddt_ros2_ws) by extension 'ros'
[0.241s] Level 1:colcon.colcon_core.package_identification:_identify(ddt_ros2_ws) by extensions ['cmake', 'python']
[0.241s] Level 1:colcon.colcon_core.package_identification:_identify(ddt_ros2_ws) by extension 'cmake'
[0.241s] Level 1:colcon.colcon_core.package_identification:_identify(ddt_ros2_ws) by extension 'python'
[0.241s] Level 1:colcon.colcon_core.package_identification:_identify(ddt_ros2_ws) by extensions ['python_setup_py']
[0.241s] Level 1:colcon.colcon_core.package_identification:_identify(ddt_ros2_ws) by extension 'python_setup_py'
[0.241s] Level 1:colcon.colcon_core.package_identification:_identify(ddt_ros2_ws/build) by extensions ['ignore', 'ignore_ament_install']
[0.242s] Level 1:colcon.colcon_core.package_identification:_identify(ddt_ros2_ws/build) by extension 'ignore'
[0.242s] Level 1:colcon.colcon_core.package_identification:_identify(ddt_ros2_ws/build) ignored
[0.242s] Level 1:colcon.colcon_core.package_identification:_identify(ddt_ros2_ws/ddt_ros2_control) by extensions ['ignore', 'ignore_ament_install']
[0.242s] Level 1:colcon.colcon_core.package_identification:_identify(ddt_ros2_ws/ddt_ros2_control) by extension 'ignore'
[0.242s] Level 1:colcon.colcon_core.package_identification:_identify(ddt_ros2_ws/ddt_ros2_control) by extension 'ignore_ament_install'
[0.242s] Level 1:colcon.colcon_core.package_identification:_identify(ddt_ros2_ws/ddt_ros2_control) by extensions ['colcon_pkg']
[0.242s] Level 1:colcon.colcon_core.package_identification:_identify(ddt_ros2_ws/ddt_ros2_control) by extension 'colcon_pkg'
[0.242s] Level 1:colcon.colcon_core.package_identification:_identify(ddt_ros2_ws/ddt_ros2_control) by extensions ['colcon_meta']
[0.242s] Level 1:colcon.colcon_core.package_identification:_identify(ddt_ros2_ws/ddt_ros2_control) by extension 'colcon_meta'
[0.242s] Level 1:colcon.colcon_core.package_identification:_identify(ddt_ros2_ws/ddt_ros2_control) by extensions ['ros']
[0.242s] Level 1:colcon.colcon_core.package_identification:_identify(ddt_ros2_ws/ddt_ros2_control) by extension 'ros'
[0.242s] Level 1:colcon.colcon_core.package_identification:_identify(ddt_ros2_ws/ddt_ros2_control) by extensions ['cmake', 'python']
[0.242s] Level 1:colcon.colcon_core.package_identification:_identify(ddt_ros2_ws/ddt_ros2_control) by extension 'cmake'
[0.242s] Level 1:colcon.colcon_core.package_identification:_identify(ddt_ros2_ws/ddt_ros2_control) by extension 'python'
[0.242s] Level 1:colcon.colcon_core.package_identification:_identify(ddt_ros2_ws/ddt_ros2_control) by extensions ['python_setup_py']
[0.242s] Level 1:colcon.colcon_core.package_identification:_identify(ddt_ros2_ws/ddt_ros2_control) by extension 'python_setup_py'
[0.242s] Level 1:colcon.colcon_core.package_identification:_identify(ddt_ros2_ws/ddt_ros2_control/controller) by extensions ['ignore', 'ignore_ament_install']
[0.242s] Level 1:colcon.colcon_core.package_identification:_identify(ddt_ros2_ws/ddt_ros2_control/controller) by extension 'ignore'
[0.242s] Level 1:colcon.colcon_core.package_identification:_identify(ddt_ros2_ws/ddt_ros2_control/controller) by extension 'ignore_ament_install'
[0.242s] Level 1:colcon.colcon_core.package_identification:_identify(ddt_ros2_ws/ddt_ros2_control/controller) by extensions ['colcon_pkg']
[0.242s] Level 1:colcon.colcon_core.package_identification:_identify(ddt_ros2_ws/ddt_ros2_control/controller) by extension 'colcon_pkg'
[0.242s] Level 1:colcon.colcon_core.package_identification:_identify(ddt_ros2_ws/ddt_ros2_control/controller) by extensions ['colcon_meta']
[0.242s] Level 1:colcon.colcon_core.package_identification:_identify(ddt_ros2_ws/ddt_ros2_control/controller) by extension 'colcon_meta'
[0.242s] Level 1:colcon.colcon_core.package_identification:_identify(ddt_ros2_ws/ddt_ros2_control/controller) by extensions ['ros']
[0.242s] Level 1:colcon.colcon_core.package_identification:_identify(ddt_ros2_ws/ddt_ros2_control/controller) by extension 'ros'
[0.242s] Level 1:colcon.colcon_core.package_identification:_identify(ddt_ros2_ws/ddt_ros2_control/controller) by extensions ['cmake', 'python']
[0.242s] Level 1:colcon.colcon_core.package_identification:_identify(ddt_ros2_ws/ddt_ros2_control/controller) by extension 'cmake'
[0.242s] Level 1:colcon.colcon_core.package_identification:_identify(ddt_ros2_ws/ddt_ros2_control/controller) by extension 'python'
[0.243s] Level 1:colcon.colcon_core.package_identification:_identify(ddt_ros2_ws/ddt_ros2_control/controller) by extensions ['python_setup_py']
[0.243s] Level 1:colcon.colcon_core.package_identification:_identify(ddt_ros2_ws/ddt_ros2_control/controller) by extension 'python_setup_py'
[0.243s] Level 1:colcon.colcon_core.package_identification:_identify(ddt_ros2_ws/ddt_ros2_control/controller/rl_controller) by extensions ['ignore', 'ignore_ament_install']
[0.243s] Level 1:colcon.colcon_core.package_identification:_identify(ddt_ros2_ws/ddt_ros2_control/controller/rl_controller) by extension 'ignore'
[0.243s] Level 1:colcon.colcon_core.package_identification:_identify(ddt_ros2_ws/ddt_ros2_control/controller/rl_controller) by extension 'ignore_ament_install'
[0.243s] Level 1:colcon.colcon_core.package_identification:_identify(ddt_ros2_ws/ddt_ros2_control/controller/rl_controller) by extensions ['colcon_pkg']
[0.243s] Level 1:colcon.colcon_core.package_identification:_identify(ddt_ros2_ws/ddt_ros2_control/controller/rl_controller) by extension 'colcon_pkg'
[0.243s] Level 1:colcon.colcon_core.package_identification:_identify(ddt_ros2_ws/ddt_ros2_control/controller/rl_controller) by extensions ['colcon_meta']
[0.243s] Level 1:colcon.colcon_core.package_identification:_identify(ddt_ros2_ws/ddt_ros2_control/controller/rl_controller) by extension 'colcon_meta'
[0.243s] Level 1:colcon.colcon_core.package_identification:_identify(ddt_ros2_ws/ddt_ros2_control/controller/rl_controller) by extensions ['ros']
[0.243s] Level 1:colcon.colcon_core.package_identification:_identify(ddt_ros2_ws/ddt_ros2_control/controller/rl_controller) by extension 'ros'
[0.246s] DEBUG:colcon.colcon_core.package_identification:Package 'ddt_ros2_ws/ddt_ros2_control/controller/rl_controller' with type 'ros.ament_cmake' and name 'rl_controller'
[0.246s] Level 1:colcon.colcon_core.package_identification:_identify(ddt_ros2_ws/ddt_ros2_control/hardware) by extensions ['ignore', 'ignore_ament_install']
[0.246s] Level 1:colcon.colcon_core.package_identification:_identify(ddt_ros2_ws/ddt_ros2_control/hardware) by extension 'ignore'
[0.246s] Level 1:colcon.colcon_core.package_identification:_identify(ddt_ros2_ws/ddt_ros2_control/hardware) by extension 'ignore_ament_install'
[0.246s] Level 1:colcon.colcon_core.package_identification:_identify(ddt_ros2_ws/ddt_ros2_control/hardware) by extensions ['colcon_pkg']
[0.246s] Level 1:colcon.colcon_core.package_identification:_identify(ddt_ros2_ws/ddt_ros2_control/hardware) by extension 'colcon_pkg'
[0.246s] Level 1:colcon.colcon_core.package_identification:_identify(ddt_ros2_ws/ddt_ros2_control/hardware) by extensions ['colcon_meta']
[0.246s] Level 1:colcon.colcon_core.package_identification:_identify(ddt_ros2_ws/ddt_ros2_control/hardware) by extension 'colcon_meta'
[0.246s] Level 1:colcon.colcon_core.package_identification:_identify(ddt_ros2_ws/ddt_ros2_control/hardware) by extensions ['ros']
[0.246s] Level 1:colcon.colcon_core.package_identification:_identify(ddt_ros2_ws/ddt_ros2_control/hardware) by extension 'ros'
[0.246s] Level 1:colcon.colcon_core.package_identification:_identify(ddt_ros2_ws/ddt_ros2_control/hardware) by extensions ['cmake', 'python']
[0.246s] Level 1:colcon.colcon_core.package_identification:_identify(ddt_ros2_ws/ddt_ros2_control/hardware) by extension 'cmake'
[0.246s] Level 1:colcon.colcon_core.package_identification:_identify(ddt_ros2_ws/ddt_ros2_control/hardware) by extension 'python'
[0.246s] Level 1:colcon.colcon_core.package_identification:_identify(ddt_ros2_ws/ddt_ros2_control/hardware) by extensions ['python_setup_py']
[0.246s] Level 1:colcon.colcon_core.package_identification:_identify(ddt_ros2_ws/ddt_ros2_control/hardware) by extension 'python_setup_py'
[0.246s] Level 1:colcon.colcon_core.package_identification:_identify(ddt_ros2_ws/ddt_ros2_control/hardware/hardware_bridge) by extensions ['ignore', 'ignore_ament_install']
[0.246s] Level 1:colcon.colcon_core.package_identification:_identify(ddt_ros2_ws/ddt_ros2_control/hardware/hardware_bridge) by extension 'ignore'
[0.247s] Level 1:colcon.colcon_core.package_identification:_identify(ddt_ros2_ws/ddt_ros2_control/hardware/hardware_bridge) by extension 'ignore_ament_install'
[0.247s] Level 1:colcon.colcon_core.package_identification:_identify(ddt_ros2_ws/ddt_ros2_control/hardware/hardware_bridge) by extensions ['colcon_pkg']
[0.247s] Level 1:colcon.colcon_core.package_identification:_identify(ddt_ros2_ws/ddt_ros2_control/hardware/hardware_bridge) by extension 'colcon_pkg'
[0.247s] Level 1:colcon.colcon_core.package_identification:_identify(ddt_ros2_ws/ddt_ros2_control/hardware/hardware_bridge) by extensions ['colcon_meta']
[0.247s] Level 1:colcon.colcon_core.package_identification:_identify(ddt_ros2_ws/ddt_ros2_control/hardware/hardware_bridge) by extension 'colcon_meta'
[0.247s] Level 1:colcon.colcon_core.package_identification:_identify(ddt_ros2_ws/ddt_ros2_control/hardware/hardware_bridge) by extensions ['ros']
[0.247s] Level 1:colcon.colcon_core.package_identification:_identify(ddt_ros2_ws/ddt_ros2_control/hardware/hardware_bridge) by extension 'ros'
[0.248s] DEBUG:colcon.colcon_core.package_identification:Package 'ddt_ros2_ws/ddt_ros2_control/hardware/hardware_bridge' with type 'ros.ament_cmake' and name 'hardware_bridge'
[0.248s] Level 1:colcon.colcon_core.package_identification:_identify(ddt_ros2_ws/ddt_ros2_control/hardware/tita_robot) by extensions ['ignore', 'ignore_ament_install']
[0.248s] Level 1:colcon.colcon_core.package_identification:_identify(ddt_ros2_ws/ddt_ros2_control/hardware/tita_robot) by extension 'ignore'
[0.248s] Level 1:colcon.colcon_core.package_identification:_identify(ddt_ros2_ws/ddt_ros2_control/hardware/tita_robot) by extension 'ignore_ament_install'
[0.248s] Level 1:colcon.colcon_core.package_identification:_identify(ddt_ros2_ws/ddt_ros2_control/hardware/tita_robot) by extensions ['colcon_pkg']
[0.248s] Level 1:colcon.colcon_core.package_identification:_identify(ddt_ros2_ws/ddt_ros2_control/hardware/tita_robot) by extension 'colcon_pkg'
[0.248s] Level 1:colcon.colcon_core.package_identification:_identify(ddt_ros2_ws/ddt_ros2_control/hardware/tita_robot) by extensions ['colcon_meta']
[0.248s] Level 1:colcon.colcon_core.package_identification:_identify(ddt_ros2_ws/ddt_ros2_control/hardware/tita_robot) by extension 'colcon_meta'
[0.248s] Level 1:colcon.colcon_core.package_identification:_identify(ddt_ros2_ws/ddt_ros2_control/hardware/tita_robot) by extensions ['ros']
[0.248s] Level 1:colcon.colcon_core.package_identification:_identify(ddt_ros2_ws/ddt_ros2_control/hardware/tita_robot) by extension 'ros'
[0.248s] DEBUG:colcon.colcon_core.package_identification:Package 'ddt_ros2_ws/ddt_ros2_control/hardware/tita_robot' with type 'ros.ament_cmake' and name 'tita_robot'
[0.249s] Level 1:colcon.colcon_core.package_identification:_identify(ddt_ros2_ws/ddt_ros2_control/interaction) by extensions ['ignore', 'ignore_ament_install']
[0.249s] Level 1:colcon.colcon_core.package_identification:_identify(ddt_ros2_ws/ddt_ros2_control/interaction) by extension 'ignore'
[0.249s] Level 1:colcon.colcon_core.package_identification:_identify(ddt_ros2_ws/ddt_ros2_control/interaction) by extension 'ignore_ament_install'
[0.249s] Level 1:colcon.colcon_core.package_identification:_identify(ddt_ros2_ws/ddt_ros2_control/interaction) by extensions ['colcon_pkg']
[0.249s] Level 1:colcon.colcon_core.package_identification:_identify(ddt_ros2_ws/ddt_ros2_control/interaction) by extension 'colcon_pkg'
[0.249s] Level 1:colcon.colcon_core.package_identification:_identify(ddt_ros2_ws/ddt_ros2_control/interaction) by extensions ['colcon_meta']
[0.249s] Level 1:colcon.colcon_core.package_identification:_identify(ddt_ros2_ws/ddt_ros2_control/interaction) by extension 'colcon_meta'
[0.249s] Level 1:colcon.colcon_core.package_identification:_identify(ddt_ros2_ws/ddt_ros2_control/interaction) by extensions ['ros']
[0.249s] Level 1:colcon.colcon_core.package_identification:_identify(ddt_ros2_ws/ddt_ros2_control/interaction) by extension 'ros'
[0.249s] Level 1:colcon.colcon_core.package_identification:_identify(ddt_ros2_ws/ddt_ros2_control/interaction) by extensions ['cmake', 'python']
[0.249s] Level 1:colcon.colcon_core.package_identification:_identify(ddt_ros2_ws/ddt_ros2_control/interaction) by extension 'cmake'
[0.249s] Level 1:colcon.colcon_core.package_identification:_identify(ddt_ros2_ws/ddt_ros2_control/interaction) by extension 'python'
[0.249s] Level 1:colcon.colcon_core.package_identification:_identify(ddt_ros2_ws/ddt_ros2_control/interaction) by extensions ['python_setup_py']
[0.249s] Level 1:colcon.colcon_core.package_identification:_identify(ddt_ros2_ws/ddt_ros2_control/interaction) by extension 'python_setup_py'
[0.249s] Level 1:colcon.colcon_core.package_identification:_identify(ddt_ros2_ws/ddt_ros2_control/interaction/keyboard_controller) by extensions ['ignore', 'ignore_ament_install']
[0.249s] Level 1:colcon.colcon_core.package_identification:_identify(ddt_ros2_ws/ddt_ros2_control/interaction/keyboard_controller) by extension 'ignore'
[0.249s] Level 1:colcon.colcon_core.package_identification:_identify(ddt_ros2_ws/ddt_ros2_control/interaction/keyboard_controller) by extension 'ignore_ament_install'
[0.249s] Level 1:colcon.colcon_core.package_identification:_identify(ddt_ros2_ws/ddt_ros2_control/interaction/keyboard_controller) by extensions ['colcon_pkg']
[0.249s] Level 1:colcon.colcon_core.package_identification:_identify(ddt_ros2_ws/ddt_ros2_control/interaction/keyboard_controller) by extension 'colcon_pkg'
[0.249s] Level 1:colcon.colcon_core.package_identification:_identify(ddt_ros2_ws/ddt_ros2_control/interaction/keyboard_controller) by extensions ['colcon_meta']
[0.249s] Level 1:colcon.colcon_core.package_identification:_identify(ddt_ros2_ws/ddt_ros2_control/interaction/keyboard_controller) by extension 'colcon_meta'
[0.249s] Level 1:colcon.colcon_core.package_identification:_identify(ddt_ros2_ws/ddt_ros2_control/interaction/keyboard_controller) by extensions ['ros']
[0.249s] Level 1:colcon.colcon_core.package_identification:_identify(ddt_ros2_ws/ddt_ros2_control/interaction/keyboard_controller) by extension 'ros'
[0.250s] DEBUG:colcon.colcon_core.package_identification:Package 'ddt_ros2_ws/ddt_ros2_control/interaction/keyboard_controller' with type 'ros.ament_cmake' and name 'keyboard_controller'
[0.250s] Level 1:colcon.colcon_core.package_identification:_identify(ddt_ros2_ws/ddt_ros2_control/interaction/teleop_command) by extensions ['ignore', 'ignore_ament_install']
[0.250s] Level 1:colcon.colcon_core.package_identification:_identify(ddt_ros2_ws/ddt_ros2_control/interaction/teleop_command) by extension 'ignore'
[0.250s] Level 1:colcon.colcon_core.package_identification:_identify(ddt_ros2_ws/ddt_ros2_control/interaction/teleop_command) by extension 'ignore_ament_install'
[0.250s] Level 1:colcon.colcon_core.package_identification:_identify(ddt_ros2_ws/ddt_ros2_control/interaction/teleop_command) by extensions ['colcon_pkg']
[0.250s] Level 1:colcon.colcon_core.package_identification:_identify(ddt_ros2_ws/ddt_ros2_control/interaction/teleop_command) by extension 'colcon_pkg'
[0.250s] Level 1:colcon.colcon_core.package_identification:_identify(ddt_ros2_ws/ddt_ros2_control/interaction/teleop_command) by extensions ['colcon_meta']
[0.250s] Level 1:colcon.colcon_core.package_identification:_identify(ddt_ros2_ws/ddt_ros2_control/interaction/teleop_command) by extension 'colcon_meta'
[0.250s] Level 1:colcon.colcon_core.package_identification:_identify(ddt_ros2_ws/ddt_ros2_control/interaction/teleop_command) by extensions ['ros']
[0.250s] Level 1:colcon.colcon_core.package_identification:_identify(ddt_ros2_ws/ddt_ros2_control/interaction/teleop_command) by extension 'ros'
[0.251s] DEBUG:colcon.colcon_core.package_identification:Package 'ddt_ros2_ws/ddt_ros2_control/interaction/teleop_command' with type 'ros.ament_cmake' and name 'teleop_command'
[0.251s] Level 1:colcon.colcon_core.package_identification:_identify(ddt_ros2_ws/ddt_ros2_control/ros_utils) by extensions ['ignore', 'ignore_ament_install']
[0.251s] Level 1:colcon.colcon_core.package_identification:_identify(ddt_ros2_ws/ddt_ros2_control/ros_utils) by extension 'ignore'
[0.252s] Level 1:colcon.colcon_core.package_identification:_identify(ddt_ros2_ws/ddt_ros2_control/ros_utils) by extension 'ignore_ament_install'
[0.252s] Level 1:colcon.colcon_core.package_identification:_identify(ddt_ros2_ws/ddt_ros2_control/ros_utils) by extensions ['colcon_pkg']
[0.252s] Level 1:colcon.colcon_core.package_identification:_identify(ddt_ros2_ws/ddt_ros2_control/ros_utils) by extension 'colcon_pkg'
[0.252s] Level 1:colcon.colcon_core.package_identification:_identify(ddt_ros2_ws/ddt_ros2_control/ros_utils) by extensions ['colcon_meta']
[0.252s] Level 1:colcon.colcon_core.package_identification:_identify(ddt_ros2_ws/ddt_ros2_control/ros_utils) by extension 'colcon_meta'
[0.252s] Level 1:colcon.colcon_core.package_identification:_identify(ddt_ros2_ws/ddt_ros2_control/ros_utils) by extensions ['ros']
[0.252s] Level 1:colcon.colcon_core.package_identification:_identify(ddt_ros2_ws/ddt_ros2_control/ros_utils) by extension 'ros'
[0.252s] DEBUG:colcon.colcon_core.package_identification:Package 'ddt_ros2_ws/ddt_ros2_control/ros_utils' with type 'ros.ament_cmake' and name 'ros_utils'
[0.252s] Level 1:colcon.colcon_core.package_identification:_identify(ddt_ros2_ws/ddt_ros2_control/simulation) by extensions ['ignore', 'ignore_ament_install']
[0.253s] Level 1:colcon.colcon_core.package_identification:_identify(ddt_ros2_ws/ddt_ros2_control/simulation) by extension 'ignore'
[0.253s] Level 1:colcon.colcon_core.package_identification:_identify(ddt_ros2_ws/ddt_ros2_control/simulation) by extension 'ignore_ament_install'
[0.253s] Level 1:colcon.colcon_core.package_identification:_identify(ddt_ros2_ws/ddt_ros2_control/simulation) by extensions ['colcon_pkg']
[0.253s] Level 1:colcon.colcon_core.package_identification:_identify(ddt_ros2_ws/ddt_ros2_control/simulation) by extension 'colcon_pkg'
[0.253s] Level 1:colcon.colcon_core.package_identification:_identify(ddt_ros2_ws/ddt_ros2_control/simulation) by extensions ['colcon_meta']
[0.254s] Level 1:colcon.colcon_core.package_identification:_identify(ddt_ros2_ws/ddt_ros2_control/simulation) by extension 'colcon_meta'
[0.254s] Level 1:colcon.colcon_core.package_identification:_identify(ddt_ros2_ws/ddt_ros2_control/simulation) by extensions ['ros']
[0.254s] Level 1:colcon.colcon_core.package_identification:_identify(ddt_ros2_ws/ddt_ros2_control/simulation) by extension 'ros'
[0.254s] Level 1:colcon.colcon_core.package_identification:_identify(ddt_ros2_ws/ddt_ros2_control/simulation) by extensions ['cmake', 'python']
[0.254s] Level 1:colcon.colcon_core.package_identification:_identify(ddt_ros2_ws/ddt_ros2_control/simulation) by extension 'cmake'
[0.254s] Level 1:colcon.colcon_core.package_identification:_identify(ddt_ros2_ws/ddt_ros2_control/simulation) by extension 'python'
[0.254s] Level 1:colcon.colcon_core.package_identification:_identify(ddt_ros2_ws/ddt_ros2_control/simulation) by extensions ['python_setup_py']
[0.254s] Level 1:colcon.colcon_core.package_identification:_identify(ddt_ros2_ws/ddt_ros2_control/simulation) by extension 'python_setup_py'
[0.254s] Level 1:colcon.colcon_core.package_identification:_identify(ddt_ros2_ws/ddt_ros2_control/simulation/gazebo_bridge) by extensions ['ignore', 'ignore_ament_install']
[0.254s] Level 1:colcon.colcon_core.package_identification:_identify(ddt_ros2_ws/ddt_ros2_control/simulation/gazebo_bridge) by extension 'ignore'
[0.254s] Level 1:colcon.colcon_core.package_identification:_identify(ddt_ros2_ws/ddt_ros2_control/simulation/gazebo_bridge) by extension 'ignore_ament_install'
[0.254s] Level 1:colcon.colcon_core.package_identification:_identify(ddt_ros2_ws/ddt_ros2_control/simulation/gazebo_bridge) by extensions ['colcon_pkg']
[0.254s] Level 1:colcon.colcon_core.package_identification:_identify(ddt_ros2_ws/ddt_ros2_control/simulation/gazebo_bridge) by extension 'colcon_pkg'
[0.254s] Level 1:colcon.colcon_core.package_identification:_identify(ddt_ros2_ws/ddt_ros2_control/simulation/gazebo_bridge) by extensions ['colcon_meta']
[0.254s] Level 1:colcon.colcon_core.package_identification:_identify(ddt_ros2_ws/ddt_ros2_control/simulation/gazebo_bridge) by extension 'colcon_meta'
[0.254s] Level 1:colcon.colcon_core.package_identification:_identify(ddt_ros2_ws/ddt_ros2_control/simulation/gazebo_bridge) by extensions ['ros']
[0.254s] Level 1:colcon.colcon_core.package_identification:_identify(ddt_ros2_ws/ddt_ros2_control/simulation/gazebo_bridge) by extension 'ros'
[0.255s] DEBUG:colcon.colcon_core.package_identification:Package 'ddt_ros2_ws/ddt_ros2_control/simulation/gazebo_bridge' with type 'ros.ament_cmake' and name 'gazebo_bridge'
[0.255s] Level 1:colcon.colcon_core.package_identification:_identify(ddt_ros2_ws/ddt_ros2_control/simulation/mujoco_bridge) by extensions ['ignore', 'ignore_ament_install']
[0.255s] Level 1:colcon.colcon_core.package_identification:_identify(ddt_ros2_ws/ddt_ros2_control/simulation/mujoco_bridge) by extension 'ignore'
[0.255s] Level 1:colcon.colcon_core.package_identification:_identify(ddt_ros2_ws/ddt_ros2_control/simulation/mujoco_bridge) by extension 'ignore_ament_install'
[0.255s] Level 1:colcon.colcon_core.package_identification:_identify(ddt_ros2_ws/ddt_ros2_control/simulation/mujoco_bridge) by extensions ['colcon_pkg']
[0.255s] Level 1:colcon.colcon_core.package_identification:_identify(ddt_ros2_ws/ddt_ros2_control/simulation/mujoco_bridge) by extension 'colcon_pkg'
[0.255s] Level 1:colcon.colcon_core.package_identification:_identify(ddt_ros2_ws/ddt_ros2_control/simulation/mujoco_bridge) by extensions ['colcon_meta']
[0.255s] Level 1:colcon.colcon_core.package_identification:_identify(ddt_ros2_ws/ddt_ros2_control/simulation/mujoco_bridge) by extension 'colcon_meta'
[0.255s] Level 1:colcon.colcon_core.package_identification:_identify(ddt_ros2_ws/ddt_ros2_control/simulation/mujoco_bridge) by extensions ['ros']
[0.255s] Level 1:colcon.colcon_core.package_identification:_identify(ddt_ros2_ws/ddt_ros2_control/simulation/mujoco_bridge) by extension 'ros'
[0.255s] Level 1:colcon.colcon_core.package_identification:_identify(ddt_ros2_ws/ddt_ros2_control/simulation/mujoco_bridge) by extensions ['cmake', 'python']
[0.255s] Level 1:colcon.colcon_core.package_identification:_identify(ddt_ros2_ws/ddt_ros2_control/simulation/mujoco_bridge) by extension 'cmake'
[0.255s] Level 1:colcon.colcon_core.package_identification:_identify(ddt_ros2_ws/ddt_ros2_control/simulation/mujoco_bridge) by extension 'python'
[0.255s] Level 1:colcon.colcon_core.package_identification:_identify(ddt_ros2_ws/ddt_ros2_control/simulation/mujoco_bridge) by extensions ['python_setup_py']
[0.255s] Level 1:colcon.colcon_core.package_identification:_identify(ddt_ros2_ws/ddt_ros2_control/simulation/mujoco_bridge) by extension 'python_setup_py'
[0.256s] Level 1:colcon.colcon_core.package_identification:_identify(ddt_ros2_ws/ddt_ros2_control/simulation/mujoco_bridge/mujoco_bridge) by extensions ['ignore', 'ignore_ament_install']
[0.256s] Level 1:colcon.colcon_core.package_identification:_identify(ddt_ros2_ws/ddt_ros2_control/simulation/mujoco_bridge/mujoco_bridge) by extension 'ignore'
[0.256s] Level 1:colcon.colcon_core.package_identification:_identify(ddt_ros2_ws/ddt_ros2_control/simulation/mujoco_bridge/mujoco_bridge) by extension 'ignore_ament_install'
[0.256s] Level 1:colcon.colcon_core.package_identification:_identify(ddt_ros2_ws/ddt_ros2_control/simulation/mujoco_bridge/mujoco_bridge) by extensions ['colcon_pkg']
[0.256s] Level 1:colcon.colcon_core.package_identification:_identify(ddt_ros2_ws/ddt_ros2_control/simulation/mujoco_bridge/mujoco_bridge) by extension 'colcon_pkg'
[0.256s] Level 1:colcon.colcon_core.package_identification:_identify(ddt_ros2_ws/ddt_ros2_control/simulation/mujoco_bridge/mujoco_bridge) by extensions ['colcon_meta']
[0.256s] Level 1:colcon.colcon_core.package_identification:_identify(ddt_ros2_ws/ddt_ros2_control/simulation/mujoco_bridge/mujoco_bridge) by extension 'colcon_meta'
[0.256s] Level 1:colcon.colcon_core.package_identification:_identify(ddt_ros2_ws/ddt_ros2_control/simulation/mujoco_bridge/mujoco_bridge) by extensions ['ros']
[0.256s] Level 1:colcon.colcon_core.package_identification:_identify(ddt_ros2_ws/ddt_ros2_control/simulation/mujoco_bridge/mujoco_bridge) by extension 'ros'
[0.256s] DEBUG:colcon.colcon_core.package_identification:Package 'ddt_ros2_ws/ddt_ros2_control/simulation/mujoco_bridge/mujoco_bridge' with type 'ros.ament_cmake' and name 'mujoco_bridge'
[0.256s] Level 1:colcon.colcon_core.package_identification:_identify(ddt_ros2_ws/ddt_ros2_control/simulation/mujoco_bridge/mujoco_ros2_control) by extensions ['ignore', 'ignore_ament_install']
[0.256s] Level 1:colcon.colcon_core.package_identification:_identify(ddt_ros2_ws/ddt_ros2_control/simulation/mujoco_bridge/mujoco_ros2_control) by extension 'ignore'
[0.256s] Level 1:colcon.colcon_core.package_identification:_identify(ddt_ros2_ws/ddt_ros2_control/simulation/mujoco_bridge/mujoco_ros2_control) by extension 'ignore_ament_install'
[0.256s] Level 1:colcon.colcon_core.package_identification:_identify(ddt_ros2_ws/ddt_ros2_control/simulation/mujoco_bridge/mujoco_ros2_control) by extensions ['colcon_pkg']
[0.256s] Level 1:colcon.colcon_core.package_identification:_identify(ddt_ros2_ws/ddt_ros2_control/simulation/mujoco_bridge/mujoco_ros2_control) by extension 'colcon_pkg'
[0.257s] Level 1:colcon.colcon_core.package_identification:_identify(ddt_ros2_ws/ddt_ros2_control/simulation/mujoco_bridge/mujoco_ros2_control) by extensions ['colcon_meta']
[0.257s] Level 1:colcon.colcon_core.package_identification:_identify(ddt_ros2_ws/ddt_ros2_control/simulation/mujoco_bridge/mujoco_ros2_control) by extension 'colcon_meta'
[0.257s] Level 1:colcon.colcon_core.package_identification:_identify(ddt_ros2_ws/ddt_ros2_control/simulation/mujoco_bridge/mujoco_ros2_control) by extensions ['ros']
[0.257s] Level 1:colcon.colcon_core.package_identification:_identify(ddt_ros2_ws/ddt_ros2_control/simulation/mujoco_bridge/mujoco_ros2_control) by extension 'ros'
[0.258s] DEBUG:colcon.colcon_core.package_identification:Package 'ddt_ros2_ws/ddt_ros2_control/simulation/mujoco_bridge/mujoco_ros2_control' with type 'ros.ament_cmake' and name 'mujoco_ros2_control'
[0.258s] Level 1:colcon.colcon_core.package_identification:_identify(ddt_ros2_ws/ddt_ros2_control/simulation/mujoco_bridge/mujoco_sim_ros2) by extensions ['ignore', 'ignore_ament_install']
[0.258s] Level 1:colcon.colcon_core.package_identification:_identify(ddt_ros2_ws/ddt_ros2_control/simulation/mujoco_bridge/mujoco_sim_ros2) by extension 'ignore'
[0.258s] Level 1:colcon.colcon_core.package_identification:_identify(ddt_ros2_ws/ddt_ros2_control/simulation/mujoco_bridge/mujoco_sim_ros2) by extension 'ignore_ament_install'
[0.258s] Level 1:colcon.colcon_core.package_identification:_identify(ddt_ros2_ws/ddt_ros2_control/simulation/mujoco_bridge/mujoco_sim_ros2) by extensions ['colcon_pkg']
[0.258s] Level 1:colcon.colcon_core.package_identification:_identify(ddt_ros2_ws/ddt_ros2_control/simulation/mujoco_bridge/mujoco_sim_ros2) by extension 'colcon_pkg'
[0.258s] Level 1:colcon.colcon_core.package_identification:_identify(ddt_ros2_ws/ddt_ros2_control/simulation/mujoco_bridge/mujoco_sim_ros2) by extensions ['colcon_meta']
[0.258s] Level 1:colcon.colcon_core.package_identification:_identify(ddt_ros2_ws/ddt_ros2_control/simulation/mujoco_bridge/mujoco_sim_ros2) by extension 'colcon_meta'
[0.258s] Level 1:colcon.colcon_core.package_identification:_identify(ddt_ros2_ws/ddt_ros2_control/simulation/mujoco_bridge/mujoco_sim_ros2) by extensions ['ros']
[0.258s] Level 1:colcon.colcon_core.package_identification:_identify(ddt_ros2_ws/ddt_ros2_control/simulation/mujoco_bridge/mujoco_sim_ros2) by extension 'ros'
[0.259s] DEBUG:colcon.colcon_core.package_identification:Package 'ddt_ros2_ws/ddt_ros2_control/simulation/mujoco_bridge/mujoco_sim_ros2' with type 'ros.ament_cmake' and name 'mujoco_sim_ros2'
[0.259s] Level 1:colcon.colcon_core.package_identification:_identify(ddt_ros2_ws/ddt_ros2_control/simulation/webots_bridge) by extensions ['ignore', 'ignore_ament_install']
[0.259s] Level 1:colcon.colcon_core.package_identification:_identify(ddt_ros2_ws/ddt_ros2_control/simulation/webots_bridge) by extension 'ignore'
[0.259s] Level 1:colcon.colcon_core.package_identification:_identify(ddt_ros2_ws/ddt_ros2_control/simulation/webots_bridge) by extension 'ignore_ament_install'
[0.259s] Level 1:colcon.colcon_core.package_identification:_identify(ddt_ros2_ws/ddt_ros2_control/simulation/webots_bridge) by extensions ['colcon_pkg']
[0.259s] Level 1:colcon.colcon_core.package_identification:_identify(ddt_ros2_ws/ddt_ros2_control/simulation/webots_bridge) by extension 'colcon_pkg'
[0.259s] Level 1:colcon.colcon_core.package_identification:_identify(ddt_ros2_ws/ddt_ros2_control/simulation/webots_bridge) by extensions ['colcon_meta']
[0.259s] Level 1:colcon.colcon_core.package_identification:_identify(ddt_ros2_ws/ddt_ros2_control/simulation/webots_bridge) by extension 'colcon_meta'
[0.259s] Level 1:colcon.colcon_core.package_identification:_identify(ddt_ros2_ws/ddt_ros2_control/simulation/webots_bridge) by extensions ['ros']
[0.259s] Level 1:colcon.colcon_core.package_identification:_identify(ddt_ros2_ws/ddt_ros2_control/simulation/webots_bridge) by extension 'ros'
[0.267s] DEBUG:colcon.colcon_core.package_identification:Package 'ddt_ros2_ws/ddt_ros2_control/simulation/webots_bridge' with type 'ros.ament_cmake' and name 'webots_bridge'
[0.267s] Level 1:colcon.colcon_core.package_identification:_identify(ddt_ros2_ws/ddt_ros2_control/urdfs) by extensions ['ignore', 'ignore_ament_install']
[0.267s] Level 1:colcon.colcon_core.package_identification:_identify(ddt_ros2_ws/ddt_ros2_control/urdfs) by extension 'ignore'
[0.267s] Level 1:colcon.colcon_core.package_identification:_identify(ddt_ros2_ws/ddt_ros2_control/urdfs) by extension 'ignore_ament_install'
[0.267s] Level 1:colcon.colcon_core.package_identification:_identify(ddt_ros2_ws/ddt_ros2_control/urdfs) by extensions ['colcon_pkg']
[0.267s] Level 1:colcon.colcon_core.package_identification:_identify(ddt_ros2_ws/ddt_ros2_control/urdfs) by extension 'colcon_pkg'
[0.267s] Level 1:colcon.colcon_core.package_identification:_identify(ddt_ros2_ws/ddt_ros2_control/urdfs) by extensions ['colcon_meta']
[0.267s] Level 1:colcon.colcon_core.package_identification:_identify(ddt_ros2_ws/ddt_ros2_control/urdfs) by extension 'colcon_meta'
[0.267s] Level 1:colcon.colcon_core.package_identification:_identify(ddt_ros2_ws/ddt_ros2_control/urdfs) by extensions ['ros']
[0.267s] Level 1:colcon.colcon_core.package_identification:_identify(ddt_ros2_ws/ddt_ros2_control/urdfs) by extension 'ros'
[0.267s] Level 1:colcon.colcon_core.package_identification:_identify(ddt_ros2_ws/ddt_ros2_control/urdfs) by extensions ['cmake', 'python']
[0.268s] Level 1:colcon.colcon_core.package_identification:_identify(ddt_ros2_ws/ddt_ros2_control/urdfs) by extension 'cmake'
[0.268s] Level 1:colcon.colcon_core.package_identification:_identify(ddt_ros2_ws/ddt_ros2_control/urdfs) by extension 'python'
[0.268s] Level 1:colcon.colcon_core.package_identification:_identify(ddt_ros2_ws/ddt_ros2_control/urdfs) by extensions ['python_setup_py']
[0.268s] Level 1:colcon.colcon_core.package_identification:_identify(ddt_ros2_ws/ddt_ros2_control/urdfs) by extension 'python_setup_py'
[0.268s] Level 1:colcon.colcon_core.package_identification:_identify(ddt_ros2_ws/ddt_ros2_control/urdfs/d1_description) by extensions ['ignore', 'ignore_ament_install']
[0.268s] Level 1:colcon.colcon_core.package_identification:_identify(ddt_ros2_ws/ddt_ros2_control/urdfs/d1_description) by extension 'ignore'
[0.268s] Level 1:colcon.colcon_core.package_identification:_identify(ddt_ros2_ws/ddt_ros2_control/urdfs/d1_description) by extension 'ignore_ament_install'
[0.268s] Level 1:colcon.colcon_core.package_identification:_identify(ddt_ros2_ws/ddt_ros2_control/urdfs/d1_description) by extensions ['colcon_pkg']
[0.268s] Level 1:colcon.colcon_core.package_identification:_identify(ddt_ros2_ws/ddt_ros2_control/urdfs/d1_description) by extension 'colcon_pkg'
[0.268s] Level 1:colcon.colcon_core.package_identification:_identify(ddt_ros2_ws/ddt_ros2_control/urdfs/d1_description) by extensions ['colcon_meta']
[0.268s] Level 1:colcon.colcon_core.package_identification:_identify(ddt_ros2_ws/ddt_ros2_control/urdfs/d1_description) by extension 'colcon_meta'
[0.268s] Level 1:colcon.colcon_core.package_identification:_identify(ddt_ros2_ws/ddt_ros2_control/urdfs/d1_description) by extensions ['ros']
[0.268s] Level 1:colcon.colcon_core.package_identification:_identify(ddt_ros2_ws/ddt_ros2_control/urdfs/d1_description) by extension 'ros'
[0.271s] DEBUG:colcon.colcon_core.package_identification:Package 'ddt_ros2_ws/ddt_ros2_control/urdfs/d1_description' with type 'ros.ament_cmake' and name 'd1_description'
[0.271s] Level 1:colcon.colcon_core.package_identification:_identify(ddt_ros2_ws/ddt_ros2_control/urdfs/d1h_description) by extensions ['ignore', 'ignore_ament_install']
[0.272s] Level 1:colcon.colcon_core.package_identification:_identify(ddt_ros2_ws/ddt_ros2_control/urdfs/d1h_description) by extension 'ignore'
[0.272s] Level 1:colcon.colcon_core.package_identification:_identify(ddt_ros2_ws/ddt_ros2_control/urdfs/d1h_description) by extension 'ignore_ament_install'
[0.272s] Level 1:colcon.colcon_core.package_identification:_identify(ddt_ros2_ws/ddt_ros2_control/urdfs/d1h_description) by extensions ['colcon_pkg']
[0.272s] Level 1:colcon.colcon_core.package_identification:_identify(ddt_ros2_ws/ddt_ros2_control/urdfs/d1h_description) by extension 'colcon_pkg'
[0.272s] Level 1:colcon.colcon_core.package_identification:_identify(ddt_ros2_ws/ddt_ros2_control/urdfs/d1h_description) by extensions ['colcon_meta']
[0.272s] Level 1:colcon.colcon_core.package_identification:_identify(ddt_ros2_ws/ddt_ros2_control/urdfs/d1h_description) by extension 'colcon_meta'
[0.272s] Level 1:colcon.colcon_core.package_identification:_identify(ddt_ros2_ws/ddt_ros2_control/urdfs/d1h_description) by extensions ['ros']
[0.272s] Level 1:colcon.colcon_core.package_identification:_identify(ddt_ros2_ws/ddt_ros2_control/urdfs/d1h_description) by extension 'ros'
[0.274s] DEBUG:colcon.colcon_core.package_identification:Package 'ddt_ros2_ws/ddt_ros2_control/urdfs/d1h_description' with type 'ros.ament_cmake' and name 'd1h_description'
[0.274s] Level 1:colcon.colcon_core.package_identification:_identify(ddt_ros2_ws/ddt_ros2_control/urdfs/tita_description) by extensions ['ignore', 'ignore_ament_install']
[0.274s] Level 1:colcon.colcon_core.package_identification:_identify(ddt_ros2_ws/ddt_ros2_control/urdfs/tita_description) by extension 'ignore'
[0.274s] Level 1:colcon.colcon_core.package_identification:_identify(ddt_ros2_ws/ddt_ros2_control/urdfs/tita_description) by extension 'ignore_ament_install'
[0.275s] Level 1:colcon.colcon_core.package_identification:_identify(ddt_ros2_ws/ddt_ros2_control/urdfs/tita_description) by extensions ['colcon_pkg']
[0.275s] Level 1:colcon.colcon_core.package_identification:_identify(ddt_ros2_ws/ddt_ros2_control/urdfs/tita_description) by extension 'colcon_pkg'
[0.275s] Level 1:colcon.colcon_core.package_identification:_identify(ddt_ros2_ws/ddt_ros2_control/urdfs/tita_description) by extensions ['colcon_meta']
[0.275s] Level 1:colcon.colcon_core.package_identification:_identify(ddt_ros2_ws/ddt_ros2_control/urdfs/tita_description) by extension 'colcon_meta'
[0.275s] Level 1:colcon.colcon_core.package_identification:_identify(ddt_ros2_ws/ddt_ros2_control/urdfs/tita_description) by extensions ['ros']
[0.275s] Level 1:colcon.colcon_core.package_identification:_identify(ddt_ros2_ws/ddt_ros2_control/urdfs/tita_description) by extension 'ros'
[0.277s] DEBUG:colcon.colcon_core.package_identification:Package 'ddt_ros2_ws/ddt_ros2_control/urdfs/tita_description' with type 'ros.ament_cmake' and name 'tita_description'
[0.277s] Level 1:colcon.colcon_core.package_identification:_identify(ddt_ros2_ws/ddt_ros2_control/urdfs/titatit_description) by extensions ['ignore', 'ignore_ament_install']
[0.277s] Level 1:colcon.colcon_core.package_identification:_identify(ddt_ros2_ws/ddt_ros2_control/urdfs/titatit_description) by extension 'ignore'
[0.277s] Level 1:colcon.colcon_core.package_identification:_identify(ddt_ros2_ws/ddt_ros2_control/urdfs/titatit_description) by extension 'ignore_ament_install'
[0.277s] Level 1:colcon.colcon_core.package_identification:_identify(ddt_ros2_ws/ddt_ros2_control/urdfs/titatit_description) by extensions ['colcon_pkg']
[0.277s] Level 1:colcon.colcon_core.package_identification:_identify(ddt_ros2_ws/ddt_ros2_control/urdfs/titatit_description) by extension 'colcon_pkg'
[0.278s] Level 1:colcon.colcon_core.package_identification:_identify(ddt_ros2_ws/ddt_ros2_control/urdfs/titatit_description) by extensions ['colcon_meta']
[0.278s] Level 1:colcon.colcon_core.package_identification:_identify(ddt_ros2_ws/ddt_ros2_control/urdfs/titatit_description) by extension 'colcon_meta'
[0.278s] Level 1:colcon.colcon_core.package_identification:_identify(ddt_ros2_ws/ddt_ros2_control/urdfs/titatit_description) by extensions ['ros']
[0.278s] Level 1:colcon.colcon_core.package_identification:_identify(ddt_ros2_ws/ddt_ros2_control/urdfs/titatit_description) by extension 'ros'
[0.280s] DEBUG:colcon.colcon_core.package_identification:Package 'ddt_ros2_ws/ddt_ros2_control/urdfs/titatit_description' with type 'ros.ament_cmake' and name 'titatit_description'
[0.280s] Level 1:colcon.colcon_core.package_identification:_identify(ddt_ros2_ws/install) by extensions ['ignore', 'ignore_ament_install']
[0.280s] Level 1:colcon.colcon_core.package_identification:_identify(ddt_ros2_ws/install) by extension 'ignore'
[0.280s] Level 1:colcon.colcon_core.package_identification:_identify(ddt_ros2_ws/install) ignored
[0.280s] Level 1:colcon.colcon_core.package_identification:_identify(ddt_ros2_ws/log) by extensions ['ignore', 'ignore_ament_install']
[0.280s] Level 1:colcon.colcon_core.package_identification:_identify(ddt_ros2_ws/log) by extension 'ignore'
[0.280s] Level 1:colcon.colcon_core.package_identification:_identify(ddt_ros2_ws/log) ignored
[0.281s] Level 1:colcon.colcon_core.package_identification:_identify(ddt_ros2_ws/mujoco) by extensions ['ignore', 'ignore_ament_install']
[0.281s] Level 1:colcon.colcon_core.package_identification:_identify(ddt_ros2_ws/mujoco) by extension 'ignore'
[0.281s] Level 1:colcon.colcon_core.package_identification:_identify(ddt_ros2_ws/mujoco) by extension 'ignore_ament_install'
[0.281s] Level 1:colcon.colcon_core.package_identification:_identify(ddt_ros2_ws/mujoco) by extensions ['colcon_pkg']
[0.281s] Level 1:colcon.colcon_core.package_identification:_identify(ddt_ros2_ws/mujoco) by extension 'colcon_pkg'
[0.281s] Level 1:colcon.colcon_core.package_identification:_identify(ddt_ros2_ws/mujoco) by extensions ['colcon_meta']
[0.281s] Level 1:colcon.colcon_core.package_identification:_identify(ddt_ros2_ws/mujoco) by extension 'colcon_meta'
[0.281s] Level 1:colcon.colcon_core.package_identification:_identify(ddt_ros2_ws/mujoco) by extensions ['ros']
[0.281s] Level 1:colcon.colcon_core.package_identification:_identify(ddt_ros2_ws/mujoco) by extension 'ros'
[0.281s] Level 1:colcon.colcon_core.package_identification:_identify(ddt_ros2_ws/mujoco) by extensions ['cmake', 'python']
[0.281s] Level 1:colcon.colcon_core.package_identification:_identify(ddt_ros2_ws/mujoco) by extension 'cmake'
[0.294s] Level 1:colcon.colcon_core.package_identification:_identify(ddt_ros2_ws/mujoco) by extension 'python'
[0.294s] DEBUG:colcon.colcon_core.package_identification:Package 'ddt_ros2_ws/mujoco' with type 'cmake' and name 'mujoco'
[0.294s] Level 1:colcon.colcon_core.package_identification:_identify(install) by extensions ['ignore', 'ignore_ament_install']
[0.294s] Level 1:colcon.colcon_core.package_identification:_identify(install) by extension 'ignore'
[0.294s] Level 1:colcon.colcon_core.package_identification:_identify(install) ignored
[0.294s] Level 1:colcon.colcon_core.package_identification:_identify(log) by extensions ['ignore', 'ignore_ament_install']
[0.295s] Level 1:colcon.colcon_core.package_identification:_identify(log) by extension 'ignore'
[0.295s] Level 1:colcon.colcon_core.package_identification:_identify(log) ignored
[0.295s] Level 1:colcon.colcon_core.package_identification:_identify(onnxruntime-linux-x64-1.10.0) by extensions ['ignore', 'ignore_ament_install']
[0.295s] Level 1:colcon.colcon_core.package_identification:_identify(onnxruntime-linux-x64-1.10.0) by extension 'ignore'
[0.295s] Level 1:colcon.colcon_core.package_identification:_identify(onnxruntime-linux-x64-1.10.0) by extension 'ignore_ament_install'
[0.295s] Level 1:colcon.colcon_core.package_identification:_identify(onnxruntime-linux-x64-1.10.0) by extensions ['colcon_pkg']
[0.295s] Level 1:colcon.colcon_core.package_identification:_identify(onnxruntime-linux-x64-1.10.0) by extension 'colcon_pkg'
[0.295s] Level 1:colcon.colcon_core.package_identification:_identify(onnxruntime-linux-x64-1.10.0) by extensions ['colcon_meta']
[0.295s] Level 1:colcon.colcon_core.package_identification:_identify(onnxruntime-linux-x64-1.10.0) by extension 'colcon_meta'
[0.295s] Level 1:colcon.colcon_core.package_identification:_identify(onnxruntime-linux-x64-1.10.0) by extensions ['ros']
[0.295s] Level 1:colcon.colcon_core.package_identification:_identify(onnxruntime-linux-x64-1.10.0) by extension 'ros'
[0.295s] Level 1:colcon.colcon_core.package_identification:_identify(onnxruntime-linux-x64-1.10.0) by extensions ['cmake', 'python']
[0.295s] Level 1:colcon.colcon_core.package_identification:_identify(onnxruntime-linux-x64-1.10.0) by extension 'cmake'
[0.295s] Level 1:colcon.colcon_core.package_identification:_identify(onnxruntime-linux-x64-1.10.0) by extension 'python'
[0.295s] Level 1:colcon.colcon_core.package_identification:_identify(onnxruntime-linux-x64-1.10.0) by extensions ['python_setup_py']
[0.295s] Level 1:colcon.colcon_core.package_identification:_identify(onnxruntime-linux-x64-1.10.0) by extension 'python_setup_py'
[0.295s] Level 1:colcon.colcon_core.package_identification:_identify(onnxruntime-linux-x64-1.10.0/include) by extensions ['ignore', 'ignore_ament_install']
[0.295s] Level 1:colcon.colcon_core.package_identification:_identify(onnxruntime-linux-x64-1.10.0/include) by extension 'ignore'
[0.295s] Level 1:colcon.colcon_core.package_identification:_identify(onnxruntime-linux-x64-1.10.0/include) by extension 'ignore_ament_install'
[0.295s] Level 1:colcon.colcon_core.package_identification:_identify(onnxruntime-linux-x64-1.10.0/include) by extensions ['colcon_pkg']
[0.295s] Level 1:colcon.colcon_core.package_identification:_identify(onnxruntime-linux-x64-1.10.0/include) by extension 'colcon_pkg'
[0.295s] Level 1:colcon.colcon_core.package_identification:_identify(onnxruntime-linux-x64-1.10.0/include) by extensions ['colcon_meta']
[0.295s] Level 1:colcon.colcon_core.package_identification:_identify(onnxruntime-linux-x64-1.10.0/include) by extension 'colcon_meta'
[0.295s] Level 1:colcon.colcon_core.package_identification:_identify(onnxruntime-linux-x64-1.10.0/include) by extensions ['ros']
[0.295s] Level 1:colcon.colcon_core.package_identification:_identify(onnxruntime-linux-x64-1.10.0/include) by extension 'ros'
[0.295s] Level 1:colcon.colcon_core.package_identification:_identify(onnxruntime-linux-x64-1.10.0/include) by extensions ['cmake', 'python']
[0.295s] Level 1:colcon.colcon_core.package_identification:_identify(onnxruntime-linux-x64-1.10.0/include) by extension 'cmake'
[0.296s] Level 1:colcon.colcon_core.package_identification:_identify(onnxruntime-linux-x64-1.10.0/include) by extension 'python'
[0.296s] Level 1:colcon.colcon_core.package_identification:_identify(onnxruntime-linux-x64-1.10.0/include) by extensions ['python_setup_py']
[0.296s] Level 1:colcon.colcon_core.package_identification:_identify(onnxruntime-linux-x64-1.10.0/include) by extension 'python_setup_py'
[0.296s] Level 1:colcon.colcon_core.package_identification:_identify(onnxruntime-linux-x64-1.10.0/lib) by extensions ['ignore', 'ignore_ament_install']
[0.296s] Level 1:colcon.colcon_core.package_identification:_identify(onnxruntime-linux-x64-1.10.0/lib) by extension 'ignore'
[0.296s] Level 1:colcon.colcon_core.package_identification:_identify(onnxruntime-linux-x64-1.10.0/lib) by extension 'ignore_ament_install'
[0.296s] Level 1:colcon.colcon_core.package_identification:_identify(onnxruntime-linux-x64-1.10.0/lib) by extensions ['colcon_pkg']
[0.296s] Level 1:colcon.colcon_core.package_identification:_identify(onnxruntime-linux-x64-1.10.0/lib) by extension 'colcon_pkg'
[0.296s] Level 1:colcon.colcon_core.package_identification:_identify(onnxruntime-linux-x64-1.10.0/lib) by extensions ['colcon_meta']
[0.296s] Level 1:colcon.colcon_core.package_identification:_identify(onnxruntime-linux-x64-1.10.0/lib) by extension 'colcon_meta'
[0.296s] Level 1:colcon.colcon_core.package_identification:_identify(onnxruntime-linux-x64-1.10.0/lib) by extensions ['ros']
[0.296s] Level 1:colcon.colcon_core.package_identification:_identify(onnxruntime-linux-x64-1.10.0/lib) by extension 'ros'
[0.296s] Level 1:colcon.colcon_core.package_identification:_identify(onnxruntime-linux-x64-1.10.0/lib) by extensions ['cmake', 'python']
[0.296s] Level 1:colcon.colcon_core.package_identification:_identify(onnxruntime-linux-x64-1.10.0/lib) by extension 'cmake'
[0.296s] Level 1:colcon.colcon_core.package_identification:_identify(onnxruntime-linux-x64-1.10.0/lib) by extension 'python'
[0.296s] Level 1:colcon.colcon_core.package_identification:_identify(onnxruntime-linux-x64-1.10.0/lib) by extensions ['python_setup_py']
[0.296s] Level 1:colcon.colcon_core.package_identification:_identify(onnxruntime-linux-x64-1.10.0/lib) by extension 'python_setup_py'
[0.296s] Level 1:colcon.colcon_core.package_discovery:discover_packages(recursive) using defaults
[0.296s] Level 1:colcon.colcon_core.package_discovery:discover_packages(ignore) discover
[0.296s] Level 1:colcon.colcon_core.package_discovery:discover_packages(ignore) using defaults
[0.296s] Level 1:colcon.colcon_core.package_discovery:discover_packages(path) discover
[0.296s] Level 1:colcon.colcon_core.package_discovery:discover_packages(path) using defaults
[0.316s] INFO:colcon.colcon_core.package_selection:Skipping package 'mujoco_bridge' in 'ddt_ros2_ws/ddt_ros2_control/simulation/mujoco_bridge/mujoco_bridge'
[0.316s] INFO:colcon.colcon_core.package_selection:Skipping package 'mujoco_ros2_control' in 'ddt_ros2_ws/ddt_ros2_control/simulation/mujoco_bridge/mujoco_ros2_control'
[0.316s] INFO:colcon.colcon_core.package_selection:Skipping package 'teleop_command' in 'ddt_ros2_ws/ddt_ros2_control/interaction/teleop_command'
[0.316s] INFO:colcon.colcon_core.package_selection:Skipping package 'rl_controller' in 'ddt_ros2_ws/ddt_ros2_control/controller/rl_controller'
[0.316s] INFO:colcon.colcon_core.package_selection:Skipping package 'mujoco_sim_ros2' in 'ddt_ros2_ws/ddt_ros2_control/simulation/mujoco_bridge/mujoco_sim_ros2'
[0.316s] INFO:colcon.colcon_core.package_selection:Skipping package 'keyboard_controller' in 'ddt_ros2_ws/ddt_ros2_control/interaction/keyboard_controller'
[0.316s] INFO:colcon.colcon_core.package_selection:Skipping package 'hardware_bridge' in 'ddt_ros2_ws/ddt_ros2_control/hardware/hardware_bridge'
[0.316s] INFO:colcon.colcon_core.package_selection:Skipping package 'webots_bridge' in 'ddt_ros2_ws/ddt_ros2_control/simulation/webots_bridge'
[0.316s] INFO:colcon.colcon_core.package_selection:Skipping package 'titatit_description' in 'ddt_ros2_ws/ddt_ros2_control/urdfs/titatit_description'
[0.316s] INFO:colcon.colcon_core.package_selection:Skipping package 'tita_robot' in 'ddt_ros2_ws/ddt_ros2_control/hardware/tita_robot'
[0.316s] INFO:colcon.colcon_core.package_selection:Skipping package 'ros_utils' in 'ddt_ros2_ws/ddt_ros2_control/ros_utils'
[0.316s] INFO:colcon.colcon_core.package_selection:Skipping package 'mujoco' in 'ddt_ros2_ws/mujoco'
[0.316s] INFO:colcon.colcon_core.package_selection:Skipping package 'd1h_description' in 'ddt_ros2_ws/ddt_ros2_control/urdfs/d1h_description'
[0.316s] INFO:colcon.colcon_core.package_selection:Skipping package 'd1_description' in 'ddt_ros2_ws/ddt_ros2_control/urdfs/d1_description'
[0.316s] Level 1:colcon.colcon_core.package_discovery:discover_packages(prefix_path) check parameters
[0.316s] Level 1:colcon.colcon_core.package_discovery:discover_packages(prefix_path) discover
[0.318s] DEBUG:colcon.colcon_installed_package_information.package_discovery:Found 9 installed packages in /home/aiseon/tita/sim2sim2real/install
[0.319s] DEBUG:colcon.colcon_installed_package_information.package_discovery:Found 443 installed packages in /opt/ros/humble
[0.321s] Level 1:colcon.colcon_core.package_discovery:discover_packages(prefix_path) using defaults
[0.366s] Level 5:colcon.colcon_core.verb:set package 'tita_description' build argument 'cmake_args' from command line to 'None'
[0.366s] Level 5:colcon.colcon_core.verb:set package 'tita_description' build argument 'cmake_target' from command line to 'None'
[0.366s] Level 5:colcon.colcon_core.verb:set package 'tita_description' build argument 'cmake_target_skip_unavailable' from command line to 'False'
[0.366s] Level 5:colcon.colcon_core.verb:set package 'tita_description' build argument 'cmake_clean_cache' from command line to 'False'
[0.366s] Level 5:colcon.colcon_core.verb:set package 'tita_description' build argument 'cmake_clean_first' from command line to 'False'
[0.366s] Level 5:colcon.colcon_core.verb:set package 'tita_description' build argument 'cmake_force_configure' from command line to 'False'
[0.366s] Level 5:colcon.colcon_core.verb:set package 'tita_description' build argument 'ament_cmake_args' from command line to 'None'
[0.366s] Level 5:colcon.colcon_core.verb:set package 'tita_description' build argument 'catkin_cmake_args' from command line to 'None'
[0.366s] Level 5:colcon.colcon_core.verb:set package 'tita_description' build argument 'catkin_skip_building_tests' from command line to 'False'
[0.366s] DEBUG:colcon.colcon_core.verb:Building package 'tita_description' with the following arguments: {'ament_cmake_args': None, 'build_base': '/home/aiseon/tita/sim2sim2real/build/tita_description', 'catkin_cmake_args': None, 'catkin_skip_building_tests': False, 'cmake_args': None, 'cmake_clean_cache': False, 'cmake_clean_first': False, 'cmake_force_configure': False, 'cmake_target': None, 'cmake_target_skip_unavailable': False, 'install_base': '/home/aiseon/tita/sim2sim2real/install/tita_description', 'merge_install': False, 'path': '/home/aiseon/tita/sim2sim2real/ddt_ros2_ws/ddt_ros2_control/urdfs/tita_description', 'symlink_install': True, 'test_result_base': None}
[0.366s] Level 5:colcon.colcon_core.verb:set package 'gazebo_bridge' build argument 'cmake_args' from command line to 'None'
[0.366s] Level 5:colcon.colcon_core.verb:set package 'gazebo_bridge' build argument 'cmake_target' from command line to 'None'
[0.366s] Level 5:colcon.colcon_core.verb:set package 'gazebo_bridge' build argument 'cmake_target_skip_unavailable' from command line to 'False'
[0.366s] Level 5:colcon.colcon_core.verb:set package 'gazebo_bridge' build argument 'cmake_clean_cache' from command line to 'False'
[0.366s] Level 5:colcon.colcon_core.verb:set package 'gazebo_bridge' build argument 'cmake_clean_first' from command line to 'False'
[0.366s] Level 5:colcon.colcon_core.verb:set package 'gazebo_bridge' build argument 'cmake_force_configure' from command line to 'False'
[0.366s] Level 5:colcon.colcon_core.verb:set package 'gazebo_bridge' build argument 'ament_cmake_args' from command line to 'None'
[0.366s] Level 5:colcon.colcon_core.verb:set package 'gazebo_bridge' build argument 'catkin_cmake_args' from command line to 'None'
[0.366s] Level 5:colcon.colcon_core.verb:set package 'gazebo_bridge' build argument 'catkin_skip_building_tests' from command line to 'False'
[0.366s] DEBUG:colcon.colcon_core.verb:Building package 'gazebo_bridge' with the following arguments: {'ament_cmake_args': None, 'build_base': '/home/aiseon/tita/sim2sim2real/build/gazebo_bridge', 'catkin_cmake_args': None, 'catkin_skip_building_tests': False, 'cmake_args': None, 'cmake_clean_cache': False, 'cmake_clean_first': False, 'cmake_force_configure': False, 'cmake_target': None, 'cmake_target_skip_unavailable': False, 'install_base': '/home/aiseon/tita/sim2sim2real/install/gazebo_bridge', 'merge_install': False, 'path': '/home/aiseon/tita/sim2sim2real/ddt_ros2_ws/ddt_ros2_control/simulation/gazebo_bridge', 'symlink_install': True, 'test_result_base': None}
[0.366s] INFO:colcon.colcon_core.executor:Executing jobs using 'parallel' executor
[0.368s] DEBUG:colcon.colcon_parallel_executor.executor.parallel:run_until_complete
[0.368s] INFO:colcon.colcon_ros.task.ament_cmake.build:Building ROS package in '/home/aiseon/tita/sim2sim2real/ddt_ros2_ws/ddt_ros2_control/urdfs/tita_description' with build type 'ament_cmake'
[0.368s] INFO:colcon.colcon_cmake.task.cmake.build:Building CMake package in '/home/aiseon/tita/sim2sim2real/ddt_ros2_ws/ddt_ros2_control/urdfs/tita_description'
[0.371s] INFO:colcon.colcon_core.plugin_system:Skipping extension 'colcon_core.shell.bat': Not used on non-Windows systems
[0.371s] INFO:colcon.colcon_core.shell:Skip shell extension 'powershell' for command environment: Not usable outside of PowerShell
[0.371s] DEBUG:colcon.colcon_core.shell:Skip shell extension 'dsv' for command environment
[0.389s] DEBUG:colcon.colcon_core.event_handler.log_command:Invoking command in '/home/aiseon/tita/sim2sim2real/build/tita_description': CMAKE_PREFIX_PATH=${CMAKE_PREFIX_PATH}:/opt/ros/humble /usr/bin/cmake --build /home/aiseon/tita/sim2sim2real/build/tita_description -- -j192 -l192
[0.445s] DEBUG:colcon.colcon_core.event_handler.log_command:Invoked command in '/home/aiseon/tita/sim2sim2real/build/tita_description' returned '0': CMAKE_PREFIX_PATH=${CMAKE_PREFIX_PATH}:/opt/ros/humble /usr/bin/cmake --build /home/aiseon/tita/sim2sim2real/build/tita_description -- -j192 -l192
[0.458s] DEBUG:colcon.colcon_core.event_handler.log_command:Invoking command in '/home/aiseon/tita/sim2sim2real/build/tita_description': CMAKE_PREFIX_PATH=${CMAKE_PREFIX_PATH}:/opt/ros/humble /usr/bin/cmake --install /home/aiseon/tita/sim2sim2real/build/tita_description
[0.482s] Level 1:colcon.colcon_core.environment:create_environment_scripts_only(tita_description)
[0.483s] DEBUG:colcon.colcon_core.event_handler.log_command:Invoked command in '/home/aiseon/tita/sim2sim2real/build/tita_description' returned '0': CMAKE_PREFIX_PATH=${CMAKE_PREFIX_PATH}:/opt/ros/humble /usr/bin/cmake --install /home/aiseon/tita/sim2sim2real/build/tita_description
[0.486s] Level 1:colcon.colcon_core.environment:checking '/home/aiseon/tita/sim2sim2real/install/tita_description' for CMake module files
[0.486s] Level 1:colcon.colcon_core.environment:checking '/home/aiseon/tita/sim2sim2real/install/tita_description' for CMake config files
[0.487s] Level 1:colcon.colcon_core.shell:create_environment_hook('tita_description', 'cmake_prefix_path')
[0.487s] INFO:colcon.colcon_core.shell:Creating environment hook '/home/aiseon/tita/sim2sim2real/install/tita_description/share/tita_description/hook/cmake_prefix_path.ps1'
[0.488s] INFO:colcon.colcon_core.shell:Creating environment descriptor '/home/aiseon/tita/sim2sim2real/install/tita_description/share/tita_description/hook/cmake_prefix_path.dsv'
[0.488s] INFO:colcon.colcon_core.shell:Creating environment hook '/home/aiseon/tita/sim2sim2real/install/tita_description/share/tita_description/hook/cmake_prefix_path.sh'
[0.488s] Level 1:colcon.colcon_core.environment:checking '/home/aiseon/tita/sim2sim2real/install/tita_description/bin'
[0.489s] Level 1:colcon.colcon_core.environment:checking '/home/aiseon/tita/sim2sim2real/install/tita_description/lib/pkgconfig/tita_description.pc'
[0.489s] Level 1:colcon.colcon_core.environment:checking '/home/aiseon/tita/sim2sim2real/install/tita_description/lib/python3.10/site-packages'
[0.489s] Level 1:colcon.colcon_core.environment:checking '/home/aiseon/tita/sim2sim2real/install/tita_description/bin'
[0.489s] INFO:colcon.colcon_core.shell:Creating package script '/home/aiseon/tita/sim2sim2real/install/tita_description/share/tita_description/package.ps1'
[0.490s] INFO:colcon.colcon_core.shell:Creating package descriptor '/home/aiseon/tita/sim2sim2real/install/tita_description/share/tita_description/package.dsv'
[0.490s] INFO:colcon.colcon_core.shell:Creating package script '/home/aiseon/tita/sim2sim2real/install/tita_description/share/tita_description/package.sh'
[0.491s] INFO:colcon.colcon_core.shell:Creating package script '/home/aiseon/tita/sim2sim2real/install/tita_description/share/tita_description/package.bash'
[0.491s] INFO:colcon.colcon_core.shell:Creating package script '/home/aiseon/tita/sim2sim2real/install/tita_description/share/tita_description/package.zsh'
[0.492s] Level 1:colcon.colcon_core.environment:create_file_with_runtime_dependencies(/home/aiseon/tita/sim2sim2real/install/tita_description/share/colcon-core/packages/tita_description)
[0.492s] Level 1:colcon.colcon_core.environment:create_environment_scripts_only(tita_description)
[0.492s] Level 1:colcon.colcon_core.environment:checking '/home/aiseon/tita/sim2sim2real/install/tita_description' for CMake module files
[0.493s] Level 1:colcon.colcon_core.environment:checking '/home/aiseon/tita/sim2sim2real/install/tita_description' for CMake config files
[0.493s] Level 1:colcon.colcon_core.shell:create_environment_hook('tita_description', 'cmake_prefix_path')
[0.493s] INFO:colcon.colcon_core.shell:Creating environment hook '/home/aiseon/tita/sim2sim2real/install/tita_description/share/tita_description/hook/cmake_prefix_path.ps1'
[0.493s] INFO:colcon.colcon_core.shell:Creating environment descriptor '/home/aiseon/tita/sim2sim2real/install/tita_description/share/tita_description/hook/cmake_prefix_path.dsv'
[0.494s] INFO:colcon.colcon_core.shell:Creating environment hook '/home/aiseon/tita/sim2sim2real/install/tita_description/share/tita_description/hook/cmake_prefix_path.sh'
[0.494s] Level 1:colcon.colcon_core.environment:checking '/home/aiseon/tita/sim2sim2real/install/tita_description/bin'
[0.494s] Level 1:colcon.colcon_core.environment:checking '/home/aiseon/tita/sim2sim2real/install/tita_description/lib/pkgconfig/tita_description.pc'
[0.494s] Level 1:colcon.colcon_core.environment:checking '/home/aiseon/tita/sim2sim2real/install/tita_description/lib/python3.10/site-packages'
[0.494s] Level 1:colcon.colcon_core.environment:checking '/home/aiseon/tita/sim2sim2real/install/tita_description/bin'
[0.495s] INFO:colcon.colcon_core.shell:Creating package script '/home/aiseon/tita/sim2sim2real/install/tita_description/share/tita_description/package.ps1'
[0.495s] INFO:colcon.colcon_core.shell:Creating package descriptor '/home/aiseon/tita/sim2sim2real/install/tita_description/share/tita_description/package.dsv'
[0.495s] INFO:colcon.colcon_core.shell:Creating package script '/home/aiseon/tita/sim2sim2real/install/tita_description/share/tita_description/package.sh'
[0.496s] INFO:colcon.colcon_core.shell:Creating package script '/home/aiseon/tita/sim2sim2real/install/tita_description/share/tita_description/package.bash'
[0.496s] INFO:colcon.colcon_core.shell:Creating package script '/home/aiseon/tita/sim2sim2real/install/tita_description/share/tita_description/package.zsh'
[0.496s] Level 1:colcon.colcon_core.environment:create_file_with_runtime_dependencies(/home/aiseon/tita/sim2sim2real/install/tita_description/share/colcon-core/packages/tita_description)
[0.496s] INFO:colcon.colcon_ros.task.ament_cmake.build:Building ROS package in '/home/aiseon/tita/sim2sim2real/ddt_ros2_ws/ddt_ros2_control/simulation/gazebo_bridge' with build type 'ament_cmake'
[0.496s] INFO:colcon.colcon_cmake.task.cmake.build:Building CMake package in '/home/aiseon/tita/sim2sim2real/ddt_ros2_ws/ddt_ros2_control/simulation/gazebo_bridge'
[0.497s] INFO:colcon.colcon_core.shell:Skip shell extension 'powershell' for command environment: Not usable outside of PowerShell
[0.497s] DEBUG:colcon.colcon_core.shell:Skip shell extension 'dsv' for command environment
[0.515s] DEBUG:colcon.colcon_core.event_handler.log_command:Invoking command in '/home/aiseon/tita/sim2sim2real/build/gazebo_bridge': CMAKE_PREFIX_PATH=/home/aiseon/tita/sim2sim2real/install/tita_description:/home/aiseon/tita/sim2sim2real/install/webots_bridge:/home/aiseon/tita/sim2sim2real/install/hardware_bridge:/home/aiseon/tita/sim2sim2real/install/tita_robot:/home/aiseon/tita/sim2sim2real/install/titatit_description:/home/aiseon/tita/sim2sim2real/install/teleop_command:/home/aiseon/tita/sim2sim2real/install/rl_controller:/home/aiseon/tita/sim2sim2real/install/keyboard_controller:/home/aiseon/tita/sim2sim2real/install/ros_utils:/usr/lib/cmake/mujoco:/opt/ros/humble /usr/bin/cmake /home/aiseon/tita/sim2sim2real/ddt_ros2_ws/ddt_ros2_control/simulation/gazebo_bridge -DAMENT_CMAKE_SYMLINK_INSTALL=1 -DCMAKE_INSTALL_PREFIX=/home/aiseon/tita/sim2sim2real/install/gazebo_bridge
[3.772s] DEBUG:colcon.colcon_core.event_handler.log_command:Invoked command in '/home/aiseon/tita/sim2sim2real/build/gazebo_bridge' returned '0': CMAKE_PREFIX_PATH=/home/aiseon/tita/sim2sim2real/install/tita_description:/home/aiseon/tita/sim2sim2real/install/webots_bridge:/home/aiseon/tita/sim2sim2real/install/hardware_bridge:/home/aiseon/tita/sim2sim2real/install/tita_robot:/home/aiseon/tita/sim2sim2real/install/titatit_description:/home/aiseon/tita/sim2sim2real/install/teleop_command:/home/aiseon/tita/sim2sim2real/install/rl_controller:/home/aiseon/tita/sim2sim2real/install/keyboard_controller:/home/aiseon/tita/sim2sim2real/install/ros_utils:/usr/lib/cmake/mujoco:/opt/ros/humble /usr/bin/cmake /home/aiseon/tita/sim2sim2real/ddt_ros2_ws/ddt_ros2_control/simulation/gazebo_bridge -DAMENT_CMAKE_SYMLINK_INSTALL=1 -DCMAKE_INSTALL_PREFIX=/home/aiseon/tita/sim2sim2real/install/gazebo_bridge
[3.775s] DEBUG:colcon.colcon_core.event_handler.log_command:Invoking command in '/home/aiseon/tita/sim2sim2real/build/gazebo_bridge': CMAKE_PREFIX_PATH=/home/aiseon/tita/sim2sim2real/install/tita_description:/home/aiseon/tita/sim2sim2real/install/webots_bridge:/home/aiseon/tita/sim2sim2real/install/hardware_bridge:/home/aiseon/tita/sim2sim2real/install/tita_robot:/home/aiseon/tita/sim2sim2real/install/titatit_description:/home/aiseon/tita/sim2sim2real/install/teleop_command:/home/aiseon/tita/sim2sim2real/install/rl_controller:/home/aiseon/tita/sim2sim2real/install/keyboard_controller:/home/aiseon/tita/sim2sim2real/install/ros_utils:/usr/lib/cmake/mujoco:/opt/ros/humble /usr/bin/cmake --build /home/aiseon/tita/sim2sim2real/build/gazebo_bridge -- -j192 -l192
[17.017s] DEBUG:colcon.colcon_core.event_handler.log_command:Invoked command in '/home/aiseon/tita/sim2sim2real/build/gazebo_bridge' returned '0': CMAKE_PREFIX_PATH=/home/aiseon/tita/sim2sim2real/install/tita_description:/home/aiseon/tita/sim2sim2real/install/webots_bridge:/home/aiseon/tita/sim2sim2real/install/hardware_bridge:/home/aiseon/tita/sim2sim2real/install/tita_robot:/home/aiseon/tita/sim2sim2real/install/titatit_description:/home/aiseon/tita/sim2sim2real/install/teleop_command:/home/aiseon/tita/sim2sim2real/install/rl_controller:/home/aiseon/tita/sim2sim2real/install/keyboard_controller:/home/aiseon/tita/sim2sim2real/install/ros_utils:/usr/lib/cmake/mujoco:/opt/ros/humble /usr/bin/cmake --build /home/aiseon/tita/sim2sim2real/build/gazebo_bridge -- -j192 -l192
[17.020s] DEBUG:colcon.colcon_core.event_handler.log_command:Invoking command in '/home/aiseon/tita/sim2sim2real/build/gazebo_bridge': CMAKE_PREFIX_PATH=/home/aiseon/tita/sim2sim2real/install/tita_description:/home/aiseon/tita/sim2sim2real/install/webots_bridge:/home/aiseon/tita/sim2sim2real/install/hardware_bridge:/home/aiseon/tita/sim2sim2real/install/tita_robot:/home/aiseon/tita/sim2sim2real/install/titatit_description:/home/aiseon/tita/sim2sim2real/install/teleop_command:/home/aiseon/tita/sim2sim2real/install/rl_controller:/home/aiseon/tita/sim2sim2real/install/keyboard_controller:/home/aiseon/tita/sim2sim2real/install/ros_utils:/usr/lib/cmake/mujoco:/opt/ros/humble /usr/bin/cmake --install /home/aiseon/tita/sim2sim2real/build/gazebo_bridge
[17.319s] Level 1:colcon.colcon_core.environment:create_environment_scripts_only(gazebo_bridge)
[17.321s] Level 1:colcon.colcon_core.environment:checking '/home/aiseon/tita/sim2sim2real/install/gazebo_bridge' for CMake module files
[17.321s] DEBUG:colcon.colcon_core.event_handler.log_command:Invoked command in '/home/aiseon/tita/sim2sim2real/build/gazebo_bridge' returned '0': CMAKE_PREFIX_PATH=/home/aiseon/tita/sim2sim2real/install/tita_description:/home/aiseon/tita/sim2sim2real/install/webots_bridge:/home/aiseon/tita/sim2sim2real/install/hardware_bridge:/home/aiseon/tita/sim2sim2real/install/tita_robot:/home/aiseon/tita/sim2sim2real/install/titatit_description:/home/aiseon/tita/sim2sim2real/install/teleop_command:/home/aiseon/tita/sim2sim2real/install/rl_controller:/home/aiseon/tita/sim2sim2real/install/keyboard_controller:/home/aiseon/tita/sim2sim2real/install/ros_utils:/usr/lib/cmake/mujoco:/opt/ros/humble /usr/bin/cmake --install /home/aiseon/tita/sim2sim2real/build/gazebo_bridge
[17.322s] Level 1:colcon.colcon_core.environment:checking '/home/aiseon/tita/sim2sim2real/install/gazebo_bridge' for CMake config files
[17.322s] Level 1:colcon.colcon_core.shell:create_environment_hook('gazebo_bridge', 'cmake_prefix_path')
[17.322s] INFO:colcon.colcon_core.shell:Creating environment hook '/home/aiseon/tita/sim2sim2real/install/gazebo_bridge/share/gazebo_bridge/hook/cmake_prefix_path.ps1'
[17.323s] INFO:colcon.colcon_core.shell:Creating environment descriptor '/home/aiseon/tita/sim2sim2real/install/gazebo_bridge/share/gazebo_bridge/hook/cmake_prefix_path.dsv'
[17.323s] INFO:colcon.colcon_core.shell:Creating environment hook '/home/aiseon/tita/sim2sim2real/install/gazebo_bridge/share/gazebo_bridge/hook/cmake_prefix_path.sh'
[17.324s] Level 1:colcon.colcon_core.environment:checking '/home/aiseon/tita/sim2sim2real/install/gazebo_bridge/lib'
[17.324s] Level 1:colcon.colcon_core.shell:create_environment_hook('gazebo_bridge', 'ld_library_path_lib')
[17.324s] INFO:colcon.colcon_core.shell:Creating environment hook '/home/aiseon/tita/sim2sim2real/install/gazebo_bridge/share/gazebo_bridge/hook/ld_library_path_lib.ps1'
[17.324s] INFO:colcon.colcon_core.shell:Creating environment descriptor '/home/aiseon/tita/sim2sim2real/install/gazebo_bridge/share/gazebo_bridge/hook/ld_library_path_lib.dsv'
[17.325s] INFO:colcon.colcon_core.shell:Creating environment hook '/home/aiseon/tita/sim2sim2real/install/gazebo_bridge/share/gazebo_bridge/hook/ld_library_path_lib.sh'
[17.325s] Level 1:colcon.colcon_core.environment:checking '/home/aiseon/tita/sim2sim2real/install/gazebo_bridge/bin'
[17.325s] Level 1:colcon.colcon_core.environment:checking '/home/aiseon/tita/sim2sim2real/install/gazebo_bridge/lib/pkgconfig/gazebo_bridge.pc'
[17.325s] Level 1:colcon.colcon_core.environment:checking '/home/aiseon/tita/sim2sim2real/install/gazebo_bridge/lib/python3.10/site-packages'
[17.325s] Level 1:colcon.colcon_core.environment:checking '/home/aiseon/tita/sim2sim2real/install/gazebo_bridge/bin'
[17.326s] INFO:colcon.colcon_core.shell:Creating package script '/home/aiseon/tita/sim2sim2real/install/gazebo_bridge/share/gazebo_bridge/package.ps1'
[17.326s] INFO:colcon.colcon_core.shell:Creating package descriptor '/home/aiseon/tita/sim2sim2real/install/gazebo_bridge/share/gazebo_bridge/package.dsv'
[17.326s] INFO:colcon.colcon_core.shell:Creating package script '/home/aiseon/tita/sim2sim2real/install/gazebo_bridge/share/gazebo_bridge/package.sh'
[17.327s] INFO:colcon.colcon_core.shell:Creating package script '/home/aiseon/tita/sim2sim2real/install/gazebo_bridge/share/gazebo_bridge/package.bash'
[17.327s] INFO:colcon.colcon_core.shell:Creating package script '/home/aiseon/tita/sim2sim2real/install/gazebo_bridge/share/gazebo_bridge/package.zsh'
[17.327s] Level 1:colcon.colcon_core.environment:create_file_with_runtime_dependencies(/home/aiseon/tita/sim2sim2real/install/gazebo_bridge/share/colcon-core/packages/gazebo_bridge)
[17.327s] Level 1:colcon.colcon_core.environment:create_environment_scripts_only(gazebo_bridge)
[17.328s] Level 1:colcon.colcon_core.environment:checking '/home/aiseon/tita/sim2sim2real/install/gazebo_bridge' for CMake module files
[17.328s] Level 1:colcon.colcon_core.environment:checking '/home/aiseon/tita/sim2sim2real/install/gazebo_bridge' for CMake config files
[17.328s] Level 1:colcon.colcon_core.shell:create_environment_hook('gazebo_bridge', 'cmake_prefix_path')
[17.328s] INFO:colcon.colcon_core.shell:Creating environment hook '/home/aiseon/tita/sim2sim2real/install/gazebo_bridge/share/gazebo_bridge/hook/cmake_prefix_path.ps1'
[17.329s] INFO:colcon.colcon_core.shell:Creating environment descriptor '/home/aiseon/tita/sim2sim2real/install/gazebo_bridge/share/gazebo_bridge/hook/cmake_prefix_path.dsv'
[17.329s] INFO:colcon.colcon_core.shell:Creating environment hook '/home/aiseon/tita/sim2sim2real/install/gazebo_bridge/share/gazebo_bridge/hook/cmake_prefix_path.sh'
[17.329s] Level 1:colcon.colcon_core.environment:checking '/home/aiseon/tita/sim2sim2real/install/gazebo_bridge/lib'
[17.329s] Level 1:colcon.colcon_core.shell:create_environment_hook('gazebo_bridge', 'ld_library_path_lib')
[17.330s] INFO:colcon.colcon_core.shell:Creating environment hook '/home/aiseon/tita/sim2sim2real/install/gazebo_bridge/share/gazebo_bridge/hook/ld_library_path_lib.ps1'
[17.330s] INFO:colcon.colcon_core.shell:Creating environment descriptor '/home/aiseon/tita/sim2sim2real/install/gazebo_bridge/share/gazebo_bridge/hook/ld_library_path_lib.dsv'
[17.330s] INFO:colcon.colcon_core.shell:Creating environment hook '/home/aiseon/tita/sim2sim2real/install/gazebo_bridge/share/gazebo_bridge/hook/ld_library_path_lib.sh'
[17.330s] Level 1:colcon.colcon_core.environment:checking '/home/aiseon/tita/sim2sim2real/install/gazebo_bridge/bin'
[17.330s] Level 1:colcon.colcon_core.environment:checking '/home/aiseon/tita/sim2sim2real/install/gazebo_bridge/lib/pkgconfig/gazebo_bridge.pc'
[17.331s] Level 1:colcon.colcon_core.environment:checking '/home/aiseon/tita/sim2sim2real/install/gazebo_bridge/lib/python3.10/site-packages'
[17.331s] Level 1:colcon.colcon_core.environment:checking '/home/aiseon/tita/sim2sim2real/install/gazebo_bridge/bin'
[17.331s] INFO:colcon.colcon_core.shell:Creating package script '/home/aiseon/tita/sim2sim2real/install/gazebo_bridge/share/gazebo_bridge/package.ps1'
[17.331s] INFO:colcon.colcon_core.shell:Creating package descriptor '/home/aiseon/tita/sim2sim2real/install/gazebo_bridge/share/gazebo_bridge/package.dsv'
[17.332s] INFO:colcon.colcon_core.shell:Creating package script '/home/aiseon/tita/sim2sim2real/install/gazebo_bridge/share/gazebo_bridge/package.sh'
[17.332s] INFO:colcon.colcon_core.shell:Creating package script '/home/aiseon/tita/sim2sim2real/install/gazebo_bridge/share/gazebo_bridge/package.bash'
[17.332s] INFO:colcon.colcon_core.shell:Creating package script '/home/aiseon/tita/sim2sim2real/install/gazebo_bridge/share/gazebo_bridge/package.zsh'
[17.333s] Level 1:colcon.colcon_core.environment:create_file_with_runtime_dependencies(/home/aiseon/tita/sim2sim2real/install/gazebo_bridge/share/colcon-core/packages/gazebo_bridge)
[17.333s] DEBUG:colcon.colcon_parallel_executor.executor.parallel:closing loop
[17.333s] DEBUG:colcon.colcon_parallel_executor.executor.parallel:loop closed
[17.333s] DEBUG:colcon.colcon_parallel_executor.executor.parallel:run_until_complete finished with '0'
[17.333s] DEBUG:colcon.colcon_core.event_reactor:joining thread
[17.340s] INFO:colcon.colcon_core.plugin_system:Skipping extension 'colcon_notification.desktop_notification.terminal_notifier': Not used on non-Darwin systems
[17.340s] INFO:colcon.colcon_core.plugin_system:Skipping extension 'colcon_notification.desktop_notification.win32': Not used on non-Windows systems
[17.340s] INFO:colcon.colcon_notification.desktop_notification:Sending desktop notification using 'notify2'
[17.349s] DEBUG:colcon.colcon_core.event_reactor:joined thread
[17.349s] INFO:colcon.colcon_core.shell:Creating prefix script '/home/aiseon/tita/sim2sim2real/install/local_setup.ps1'
[17.350s] INFO:colcon.colcon_core.shell:Creating prefix util module '/home/aiseon/tita/sim2sim2real/install/_local_setup_util_ps1.py'
[17.351s] INFO:colcon.colcon_core.shell:Creating prefix chain script '/home/aiseon/tita/sim2sim2real/install/setup.ps1'
[17.353s] INFO:colcon.colcon_core.shell:Creating prefix script '/home/aiseon/tita/sim2sim2real/install/local_setup.sh'
[17.353s] INFO:colcon.colcon_core.shell:Creating prefix util module '/home/aiseon/tita/sim2sim2real/install/_local_setup_util_sh.py'
[17.353s] INFO:colcon.colcon_core.shell:Creating prefix chain script '/home/aiseon/tita/sim2sim2real/install/setup.sh'
[17.354s] INFO:colcon.colcon_core.shell:Creating prefix script '/home/aiseon/tita/sim2sim2real/install/local_setup.bash'
[17.355s] INFO:colcon.colcon_core.shell:Creating prefix chain script '/home/aiseon/tita/sim2sim2real/install/setup.bash'
[17.355s] INFO:colcon.colcon_core.shell:Creating prefix script '/home/aiseon/tita/sim2sim2real/install/local_setup.zsh'
[17.356s] INFO:colcon.colcon_core.shell:Creating prefix chain script '/home/aiseon/tita/sim2sim2real/install/setup.zsh'
