[0.079s] DEBUG:colcon:Command line arguments: ['/usr/bin/colcon', 'build', '--symlink-install', '--packages-up-to', 'hardware_bridge']
[0.079s] DEBUG:colcon:Parsed command line arguments: Namespace(log_base=None, log_level=None, verb_name='build', build_base='build', install_base='install', merge_install=False, symlink_install=True, test_result_base=None, continue_on_error=False, executor='parallel', parallel_workers=192, event_handlers=None, ignore_user_meta=False, metas=['./colcon.meta'], base_paths=['.'], packages_ignore=None, packages_ignore_regex=None, paths=None, packages_up_to=['hardware_bridge'], packages_up_to_regex=None, packages_above=None, packages_above_and_dependencies=None, packages_above_depth=None, packages_select_by_dep=None, packages_skip_by_dep=None, packages_skip_up_to=None, packages_select_build_failed=False, packages_skip_build_finished=False, packages_select_test_failures=False, packages_skip_test_passed=False, packages_select=None, packages_skip=None, packages_select_regex=None, packages_skip_regex=None, packages_start=None, packages_end=None, allow_overriding=[], cmake_args=None, cmake_target=None, cmake_target_skip_unavailable=False, cmake_clean_cache=False, cmake_clean_first=False, cmake_force_configure=False, ament_cmake_args=None, catkin_cmake_args=None, catkin_skip_building_tests=False, verb_parser=<colcon_defaults.argument_parser.defaults.DefaultArgumentsDecorator object at 0x76286b27f8e0>, verb_extension=<colcon_core.verb.build.BuildVerb object at 0x76286b27f3d0>, main=<bound method BuildVerb.main of <colcon_core.verb.build.BuildVerb object at 0x76286b27f3d0>>)
[0.210s] Level 1:colcon.colcon_core.package_discovery:discover_packages(colcon_meta) check parameters
[0.210s] Level 1:colcon.colcon_core.package_discovery:discover_packages(recursive) check parameters
[0.210s] Level 1:colcon.colcon_core.package_discovery:discover_packages(ignore) check parameters
[0.211s] Level 1:colcon.colcon_core.package_discovery:discover_packages(path) check parameters
[0.211s] Level 1:colcon.colcon_core.package_discovery:discover_packages(colcon_meta) discover
[0.211s] Level 1:colcon.colcon_core.package_discovery:discover_packages(recursive) discover
[0.211s] INFO:colcon.colcon_core.package_discovery:Crawling recursively for packages in '/home/aiseon/tita/sim2sim2real/ddt_ros2_ws'
[0.211s] Level 1:colcon.colcon_core.package_identification:_identify(.) by extensions ['ignore', 'ignore_ament_install']
[0.211s] Level 1:colcon.colcon_core.package_identification:_identify(.) by extension 'ignore'
[0.211s] Level 1:colcon.colcon_core.package_identification:_identify(.) by extension 'ignore_ament_install'
[0.211s] Level 1:colcon.colcon_core.package_identification:_identify(.) by extensions ['colcon_pkg']
[0.211s] Level 1:colcon.colcon_core.package_identification:_identify(.) by extension 'colcon_pkg'
[0.211s] Level 1:colcon.colcon_core.package_identification:_identify(.) by extensions ['colcon_meta']
[0.211s] Level 1:colcon.colcon_core.package_identification:_identify(.) by extension 'colcon_meta'
[0.211s] Level 1:colcon.colcon_core.package_identification:_identify(.) by extensions ['ros']
[0.211s] Level 1:colcon.colcon_core.package_identification:_identify(.) by extension 'ros'
[0.220s] Level 1:colcon.colcon_core.package_identification:_identify(.) by extensions ['cmake', 'python']
[0.220s] Level 1:colcon.colcon_core.package_identification:_identify(.) by extension 'cmake'
[0.220s] Level 1:colcon.colcon_core.package_identification:_identify(.) by extension 'python'
[0.220s] Level 1:colcon.colcon_core.package_identification:_identify(.) by extensions ['python_setup_py']
[0.220s] Level 1:colcon.colcon_core.package_identification:_identify(.) by extension 'python_setup_py'
[0.220s] Level 1:colcon.colcon_core.package_identification:_identify(build) by extensions ['ignore', 'ignore_ament_install']
[0.220s] Level 1:colcon.colcon_core.package_identification:_identify(build) by extension 'ignore'
[0.220s] Level 1:colcon.colcon_core.package_identification:_identify(build) ignored
[0.220s] Level 1:colcon.colcon_core.package_identification:_identify(ddt_ros2_control) by extensions ['ignore', 'ignore_ament_install']
[0.220s] Level 1:colcon.colcon_core.package_identification:_identify(ddt_ros2_control) by extension 'ignore'
[0.221s] Level 1:colcon.colcon_core.package_identification:_identify(ddt_ros2_control) by extension 'ignore_ament_install'
[0.221s] Level 1:colcon.colcon_core.package_identification:_identify(ddt_ros2_control) by extensions ['colcon_pkg']
[0.221s] Level 1:colcon.colcon_core.package_identification:_identify(ddt_ros2_control) by extension 'colcon_pkg'
[0.221s] Level 1:colcon.colcon_core.package_identification:_identify(ddt_ros2_control) by extensions ['colcon_meta']
[0.221s] Level 1:colcon.colcon_core.package_identification:_identify(ddt_ros2_control) by extension 'colcon_meta'
[0.221s] Level 1:colcon.colcon_core.package_identification:_identify(ddt_ros2_control) by extensions ['ros']
[0.221s] Level 1:colcon.colcon_core.package_identification:_identify(ddt_ros2_control) by extension 'ros'
[0.221s] Level 1:colcon.colcon_core.package_identification:_identify(ddt_ros2_control) by extensions ['cmake', 'python']
[0.221s] Level 1:colcon.colcon_core.package_identification:_identify(ddt_ros2_control) by extension 'cmake'
[0.221s] Level 1:colcon.colcon_core.package_identification:_identify(ddt_ros2_control) by extension 'python'
[0.221s] Level 1:colcon.colcon_core.package_identification:_identify(ddt_ros2_control) by extensions ['python_setup_py']
[0.221s] Level 1:colcon.colcon_core.package_identification:_identify(ddt_ros2_control) by extension 'python_setup_py'
[0.221s] Level 1:colcon.colcon_core.package_identification:_identify(ddt_ros2_control/controller) by extensions ['ignore', 'ignore_ament_install']
[0.221s] Level 1:colcon.colcon_core.package_identification:_identify(ddt_ros2_control/controller) by extension 'ignore'
[0.221s] Level 1:colcon.colcon_core.package_identification:_identify(ddt_ros2_control/controller) by extension 'ignore_ament_install'
[0.221s] Level 1:colcon.colcon_core.package_identification:_identify(ddt_ros2_control/controller) by extensions ['colcon_pkg']
[0.221s] Level 1:colcon.colcon_core.package_identification:_identify(ddt_ros2_control/controller) by extension 'colcon_pkg'
[0.221s] Level 1:colcon.colcon_core.package_identification:_identify(ddt_ros2_control/controller) by extensions ['colcon_meta']
[0.221s] Level 1:colcon.colcon_core.package_identification:_identify(ddt_ros2_control/controller) by extension 'colcon_meta'
[0.221s] Level 1:colcon.colcon_core.package_identification:_identify(ddt_ros2_control/controller) by extensions ['ros']
[0.221s] Level 1:colcon.colcon_core.package_identification:_identify(ddt_ros2_control/controller) by extension 'ros'
[0.221s] Level 1:colcon.colcon_core.package_identification:_identify(ddt_ros2_control/controller) by extensions ['cmake', 'python']
[0.221s] Level 1:colcon.colcon_core.package_identification:_identify(ddt_ros2_control/controller) by extension 'cmake'
[0.221s] Level 1:colcon.colcon_core.package_identification:_identify(ddt_ros2_control/controller) by extension 'python'
[0.221s] Level 1:colcon.colcon_core.package_identification:_identify(ddt_ros2_control/controller) by extensions ['python_setup_py']
[0.221s] Level 1:colcon.colcon_core.package_identification:_identify(ddt_ros2_control/controller) by extension 'python_setup_py'
[0.221s] Level 1:colcon.colcon_core.package_identification:_identify(ddt_ros2_control/controller/rl_controller) by extensions ['ignore', 'ignore_ament_install']
[0.221s] Level 1:colcon.colcon_core.package_identification:_identify(ddt_ros2_control/controller/rl_controller) by extension 'ignore'
[0.221s] Level 1:colcon.colcon_core.package_identification:_identify(ddt_ros2_control/controller/rl_controller) by extension 'ignore_ament_install'
[0.221s] Level 1:colcon.colcon_core.package_identification:_identify(ddt_ros2_control/controller/rl_controller) by extensions ['colcon_pkg']
[0.221s] Level 1:colcon.colcon_core.package_identification:_identify(ddt_ros2_control/controller/rl_controller) by extension 'colcon_pkg'
[0.221s] Level 1:colcon.colcon_core.package_identification:_identify(ddt_ros2_control/controller/rl_controller) by extensions ['colcon_meta']
[0.221s] Level 1:colcon.colcon_core.package_identification:_identify(ddt_ros2_control/controller/rl_controller) by extension 'colcon_meta'
[0.222s] Level 1:colcon.colcon_core.package_identification:_identify(ddt_ros2_control/controller/rl_controller) by extensions ['ros']
[0.222s] Level 1:colcon.colcon_core.package_identification:_identify(ddt_ros2_control/controller/rl_controller) by extension 'ros'
[0.230s] DEBUG:colcon.colcon_core.package_identification:Package 'ddt_ros2_control/controller/rl_controller' with type 'ros.ament_cmake' and name 'rl_controller'
[0.230s] Level 1:colcon.colcon_core.package_identification:_identify(ddt_ros2_control/hardware) by extensions ['ignore', 'ignore_ament_install']
[0.230s] Level 1:colcon.colcon_core.package_identification:_identify(ddt_ros2_control/hardware) by extension 'ignore'
[0.230s] Level 1:colcon.colcon_core.package_identification:_identify(ddt_ros2_control/hardware) by extension 'ignore_ament_install'
[0.230s] Level 1:colcon.colcon_core.package_identification:_identify(ddt_ros2_control/hardware) by extensions ['colcon_pkg']
[0.230s] Level 1:colcon.colcon_core.package_identification:_identify(ddt_ros2_control/hardware) by extension 'colcon_pkg'
[0.230s] Level 1:colcon.colcon_core.package_identification:_identify(ddt_ros2_control/hardware) by extensions ['colcon_meta']
[0.230s] Level 1:colcon.colcon_core.package_identification:_identify(ddt_ros2_control/hardware) by extension 'colcon_meta'
[0.231s] Level 1:colcon.colcon_core.package_identification:_identify(ddt_ros2_control/hardware) by extensions ['ros']
[0.231s] Level 1:colcon.colcon_core.package_identification:_identify(ddt_ros2_control/hardware) by extension 'ros'
[0.231s] Level 1:colcon.colcon_core.package_identification:_identify(ddt_ros2_control/hardware) by extensions ['cmake', 'python']
[0.231s] Level 1:colcon.colcon_core.package_identification:_identify(ddt_ros2_control/hardware) by extension 'cmake'
[0.231s] Level 1:colcon.colcon_core.package_identification:_identify(ddt_ros2_control/hardware) by extension 'python'
[0.231s] Level 1:colcon.colcon_core.package_identification:_identify(ddt_ros2_control/hardware) by extensions ['python_setup_py']
[0.231s] Level 1:colcon.colcon_core.package_identification:_identify(ddt_ros2_control/hardware) by extension 'python_setup_py'
[0.231s] Level 1:colcon.colcon_core.package_identification:_identify(ddt_ros2_control/hardware/hardware_bridge) by extensions ['ignore', 'ignore_ament_install']
[0.231s] Level 1:colcon.colcon_core.package_identification:_identify(ddt_ros2_control/hardware/hardware_bridge) by extension 'ignore'
[0.231s] Level 1:colcon.colcon_core.package_identification:_identify(ddt_ros2_control/hardware/hardware_bridge) by extension 'ignore_ament_install'
[0.231s] Level 1:colcon.colcon_core.package_identification:_identify(ddt_ros2_control/hardware/hardware_bridge) by extensions ['colcon_pkg']
[0.231s] Level 1:colcon.colcon_core.package_identification:_identify(ddt_ros2_control/hardware/hardware_bridge) by extension 'colcon_pkg'
[0.231s] Level 1:colcon.colcon_core.package_identification:_identify(ddt_ros2_control/hardware/hardware_bridge) by extensions ['colcon_meta']
[0.231s] Level 1:colcon.colcon_core.package_identification:_identify(ddt_ros2_control/hardware/hardware_bridge) by extension 'colcon_meta'
[0.231s] Level 1:colcon.colcon_core.package_identification:_identify(ddt_ros2_control/hardware/hardware_bridge) by extensions ['ros']
[0.231s] Level 1:colcon.colcon_core.package_identification:_identify(ddt_ros2_control/hardware/hardware_bridge) by extension 'ros'
[0.232s] DEBUG:colcon.colcon_core.package_identification:Package 'ddt_ros2_control/hardware/hardware_bridge' with type 'ros.ament_cmake' and name 'hardware_bridge'
[0.232s] Level 1:colcon.colcon_core.package_identification:_identify(ddt_ros2_control/hardware/tita_robot) by extensions ['ignore', 'ignore_ament_install']
[0.232s] Level 1:colcon.colcon_core.package_identification:_identify(ddt_ros2_control/hardware/tita_robot) by extension 'ignore'
[0.232s] Level 1:colcon.colcon_core.package_identification:_identify(ddt_ros2_control/hardware/tita_robot) by extension 'ignore_ament_install'
[0.232s] Level 1:colcon.colcon_core.package_identification:_identify(ddt_ros2_control/hardware/tita_robot) by extensions ['colcon_pkg']
[0.232s] Level 1:colcon.colcon_core.package_identification:_identify(ddt_ros2_control/hardware/tita_robot) by extension 'colcon_pkg'
[0.232s] Level 1:colcon.colcon_core.package_identification:_identify(ddt_ros2_control/hardware/tita_robot) by extensions ['colcon_meta']
[0.232s] Level 1:colcon.colcon_core.package_identification:_identify(ddt_ros2_control/hardware/tita_robot) by extension 'colcon_meta'
[0.232s] Level 1:colcon.colcon_core.package_identification:_identify(ddt_ros2_control/hardware/tita_robot) by extensions ['ros']
[0.232s] Level 1:colcon.colcon_core.package_identification:_identify(ddt_ros2_control/hardware/tita_robot) by extension 'ros'
[0.232s] DEBUG:colcon.colcon_core.package_identification:Package 'ddt_ros2_control/hardware/tita_robot' with type 'ros.ament_cmake' and name 'tita_robot'
[0.233s] Level 1:colcon.colcon_core.package_identification:_identify(ddt_ros2_control/interaction) by extensions ['ignore', 'ignore_ament_install']
[0.233s] Level 1:colcon.colcon_core.package_identification:_identify(ddt_ros2_control/interaction) by extension 'ignore'
[0.233s] Level 1:colcon.colcon_core.package_identification:_identify(ddt_ros2_control/interaction) by extension 'ignore_ament_install'
[0.233s] Level 1:colcon.colcon_core.package_identification:_identify(ddt_ros2_control/interaction) by extensions ['colcon_pkg']
[0.233s] Level 1:colcon.colcon_core.package_identification:_identify(ddt_ros2_control/interaction) by extension 'colcon_pkg'
[0.233s] Level 1:colcon.colcon_core.package_identification:_identify(ddt_ros2_control/interaction) by extensions ['colcon_meta']
[0.233s] Level 1:colcon.colcon_core.package_identification:_identify(ddt_ros2_control/interaction) by extension 'colcon_meta'
[0.233s] Level 1:colcon.colcon_core.package_identification:_identify(ddt_ros2_control/interaction) by extensions ['ros']
[0.233s] Level 1:colcon.colcon_core.package_identification:_identify(ddt_ros2_control/interaction) by extension 'ros'
[0.233s] Level 1:colcon.colcon_core.package_identification:_identify(ddt_ros2_control/interaction) by extensions ['cmake', 'python']
[0.233s] Level 1:colcon.colcon_core.package_identification:_identify(ddt_ros2_control/interaction) by extension 'cmake'
[0.233s] Level 1:colcon.colcon_core.package_identification:_identify(ddt_ros2_control/interaction) by extension 'python'
[0.233s] Level 1:colcon.colcon_core.package_identification:_identify(ddt_ros2_control/interaction) by extensions ['python_setup_py']
[0.233s] Level 1:colcon.colcon_core.package_identification:_identify(ddt_ros2_control/interaction) by extension 'python_setup_py'
[0.233s] Level 1:colcon.colcon_core.package_identification:_identify(ddt_ros2_control/interaction/keyboard_controller) by extensions ['ignore', 'ignore_ament_install']
[0.233s] Level 1:colcon.colcon_core.package_identification:_identify(ddt_ros2_control/interaction/keyboard_controller) by extension 'ignore'
[0.233s] Level 1:colcon.colcon_core.package_identification:_identify(ddt_ros2_control/interaction/keyboard_controller) by extension 'ignore_ament_install'
[0.233s] Level 1:colcon.colcon_core.package_identification:_identify(ddt_ros2_control/interaction/keyboard_controller) by extensions ['colcon_pkg']
[0.233s] Level 1:colcon.colcon_core.package_identification:_identify(ddt_ros2_control/interaction/keyboard_controller) by extension 'colcon_pkg'
[0.233s] Level 1:colcon.colcon_core.package_identification:_identify(ddt_ros2_control/interaction/keyboard_controller) by extensions ['colcon_meta']
[0.233s] Level 1:colcon.colcon_core.package_identification:_identify(ddt_ros2_control/interaction/keyboard_controller) by extension 'colcon_meta'
[0.233s] Level 1:colcon.colcon_core.package_identification:_identify(ddt_ros2_control/interaction/keyboard_controller) by extensions ['ros']
[0.233s] Level 1:colcon.colcon_core.package_identification:_identify(ddt_ros2_control/interaction/keyboard_controller) by extension 'ros'
[0.234s] DEBUG:colcon.colcon_core.package_identification:Package 'ddt_ros2_control/interaction/keyboard_controller' with type 'ros.ament_cmake' and name 'keyboard_controller'
[0.234s] Level 1:colcon.colcon_core.package_identification:_identify(ddt_ros2_control/interaction/teleop_command) by extensions ['ignore', 'ignore_ament_install']
[0.234s] Level 1:colcon.colcon_core.package_identification:_identify(ddt_ros2_control/interaction/teleop_command) by extension 'ignore'
[0.234s] Level 1:colcon.colcon_core.package_identification:_identify(ddt_ros2_control/interaction/teleop_command) by extension 'ignore_ament_install'
[0.234s] Level 1:colcon.colcon_core.package_identification:_identify(ddt_ros2_control/interaction/teleop_command) by extensions ['colcon_pkg']
[0.234s] Level 1:colcon.colcon_core.package_identification:_identify(ddt_ros2_control/interaction/teleop_command) by extension 'colcon_pkg'
[0.234s] Level 1:colcon.colcon_core.package_identification:_identify(ddt_ros2_control/interaction/teleop_command) by extensions ['colcon_meta']
[0.234s] Level 1:colcon.colcon_core.package_identification:_identify(ddt_ros2_control/interaction/teleop_command) by extension 'colcon_meta'
[0.234s] Level 1:colcon.colcon_core.package_identification:_identify(ddt_ros2_control/interaction/teleop_command) by extensions ['ros']
[0.234s] Level 1:colcon.colcon_core.package_identification:_identify(ddt_ros2_control/interaction/teleop_command) by extension 'ros'
[0.235s] DEBUG:colcon.colcon_core.package_identification:Package 'ddt_ros2_control/interaction/teleop_command' with type 'ros.ament_cmake' and name 'teleop_command'
[0.235s] Level 1:colcon.colcon_core.package_identification:_identify(ddt_ros2_control/ros_utils) by extensions ['ignore', 'ignore_ament_install']
[0.235s] Level 1:colcon.colcon_core.package_identification:_identify(ddt_ros2_control/ros_utils) by extension 'ignore'
[0.235s] Level 1:colcon.colcon_core.package_identification:_identify(ddt_ros2_control/ros_utils) by extension 'ignore_ament_install'
[0.235s] Level 1:colcon.colcon_core.package_identification:_identify(ddt_ros2_control/ros_utils) by extensions ['colcon_pkg']
[0.235s] Level 1:colcon.colcon_core.package_identification:_identify(ddt_ros2_control/ros_utils) by extension 'colcon_pkg'
[0.235s] Level 1:colcon.colcon_core.package_identification:_identify(ddt_ros2_control/ros_utils) by extensions ['colcon_meta']
[0.235s] Level 1:colcon.colcon_core.package_identification:_identify(ddt_ros2_control/ros_utils) by extension 'colcon_meta'
[0.235s] Level 1:colcon.colcon_core.package_identification:_identify(ddt_ros2_control/ros_utils) by extensions ['ros']
[0.235s] Level 1:colcon.colcon_core.package_identification:_identify(ddt_ros2_control/ros_utils) by extension 'ros'
[0.236s] DEBUG:colcon.colcon_core.package_identification:Package 'ddt_ros2_control/ros_utils' with type 'ros.ament_cmake' and name 'ros_utils'
[0.236s] Level 1:colcon.colcon_core.package_identification:_identify(ddt_ros2_control/simulation) by extensions ['ignore', 'ignore_ament_install']
[0.236s] Level 1:colcon.colcon_core.package_identification:_identify(ddt_ros2_control/simulation) by extension 'ignore'
[0.236s] Level 1:colcon.colcon_core.package_identification:_identify(ddt_ros2_control/simulation) by extension 'ignore_ament_install'
[0.236s] Level 1:colcon.colcon_core.package_identification:_identify(ddt_ros2_control/simulation) by extensions ['colcon_pkg']
[0.236s] Level 1:colcon.colcon_core.package_identification:_identify(ddt_ros2_control/simulation) by extension 'colcon_pkg'
[0.236s] Level 1:colcon.colcon_core.package_identification:_identify(ddt_ros2_control/simulation) by extensions ['colcon_meta']
[0.236s] Level 1:colcon.colcon_core.package_identification:_identify(ddt_ros2_control/simulation) by extension 'colcon_meta'
[0.236s] Level 1:colcon.colcon_core.package_identification:_identify(ddt_ros2_control/simulation) by extensions ['ros']
[0.236s] Level 1:colcon.colcon_core.package_identification:_identify(ddt_ros2_control/simulation) by extension 'ros'
[0.236s] Level 1:colcon.colcon_core.package_identification:_identify(ddt_ros2_control/simulation) by extensions ['cmake', 'python']
[0.236s] Level 1:colcon.colcon_core.package_identification:_identify(ddt_ros2_control/simulation) by extension 'cmake'
[0.236s] Level 1:colcon.colcon_core.package_identification:_identify(ddt_ros2_control/simulation) by extension 'python'
[0.236s] Level 1:colcon.colcon_core.package_identification:_identify(ddt_ros2_control/simulation) by extensions ['python_setup_py']
[0.236s] Level 1:colcon.colcon_core.package_identification:_identify(ddt_ros2_control/simulation) by extension 'python_setup_py'
[0.236s] Level 1:colcon.colcon_core.package_identification:_identify(ddt_ros2_control/simulation/gazebo_bridge) by extensions ['ignore', 'ignore_ament_install']
[0.236s] Level 1:colcon.colcon_core.package_identification:_identify(ddt_ros2_control/simulation/gazebo_bridge) by extension 'ignore'
[0.237s] Level 1:colcon.colcon_core.package_identification:_identify(ddt_ros2_control/simulation/gazebo_bridge) by extension 'ignore_ament_install'
[0.237s] Level 1:colcon.colcon_core.package_identification:_identify(ddt_ros2_control/simulation/gazebo_bridge) by extensions ['colcon_pkg']
[0.237s] Level 1:colcon.colcon_core.package_identification:_identify(ddt_ros2_control/simulation/gazebo_bridge) by extension 'colcon_pkg'
[0.237s] Level 1:colcon.colcon_core.package_identification:_identify(ddt_ros2_control/simulation/gazebo_bridge) by extensions ['colcon_meta']
[0.237s] Level 1:colcon.colcon_core.package_identification:_identify(ddt_ros2_control/simulation/gazebo_bridge) by extension 'colcon_meta'
[0.237s] Level 1:colcon.colcon_core.package_identification:_identify(ddt_ros2_control/simulation/gazebo_bridge) by extensions ['ros']
[0.237s] Level 1:colcon.colcon_core.package_identification:_identify(ddt_ros2_control/simulation/gazebo_bridge) by extension 'ros'
[0.237s] DEBUG:colcon.colcon_core.package_identification:Package 'ddt_ros2_control/simulation/gazebo_bridge' with type 'ros.ament_cmake' and name 'gazebo_bridge'
[0.237s] Level 1:colcon.colcon_core.package_identification:_identify(ddt_ros2_control/simulation/mujoco_bridge) by extensions ['ignore', 'ignore_ament_install']
[0.237s] Level 1:colcon.colcon_core.package_identification:_identify(ddt_ros2_control/simulation/mujoco_bridge) by extension 'ignore'
[0.237s] Level 1:colcon.colcon_core.package_identification:_identify(ddt_ros2_control/simulation/mujoco_bridge) by extension 'ignore_ament_install'
[0.238s] Level 1:colcon.colcon_core.package_identification:_identify(ddt_ros2_control/simulation/mujoco_bridge) by extensions ['colcon_pkg']
[0.238s] Level 1:colcon.colcon_core.package_identification:_identify(ddt_ros2_control/simulation/mujoco_bridge) by extension 'colcon_pkg'
[0.238s] Level 1:colcon.colcon_core.package_identification:_identify(ddt_ros2_control/simulation/mujoco_bridge) by extensions ['colcon_meta']
[0.238s] Level 1:colcon.colcon_core.package_identification:_identify(ddt_ros2_control/simulation/mujoco_bridge) by extension 'colcon_meta'
[0.238s] Level 1:colcon.colcon_core.package_identification:_identify(ddt_ros2_control/simulation/mujoco_bridge) by extensions ['ros']
[0.238s] Level 1:colcon.colcon_core.package_identification:_identify(ddt_ros2_control/simulation/mujoco_bridge) by extension 'ros'
[0.238s] Level 1:colcon.colcon_core.package_identification:_identify(ddt_ros2_control/simulation/mujoco_bridge) by extensions ['cmake', 'python']
[0.238s] Level 1:colcon.colcon_core.package_identification:_identify(ddt_ros2_control/simulation/mujoco_bridge) by extension 'cmake'
[0.238s] Level 1:colcon.colcon_core.package_identification:_identify(ddt_ros2_control/simulation/mujoco_bridge) by extension 'python'
[0.238s] Level 1:colcon.colcon_core.package_identification:_identify(ddt_ros2_control/simulation/mujoco_bridge) by extensions ['python_setup_py']
[0.238s] Level 1:colcon.colcon_core.package_identification:_identify(ddt_ros2_control/simulation/mujoco_bridge) by extension 'python_setup_py'
[0.238s] Level 1:colcon.colcon_core.package_identification:_identify(ddt_ros2_control/simulation/mujoco_bridge/mujoco_bridge) by extensions ['ignore', 'ignore_ament_install']
[0.238s] Level 1:colcon.colcon_core.package_identification:_identify(ddt_ros2_control/simulation/mujoco_bridge/mujoco_bridge) by extension 'ignore'
[0.238s] Level 1:colcon.colcon_core.package_identification:_identify(ddt_ros2_control/simulation/mujoco_bridge/mujoco_bridge) by extension 'ignore_ament_install'
[0.238s] Level 1:colcon.colcon_core.package_identification:_identify(ddt_ros2_control/simulation/mujoco_bridge/mujoco_bridge) by extensions ['colcon_pkg']
[0.238s] Level 1:colcon.colcon_core.package_identification:_identify(ddt_ros2_control/simulation/mujoco_bridge/mujoco_bridge) by extension 'colcon_pkg'
[0.238s] Level 1:colcon.colcon_core.package_identification:_identify(ddt_ros2_control/simulation/mujoco_bridge/mujoco_bridge) by extensions ['colcon_meta']
[0.238s] Level 1:colcon.colcon_core.package_identification:_identify(ddt_ros2_control/simulation/mujoco_bridge/mujoco_bridge) by extension 'colcon_meta'
[0.238s] Level 1:colcon.colcon_core.package_identification:_identify(ddt_ros2_control/simulation/mujoco_bridge/mujoco_bridge) by extensions ['ros']
[0.238s] Level 1:colcon.colcon_core.package_identification:_identify(ddt_ros2_control/simulation/mujoco_bridge/mujoco_bridge) by extension 'ros'
[0.239s] DEBUG:colcon.colcon_core.package_identification:Package 'ddt_ros2_control/simulation/mujoco_bridge/mujoco_bridge' with type 'ros.ament_cmake' and name 'mujoco_bridge'
[0.239s] Level 1:colcon.colcon_core.package_identification:_identify(ddt_ros2_control/simulation/mujoco_bridge/mujoco_ros2_control) by extensions ['ignore', 'ignore_ament_install']
[0.239s] Level 1:colcon.colcon_core.package_identification:_identify(ddt_ros2_control/simulation/mujoco_bridge/mujoco_ros2_control) by extension 'ignore'
[0.239s] Level 1:colcon.colcon_core.package_identification:_identify(ddt_ros2_control/simulation/mujoco_bridge/mujoco_ros2_control) by extension 'ignore_ament_install'
[0.239s] Level 1:colcon.colcon_core.package_identification:_identify(ddt_ros2_control/simulation/mujoco_bridge/mujoco_ros2_control) by extensions ['colcon_pkg']
[0.239s] Level 1:colcon.colcon_core.package_identification:_identify(ddt_ros2_control/simulation/mujoco_bridge/mujoco_ros2_control) by extension 'colcon_pkg'
[0.239s] Level 1:colcon.colcon_core.package_identification:_identify(ddt_ros2_control/simulation/mujoco_bridge/mujoco_ros2_control) by extensions ['colcon_meta']
[0.239s] Level 1:colcon.colcon_core.package_identification:_identify(ddt_ros2_control/simulation/mujoco_bridge/mujoco_ros2_control) by extension 'colcon_meta'
[0.239s] Level 1:colcon.colcon_core.package_identification:_identify(ddt_ros2_control/simulation/mujoco_bridge/mujoco_ros2_control) by extensions ['ros']
[0.239s] Level 1:colcon.colcon_core.package_identification:_identify(ddt_ros2_control/simulation/mujoco_bridge/mujoco_ros2_control) by extension 'ros'
[0.240s] DEBUG:colcon.colcon_core.package_identification:Package 'ddt_ros2_control/simulation/mujoco_bridge/mujoco_ros2_control' with type 'ros.ament_cmake' and name 'mujoco_ros2_control'
[0.240s] Level 1:colcon.colcon_core.package_identification:_identify(ddt_ros2_control/simulation/mujoco_bridge/mujoco_sim_ros2) by extensions ['ignore', 'ignore_ament_install']
[0.240s] Level 1:colcon.colcon_core.package_identification:_identify(ddt_ros2_control/simulation/mujoco_bridge/mujoco_sim_ros2) by extension 'ignore'
[0.240s] Level 1:colcon.colcon_core.package_identification:_identify(ddt_ros2_control/simulation/mujoco_bridge/mujoco_sim_ros2) by extension 'ignore_ament_install'
[0.240s] Level 1:colcon.colcon_core.package_identification:_identify(ddt_ros2_control/simulation/mujoco_bridge/mujoco_sim_ros2) by extensions ['colcon_pkg']
[0.240s] Level 1:colcon.colcon_core.package_identification:_identify(ddt_ros2_control/simulation/mujoco_bridge/mujoco_sim_ros2) by extension 'colcon_pkg'
[0.240s] Level 1:colcon.colcon_core.package_identification:_identify(ddt_ros2_control/simulation/mujoco_bridge/mujoco_sim_ros2) by extensions ['colcon_meta']
[0.240s] Level 1:colcon.colcon_core.package_identification:_identify(ddt_ros2_control/simulation/mujoco_bridge/mujoco_sim_ros2) by extension 'colcon_meta'
[0.240s] Level 1:colcon.colcon_core.package_identification:_identify(ddt_ros2_control/simulation/mujoco_bridge/mujoco_sim_ros2) by extensions ['ros']
[0.240s] Level 1:colcon.colcon_core.package_identification:_identify(ddt_ros2_control/simulation/mujoco_bridge/mujoco_sim_ros2) by extension 'ros'
[0.241s] DEBUG:colcon.colcon_core.package_identification:Package 'ddt_ros2_control/simulation/mujoco_bridge/mujoco_sim_ros2' with type 'ros.ament_cmake' and name 'mujoco_sim_ros2'
[0.241s] Level 1:colcon.colcon_core.package_identification:_identify(ddt_ros2_control/simulation/webots_bridge) by extensions ['ignore', 'ignore_ament_install']
[0.241s] Level 1:colcon.colcon_core.package_identification:_identify(ddt_ros2_control/simulation/webots_bridge) by extension 'ignore'
[0.241s] Level 1:colcon.colcon_core.package_identification:_identify(ddt_ros2_control/simulation/webots_bridge) by extension 'ignore_ament_install'
[0.241s] Level 1:colcon.colcon_core.package_identification:_identify(ddt_ros2_control/simulation/webots_bridge) by extensions ['colcon_pkg']
[0.241s] Level 1:colcon.colcon_core.package_identification:_identify(ddt_ros2_control/simulation/webots_bridge) by extension 'colcon_pkg'
[0.241s] Level 1:colcon.colcon_core.package_identification:_identify(ddt_ros2_control/simulation/webots_bridge) by extensions ['colcon_meta']
[0.241s] Level 1:colcon.colcon_core.package_identification:_identify(ddt_ros2_control/simulation/webots_bridge) by extension 'colcon_meta'
[0.241s] Level 1:colcon.colcon_core.package_identification:_identify(ddt_ros2_control/simulation/webots_bridge) by extensions ['ros']
[0.241s] Level 1:colcon.colcon_core.package_identification:_identify(ddt_ros2_control/simulation/webots_bridge) by extension 'ros'
[0.242s] DEBUG:colcon.colcon_core.package_identification:Package 'ddt_ros2_control/simulation/webots_bridge' with type 'ros.ament_cmake' and name 'webots_bridge'
[0.242s] Level 1:colcon.colcon_core.package_identification:_identify(ddt_ros2_control/urdfs) by extensions ['ignore', 'ignore_ament_install']
[0.242s] Level 1:colcon.colcon_core.package_identification:_identify(ddt_ros2_control/urdfs) by extension 'ignore'
[0.242s] Level 1:colcon.colcon_core.package_identification:_identify(ddt_ros2_control/urdfs) by extension 'ignore_ament_install'
[0.242s] Level 1:colcon.colcon_core.package_identification:_identify(ddt_ros2_control/urdfs) by extensions ['colcon_pkg']
[0.242s] Level 1:colcon.colcon_core.package_identification:_identify(ddt_ros2_control/urdfs) by extension 'colcon_pkg'
[0.242s] Level 1:colcon.colcon_core.package_identification:_identify(ddt_ros2_control/urdfs) by extensions ['colcon_meta']
[0.242s] Level 1:colcon.colcon_core.package_identification:_identify(ddt_ros2_control/urdfs) by extension 'colcon_meta'
[0.242s] Level 1:colcon.colcon_core.package_identification:_identify(ddt_ros2_control/urdfs) by extensions ['ros']
[0.242s] Level 1:colcon.colcon_core.package_identification:_identify(ddt_ros2_control/urdfs) by extension 'ros'
[0.242s] Level 1:colcon.colcon_core.package_identification:_identify(ddt_ros2_control/urdfs) by extensions ['cmake', 'python']
[0.242s] Level 1:colcon.colcon_core.package_identification:_identify(ddt_ros2_control/urdfs) by extension 'cmake'
[0.242s] Level 1:colcon.colcon_core.package_identification:_identify(ddt_ros2_control/urdfs) by extension 'python'
[0.242s] Level 1:colcon.colcon_core.package_identification:_identify(ddt_ros2_control/urdfs) by extensions ['python_setup_py']
[0.242s] Level 1:colcon.colcon_core.package_identification:_identify(ddt_ros2_control/urdfs) by extension 'python_setup_py'
[0.242s] Level 1:colcon.colcon_core.package_identification:_identify(ddt_ros2_control/urdfs/d1_description) by extensions ['ignore', 'ignore_ament_install']
[0.242s] Level 1:colcon.colcon_core.package_identification:_identify(ddt_ros2_control/urdfs/d1_description) by extension 'ignore'
[0.242s] Level 1:colcon.colcon_core.package_identification:_identify(ddt_ros2_control/urdfs/d1_description) by extension 'ignore_ament_install'
[0.242s] Level 1:colcon.colcon_core.package_identification:_identify(ddt_ros2_control/urdfs/d1_description) by extensions ['colcon_pkg']
[0.242s] Level 1:colcon.colcon_core.package_identification:_identify(ddt_ros2_control/urdfs/d1_description) by extension 'colcon_pkg'
[0.242s] Level 1:colcon.colcon_core.package_identification:_identify(ddt_ros2_control/urdfs/d1_description) by extensions ['colcon_meta']
[0.242s] Level 1:colcon.colcon_core.package_identification:_identify(ddt_ros2_control/urdfs/d1_description) by extension 'colcon_meta'
[0.242s] Level 1:colcon.colcon_core.package_identification:_identify(ddt_ros2_control/urdfs/d1_description) by extensions ['ros']
[0.243s] Level 1:colcon.colcon_core.package_identification:_identify(ddt_ros2_control/urdfs/d1_description) by extension 'ros'
[0.245s] DEBUG:colcon.colcon_core.package_identification:Package 'ddt_ros2_control/urdfs/d1_description' with type 'ros.ament_cmake' and name 'd1_description'
[0.246s] Level 1:colcon.colcon_core.package_identification:_identify(ddt_ros2_control/urdfs/d1h_description) by extensions ['ignore', 'ignore_ament_install']
[0.246s] Level 1:colcon.colcon_core.package_identification:_identify(ddt_ros2_control/urdfs/d1h_description) by extension 'ignore'
[0.246s] Level 1:colcon.colcon_core.package_identification:_identify(ddt_ros2_control/urdfs/d1h_description) by extension 'ignore_ament_install'
[0.246s] Level 1:colcon.colcon_core.package_identification:_identify(ddt_ros2_control/urdfs/d1h_description) by extensions ['colcon_pkg']
[0.246s] Level 1:colcon.colcon_core.package_identification:_identify(ddt_ros2_control/urdfs/d1h_description) by extension 'colcon_pkg'
[0.246s] Level 1:colcon.colcon_core.package_identification:_identify(ddt_ros2_control/urdfs/d1h_description) by extensions ['colcon_meta']
[0.246s] Level 1:colcon.colcon_core.package_identification:_identify(ddt_ros2_control/urdfs/d1h_description) by extension 'colcon_meta'
[0.246s] Level 1:colcon.colcon_core.package_identification:_identify(ddt_ros2_control/urdfs/d1h_description) by extensions ['ros']
[0.246s] Level 1:colcon.colcon_core.package_identification:_identify(ddt_ros2_control/urdfs/d1h_description) by extension 'ros'
[0.248s] DEBUG:colcon.colcon_core.package_identification:Package 'ddt_ros2_control/urdfs/d1h_description' with type 'ros.ament_cmake' and name 'd1h_description'
[0.248s] Level 1:colcon.colcon_core.package_identification:_identify(ddt_ros2_control/urdfs/tita_description) by extensions ['ignore', 'ignore_ament_install']
[0.248s] Level 1:colcon.colcon_core.package_identification:_identify(ddt_ros2_control/urdfs/tita_description) by extension 'ignore'
[0.248s] Level 1:colcon.colcon_core.package_identification:_identify(ddt_ros2_control/urdfs/tita_description) by extension 'ignore_ament_install'
[0.248s] Level 1:colcon.colcon_core.package_identification:_identify(ddt_ros2_control/urdfs/tita_description) by extensions ['colcon_pkg']
[0.248s] Level 1:colcon.colcon_core.package_identification:_identify(ddt_ros2_control/urdfs/tita_description) by extension 'colcon_pkg'
[0.248s] Level 1:colcon.colcon_core.package_identification:_identify(ddt_ros2_control/urdfs/tita_description) by extensions ['colcon_meta']
[0.248s] Level 1:colcon.colcon_core.package_identification:_identify(ddt_ros2_control/urdfs/tita_description) by extension 'colcon_meta'
[0.248s] Level 1:colcon.colcon_core.package_identification:_identify(ddt_ros2_control/urdfs/tita_description) by extensions ['ros']
[0.248s] Level 1:colcon.colcon_core.package_identification:_identify(ddt_ros2_control/urdfs/tita_description) by extension 'ros'
[0.250s] DEBUG:colcon.colcon_core.package_identification:Package 'ddt_ros2_control/urdfs/tita_description' with type 'ros.ament_cmake' and name 'tita_description'
[0.250s] Level 1:colcon.colcon_core.package_identification:_identify(ddt_ros2_control/urdfs/titatit_description) by extensions ['ignore', 'ignore_ament_install']
[0.251s] Level 1:colcon.colcon_core.package_identification:_identify(ddt_ros2_control/urdfs/titatit_description) by extension 'ignore'
[0.251s] Level 1:colcon.colcon_core.package_identification:_identify(ddt_ros2_control/urdfs/titatit_description) by extension 'ignore_ament_install'
[0.251s] Level 1:colcon.colcon_core.package_identification:_identify(ddt_ros2_control/urdfs/titatit_description) by extensions ['colcon_pkg']
[0.251s] Level 1:colcon.colcon_core.package_identification:_identify(ddt_ros2_control/urdfs/titatit_description) by extension 'colcon_pkg'
[0.251s] Level 1:colcon.colcon_core.package_identification:_identify(ddt_ros2_control/urdfs/titatit_description) by extensions ['colcon_meta']
[0.251s] Level 1:colcon.colcon_core.package_identification:_identify(ddt_ros2_control/urdfs/titatit_description) by extension 'colcon_meta'
[0.251s] Level 1:colcon.colcon_core.package_identification:_identify(ddt_ros2_control/urdfs/titatit_description) by extensions ['ros']
[0.251s] Level 1:colcon.colcon_core.package_identification:_identify(ddt_ros2_control/urdfs/titatit_description) by extension 'ros'
[0.253s] DEBUG:colcon.colcon_core.package_identification:Package 'ddt_ros2_control/urdfs/titatit_description' with type 'ros.ament_cmake' and name 'titatit_description'
[0.253s] Level 1:colcon.colcon_core.package_identification:_identify(install) by extensions ['ignore', 'ignore_ament_install']
[0.253s] Level 1:colcon.colcon_core.package_identification:_identify(install) by extension 'ignore'
[0.253s] Level 1:colcon.colcon_core.package_identification:_identify(install) ignored
[0.253s] Level 1:colcon.colcon_core.package_identification:_identify(log) by extensions ['ignore', 'ignore_ament_install']
[0.253s] Level 1:colcon.colcon_core.package_identification:_identify(log) by extension 'ignore'
[0.254s] Level 1:colcon.colcon_core.package_identification:_identify(log) ignored
[0.254s] Level 1:colcon.colcon_core.package_discovery:discover_packages(recursive) using defaults
[0.254s] Level 1:colcon.colcon_core.package_discovery:discover_packages(ignore) discover
[0.254s] Level 1:colcon.colcon_core.package_discovery:discover_packages(ignore) using defaults
[0.254s] Level 1:colcon.colcon_core.package_discovery:discover_packages(path) discover
[0.254s] Level 1:colcon.colcon_core.package_discovery:discover_packages(path) using defaults
[0.270s] INFO:colcon.colcon_core.package_selection:Skipping package 'mujoco_bridge' in 'ddt_ros2_control/simulation/mujoco_bridge/mujoco_bridge'
[0.270s] INFO:colcon.colcon_core.package_selection:Skipping package 'teleop_command' in 'ddt_ros2_control/interaction/teleop_command'
[0.270s] INFO:colcon.colcon_core.package_selection:Skipping package 'rl_controller' in 'ddt_ros2_control/controller/rl_controller'
[0.270s] INFO:colcon.colcon_core.package_selection:Skipping package 'mujoco_ros2_control' in 'ddt_ros2_control/simulation/mujoco_bridge/mujoco_ros2_control'
[0.270s] INFO:colcon.colcon_core.package_selection:Skipping package 'keyboard_controller' in 'ddt_ros2_control/interaction/keyboard_controller'
[0.270s] INFO:colcon.colcon_core.package_selection:Skipping package 'gazebo_bridge' in 'ddt_ros2_control/simulation/gazebo_bridge'
[0.271s] INFO:colcon.colcon_core.package_selection:Skipping package 'webots_bridge' in 'ddt_ros2_control/simulation/webots_bridge'
[0.271s] INFO:colcon.colcon_core.package_selection:Skipping package 'titatit_description' in 'ddt_ros2_control/urdfs/titatit_description'
[0.271s] INFO:colcon.colcon_core.package_selection:Skipping package 'tita_description' in 'ddt_ros2_control/urdfs/tita_description'
[0.271s] INFO:colcon.colcon_core.package_selection:Skipping package 'ros_utils' in 'ddt_ros2_control/ros_utils'
[0.271s] INFO:colcon.colcon_core.package_selection:Skipping package 'mujoco_sim_ros2' in 'ddt_ros2_control/simulation/mujoco_bridge/mujoco_sim_ros2'
[0.271s] INFO:colcon.colcon_core.package_selection:Skipping package 'd1h_description' in 'ddt_ros2_control/urdfs/d1h_description'
[0.271s] INFO:colcon.colcon_core.package_selection:Skipping package 'd1_description' in 'ddt_ros2_control/urdfs/d1_description'
[0.271s] Level 1:colcon.colcon_core.package_discovery:discover_packages(prefix_path) check parameters
[0.271s] Level 1:colcon.colcon_core.package_discovery:discover_packages(prefix_path) discover
[0.272s] WARNING:colcon.colcon_ros.prefix_path.catkin:The path '/home.aiseon/mujoco_src' in the environment variable CMAKE_PREFIX_PATH doesn't exist
[0.272s] DEBUG:colcon.colcon_installed_package_information.package_discovery:Found 13 installed packages in /home/aiseon/tita/sim2sim2real/ddt_ros2_ws/install
[0.274s] DEBUG:colcon.colcon_installed_package_information.package_discovery:Found 440 installed packages in /opt/ros/humble
[0.276s] Level 1:colcon.colcon_core.package_discovery:discover_packages(prefix_path) using defaults
[0.314s] Level 5:colcon.colcon_core.verb:set package 'tita_robot' build argument 'cmake_args' from command line to 'None'
[0.314s] Level 5:colcon.colcon_core.verb:set package 'tita_robot' build argument 'cmake_target' from command line to 'None'
[0.314s] Level 5:colcon.colcon_core.verb:set package 'tita_robot' build argument 'cmake_target_skip_unavailable' from command line to 'False'
[0.315s] Level 5:colcon.colcon_core.verb:set package 'tita_robot' build argument 'cmake_clean_cache' from command line to 'False'
[0.315s] Level 5:colcon.colcon_core.verb:set package 'tita_robot' build argument 'cmake_clean_first' from command line to 'False'
[0.315s] Level 5:colcon.colcon_core.verb:set package 'tita_robot' build argument 'cmake_force_configure' from command line to 'False'
[0.315s] Level 5:colcon.colcon_core.verb:set package 'tita_robot' build argument 'ament_cmake_args' from command line to 'None'
[0.315s] Level 5:colcon.colcon_core.verb:set package 'tita_robot' build argument 'catkin_cmake_args' from command line to 'None'
[0.315s] Level 5:colcon.colcon_core.verb:set package 'tita_robot' build argument 'catkin_skip_building_tests' from command line to 'False'
[0.315s] DEBUG:colcon.colcon_core.verb:Building package 'tita_robot' with the following arguments: {'ament_cmake_args': None, 'build_base': '/home/aiseon/tita/sim2sim2real/ddt_ros2_ws/build/tita_robot', 'catkin_cmake_args': None, 'catkin_skip_building_tests': False, 'cmake_args': None, 'cmake_clean_cache': False, 'cmake_clean_first': False, 'cmake_force_configure': False, 'cmake_target': None, 'cmake_target_skip_unavailable': False, 'install_base': '/home/aiseon/tita/sim2sim2real/ddt_ros2_ws/install/tita_robot', 'merge_install': False, 'path': '/home/aiseon/tita/sim2sim2real/ddt_ros2_ws/ddt_ros2_control/hardware/tita_robot', 'symlink_install': True, 'test_result_base': None}
[0.315s] Level 5:colcon.colcon_core.verb:set package 'hardware_bridge' build argument 'cmake_args' from command line to 'None'
[0.315s] Level 5:colcon.colcon_core.verb:set package 'hardware_bridge' build argument 'cmake_target' from command line to 'None'
[0.315s] Level 5:colcon.colcon_core.verb:set package 'hardware_bridge' build argument 'cmake_target_skip_unavailable' from command line to 'False'
[0.315s] Level 5:colcon.colcon_core.verb:set package 'hardware_bridge' build argument 'cmake_clean_cache' from command line to 'False'
[0.315s] Level 5:colcon.colcon_core.verb:set package 'hardware_bridge' build argument 'cmake_clean_first' from command line to 'False'
[0.315s] Level 5:colcon.colcon_core.verb:set package 'hardware_bridge' build argument 'cmake_force_configure' from command line to 'False'
[0.315s] Level 5:colcon.colcon_core.verb:set package 'hardware_bridge' build argument 'ament_cmake_args' from command line to 'None'
[0.315s] Level 5:colcon.colcon_core.verb:set package 'hardware_bridge' build argument 'catkin_cmake_args' from command line to 'None'
[0.315s] Level 5:colcon.colcon_core.verb:set package 'hardware_bridge' build argument 'catkin_skip_building_tests' from command line to 'False'
[0.315s] DEBUG:colcon.colcon_core.verb:Building package 'hardware_bridge' with the following arguments: {'ament_cmake_args': None, 'build_base': '/home/aiseon/tita/sim2sim2real/ddt_ros2_ws/build/hardware_bridge', 'catkin_cmake_args': None, 'catkin_skip_building_tests': False, 'cmake_args': None, 'cmake_clean_cache': False, 'cmake_clean_first': False, 'cmake_force_configure': False, 'cmake_target': None, 'cmake_target_skip_unavailable': False, 'install_base': '/home/aiseon/tita/sim2sim2real/ddt_ros2_ws/install/hardware_bridge', 'merge_install': False, 'path': '/home/aiseon/tita/sim2sim2real/ddt_ros2_ws/ddt_ros2_control/hardware/hardware_bridge', 'symlink_install': True, 'test_result_base': None}
[0.315s] INFO:colcon.colcon_core.executor:Executing jobs using 'parallel' executor
[0.316s] DEBUG:colcon.colcon_parallel_executor.executor.parallel:run_until_complete
[0.317s] INFO:colcon.colcon_ros.task.ament_cmake.build:Building ROS package in '/home/aiseon/tita/sim2sim2real/ddt_ros2_ws/ddt_ros2_control/hardware/tita_robot' with build type 'ament_cmake'
[0.317s] INFO:colcon.colcon_cmake.task.cmake.build:Building CMake package in '/home/aiseon/tita/sim2sim2real/ddt_ros2_ws/ddt_ros2_control/hardware/tita_robot'
[0.319s] INFO:colcon.colcon_core.plugin_system:Skipping extension 'colcon_core.shell.bat': Not used on non-Windows systems
[0.319s] INFO:colcon.colcon_core.shell:Skip shell extension 'powershell' for command environment: Not usable outside of PowerShell
[0.319s] DEBUG:colcon.colcon_core.shell:Skip shell extension 'dsv' for command environment
[0.338s] DEBUG:colcon.colcon_core.event_handler.log_command:Invoking command in '/home/aiseon/tita/sim2sim2real/ddt_ros2_ws/build/tita_robot': CMAKE_PREFIX_PATH=${CMAKE_PREFIX_PATH}:/opt/ros/humble /home/aiseon/.local/bin/cmake --build /home/aiseon/tita/sim2sim2real/ddt_ros2_ws/build/tita_robot -- -j192 -l192
[0.461s] DEBUG:colcon.colcon_core.event_handler.log_command:Invoked command in '/home/aiseon/tita/sim2sim2real/ddt_ros2_ws/build/tita_robot' returned '0': CMAKE_PREFIX_PATH=${CMAKE_PREFIX_PATH}:/opt/ros/humble /home/aiseon/.local/bin/cmake --build /home/aiseon/tita/sim2sim2real/ddt_ros2_ws/build/tita_robot -- -j192 -l192
[0.506s] DEBUG:colcon.colcon_core.event_handler.log_command:Invoking command in '/home/aiseon/tita/sim2sim2real/ddt_ros2_ws/build/tita_robot': CMAKE_PREFIX_PATH=${CMAKE_PREFIX_PATH}:/opt/ros/humble /home/aiseon/.local/bin/cmake --install /home/aiseon/tita/sim2sim2real/ddt_ros2_ws/build/tita_robot
[0.562s] Level 1:colcon.colcon_core.environment:create_environment_scripts_only(tita_robot)
[0.563s] DEBUG:colcon.colcon_core.event_handler.log_command:Invoked command in '/home/aiseon/tita/sim2sim2real/ddt_ros2_ws/build/tita_robot' returned '0': CMAKE_PREFIX_PATH=${CMAKE_PREFIX_PATH}:/opt/ros/humble /home/aiseon/.local/bin/cmake --install /home/aiseon/tita/sim2sim2real/ddt_ros2_ws/build/tita_robot
[0.567s] Level 1:colcon.colcon_core.environment:checking '/home/aiseon/tita/sim2sim2real/ddt_ros2_ws/install/tita_robot' for CMake module files
[0.567s] Level 1:colcon.colcon_core.environment:checking '/home/aiseon/tita/sim2sim2real/ddt_ros2_ws/install/tita_robot' for CMake config files
[0.567s] Level 1:colcon.colcon_core.shell:create_environment_hook('tita_robot', 'cmake_prefix_path')
[0.567s] INFO:colcon.colcon_core.shell:Creating environment hook '/home/aiseon/tita/sim2sim2real/ddt_ros2_ws/install/tita_robot/share/tita_robot/hook/cmake_prefix_path.ps1'
[0.568s] INFO:colcon.colcon_core.shell:Creating environment descriptor '/home/aiseon/tita/sim2sim2real/ddt_ros2_ws/install/tita_robot/share/tita_robot/hook/cmake_prefix_path.dsv'
[0.568s] INFO:colcon.colcon_core.shell:Creating environment hook '/home/aiseon/tita/sim2sim2real/ddt_ros2_ws/install/tita_robot/share/tita_robot/hook/cmake_prefix_path.sh'
[0.569s] Level 1:colcon.colcon_core.environment:checking '/home/aiseon/tita/sim2sim2real/ddt_ros2_ws/install/tita_robot/lib'
[0.569s] Level 1:colcon.colcon_core.shell:create_environment_hook('tita_robot', 'ld_library_path_lib')
[0.569s] INFO:colcon.colcon_core.shell:Creating environment hook '/home/aiseon/tita/sim2sim2real/ddt_ros2_ws/install/tita_robot/share/tita_robot/hook/ld_library_path_lib.ps1'
[0.569s] INFO:colcon.colcon_core.shell:Creating environment descriptor '/home/aiseon/tita/sim2sim2real/ddt_ros2_ws/install/tita_robot/share/tita_robot/hook/ld_library_path_lib.dsv'
[0.569s] INFO:colcon.colcon_core.shell:Creating environment hook '/home/aiseon/tita/sim2sim2real/ddt_ros2_ws/install/tita_robot/share/tita_robot/hook/ld_library_path_lib.sh'
[0.570s] Level 1:colcon.colcon_core.environment:checking '/home/aiseon/tita/sim2sim2real/ddt_ros2_ws/install/tita_robot/bin'
[0.570s] Level 1:colcon.colcon_core.environment:checking '/home/aiseon/tita/sim2sim2real/ddt_ros2_ws/install/tita_robot/lib/pkgconfig/tita_robot.pc'
[0.570s] Level 1:colcon.colcon_core.environment:checking '/home/aiseon/tita/sim2sim2real/ddt_ros2_ws/install/tita_robot/lib/python3.10/site-packages'
[0.570s] Level 1:colcon.colcon_core.environment:checking '/home/aiseon/tita/sim2sim2real/ddt_ros2_ws/install/tita_robot/bin'
[0.570s] INFO:colcon.colcon_core.shell:Creating package script '/home/aiseon/tita/sim2sim2real/ddt_ros2_ws/install/tita_robot/share/tita_robot/package.ps1'
[0.571s] INFO:colcon.colcon_core.shell:Creating package descriptor '/home/aiseon/tita/sim2sim2real/ddt_ros2_ws/install/tita_robot/share/tita_robot/package.dsv'
[0.571s] INFO:colcon.colcon_core.shell:Creating package script '/home/aiseon/tita/sim2sim2real/ddt_ros2_ws/install/tita_robot/share/tita_robot/package.sh'
[0.572s] INFO:colcon.colcon_core.shell:Creating package script '/home/aiseon/tita/sim2sim2real/ddt_ros2_ws/install/tita_robot/share/tita_robot/package.bash'
[0.572s] INFO:colcon.colcon_core.shell:Creating package script '/home/aiseon/tita/sim2sim2real/ddt_ros2_ws/install/tita_robot/share/tita_robot/package.zsh'
[0.573s] Level 1:colcon.colcon_core.environment:create_file_with_runtime_dependencies(/home/aiseon/tita/sim2sim2real/ddt_ros2_ws/install/tita_robot/share/colcon-core/packages/tita_robot)
[0.573s] Level 1:colcon.colcon_core.environment:create_environment_scripts_only(tita_robot)
[0.573s] Level 1:colcon.colcon_core.environment:checking '/home/aiseon/tita/sim2sim2real/ddt_ros2_ws/install/tita_robot' for CMake module files
[0.573s] Level 1:colcon.colcon_core.environment:checking '/home/aiseon/tita/sim2sim2real/ddt_ros2_ws/install/tita_robot' for CMake config files
[0.574s] Level 1:colcon.colcon_core.shell:create_environment_hook('tita_robot', 'cmake_prefix_path')
[0.574s] INFO:colcon.colcon_core.shell:Creating environment hook '/home/aiseon/tita/sim2sim2real/ddt_ros2_ws/install/tita_robot/share/tita_robot/hook/cmake_prefix_path.ps1'
[0.574s] INFO:colcon.colcon_core.shell:Creating environment descriptor '/home/aiseon/tita/sim2sim2real/ddt_ros2_ws/install/tita_robot/share/tita_robot/hook/cmake_prefix_path.dsv'
[0.574s] INFO:colcon.colcon_core.shell:Creating environment hook '/home/aiseon/tita/sim2sim2real/ddt_ros2_ws/install/tita_robot/share/tita_robot/hook/cmake_prefix_path.sh'
[0.575s] Level 1:colcon.colcon_core.environment:checking '/home/aiseon/tita/sim2sim2real/ddt_ros2_ws/install/tita_robot/lib'
[0.575s] Level 1:colcon.colcon_core.shell:create_environment_hook('tita_robot', 'ld_library_path_lib')
[0.575s] INFO:colcon.colcon_core.shell:Creating environment hook '/home/aiseon/tita/sim2sim2real/ddt_ros2_ws/install/tita_robot/share/tita_robot/hook/ld_library_path_lib.ps1'
[0.575s] INFO:colcon.colcon_core.shell:Creating environment descriptor '/home/aiseon/tita/sim2sim2real/ddt_ros2_ws/install/tita_robot/share/tita_robot/hook/ld_library_path_lib.dsv'
[0.575s] INFO:colcon.colcon_core.shell:Creating environment hook '/home/aiseon/tita/sim2sim2real/ddt_ros2_ws/install/tita_robot/share/tita_robot/hook/ld_library_path_lib.sh'
[0.575s] Level 1:colcon.colcon_core.environment:checking '/home/aiseon/tita/sim2sim2real/ddt_ros2_ws/install/tita_robot/bin'
[0.576s] Level 1:colcon.colcon_core.environment:checking '/home/aiseon/tita/sim2sim2real/ddt_ros2_ws/install/tita_robot/lib/pkgconfig/tita_robot.pc'
[0.576s] Level 1:colcon.colcon_core.environment:checking '/home/aiseon/tita/sim2sim2real/ddt_ros2_ws/install/tita_robot/lib/python3.10/site-packages'
[0.576s] Level 1:colcon.colcon_core.environment:checking '/home/aiseon/tita/sim2sim2real/ddt_ros2_ws/install/tita_robot/bin'
[0.576s] INFO:colcon.colcon_core.shell:Creating package script '/home/aiseon/tita/sim2sim2real/ddt_ros2_ws/install/tita_robot/share/tita_robot/package.ps1'
[0.577s] INFO:colcon.colcon_core.shell:Creating package descriptor '/home/aiseon/tita/sim2sim2real/ddt_ros2_ws/install/tita_robot/share/tita_robot/package.dsv'
[0.577s] INFO:colcon.colcon_core.shell:Creating package script '/home/aiseon/tita/sim2sim2real/ddt_ros2_ws/install/tita_robot/share/tita_robot/package.sh'
[0.577s] INFO:colcon.colcon_core.shell:Creating package script '/home/aiseon/tita/sim2sim2real/ddt_ros2_ws/install/tita_robot/share/tita_robot/package.bash'
[0.578s] INFO:colcon.colcon_core.shell:Creating package script '/home/aiseon/tita/sim2sim2real/ddt_ros2_ws/install/tita_robot/share/tita_robot/package.zsh'
[0.578s] Level 1:colcon.colcon_core.environment:create_file_with_runtime_dependencies(/home/aiseon/tita/sim2sim2real/ddt_ros2_ws/install/tita_robot/share/colcon-core/packages/tita_robot)
[0.578s] INFO:colcon.colcon_ros.task.ament_cmake.build:Building ROS package in '/home/aiseon/tita/sim2sim2real/ddt_ros2_ws/ddt_ros2_control/hardware/hardware_bridge' with build type 'ament_cmake'
[0.578s] INFO:colcon.colcon_cmake.task.cmake.build:Building CMake package in '/home/aiseon/tita/sim2sim2real/ddt_ros2_ws/ddt_ros2_control/hardware/hardware_bridge'
[0.578s] INFO:colcon.colcon_core.shell:Skip shell extension 'powershell' for command environment: Not usable outside of PowerShell
[0.578s] DEBUG:colcon.colcon_core.shell:Skip shell extension 'dsv' for command environment
[0.601s] DEBUG:colcon.colcon_core.event_handler.log_command:Invoking command in '/home/aiseon/tita/sim2sim2real/ddt_ros2_ws/build/hardware_bridge': CMAKE_PREFIX_PATH=/home/aiseon/tita/sim2sim2real/ddt_ros2_ws/install/tita_robot:/home/aiseon/tita/sim2sim2real/ddt_ros2_ws/install/titatit_description:/home/aiseon/tita/sim2sim2real/ddt_ros2_ws/install/hardware_bridge:/home/aiseon/tita/sim2sim2real/ddt_ros2_ws/install/tita_description:/home/aiseon/tita/sim2sim2real/ddt_ros2_ws/install/teleop_command:/home/aiseon/tita/sim2sim2real/ddt_ros2_ws/install/rl_controller:/home/aiseon/tita/sim2sim2real/ddt_ros2_ws/install/keyboard_controller:/home/aiseon/tita/sim2sim2real/ddt_ros2_ws/install/ros_utils:/home/aiseon/tita/sim2sim2real/ddt_ros2_ws/install/mujoco_bridge:/home/aiseon/tita/sim2sim2real/ddt_ros2_ws/install/mujoco_ros2_control:/home/aiseon/tita/sim2sim2real/ddt_ros2_ws/install/mujoco_sim_ros2:/home/aiseon/tita/sim2sim2real/ddt_ros2_ws/install/d1h_description:/home/aiseon/tita/sim2sim2real/ddt_ros2_ws/install/d1_description:/home.aiseon/mujoco_src:/home.aiseon/mujoco_src:/opt/ros/humble LD_LIBRARY_PATH=/home/aiseon/tita/sim2sim2real/ddt_ros2_ws/install/tita_robot/lib:/home/aiseon/tita/sim2sim2real/ddt_ros2_ws/install/hardware_bridge/lib:/home/aiseon/tita/sim2sim2real/ddt_ros2_ws/install/teleop_command/lib:/home/aiseon/tita/sim2sim2real/ddt_ros2_ws/install/rl_controller/lib:/home/aiseon/tita/sim2sim2real/ddt_ros2_ws/install/mujoco_ros2_control/lib:/home/aiseon/tita/sim2sim2real/ddt_ros2_ws/install/mujoco_sim_ros2/lib:/home/aiseon/tita/sim2sim2real/mujoco/lib:/home/aiseon/tita/sim2sim2real/mujoco/lib:/home/aiseon/.mujoco/mujoco330/bin:/home/aiseon/anaconda3/envs/rlgpu/lib:/usr/lib/x86_64-linux-gnu/gazebo-11/plugins:/opt/ros/humble/opt/rviz_ogre_vendor/lib:/opt/ros/humble/lib/x86_64-linux-gnu:/opt/ros/humble/lib:/usr/lib/x86_64-linux-gnu:/usr/lib:/home/aiseon/.mujoco/mujoco210/bin:/usr/lib/nvidia:/home/aiseon/.mujoco/mujoco330/bin:/home/.mujoco/mujoco210/bin:/home/aiseon/.mujoco/mujoco210/bin /home/aiseon/.local/bin/cmake --build /home/aiseon/tita/sim2sim2real/ddt_ros2_ws/build/hardware_bridge -- -j192 -l192
[4.785s] DEBUG:colcon.colcon_core.event_handler.log_command:Invoked command in '/home/aiseon/tita/sim2sim2real/ddt_ros2_ws/build/hardware_bridge' returned '0': CMAKE_PREFIX_PATH=/home/aiseon/tita/sim2sim2real/ddt_ros2_ws/install/tita_robot:/home/aiseon/tita/sim2sim2real/ddt_ros2_ws/install/titatit_description:/home/aiseon/tita/sim2sim2real/ddt_ros2_ws/install/hardware_bridge:/home/aiseon/tita/sim2sim2real/ddt_ros2_ws/install/tita_description:/home/aiseon/tita/sim2sim2real/ddt_ros2_ws/install/teleop_command:/home/aiseon/tita/sim2sim2real/ddt_ros2_ws/install/rl_controller:/home/aiseon/tita/sim2sim2real/ddt_ros2_ws/install/keyboard_controller:/home/aiseon/tita/sim2sim2real/ddt_ros2_ws/install/ros_utils:/home/aiseon/tita/sim2sim2real/ddt_ros2_ws/install/mujoco_bridge:/home/aiseon/tita/sim2sim2real/ddt_ros2_ws/install/mujoco_ros2_control:/home/aiseon/tita/sim2sim2real/ddt_ros2_ws/install/mujoco_sim_ros2:/home/aiseon/tita/sim2sim2real/ddt_ros2_ws/install/d1h_description:/home/aiseon/tita/sim2sim2real/ddt_ros2_ws/install/d1_description:/home.aiseon/mujoco_src:/home.aiseon/mujoco_src:/opt/ros/humble LD_LIBRARY_PATH=/home/aiseon/tita/sim2sim2real/ddt_ros2_ws/install/tita_robot/lib:/home/aiseon/tita/sim2sim2real/ddt_ros2_ws/install/hardware_bridge/lib:/home/aiseon/tita/sim2sim2real/ddt_ros2_ws/install/teleop_command/lib:/home/aiseon/tita/sim2sim2real/ddt_ros2_ws/install/rl_controller/lib:/home/aiseon/tita/sim2sim2real/ddt_ros2_ws/install/mujoco_ros2_control/lib:/home/aiseon/tita/sim2sim2real/ddt_ros2_ws/install/mujoco_sim_ros2/lib:/home/aiseon/tita/sim2sim2real/mujoco/lib:/home/aiseon/tita/sim2sim2real/mujoco/lib:/home/aiseon/.mujoco/mujoco330/bin:/home/aiseon/anaconda3/envs/rlgpu/lib:/usr/lib/x86_64-linux-gnu/gazebo-11/plugins:/opt/ros/humble/opt/rviz_ogre_vendor/lib:/opt/ros/humble/lib/x86_64-linux-gnu:/opt/ros/humble/lib:/usr/lib/x86_64-linux-gnu:/usr/lib:/home/aiseon/.mujoco/mujoco210/bin:/usr/lib/nvidia:/home/aiseon/.mujoco/mujoco330/bin:/home/.mujoco/mujoco210/bin:/home/aiseon/.mujoco/mujoco210/bin /home/aiseon/.local/bin/cmake --build /home/aiseon/tita/sim2sim2real/ddt_ros2_ws/build/hardware_bridge -- -j192 -l192
[4.787s] DEBUG:colcon.colcon_core.event_handler.log_command:Invoking command in '/home/aiseon/tita/sim2sim2real/ddt_ros2_ws/build/hardware_bridge': CMAKE_PREFIX_PATH=/home/aiseon/tita/sim2sim2real/ddt_ros2_ws/install/tita_robot:/home/aiseon/tita/sim2sim2real/ddt_ros2_ws/install/titatit_description:/home/aiseon/tita/sim2sim2real/ddt_ros2_ws/install/hardware_bridge:/home/aiseon/tita/sim2sim2real/ddt_ros2_ws/install/tita_description:/home/aiseon/tita/sim2sim2real/ddt_ros2_ws/install/teleop_command:/home/aiseon/tita/sim2sim2real/ddt_ros2_ws/install/rl_controller:/home/aiseon/tita/sim2sim2real/ddt_ros2_ws/install/keyboard_controller:/home/aiseon/tita/sim2sim2real/ddt_ros2_ws/install/ros_utils:/home/aiseon/tita/sim2sim2real/ddt_ros2_ws/install/mujoco_bridge:/home/aiseon/tita/sim2sim2real/ddt_ros2_ws/install/mujoco_ros2_control:/home/aiseon/tita/sim2sim2real/ddt_ros2_ws/install/mujoco_sim_ros2:/home/aiseon/tita/sim2sim2real/ddt_ros2_ws/install/d1h_description:/home/aiseon/tita/sim2sim2real/ddt_ros2_ws/install/d1_description:/home.aiseon/mujoco_src:/home.aiseon/mujoco_src:/opt/ros/humble LD_LIBRARY_PATH=/home/aiseon/tita/sim2sim2real/ddt_ros2_ws/install/tita_robot/lib:/home/aiseon/tita/sim2sim2real/ddt_ros2_ws/install/hardware_bridge/lib:/home/aiseon/tita/sim2sim2real/ddt_ros2_ws/install/teleop_command/lib:/home/aiseon/tita/sim2sim2real/ddt_ros2_ws/install/rl_controller/lib:/home/aiseon/tita/sim2sim2real/ddt_ros2_ws/install/mujoco_ros2_control/lib:/home/aiseon/tita/sim2sim2real/ddt_ros2_ws/install/mujoco_sim_ros2/lib:/home/aiseon/tita/sim2sim2real/mujoco/lib:/home/aiseon/tita/sim2sim2real/mujoco/lib:/home/aiseon/.mujoco/mujoco330/bin:/home/aiseon/anaconda3/envs/rlgpu/lib:/usr/lib/x86_64-linux-gnu/gazebo-11/plugins:/opt/ros/humble/opt/rviz_ogre_vendor/lib:/opt/ros/humble/lib/x86_64-linux-gnu:/opt/ros/humble/lib:/usr/lib/x86_64-linux-gnu:/usr/lib:/home/aiseon/.mujoco/mujoco210/bin:/usr/lib/nvidia:/home/aiseon/.mujoco/mujoco330/bin:/home/.mujoco/mujoco210/bin:/home/aiseon/.mujoco/mujoco210/bin /home/aiseon/.local/bin/cmake --install /home/aiseon/tita/sim2sim2real/ddt_ros2_ws/build/hardware_bridge
[4.847s] Level 1:colcon.colcon_core.environment:create_environment_scripts_only(hardware_bridge)
[4.847s] Level 1:colcon.colcon_core.environment:checking '/home/aiseon/tita/sim2sim2real/ddt_ros2_ws/install/hardware_bridge' for CMake module files
[4.848s] DEBUG:colcon.colcon_core.event_handler.log_command:Invoked command in '/home/aiseon/tita/sim2sim2real/ddt_ros2_ws/build/hardware_bridge' returned '0': CMAKE_PREFIX_PATH=/home/aiseon/tita/sim2sim2real/ddt_ros2_ws/install/tita_robot:/home/aiseon/tita/sim2sim2real/ddt_ros2_ws/install/titatit_description:/home/aiseon/tita/sim2sim2real/ddt_ros2_ws/install/hardware_bridge:/home/aiseon/tita/sim2sim2real/ddt_ros2_ws/install/tita_description:/home/aiseon/tita/sim2sim2real/ddt_ros2_ws/install/teleop_command:/home/aiseon/tita/sim2sim2real/ddt_ros2_ws/install/rl_controller:/home/aiseon/tita/sim2sim2real/ddt_ros2_ws/install/keyboard_controller:/home/aiseon/tita/sim2sim2real/ddt_ros2_ws/install/ros_utils:/home/aiseon/tita/sim2sim2real/ddt_ros2_ws/install/mujoco_bridge:/home/aiseon/tita/sim2sim2real/ddt_ros2_ws/install/mujoco_ros2_control:/home/aiseon/tita/sim2sim2real/ddt_ros2_ws/install/mujoco_sim_ros2:/home/aiseon/tita/sim2sim2real/ddt_ros2_ws/install/d1h_description:/home/aiseon/tita/sim2sim2real/ddt_ros2_ws/install/d1_description:/home.aiseon/mujoco_src:/home.aiseon/mujoco_src:/opt/ros/humble LD_LIBRARY_PATH=/home/aiseon/tita/sim2sim2real/ddt_ros2_ws/install/tita_robot/lib:/home/aiseon/tita/sim2sim2real/ddt_ros2_ws/install/hardware_bridge/lib:/home/aiseon/tita/sim2sim2real/ddt_ros2_ws/install/teleop_command/lib:/home/aiseon/tita/sim2sim2real/ddt_ros2_ws/install/rl_controller/lib:/home/aiseon/tita/sim2sim2real/ddt_ros2_ws/install/mujoco_ros2_control/lib:/home/aiseon/tita/sim2sim2real/ddt_ros2_ws/install/mujoco_sim_ros2/lib:/home/aiseon/tita/sim2sim2real/mujoco/lib:/home/aiseon/tita/sim2sim2real/mujoco/lib:/home/aiseon/.mujoco/mujoco330/bin:/home/aiseon/anaconda3/envs/rlgpu/lib:/usr/lib/x86_64-linux-gnu/gazebo-11/plugins:/opt/ros/humble/opt/rviz_ogre_vendor/lib:/opt/ros/humble/lib/x86_64-linux-gnu:/opt/ros/humble/lib:/usr/lib/x86_64-linux-gnu:/usr/lib:/home/aiseon/.mujoco/mujoco210/bin:/usr/lib/nvidia:/home/aiseon/.mujoco/mujoco330/bin:/home/.mujoco/mujoco210/bin:/home/aiseon/.mujoco/mujoco210/bin /home/aiseon/.local/bin/cmake --install /home/aiseon/tita/sim2sim2real/ddt_ros2_ws/build/hardware_bridge
[4.849s] Level 1:colcon.colcon_core.environment:checking '/home/aiseon/tita/sim2sim2real/ddt_ros2_ws/install/hardware_bridge' for CMake config files
[4.849s] Level 1:colcon.colcon_core.shell:create_environment_hook('hardware_bridge', 'cmake_prefix_path')
[4.850s] INFO:colcon.colcon_core.shell:Creating environment hook '/home/aiseon/tita/sim2sim2real/ddt_ros2_ws/install/hardware_bridge/share/hardware_bridge/hook/cmake_prefix_path.ps1'
[4.850s] INFO:colcon.colcon_core.shell:Creating environment descriptor '/home/aiseon/tita/sim2sim2real/ddt_ros2_ws/install/hardware_bridge/share/hardware_bridge/hook/cmake_prefix_path.dsv'
[4.850s] INFO:colcon.colcon_core.shell:Creating environment hook '/home/aiseon/tita/sim2sim2real/ddt_ros2_ws/install/hardware_bridge/share/hardware_bridge/hook/cmake_prefix_path.sh'
[4.851s] Level 1:colcon.colcon_core.environment:checking '/home/aiseon/tita/sim2sim2real/ddt_ros2_ws/install/hardware_bridge/lib'
[4.851s] Level 1:colcon.colcon_core.shell:create_environment_hook('hardware_bridge', 'ld_library_path_lib')
[4.851s] INFO:colcon.colcon_core.shell:Creating environment hook '/home/aiseon/tita/sim2sim2real/ddt_ros2_ws/install/hardware_bridge/share/hardware_bridge/hook/ld_library_path_lib.ps1'
[4.851s] INFO:colcon.colcon_core.shell:Creating environment descriptor '/home/aiseon/tita/sim2sim2real/ddt_ros2_ws/install/hardware_bridge/share/hardware_bridge/hook/ld_library_path_lib.dsv'
[4.852s] INFO:colcon.colcon_core.shell:Creating environment hook '/home/aiseon/tita/sim2sim2real/ddt_ros2_ws/install/hardware_bridge/share/hardware_bridge/hook/ld_library_path_lib.sh'
[4.852s] Level 1:colcon.colcon_core.environment:checking '/home/aiseon/tita/sim2sim2real/ddt_ros2_ws/install/hardware_bridge/bin'
[4.852s] Level 1:colcon.colcon_core.environment:checking '/home/aiseon/tita/sim2sim2real/ddt_ros2_ws/install/hardware_bridge/lib/pkgconfig/hardware_bridge.pc'
[4.852s] Level 1:colcon.colcon_core.environment:checking '/home/aiseon/tita/sim2sim2real/ddt_ros2_ws/install/hardware_bridge/lib/python3.10/site-packages'
[4.853s] Level 1:colcon.colcon_core.environment:checking '/home/aiseon/tita/sim2sim2real/ddt_ros2_ws/install/hardware_bridge/bin'
[4.853s] INFO:colcon.colcon_core.shell:Creating package script '/home/aiseon/tita/sim2sim2real/ddt_ros2_ws/install/hardware_bridge/share/hardware_bridge/package.ps1'
[4.853s] INFO:colcon.colcon_core.shell:Creating package descriptor '/home/aiseon/tita/sim2sim2real/ddt_ros2_ws/install/hardware_bridge/share/hardware_bridge/package.dsv'
[4.854s] INFO:colcon.colcon_core.shell:Creating package script '/home/aiseon/tita/sim2sim2real/ddt_ros2_ws/install/hardware_bridge/share/hardware_bridge/package.sh'
[4.854s] INFO:colcon.colcon_core.shell:Creating package script '/home/aiseon/tita/sim2sim2real/ddt_ros2_ws/install/hardware_bridge/share/hardware_bridge/package.bash'
[4.854s] INFO:colcon.colcon_core.shell:Creating package script '/home/aiseon/tita/sim2sim2real/ddt_ros2_ws/install/hardware_bridge/share/hardware_bridge/package.zsh'
[4.854s] Level 1:colcon.colcon_core.environment:create_file_with_runtime_dependencies(/home/aiseon/tita/sim2sim2real/ddt_ros2_ws/install/hardware_bridge/share/colcon-core/packages/hardware_bridge)
[4.855s] Level 1:colcon.colcon_core.environment:create_environment_scripts_only(hardware_bridge)
[4.855s] Level 1:colcon.colcon_core.environment:checking '/home/aiseon/tita/sim2sim2real/ddt_ros2_ws/install/hardware_bridge' for CMake module files
[4.855s] Level 1:colcon.colcon_core.environment:checking '/home/aiseon/tita/sim2sim2real/ddt_ros2_ws/install/hardware_bridge' for CMake config files
[4.855s] Level 1:colcon.colcon_core.shell:create_environment_hook('hardware_bridge', 'cmake_prefix_path')
[4.856s] INFO:colcon.colcon_core.shell:Creating environment hook '/home/aiseon/tita/sim2sim2real/ddt_ros2_ws/install/hardware_bridge/share/hardware_bridge/hook/cmake_prefix_path.ps1'
[4.856s] INFO:colcon.colcon_core.shell:Creating environment descriptor '/home/aiseon/tita/sim2sim2real/ddt_ros2_ws/install/hardware_bridge/share/hardware_bridge/hook/cmake_prefix_path.dsv'
[4.856s] INFO:colcon.colcon_core.shell:Creating environment hook '/home/aiseon/tita/sim2sim2real/ddt_ros2_ws/install/hardware_bridge/share/hardware_bridge/hook/cmake_prefix_path.sh'
[4.856s] Level 1:colcon.colcon_core.environment:checking '/home/aiseon/tita/sim2sim2real/ddt_ros2_ws/install/hardware_bridge/lib'
[4.856s] Level 1:colcon.colcon_core.shell:create_environment_hook('hardware_bridge', 'ld_library_path_lib')
[4.857s] INFO:colcon.colcon_core.shell:Creating environment hook '/home/aiseon/tita/sim2sim2real/ddt_ros2_ws/install/hardware_bridge/share/hardware_bridge/hook/ld_library_path_lib.ps1'
[4.857s] INFO:colcon.colcon_core.shell:Creating environment descriptor '/home/aiseon/tita/sim2sim2real/ddt_ros2_ws/install/hardware_bridge/share/hardware_bridge/hook/ld_library_path_lib.dsv'
[4.857s] INFO:colcon.colcon_core.shell:Creating environment hook '/home/aiseon/tita/sim2sim2real/ddt_ros2_ws/install/hardware_bridge/share/hardware_bridge/hook/ld_library_path_lib.sh'
[4.857s] Level 1:colcon.colcon_core.environment:checking '/home/aiseon/tita/sim2sim2real/ddt_ros2_ws/install/hardware_bridge/bin'
[4.857s] Level 1:colcon.colcon_core.environment:checking '/home/aiseon/tita/sim2sim2real/ddt_ros2_ws/install/hardware_bridge/lib/pkgconfig/hardware_bridge.pc'
[4.857s] Level 1:colcon.colcon_core.environment:checking '/home/aiseon/tita/sim2sim2real/ddt_ros2_ws/install/hardware_bridge/lib/python3.10/site-packages'
[4.858s] Level 1:colcon.colcon_core.environment:checking '/home/aiseon/tita/sim2sim2real/ddt_ros2_ws/install/hardware_bridge/bin'
[4.858s] INFO:colcon.colcon_core.shell:Creating package script '/home/aiseon/tita/sim2sim2real/ddt_ros2_ws/install/hardware_bridge/share/hardware_bridge/package.ps1'
[4.858s] INFO:colcon.colcon_core.shell:Creating package descriptor '/home/aiseon/tita/sim2sim2real/ddt_ros2_ws/install/hardware_bridge/share/hardware_bridge/package.dsv'
[4.859s] INFO:colcon.colcon_core.shell:Creating package script '/home/aiseon/tita/sim2sim2real/ddt_ros2_ws/install/hardware_bridge/share/hardware_bridge/package.sh'
[4.859s] INFO:colcon.colcon_core.shell:Creating package script '/home/aiseon/tita/sim2sim2real/ddt_ros2_ws/install/hardware_bridge/share/hardware_bridge/package.bash'
[4.859s] INFO:colcon.colcon_core.shell:Creating package script '/home/aiseon/tita/sim2sim2real/ddt_ros2_ws/install/hardware_bridge/share/hardware_bridge/package.zsh'
[4.859s] Level 1:colcon.colcon_core.environment:create_file_with_runtime_dependencies(/home/aiseon/tita/sim2sim2real/ddt_ros2_ws/install/hardware_bridge/share/colcon-core/packages/hardware_bridge)
[4.860s] DEBUG:colcon.colcon_parallel_executor.executor.parallel:closing loop
[4.860s] DEBUG:colcon.colcon_parallel_executor.executor.parallel:loop closed
[4.860s] DEBUG:colcon.colcon_parallel_executor.executor.parallel:run_until_complete finished with '0'
[4.860s] DEBUG:colcon.colcon_core.event_reactor:joining thread
[4.865s] INFO:colcon.colcon_core.plugin_system:Skipping extension 'colcon_notification.desktop_notification.terminal_notifier': Not used on non-Darwin systems
[4.865s] INFO:colcon.colcon_core.plugin_system:Skipping extension 'colcon_notification.desktop_notification.win32': Not used on non-Windows systems
[4.865s] INFO:colcon.colcon_notification.desktop_notification:Sending desktop notification using 'notify2'
[4.873s] DEBUG:colcon.colcon_core.event_reactor:joined thread
[4.874s] INFO:colcon.colcon_core.shell:Creating prefix script '/home/aiseon/tita/sim2sim2real/ddt_ros2_ws/install/local_setup.ps1'
[4.875s] INFO:colcon.colcon_core.shell:Creating prefix util module '/home/aiseon/tita/sim2sim2real/ddt_ros2_ws/install/_local_setup_util_ps1.py'
[4.876s] INFO:colcon.colcon_core.shell:Creating prefix chain script '/home/aiseon/tita/sim2sim2real/ddt_ros2_ws/install/setup.ps1'
[4.877s] INFO:colcon.colcon_core.shell:Creating prefix script '/home/aiseon/tita/sim2sim2real/ddt_ros2_ws/install/local_setup.sh'
[4.877s] INFO:colcon.colcon_core.shell:Creating prefix util module '/home/aiseon/tita/sim2sim2real/ddt_ros2_ws/install/_local_setup_util_sh.py'
[4.878s] INFO:colcon.colcon_core.shell:Creating prefix chain script '/home/aiseon/tita/sim2sim2real/ddt_ros2_ws/install/setup.sh'
[4.879s] INFO:colcon.colcon_core.shell:Creating prefix script '/home/aiseon/tita/sim2sim2real/ddt_ros2_ws/install/local_setup.bash'
[4.879s] INFO:colcon.colcon_core.shell:Creating prefix chain script '/home/aiseon/tita/sim2sim2real/ddt_ros2_ws/install/setup.bash'
[4.880s] INFO:colcon.colcon_core.shell:Creating prefix script '/home/aiseon/tita/sim2sim2real/ddt_ros2_ws/install/local_setup.zsh'
[4.880s] INFO:colcon.colcon_core.shell:Creating prefix chain script '/home/aiseon/tita/sim2sim2real/ddt_ros2_ws/install/setup.zsh'
