[0.015s] Invoking command in '/home/aiseon/tita/sim2sim2real/build/teleop_command': AMENT_PREFIX_PATH=/home/aiseon/tita/sim2sim2real/install/ros_utils:${AMENT_PREFIX_PATH} CMAKE_PREFIX_PATH=/home/aiseon/tita/sim2sim2real/install/ros_utils:/opt/ros/humble CONDA_PROMPT_MODIFIER=(base) /usr/bin/cmake --build /home/aiseon/tita/sim2sim2real/build/teleop_command -- -j192 -l192
[0.126s] [ 28%] Built target teleop_command_parameters
[0.184s] [ 71%] Built target teleop_command_lib
[0.245s] [100%] Built target teleop_command_node
[0.267s] Invoked command in '/home/aiseon/tita/sim2sim2real/build/teleop_command' returned '0': AMENT_PREFIX_PATH=/home/aiseon/tita/sim2sim2real/install/ros_utils:${AMENT_PREFIX_PATH} CMAKE_PREFIX_PATH=/home/aiseon/tita/sim2sim2real/install/ros_utils:/opt/ros/humble CONDA_PROMPT_MODIFIER=(base) /usr/bin/cmake --build /home/aiseon/tita/sim2sim2real/build/teleop_command -- -j192 -l192
[0.270s] Invoking command in '/home/aiseon/tita/sim2sim2real/build/teleop_command': AMENT_PREFIX_PATH=/home/aiseon/tita/sim2sim2real/install/ros_utils:${AMENT_PREFIX_PATH} CMAKE_PREFIX_PATH=/home/aiseon/tita/sim2sim2real/install/ros_utils:/opt/ros/humble CONDA_PROMPT_MODIFIER=(base) /usr/bin/cmake --install /home/aiseon/tita/sim2sim2real/build/teleop_command
[0.281s] -- Install configuration: ""
[0.282s] -- Execute custom install script
[0.282s] -- Up-to-date symlink: /home/aiseon/tita/sim2sim2real/install/teleop_command/include/teleop_command/teleop_command_parameters.hpp
[0.282s] -- Up-to-date symlink: /home/aiseon/tita/sim2sim2real/install/teleop_command/share/teleop_command/launch/teleop_command.launch.py
[0.283s] -- Up-to-date symlink: /home/aiseon/tita/sim2sim2real/install/teleop_command/share/teleop_command/config/param.yaml
[0.283s] -- Up-to-date symlink: /home/aiseon/tita/sim2sim2real/install/teleop_command/include/teleop_command/elrs_emwave_device.hpp
[0.283s] -- Up-to-date symlink: /home/aiseon/tita/sim2sim2real/install/teleop_command/include/teleop_command/teleop_command_node.hpp
[0.283s] -- Up-to-date symlink: /home/aiseon/tita/sim2sim2real/install/teleop_command/share/teleop_command/environment/library_path.sh
[0.283s] -- Up-to-date symlink: /home/aiseon/tita/sim2sim2real/install/teleop_command/share/teleop_command/environment/library_path.dsv
[0.284s] -- Up-to-date symlink: /home/aiseon/tita/sim2sim2real/install/teleop_command/lib/libteleop_command_lib.so
[0.284s] -- Up-to-date symlink: /home/aiseon/tita/sim2sim2real/install/teleop_command/lib/teleop_command/teleop_command_node
[0.284s] -- Up-to-date symlink: /home/aiseon/tita/sim2sim2real/install/teleop_command/share/ament_index/resource_index/package_run_dependencies/teleop_command
[0.284s] -- Up-to-date symlink: /home/aiseon/tita/sim2sim2real/install/teleop_command/share/ament_index/resource_index/parent_prefix_path/teleop_command
[0.284s] -- Up-to-date symlink: /home/aiseon/tita/sim2sim2real/install/teleop_command/share/teleop_command/environment/ament_prefix_path.sh
[0.285s] -- Up-to-date symlink: /home/aiseon/tita/sim2sim2real/install/teleop_command/share/teleop_command/environment/ament_prefix_path.dsv
[0.285s] -- Up-to-date symlink: /home/aiseon/tita/sim2sim2real/install/teleop_command/share/teleop_command/environment/path.sh
[0.285s] -- Up-to-date symlink: /home/aiseon/tita/sim2sim2real/install/teleop_command/share/teleop_command/environment/path.dsv
[0.285s] -- Up-to-date symlink: /home/aiseon/tita/sim2sim2real/install/teleop_command/share/teleop_command/local_setup.bash
[0.285s] -- Up-to-date symlink: /home/aiseon/tita/sim2sim2real/install/teleop_command/share/teleop_command/local_setup.sh
[0.285s] -- Up-to-date symlink: /home/aiseon/tita/sim2sim2real/install/teleop_command/share/teleop_command/local_setup.zsh
[0.285s] -- Up-to-date symlink: /home/aiseon/tita/sim2sim2real/install/teleop_command/share/teleop_command/local_setup.dsv
[0.288s] -- Symlinking: /home/aiseon/tita/sim2sim2real/install/teleop_command/share/teleop_command/package.dsv
[0.300s] -- Up-to-date symlink: /home/aiseon/tita/sim2sim2real/install/teleop_command/share/ament_index/resource_index/packages/teleop_command
[0.300s] -- Up-to-date symlink: /home/aiseon/tita/sim2sim2real/install/teleop_command/share/teleop_command/cmake/ament_cmake_export_dependencies-extras.cmake
[0.300s] -- Up-to-date symlink: /home/aiseon/tita/sim2sim2real/install/teleop_command/share/teleop_command/cmake/ament_cmake_export_include_directories-extras.cmake
[0.300s] -- Up-to-date symlink: /home/aiseon/tita/sim2sim2real/install/teleop_command/share/teleop_command/cmake/ament_cmake_export_libraries-extras.cmake
[0.300s] -- Up-to-date symlink: /home/aiseon/tita/sim2sim2real/install/teleop_command/share/teleop_command/cmake/teleop_commandConfig.cmake
[0.300s] -- Up-to-date symlink: /home/aiseon/tita/sim2sim2real/install/teleop_command/share/teleop_command/cmake/teleop_commandConfig-version.cmake
[0.301s] -- Up-to-date symlink: /home/aiseon/tita/sim2sim2real/install/teleop_command/share/teleop_command/package.xml
[0.303s] Invoked command in '/home/aiseon/tita/sim2sim2real/build/teleop_command' returned '0': AMENT_PREFIX_PATH=/home/aiseon/tita/sim2sim2real/install/ros_utils:${AMENT_PREFIX_PATH} CMAKE_PREFIX_PATH=/home/aiseon/tita/sim2sim2real/install/ros_utils:/opt/ros/humble CONDA_PROMPT_MODIFIER=(base) /usr/bin/cmake --install /home/aiseon/tita/sim2sim2real/build/teleop_command
