[0.022s] Invoking command in '/home/aiseon/tita/sim2sim2real_bipedal/ddt_ros2_ws/build/rl_controller': AMENT_PREFIX_PATH=/home/aiseon/tita/sim2sim2real_bipedal/ddt_ros2_ws/install/ros_utils:${AMENT_PREFIX_PATH} CMAKE_PREFIX_PATH=/home/aiseon/tita/sim2sim2real_bipedal/ddt_ros2_ws/install/ros_utils:/home.aiseon/mujoco_src:/opt/ros/humble CONDA_PROMPT_MODIFIER=(base) /home/aiseon/.local/bin/cmake --build /home/aiseon/tita/sim2sim2real_bipedal/ddt_ros2_ws/build/rl_controller -- -j192 -l192
[0.085s] [ 14%] Built target rl_controller_parameters
[0.113s] [ 21%] Building CXX object CMakeFiles/rl_controller.dir/src/fsm/FSMState_Passive.cpp.o
[0.114s] [ 28%] Building CXX object CMakeFiles/rl_controller.dir/src/fsm/FSM.cpp.o
[1.682s] [ 35%] Linking CXX shared library librl_controller.so
[1.913s] [100%] Built target rl_controller
[1.929s] Invoked command in '/home/aiseon/tita/sim2sim2real_bipedal/ddt_ros2_ws/build/rl_controller' returned '0': AMENT_PREFIX_PATH=/home/aiseon/tita/sim2sim2real_bipedal/ddt_ros2_ws/install/ros_utils:${AMENT_PREFIX_PATH} CMAKE_PREFIX_PATH=/home/aiseon/tita/sim2sim2real_bipedal/ddt_ros2_ws/install/ros_utils:/home.aiseon/mujoco_src:/opt/ros/humble CONDA_PROMPT_MODIFIER=(base) /home/aiseon/.local/bin/cmake --build /home/aiseon/tita/sim2sim2real_bipedal/ddt_ros2_ws/build/rl_controller -- -j192 -l192
[1.931s] Invoking command in '/home/aiseon/tita/sim2sim2real_bipedal/ddt_ros2_ws/build/rl_controller': AMENT_PREFIX_PATH=/home/aiseon/tita/sim2sim2real_bipedal/ddt_ros2_ws/install/ros_utils:${AMENT_PREFIX_PATH} CMAKE_PREFIX_PATH=/home/aiseon/tita/sim2sim2real_bipedal/ddt_ros2_ws/install/ros_utils:/home.aiseon/mujoco_src:/opt/ros/humble CONDA_PROMPT_MODIFIER=(base) /home/aiseon/.local/bin/cmake --install /home/aiseon/tita/sim2sim2real_bipedal/ddt_ros2_ws/build/rl_controller
[1.963s] -- Install configuration: ""
[1.964s] -- Execute custom install script
[1.964s] -- Up-to-date symlink: /home/aiseon/tita/sim2sim2real_bipedal/ddt_ros2_ws/install/rl_controller/include/rl_controller/rl_controller_parameters.hpp
[1.964s] -- Up-to-date symlink: /home/aiseon/tita/sim2sim2real_bipedal/ddt_ros2_ws/install/rl_controller/share/rl_controller//rl_controller_plugin.xml
[1.966s] -- Up-to-date symlink: /home/aiseon/tita/sim2sim2real_bipedal/ddt_ros2_ws/install/rl_controller/share/rl_controller/config/d1/controllers.yaml
[1.966s] -- Up-to-date symlink: /home/aiseon/tita/sim2sim2real_bipedal/ddt_ros2_ws/install/rl_controller/share/rl_controller/config/d1/flat.onnx
[1.966s] -- Up-to-date symlink: /home/aiseon/tita/sim2sim2real_bipedal/ddt_ros2_ws/install/rl_controller/share/rl_controller/config/d1h/controllers.yaml
[1.966s] -- Up-to-date symlink: /home/aiseon/tita/sim2sim2real_bipedal/ddt_ros2_ws/install/rl_controller/share/rl_controller/config/d1h/flat.onnx
[1.966s] -- Up-to-date symlink: /home/aiseon/tita/sim2sim2real_bipedal/ddt_ros2_ws/install/rl_controller/share/rl_controller/config/d1h/squatdown.onnx
[1.966s] -- Up-to-date symlink: /home/aiseon/tita/sim2sim2real_bipedal/ddt_ros2_ws/install/rl_controller/share/rl_controller/config/tita/controllers.yaml
[1.966s] -- Up-to-date symlink: /home/aiseon/tita/sim2sim2real_bipedal/ddt_ros2_ws/install/rl_controller/share/rl_controller/config/tita/flat.onnx
[1.966s] -- Up-to-date symlink: /home/aiseon/tita/sim2sim2real_bipedal/ddt_ros2_ws/install/rl_controller/share/rl_controller/config/titatit/base.onnx
[1.966s] -- Up-to-date symlink: /home/aiseon/tita/sim2sim2real_bipedal/ddt_ros2_ws/install/rl_controller/share/rl_controller/config/titatit/base_1_2700.onnx
[1.966s] -- Up-to-date symlink: /home/aiseon/tita/sim2sim2real_bipedal/ddt_ros2_ws/install/rl_controller/share/rl_controller/config/titatit/bipedal_stand_up.onnx
[1.966s] -- Up-to-date symlink: /home/aiseon/tita/sim2sim2real_bipedal/ddt_ros2_ws/install/rl_controller/share/rl_controller/config/titatit/controllers.yaml
[1.966s] -- Up-to-date symlink: /home/aiseon/tita/sim2sim2real_bipedal/ddt_ros2_ws/install/rl_controller/share/rl_controller/config/titatit/test_cylinder_1027_open_source.onnx
[1.967s] -- Up-to-date symlink: /home/aiseon/tita/sim2sim2real_bipedal/ddt_ros2_ws/install/rl_controller/share/rl_controller/config/titatit/titatit_arm.onnx
[1.967s] -- Up-to-date symlink: /home/aiseon/tita/sim2sim2real_bipedal/ddt_ros2_ws/install/rl_controller/share/rl_controller/launch/hw.launch.py
[1.967s] -- Up-to-date symlink: /home/aiseon/tita/sim2sim2real_bipedal/ddt_ros2_ws/install/rl_controller/share/rl_controller/launch/sim_gazebo.launch.py
[1.967s] -- Up-to-date symlink: /home/aiseon/tita/sim2sim2real_bipedal/ddt_ros2_ws/install/rl_controller/share/rl_controller/launch/sim_mujoco.launch.py
[1.967s] -- Up-to-date symlink: /home/aiseon/tita/sim2sim2real_bipedal/ddt_ros2_ws/install/rl_controller/share/rl_controller/launch/sim_webots.launch.py
[1.967s] -- Up-to-date symlink: /home/aiseon/tita/sim2sim2real_bipedal/ddt_ros2_ws/install/rl_controller/include/rl_controller/common/Math/MathUtilities.h
[1.967s] -- Up-to-date symlink: /home/aiseon/tita/sim2sim2real_bipedal/ddt_ros2_ws/install/rl_controller/include/rl_controller/common/Math/orientation_tools.h
[1.967s] -- Up-to-date symlink: /home/aiseon/tita/sim2sim2real_bipedal/ddt_ros2_ws/install/rl_controller/include/rl_controller/common/RobotParameters.h
[1.967s] -- Up-to-date symlink: /home/aiseon/tita/sim2sim2real_bipedal/ddt_ros2_ws/install/rl_controller/include/rl_controller/common/cppTypes.h
[1.967s] -- Up-to-date symlink: /home/aiseon/tita/sim2sim2real_bipedal/ddt_ros2_ws/install/rl_controller/include/rl_controller/common/enumClass.h
[1.968s] -- Up-to-date symlink: /home/aiseon/tita/sim2sim2real_bipedal/ddt_ros2_ws/install/rl_controller/include/rl_controller/common/timeMarker.h
[1.968s] -- Up-to-date symlink: /home/aiseon/tita/sim2sim2real_bipedal/ddt_ros2_ws/install/rl_controller/include/rl_controller/fsm/ControlFSMData.h
[1.968s] -- Up-to-date symlink: /home/aiseon/tita/sim2sim2real_bipedal/ddt_ros2_ws/install/rl_controller/include/rl_controller/fsm/FSM.h
[1.968s] -- Up-to-date symlink: /home/aiseon/tita/sim2sim2real_bipedal/ddt_ros2_ws/install/rl_controller/include/rl_controller/fsm/FSMState.h
[1.968s] -- Up-to-date symlink: /home/aiseon/tita/sim2sim2real_bipedal/ddt_ros2_ws/install/rl_controller/include/rl_controller/fsm/FSMState_JointPD.h
[1.968s] -- Up-to-date symlink: /home/aiseon/tita/sim2sim2real_bipedal/ddt_ros2_ws/install/rl_controller/include/rl_controller/fsm/FSMState_Passive.h
[1.968s] -- Up-to-date symlink: /home/aiseon/tita/sim2sim2real_bipedal/ddt_ros2_ws/install/rl_controller/include/rl_controller/fsm/FSMState_RL.h
[1.968s] -- Up-to-date symlink: /home/aiseon/tita/sim2sim2real_bipedal/ddt_ros2_ws/install/rl_controller/include/rl_controller/fsm/FSMState_RLPPO.h
[1.969s] -- Up-to-date symlink: /home/aiseon/tita/sim2sim2real_bipedal/ddt_ros2_ws/install/rl_controller/include/rl_controller/fsm/FSMState_StandupInit.h
[1.969s] -- Up-to-date symlink: /home/aiseon/tita/sim2sim2real_bipedal/ddt_ros2_ws/install/rl_controller/include/rl_controller/fsm/FSMState_TransformDown.h
[1.969s] -- Up-to-date symlink: /home/aiseon/tita/sim2sim2real_bipedal/ddt_ros2_ws/install/rl_controller/include/rl_controller/fsm/FSMState_TransformUp.h
[1.969s] -- Up-to-date symlink: /home/aiseon/tita/sim2sim2real_bipedal/ddt_ros2_ws/install/rl_controller/include/rl_controller/inferrer/engine_inferrer.hpp
[1.969s] -- Up-to-date symlink: /home/aiseon/tita/sim2sim2real_bipedal/ddt_ros2_ws/install/rl_controller/include/rl_controller/inferrer/inferrer_base.hpp
[1.969s] -- Up-to-date symlink: /home/aiseon/tita/sim2sim2real_bipedal/ddt_ros2_ws/install/rl_controller/include/rl_controller/inferrer/onnx_inferrer.hpp
[1.969s] -- Up-to-date symlink: /home/aiseon/tita/sim2sim2real_bipedal/ddt_ros2_ws/install/rl_controller/include/rl_controller/rl_controller_node.hpp
[1.969s] -- Up-to-date symlink: /home/aiseon/tita/sim2sim2real_bipedal/ddt_ros2_ws/install/rl_controller/share/rl_controller/environment/library_path.sh
[1.969s] -- Up-to-date symlink: /home/aiseon/tita/sim2sim2real_bipedal/ddt_ros2_ws/install/rl_controller/share/rl_controller/environment/library_path.dsv
[1.969s] -- Up-to-date symlink: /home/aiseon/tita/sim2sim2real_bipedal/ddt_ros2_ws/install/rl_controller/lib/librl_controller.so
[1.969s] -- Up-to-date symlink: /home/aiseon/tita/sim2sim2real_bipedal/ddt_ros2_ws/install/rl_controller/share/ament_index/resource_index/package_run_dependencies/rl_controller
[1.969s] -- Up-to-date symlink: /home/aiseon/tita/sim2sim2real_bipedal/ddt_ros2_ws/install/rl_controller/share/ament_index/resource_index/parent_prefix_path/rl_controller
[1.969s] -- Up-to-date symlink: /home/aiseon/tita/sim2sim2real_bipedal/ddt_ros2_ws/install/rl_controller/share/rl_controller/environment/ament_prefix_path.sh
[1.969s] -- Up-to-date symlink: /home/aiseon/tita/sim2sim2real_bipedal/ddt_ros2_ws/install/rl_controller/share/rl_controller/environment/ament_prefix_path.dsv
[1.969s] -- Up-to-date symlink: /home/aiseon/tita/sim2sim2real_bipedal/ddt_ros2_ws/install/rl_controller/share/rl_controller/environment/path.sh
[1.969s] -- Up-to-date symlink: /home/aiseon/tita/sim2sim2real_bipedal/ddt_ros2_ws/install/rl_controller/share/rl_controller/environment/path.dsv
[1.969s] -- Up-to-date symlink: /home/aiseon/tita/sim2sim2real_bipedal/ddt_ros2_ws/install/rl_controller/share/rl_controller/local_setup.bash
[1.970s] -- Up-to-date symlink: /home/aiseon/tita/sim2sim2real_bipedal/ddt_ros2_ws/install/rl_controller/share/rl_controller/local_setup.sh
[1.970s] -- Up-to-date symlink: /home/aiseon/tita/sim2sim2real_bipedal/ddt_ros2_ws/install/rl_controller/share/rl_controller/local_setup.zsh
[1.970s] -- Up-to-date symlink: /home/aiseon/tita/sim2sim2real_bipedal/ddt_ros2_ws/install/rl_controller/share/rl_controller/local_setup.dsv
[1.970s] -- Symlinking: /home/aiseon/tita/sim2sim2real_bipedal/ddt_ros2_ws/install/rl_controller/share/rl_controller/package.dsv
[1.974s] -- Up-to-date symlink: /home/aiseon/tita/sim2sim2real_bipedal/ddt_ros2_ws/install/rl_controller/share/ament_index/resource_index/packages/rl_controller
[1.974s] -- Up-to-date symlink: /home/aiseon/tita/sim2sim2real_bipedal/ddt_ros2_ws/install/rl_controller/share/ament_index/resource_index/controller_interface__pluginlib__plugin/rl_controller
[1.975s] -- Up-to-date symlink: /home/aiseon/tita/sim2sim2real_bipedal/ddt_ros2_ws/install/rl_controller/share/rl_controller/cmake/ament_cmake_export_dependencies-extras.cmake
[1.975s] -- Up-to-date symlink: /home/aiseon/tita/sim2sim2real_bipedal/ddt_ros2_ws/install/rl_controller/share/rl_controller/cmake/ament_cmake_export_include_directories-extras.cmake
[1.975s] -- Up-to-date symlink: /home/aiseon/tita/sim2sim2real_bipedal/ddt_ros2_ws/install/rl_controller/share/rl_controller/cmake/ament_cmake_export_libraries-extras.cmake
[1.975s] -- Up-to-date symlink: /home/aiseon/tita/sim2sim2real_bipedal/ddt_ros2_ws/install/rl_controller/share/rl_controller/cmake/rl_controllerConfig.cmake
[1.975s] -- Up-to-date symlink: /home/aiseon/tita/sim2sim2real_bipedal/ddt_ros2_ws/install/rl_controller/share/rl_controller/cmake/rl_controllerConfig-version.cmake
[1.975s] -- Up-to-date symlink: /home/aiseon/tita/sim2sim2real_bipedal/ddt_ros2_ws/install/rl_controller/share/rl_controller/package.xml
[1.983s] Invoked command in '/home/aiseon/tita/sim2sim2real_bipedal/ddt_ros2_ws/build/rl_controller' returned '0': AMENT_PREFIX_PATH=/home/aiseon/tita/sim2sim2real_bipedal/ddt_ros2_ws/install/ros_utils:${AMENT_PREFIX_PATH} CMAKE_PREFIX_PATH=/home/aiseon/tita/sim2sim2real_bipedal/ddt_ros2_ws/install/ros_utils:/home.aiseon/mujoco_src:/opt/ros/humble CONDA_PROMPT_MODIFIER=(base) /home/aiseon/.local/bin/cmake --install /home/aiseon/tita/sim2sim2real_bipedal/ddt_ros2_ws/build/rl_controller
