[0.020s] Invoking command in '/home/aiseon/tita/sim2sim2real/build/ros_utils': CMAKE_PREFIX_PATH=/opt/ros/humble CONDA_PROMPT_MODIFIER=(base) /usr/bin/cmake --build /home/aiseon/tita/sim2sim2real/build/ros_utils -- -j192 -l192
[0.102s] Invoked command in '/home/aiseon/tita/sim2sim2real/build/ros_utils' returned '0': CMAKE_PREFIX_PATH=/opt/ros/humble CONDA_PROMPT_MODIFIER=(base) /usr/bin/cmake --build /home/aiseon/tita/sim2sim2real/build/ros_utils -- -j192 -l192
[0.121s] Invoking command in '/home/aiseon/tita/sim2sim2real/build/ros_utils': CMAKE_PREFIX_PATH=/opt/ros/humble CONDA_PROMPT_MODIFIER=(base) /usr/bin/cmake --install /home/aiseon/tita/sim2sim2real/build/ros_utils
[0.132s] -- Install configuration: ""
[0.133s] -- Execute custom install script
[0.133s] -- Up-to-date symlink: /home/aiseon/tita/sim2sim2real/install/ros_utils/include/ros_utils/topic_names.hpp
[0.134s] -- Up-to-date symlink: /home/aiseon/tita/sim2sim2real/install/ros_utils/share/ament_index/resource_index/package_run_dependencies/ros_utils
[0.134s] -- Up-to-date symlink: /home/aiseon/tita/sim2sim2real/install/ros_utils/share/ament_index/resource_index/parent_prefix_path/ros_utils
[0.134s] -- Up-to-date symlink: /home/aiseon/tita/sim2sim2real/install/ros_utils/share/ros_utils/environment/ament_prefix_path.sh
[0.134s] -- Up-to-date symlink: /home/aiseon/tita/sim2sim2real/install/ros_utils/share/ros_utils/environment/ament_prefix_path.dsv
[0.134s] -- Up-to-date symlink: /home/aiseon/tita/sim2sim2real/install/ros_utils/share/ros_utils/environment/path.sh
[0.134s] -- Up-to-date symlink: /home/aiseon/tita/sim2sim2real/install/ros_utils/share/ros_utils/environment/path.dsv
[0.134s] -- Up-to-date symlink: /home/aiseon/tita/sim2sim2real/install/ros_utils/share/ros_utils/local_setup.bash
[0.135s] -- Up-to-date symlink: /home/aiseon/tita/sim2sim2real/install/ros_utils/share/ros_utils/local_setup.sh
[0.135s] -- Up-to-date symlink: /home/aiseon/tita/sim2sim2real/install/ros_utils/share/ros_utils/local_setup.zsh
[0.135s] -- Up-to-date symlink: /home/aiseon/tita/sim2sim2real/install/ros_utils/share/ros_utils/local_setup.dsv
[0.135s] -- Symlinking: /home/aiseon/tita/sim2sim2real/install/ros_utils/share/ros_utils/package.dsv
[0.151s] -- Up-to-date symlink: /home/aiseon/tita/sim2sim2real/install/ros_utils/share/ament_index/resource_index/packages/ros_utils
[0.151s] -- Up-to-date symlink: /home/aiseon/tita/sim2sim2real/install/ros_utils/share/ros_utils/cmake/ament_cmake_export_dependencies-extras.cmake
[0.151s] -- Up-to-date symlink: /home/aiseon/tita/sim2sim2real/install/ros_utils/share/ros_utils/cmake/ament_cmake_export_include_directories-extras.cmake
[0.151s] -- Up-to-date symlink: /home/aiseon/tita/sim2sim2real/install/ros_utils/share/ros_utils/cmake/ros_utilsConfig.cmake
[0.151s] -- Up-to-date symlink: /home/aiseon/tita/sim2sim2real/install/ros_utils/share/ros_utils/cmake/ros_utilsConfig-version.cmake
[0.151s] -- Up-to-date symlink: /home/aiseon/tita/sim2sim2real/install/ros_utils/share/ros_utils/package.xml
[0.155s] Invoked command in '/home/aiseon/tita/sim2sim2real/build/ros_utils' returned '0': CMAKE_PREFIX_PATH=/opt/ros/humble CONDA_PROMPT_MODIFIER=(base) /usr/bin/cmake --install /home/aiseon/tita/sim2sim2real/build/ros_utils
