[0.023s] Invoking command in '/home/aiseon/tita/sim2sim2real/ddt_ros2_ws/build/mujoco_bridge': AMENT_PREFIX_PATH=/home/aiseon/tita/sim2sim2real/ddt_ros2_ws/install/mujoco_ros2_control:/home/aiseon/tita/sim2sim2real/ddt_ros2_ws/install/mujoco_sim_ros2:${AMENT_PREFIX_PATH} CMAKE_PREFIX_PATH=/home/aiseon/tita/sim2sim2real/ddt_ros2_ws/install/mujoco_ros2_control:/home/aiseon/tita/sim2sim2real/ddt_ros2_ws/install/mujoco_sim_ros2:/opt/ros/humble LD_LIBRARY_PATH=/home/aiseon/tita/sim2sim2real/ddt_ros2_ws/install/mujoco_ros2_control/lib:/home/aiseon/tita/sim2sim2real/ddt_ros2_ws/install/mujoco_sim_ros2/lib:${LD_LIBRARY_PATH} /usr/bin/cmake --build /home/aiseon/tita/sim2sim2real/ddt_ros2_ws/build/mujoco_bridge -- -j192 -l192
[0.076s] Invoked command in '/home/aiseon/tita/sim2sim2real/ddt_ros2_ws/build/mujoco_bridge' returned '0': AMENT_PREFIX_PATH=/home/aiseon/tita/sim2sim2real/ddt_ros2_ws/install/mujoco_ros2_control:/home/aiseon/tita/sim2sim2real/ddt_ros2_ws/install/mujoco_sim_ros2:${AMENT_PREFIX_PATH} CMAKE_PREFIX_PATH=/home/aiseon/tita/sim2sim2real/ddt_ros2_ws/install/mujoco_ros2_control:/home/aiseon/tita/sim2sim2real/ddt_ros2_ws/install/mujoco_sim_ros2:/opt/ros/humble LD_LIBRARY_PATH=/home/aiseon/tita/sim2sim2real/ddt_ros2_ws/install/mujoco_ros2_control/lib:/home/aiseon/tita/sim2sim2real/ddt_ros2_ws/install/mujoco_sim_ros2/lib:${LD_LIBRARY_PATH} /usr/bin/cmake --build /home/aiseon/tita/sim2sim2real/ddt_ros2_ws/build/mujoco_bridge -- -j192 -l192
[0.079s] Invoking command in '/home/aiseon/tita/sim2sim2real/ddt_ros2_ws/build/mujoco_bridge': AMENT_PREFIX_PATH=/home/aiseon/tita/sim2sim2real/ddt_ros2_ws/install/mujoco_ros2_control:/home/aiseon/tita/sim2sim2real/ddt_ros2_ws/install/mujoco_sim_ros2:${AMENT_PREFIX_PATH} CMAKE_PREFIX_PATH=/home/aiseon/tita/sim2sim2real/ddt_ros2_ws/install/mujoco_ros2_control:/home/aiseon/tita/sim2sim2real/ddt_ros2_ws/install/mujoco_sim_ros2:/opt/ros/humble LD_LIBRARY_PATH=/home/aiseon/tita/sim2sim2real/ddt_ros2_ws/install/mujoco_ros2_control/lib:/home/aiseon/tita/sim2sim2real/ddt_ros2_ws/install/mujoco_sim_ros2/lib:${LD_LIBRARY_PATH} /usr/bin/cmake --install /home/aiseon/tita/sim2sim2real/ddt_ros2_ws/build/mujoco_bridge
[0.087s] -- Install configuration: ""
[0.087s] -- Up-to-date: /home/aiseon/tita/sim2sim2real/ddt_ros2_ws/install/mujoco_bridge/share/mujoco_bridge/config
[0.087s] -- Up-to-date: /home/aiseon/tita/sim2sim2real/ddt_ros2_ws/install/mujoco_bridge/share/mujoco_bridge/config/controllers.yaml
[0.087s] -- Up-to-date: /home/aiseon/tita/sim2sim2real/ddt_ros2_ws/install/mujoco_bridge/share/mujoco_bridge/launch
[0.088s] -- Up-to-date: /home/aiseon/tita/sim2sim2real/ddt_ros2_ws/install/mujoco_bridge/share/mujoco_bridge/launch/mujoco_bridge.launch.py
[0.088s] -- Execute custom install script
[0.088s] -- Up-to-date symlink: /home/aiseon/tita/sim2sim2real/ddt_ros2_ws/install/mujoco_bridge/share/ament_index/resource_index/package_run_dependencies/mujoco_bridge
[0.088s] -- Up-to-date symlink: /home/aiseon/tita/sim2sim2real/ddt_ros2_ws/install/mujoco_bridge/share/ament_index/resource_index/parent_prefix_path/mujoco_bridge
[0.088s] -- Up-to-date symlink: /home/aiseon/tita/sim2sim2real/ddt_ros2_ws/install/mujoco_bridge/share/mujoco_bridge/environment/ament_prefix_path.sh
[0.088s] -- Up-to-date symlink: /home/aiseon/tita/sim2sim2real/ddt_ros2_ws/install/mujoco_bridge/share/mujoco_bridge/environment/ament_prefix_path.dsv
[0.088s] -- Up-to-date symlink: /home/aiseon/tita/sim2sim2real/ddt_ros2_ws/install/mujoco_bridge/share/mujoco_bridge/environment/path.sh
[0.089s] -- Up-to-date symlink: /home/aiseon/tita/sim2sim2real/ddt_ros2_ws/install/mujoco_bridge/share/mujoco_bridge/environment/path.dsv
[0.089s] -- Up-to-date symlink: /home/aiseon/tita/sim2sim2real/ddt_ros2_ws/install/mujoco_bridge/share/mujoco_bridge/local_setup.bash
[0.089s] -- Up-to-date symlink: /home/aiseon/tita/sim2sim2real/ddt_ros2_ws/install/mujoco_bridge/share/mujoco_bridge/local_setup.sh
[0.089s] -- Up-to-date symlink: /home/aiseon/tita/sim2sim2real/ddt_ros2_ws/install/mujoco_bridge/share/mujoco_bridge/local_setup.zsh
[0.089s] -- Up-to-date symlink: /home/aiseon/tita/sim2sim2real/ddt_ros2_ws/install/mujoco_bridge/share/mujoco_bridge/local_setup.dsv
[0.089s] -- Symlinking: /home/aiseon/tita/sim2sim2real/ddt_ros2_ws/install/mujoco_bridge/share/mujoco_bridge/package.dsv
[0.100s] -- Up-to-date symlink: /home/aiseon/tita/sim2sim2real/ddt_ros2_ws/install/mujoco_bridge/share/ament_index/resource_index/packages/mujoco_bridge
[0.100s] -- Up-to-date symlink: /home/aiseon/tita/sim2sim2real/ddt_ros2_ws/install/mujoco_bridge/share/mujoco_bridge/cmake/mujoco_bridgeConfig.cmake
[0.100s] -- Up-to-date symlink: /home/aiseon/tita/sim2sim2real/ddt_ros2_ws/install/mujoco_bridge/share/mujoco_bridge/cmake/mujoco_bridgeConfig-version.cmake
[0.101s] -- Up-to-date symlink: /home/aiseon/tita/sim2sim2real/ddt_ros2_ws/install/mujoco_bridge/share/mujoco_bridge/package.xml
[0.104s] Invoked command in '/home/aiseon/tita/sim2sim2real/ddt_ros2_ws/build/mujoco_bridge' returned '0': AMENT_PREFIX_PATH=/home/aiseon/tita/sim2sim2real/ddt_ros2_ws/install/mujoco_ros2_control:/home/aiseon/tita/sim2sim2real/ddt_ros2_ws/install/mujoco_sim_ros2:${AMENT_PREFIX_PATH} CMAKE_PREFIX_PATH=/home/aiseon/tita/sim2sim2real/ddt_ros2_ws/install/mujoco_ros2_control:/home/aiseon/tita/sim2sim2real/ddt_ros2_ws/install/mujoco_sim_ros2:/opt/ros/humble LD_LIBRARY_PATH=/home/aiseon/tita/sim2sim2real/ddt_ros2_ws/install/mujoco_ros2_control/lib:/home/aiseon/tita/sim2sim2real/ddt_ros2_ws/install/mujoco_sim_ros2/lib:${LD_LIBRARY_PATH} /usr/bin/cmake --install /home/aiseon/tita/sim2sim2real/ddt_ros2_ws/build/mujoco_bridge
