[0.015s] Invoking command in '/home/aiseon/tita/sim2sim2real/ddt_ros2_ws/build/keyboard_controller': AMENT_PREFIX_PATH=/home/aiseon/tita/sim2sim2real/ddt_ros2_ws/install/ros_utils:${AMENT_PREFIX_PATH} CMAKE_PREFIX_PATH=/home/aiseon/tita/sim2sim2real/ddt_ros2_ws/install/ros_utils:/opt/ros/humble /usr/bin/cmake /home/aiseon/tita/sim2sim2real/ddt_ros2_ws/ddt_ros2_control/interaction/keyboard_controller -DAMENT_CMAKE_SYMLINK_INSTALL=1 -DCMAKE_INSTALL_PREFIX=/home/aiseon/tita/sim2sim2real/ddt_ros2_ws/install/keyboard_controller
[0.110s] -- The C compiler identification is GNU 11.4.0
[0.184s] -- The CXX compiler identification is GNU 11.4.0
[0.194s] -- Detecting C compiler ABI info
[0.298s] -- Detecting C compiler ABI info - done
[0.305s] -- Check for working C compiler: /usr/bin/cc - skipped
[0.306s] -- Detecting C compile features
[0.306s] -- Detecting C compile features - done
[0.309s] -- Detecting CXX compiler ABI info
[0.423s] -- Detecting CXX compiler ABI info - done
[0.430s] -- Check for working CXX compiler: /usr/bin/c++ - skipped
[0.431s] -- Detecting CXX compile features
[0.431s] -- Detecting CXX compile features - done
[0.433s] -- Found ament_cmake_auto: 1.3.13 (/opt/ros/humble/share/ament_cmake_auto/cmake)
[0.616s] -- Found Python3: /usr/bin/python3 (found version "3.10.12") found components: Interpreter 
[0.680s] -- Override CMake install command with custom implementation using symlinks instead of copying resources
[0.815s] -- Found rosidl_generator_c: 3.1.8 (/opt/ros/humble/share/rosidl_generator_c/cmake)
[0.820s] -- Found rosidl_adapter: 3.1.8 (/opt/ros/humble/share/rosidl_adapter/cmake)
[0.828s] -- Found rosidl_generator_cpp: 3.1.8 (/opt/ros/humble/share/rosidl_generator_cpp/cmake)
[0.839s] -- Using all available rosidl_typesupport_c: rosidl_typesupport_fastrtps_c;rosidl_typesupport_introspection_c
[0.855s] -- Using all available rosidl_typesupport_cpp: rosidl_typesupport_fastrtps_cpp;rosidl_typesupport_introspection_cpp
[0.896s] -- Found rmw_implementation_cmake: 6.1.2 (/opt/ros/humble/share/rmw_implementation_cmake/cmake)
[0.898s] -- Found rmw_fastrtps_cpp: 6.2.10 (/opt/ros/humble/share/rmw_fastrtps_cpp/cmake)
[1.048s] -- Found OpenSSL: /usr/lib/x86_64-linux-gnu/libcrypto.so (found version "3.0.2")  
[1.079s] -- Found FastRTPS: /opt/ros/humble/include  
[1.129s] -- Using RMW implementation 'rmw_fastrtps_cpp' as default
[1.139s] -- Looking for pthread.h
[1.251s] -- Looking for pthread.h - found
[1.251s] -- Performing Test CMAKE_HAVE_LIBC_PTHREAD
[1.368s] -- Performing Test CMAKE_HAVE_LIBC_PTHREAD - Success
[1.369s] -- Found Threads: TRUE  
[1.480s] -- Found ament_lint_auto: 0.12.15 (/opt/ros/humble/share/ament_lint_auto/cmake)
[1.491s] [0mIn this package, headers install destination is set to `include` by ament_auto_package. It is recommended to install `include/keyboard_controller` instead and will be the default behavior of ament_auto_package from ROS 2 Kilted Kaiju. On distributions before Kilted, ament_auto_package behaves the same way when you use USE_SCOPED_HEADER_INSTALL_DIR option.[0m
[1.494s] -- Added test 'clang_format' to check C / C++ code style
[1.494s] -- Added test 'copyright' to check source files copyright and LICENSE
[1.495s] -- Added test 'cppcheck' to perform static code analysis on C / C++ code
[1.495s] -- Configured cppcheck include dirs: /home/aiseon/tita/sim2sim2real/ddt_ros2_ws/ddt_ros2_control/interaction/keyboard_controller/include
[1.495s] -- Configured cppcheck exclude dirs and/or files: 
[1.496s] -- Added test 'cpplint' to check C / C++ code against the Google style
[1.496s] -- Configured cpplint exclude dirs and/or files: 
[1.496s] -- Added test 'lint_cmake' to check CMake code style
[1.497s] -- Added test 'xmllint' to check XML markup files
[1.498s] -- Configuring done
[1.506s] -- Generating done
[1.509s] -- Build files have been written to: /home/aiseon/tita/sim2sim2real/ddt_ros2_ws/build/keyboard_controller
[1.519s] Invoked command in '/home/aiseon/tita/sim2sim2real/ddt_ros2_ws/build/keyboard_controller' returned '0': AMENT_PREFIX_PATH=/home/aiseon/tita/sim2sim2real/ddt_ros2_ws/install/ros_utils:${AMENT_PREFIX_PATH} CMAKE_PREFIX_PATH=/home/aiseon/tita/sim2sim2real/ddt_ros2_ws/install/ros_utils:/opt/ros/humble /usr/bin/cmake /home/aiseon/tita/sim2sim2real/ddt_ros2_ws/ddt_ros2_control/interaction/keyboard_controller -DAMENT_CMAKE_SYMLINK_INSTALL=1 -DCMAKE_INSTALL_PREFIX=/home/aiseon/tita/sim2sim2real/ddt_ros2_ws/install/keyboard_controller
[1.522s] Invoking command in '/home/aiseon/tita/sim2sim2real/ddt_ros2_ws/build/keyboard_controller': AMENT_PREFIX_PATH=/home/aiseon/tita/sim2sim2real/ddt_ros2_ws/install/ros_utils:${AMENT_PREFIX_PATH} CMAKE_PREFIX_PATH=/home/aiseon/tita/sim2sim2real/ddt_ros2_ws/install/ros_utils:/opt/ros/humble /usr/bin/cmake --build /home/aiseon/tita/sim2sim2real/ddt_ros2_ws/build/keyboard_controller -- -j192 -l192
[1.604s] [ 33%] [32mBuilding CXX object CMakeFiles/keyboard_controller_node.dir/src/keyboard_controller.cpp.o[0m
[1.604s] [ 66%] [32mBuilding CXX object CMakeFiles/keyboard_controller_node.dir/src/main.cpp.o[0m
[6.274s] [100%] [32m[1mLinking CXX executable keyboard_controller_node[0m
[6.512s] [100%] Built target keyboard_controller_node
[6.526s] Invoked command in '/home/aiseon/tita/sim2sim2real/ddt_ros2_ws/build/keyboard_controller' returned '0': AMENT_PREFIX_PATH=/home/aiseon/tita/sim2sim2real/ddt_ros2_ws/install/ros_utils:${AMENT_PREFIX_PATH} CMAKE_PREFIX_PATH=/home/aiseon/tita/sim2sim2real/ddt_ros2_ws/install/ros_utils:/opt/ros/humble /usr/bin/cmake --build /home/aiseon/tita/sim2sim2real/ddt_ros2_ws/build/keyboard_controller -- -j192 -l192
[6.529s] Invoking command in '/home/aiseon/tita/sim2sim2real/ddt_ros2_ws/build/keyboard_controller': AMENT_PREFIX_PATH=/home/aiseon/tita/sim2sim2real/ddt_ros2_ws/install/ros_utils:${AMENT_PREFIX_PATH} CMAKE_PREFIX_PATH=/home/aiseon/tita/sim2sim2real/ddt_ros2_ws/install/ros_utils:/opt/ros/humble /usr/bin/cmake --install /home/aiseon/tita/sim2sim2real/ddt_ros2_ws/build/keyboard_controller
[6.538s] -- Install configuration: ""
[6.539s] -- Execute custom install script
[6.539s] -- Symlinking: /home/aiseon/tita/sim2sim2real/ddt_ros2_ws/install/keyboard_controller/include/keyboard_controller/keyboard_controller.hpp
[6.551s] -- Symlinking: /home/aiseon/tita/sim2sim2real/ddt_ros2_ws/install/keyboard_controller/lib/keyboard_controller/keyboard_controller_node
[6.560s] -- Symlinking: /home/aiseon/tita/sim2sim2real/ddt_ros2_ws/install/keyboard_controller/share/ament_index/resource_index/package_run_dependencies/keyboard_controller
[6.568s] -- Symlinking: /home/aiseon/tita/sim2sim2real/ddt_ros2_ws/install/keyboard_controller/share/ament_index/resource_index/parent_prefix_path/keyboard_controller
[6.579s] -- Symlinking: /home/aiseon/tita/sim2sim2real/ddt_ros2_ws/install/keyboard_controller/share/keyboard_controller/environment/ament_prefix_path.sh
[6.590s] -- Symlinking: /home/aiseon/tita/sim2sim2real/ddt_ros2_ws/install/keyboard_controller/share/keyboard_controller/environment/ament_prefix_path.dsv
[6.602s] -- Symlinking: /home/aiseon/tita/sim2sim2real/ddt_ros2_ws/install/keyboard_controller/share/keyboard_controller/environment/path.sh
[6.612s] -- Symlinking: /home/aiseon/tita/sim2sim2real/ddt_ros2_ws/install/keyboard_controller/share/keyboard_controller/environment/path.dsv
[6.621s] -- Symlinking: /home/aiseon/tita/sim2sim2real/ddt_ros2_ws/install/keyboard_controller/share/keyboard_controller/local_setup.bash
[6.631s] -- Symlinking: /home/aiseon/tita/sim2sim2real/ddt_ros2_ws/install/keyboard_controller/share/keyboard_controller/local_setup.sh
[6.640s] -- Symlinking: /home/aiseon/tita/sim2sim2real/ddt_ros2_ws/install/keyboard_controller/share/keyboard_controller/local_setup.zsh
[6.653s] -- Symlinking: /home/aiseon/tita/sim2sim2real/ddt_ros2_ws/install/keyboard_controller/share/keyboard_controller/local_setup.dsv
[6.666s] -- Symlinking: /home/aiseon/tita/sim2sim2real/ddt_ros2_ws/install/keyboard_controller/share/keyboard_controller/package.dsv
[6.677s] -- Symlinking: /home/aiseon/tita/sim2sim2real/ddt_ros2_ws/install/keyboard_controller/share/ament_index/resource_index/packages/keyboard_controller
[6.690s] -- Symlinking: /home/aiseon/tita/sim2sim2real/ddt_ros2_ws/install/keyboard_controller/share/keyboard_controller/cmake/ament_cmake_export_dependencies-extras.cmake
[6.698s] -- Symlinking: /home/aiseon/tita/sim2sim2real/ddt_ros2_ws/install/keyboard_controller/share/keyboard_controller/cmake/ament_cmake_export_include_directories-extras.cmake
[6.709s] -- Symlinking: /home/aiseon/tita/sim2sim2real/ddt_ros2_ws/install/keyboard_controller/share/keyboard_controller/cmake/keyboard_controllerConfig.cmake
[6.719s] -- Symlinking: /home/aiseon/tita/sim2sim2real/ddt_ros2_ws/install/keyboard_controller/share/keyboard_controller/cmake/keyboard_controllerConfig-version.cmake
[6.729s] -- Symlinking: /home/aiseon/tita/sim2sim2real/ddt_ros2_ws/install/keyboard_controller/share/keyboard_controller/package.xml
[6.746s] Invoked command in '/home/aiseon/tita/sim2sim2real/ddt_ros2_ws/build/keyboard_controller' returned '0': AMENT_PREFIX_PATH=/home/aiseon/tita/sim2sim2real/ddt_ros2_ws/install/ros_utils:${AMENT_PREFIX_PATH} CMAKE_PREFIX_PATH=/home/aiseon/tita/sim2sim2real/ddt_ros2_ws/install/ros_utils:/opt/ros/humble /usr/bin/cmake --install /home/aiseon/tita/sim2sim2real/ddt_ros2_ws/build/keyboard_controller
