[0.018s] Invoking command in '/home/aiseon/tita/sim2sim2real/build/gazebo_bridge': CMAKE_PREFIX_PATH=/home/aiseon/tita/sim2sim2real/install/tita_description:/home/aiseon/tita/sim2sim2real/install/webots_bridge:/home/aiseon/tita/sim2sim2real/install/hardware_bridge:/home/aiseon/tita/sim2sim2real/install/tita_robot:/home/aiseon/tita/sim2sim2real/install/titatit_description:/home/aiseon/tita/sim2sim2real/install/teleop_command:/home/aiseon/tita/sim2sim2real/install/rl_controller:/home/aiseon/tita/sim2sim2real/install/keyboard_controller:/home/aiseon/tita/sim2sim2real/install/ros_utils:/usr/lib/cmake/mujoco:/opt/ros/humble /usr/bin/cmake /home/aiseon/tita/sim2sim2real/ddt_ros2_ws/ddt_ros2_control/simulation/gazebo_bridge -DAMENT_CMAKE_SYMLINK_INSTALL=1 -DCMAKE_INSTALL_PREFIX=/home/aiseon/tita/sim2sim2real/install/gazebo_bridge
[0.106s] -- The C compiler identification is GNU 11.4.0
[0.180s] -- The CXX compiler identification is GNU 11.4.0
[0.192s] -- Detecting C compiler ABI info
[0.307s] -- Detecting C compiler ABI info - done
[0.314s] -- Check for working C compiler: /usr/bin/cc - skipped
[0.314s] -- Detecting C compile features
[0.315s] -- Detecting C compile features - done
[0.317s] -- Detecting CXX compiler ABI info
[0.434s] -- Detecting CXX compiler ABI info - done
[0.441s] -- Check for working CXX compiler: /usr/bin/c++ - skipped
[0.441s] -- Detecting CXX compile features
[0.441s] -- Detecting CXX compile features - done
[0.444s] -- Found ament_cmake_auto: 1.3.13 (/opt/ros/humble/share/ament_cmake_auto/cmake)
[0.606s] -- Found Python3: /usr/bin/python3 (found version "3.10.12") found components: Interpreter 
[0.670s] -- Override CMake install command with custom implementation using symlinks instead of copying resources
[0.775s] -- Found PkgConfig: /usr/bin/pkg-config (found version "0.29.2") 
[0.779s] -- Checking for module 'bullet>=2.82'
[0.804s] --   Found bullet, version 3.05
[1.002s] -- Found fcl: /usr/include (found suitable version "0.7.0", minimum required is "0.5.0") 
[1.098s] -- Found assimp: /usr/include (found version "5.2.0") 
[1.116s] -- Found DART: /usr/include (Required is at least version "6.6") found components: dart 
[1.363s] -- Found Boost: /usr/lib/x86_64-linux-gnu/cmake/Boost-1.74.0/BoostConfig.cmake (found suitable version "1.74.0", minimum required is "1.40.0") found components: thread system filesystem program_options regex iostreams date_time 
[1.386s] -- Found Protobuf: /usr/lib/x86_64-linux-gnu/libprotobuf.so (found version "3.12.4") 
[1.392s] -- Looking for ignition-math6 -- found version 6.15.1
[1.399s] -- Searching for dependencies of ignition-math6
[1.400s] -- Looking for OGRE...
[1.401s] -- OGRE_PREFIX_WATCH changed.
[1.410s] -- Checking for module 'OGRE'
[1.437s] --   Found OGRE, version 1.9.0
[1.518s] -- Found Ogre Ghadamon (1.9.0)
[1.528s] -- Found OGRE: optimized;/usr/lib/x86_64-linux-gnu/libOgreMain.so;debug;/usr/lib/x86_64-linux-gnu/libOgreMain.so
[1.538s] -- Looking for OGRE_Paging...
[1.544s] -- Found OGRE_Paging: optimized;/usr/lib/x86_64-linux-gnu/libOgrePaging.so;debug;/usr/lib/x86_64-linux-gnu/libOgrePaging.so
[1.544s] -- Looking for OGRE_Terrain...
[1.549s] -- Found OGRE_Terrain: optimized;/usr/lib/x86_64-linux-gnu/libOgreTerrain.so;debug;/usr/lib/x86_64-linux-gnu/libOgreTerrain.so
[1.549s] -- Looking for OGRE_Property...
[1.555s] -- Found OGRE_Property: optimized;/usr/lib/x86_64-linux-gnu/libOgreProperty.so;debug;/usr/lib/x86_64-linux-gnu/libOgreProperty.so
[1.555s] -- Looking for OGRE_RTShaderSystem...
[1.561s] -- Found OGRE_RTShaderSystem: optimized;/usr/lib/x86_64-linux-gnu/libOgreRTShaderSystem.so;debug;/usr/lib/x86_64-linux-gnu/libOgreRTShaderSystem.so
[1.561s] -- Looking for OGRE_Volume...
[1.567s] -- Found OGRE_Volume: optimized;/usr/lib/x86_64-linux-gnu/libOgreVolume.so;debug;/usr/lib/x86_64-linux-gnu/libOgreVolume.so
[1.567s] -- Looking for OGRE_Overlay...
[1.573s] -- Found OGRE_Overlay: optimized;/usr/lib/x86_64-linux-gnu/libOgreOverlay.so;debug;/usr/lib/x86_64-linux-gnu/libOgreOverlay.so
[1.694s] -- Looking for ignition-math6 -- found version 6.15.1
[1.696s] -- Looking for ignition-transport8 -- found version 8.2.1
[1.697s] -- Searching for dependencies of ignition-transport8
[1.719s] -- Found Protobuf: /usr/lib/x86_64-linux-gnu/libprotobuf.so (found suitable version "3.12.4", minimum required is "3") 
[1.730s] -- Config-file not installed for ZeroMQ -- checking for pkg-config
[1.741s] -- Checking for module 'libzmq >= 4'
[1.767s] --   Found libzmq , version 4.3.4
[1.849s] -- Found ZeroMQ: TRUE (Required is at least version "4") 
[1.858s] -- Checking for module 'uuid'
[1.888s] --   Found uuid, version 2.37.2
[1.958s] -- Found UUID: TRUE  
[1.961s] -- Looking for ignition-msgs5 -- found version 5.8.1
[1.962s] -- Searching for dependencies of ignition-msgs5
[1.983s] -- Looking for ignition-math6 -- found version 6.15.1
[1.990s] -- Checking for module 'tinyxml2'
[2.025s] --   Found tinyxml2, version 9.0.0
[2.098s] -- Looking for ignition-msgs5 -- found version 5.8.1
[2.101s] -- Looking for ignition-common3 -- found version 3.14.0
[2.101s] -- Searching for dependencies of ignition-common3
[2.101s] -- Looking for dlfcn.h - found
[2.102s] -- Looking for libdl - found
[2.103s] -- Found DL: TRUE  
[2.120s] -- Found tinyobjloader: /usr/lib/x86_64-linux-gnu/cmake/tinyobjloader/tinyobjloader-config.cmake (found version "2.0.0") 
[2.121s] -- Searching for <ignition-common3> component [graphics]
[2.123s] -- Looking for ignition-common3-graphics -- found version 3.14.0
[2.124s] -- Searching for dependencies of ignition-common3-graphics
[2.124s] -- Looking for ignition-math6 -- found version 6.15.1
[2.127s] -- Looking for ignition-fuel_tools4 -- found version 4.4.0
[2.128s] -- Searching for dependencies of ignition-fuel_tools4
[2.269s] -- Found CURL: /usr/lib/x86_64-linux-gnu/libcurl.so (found version "7.81.0")  
[2.282s] -- Checking for module 'jsoncpp'
[2.309s] --   Found jsoncpp, version 1.9.5
[2.380s] -- Found JSONCPP: TRUE  
[2.388s] -- Checking for module 'libzip'
[2.412s] --   Found libzip, version 1.7.3
[2.492s] -- Found ZIP: TRUE  
[2.492s] -- Looking for ignition-common3 -- found version 3.14.0
[2.493s] -- Looking for ignition-math6 -- found version 6.15.1
[2.493s] -- Looking for ignition-msgs5 -- found version 5.8.1
[2.496s] -- Gazebo version: 11.14
[2.497s] -- Checking for module 'tbb'
[2.523s] --   Found tbb, version 2021.5.0
[2.632s] -- Found rosidl_generator_c: 3.1.8 (/opt/ros/humble/share/rosidl_generator_c/cmake)
[2.638s] -- Found rosidl_adapter: 3.1.8 (/opt/ros/humble/share/rosidl_adapter/cmake)
[2.647s] -- Found rosidl_generator_cpp: 3.1.8 (/opt/ros/humble/share/rosidl_generator_cpp/cmake)
[2.659s] -- Using all available rosidl_typesupport_c: rosidl_typesupport_fastrtps_c;rosidl_typesupport_introspection_c
[2.676s] -- Using all available rosidl_typesupport_cpp: rosidl_typesupport_fastrtps_cpp;rosidl_typesupport_introspection_cpp
[2.872s] -- Found rmw_implementation_cmake: 6.1.2 (/opt/ros/humble/share/rmw_implementation_cmake/cmake)
[2.875s] -- Found rmw_fastrtps_cpp: 6.2.10 (/opt/ros/humble/share/rmw_fastrtps_cpp/cmake)
[2.901s] -- Found TinyXML2 via Config file: TinyXML2_DIR-NOTFOUND
[3.029s] -- Found OpenSSL: /usr/lib/x86_64-linux-gnu/libcrypto.so (found version "3.0.2")  
[3.032s] -- Found TinyXML2 via Config file: TinyXML2_DIR-NOTFOUND
[3.048s] -- Found FastRTPS: /opt/ros/humble/include  
[3.051s] -- Found TinyXML2 via Config file: TinyXML2_DIR-NOTFOUND
[3.066s] -- Found TinyXML2 via Config file: TinyXML2_DIR-NOTFOUND
[3.081s] -- Using RMW implementation 'rmw_fastrtps_cpp' as default
[3.091s] -- Found Threads: TRUE  
[3.207s] -- Found ament_lint_auto: 0.12.15 (/opt/ros/humble/share/ament_lint_auto/cmake)
[3.221s] [0mIn this package, headers install destination is set to `include` by ament_auto_package. It is recommended to install `include/gazebo_bridge` instead and will be the default behavior of ament_auto_package from ROS 2 Kilted Kaiju. On distributions before Kilted, ament_auto_package behaves the same way when you use USE_SCOPED_HEADER_INSTALL_DIR option.[0m
[3.225s] -- Added test 'clang_format' to check C / C++ code style
[3.226s] -- Added test 'copyright' to check source files copyright and LICENSE
[3.227s] -- Added test 'cppcheck' to perform static code analysis on C / C++ code
[3.227s] -- Configured cppcheck include dirs: /home/aiseon/tita/sim2sim2real/ddt_ros2_ws/ddt_ros2_control/simulation/gazebo_bridge/include
[3.227s] -- Configured cppcheck exclude dirs and/or files: 
[3.228s] -- Added test 'cpplint' to check C / C++ code against the Google style
[3.228s] -- Configured cpplint exclude dirs and/or files: 
[3.229s] -- Added test 'lint_cmake' to check CMake code style
[3.229s] -- Added test 'xmllint' to check XML markup files
[3.232s] -- Configuring done
[3.253s] -- Generating done
[3.259s] -- Build files have been written to: /home/aiseon/tita/sim2sim2real/build/gazebo_bridge
[3.274s] Invoked command in '/home/aiseon/tita/sim2sim2real/build/gazebo_bridge' returned '0': CMAKE_PREFIX_PATH=/home/aiseon/tita/sim2sim2real/install/tita_description:/home/aiseon/tita/sim2sim2real/install/webots_bridge:/home/aiseon/tita/sim2sim2real/install/hardware_bridge:/home/aiseon/tita/sim2sim2real/install/tita_robot:/home/aiseon/tita/sim2sim2real/install/titatit_description:/home/aiseon/tita/sim2sim2real/install/teleop_command:/home/aiseon/tita/sim2sim2real/install/rl_controller:/home/aiseon/tita/sim2sim2real/install/keyboard_controller:/home/aiseon/tita/sim2sim2real/install/ros_utils:/usr/lib/cmake/mujoco:/opt/ros/humble /usr/bin/cmake /home/aiseon/tita/sim2sim2real/ddt_ros2_ws/ddt_ros2_control/simulation/gazebo_bridge -DAMENT_CMAKE_SYMLINK_INSTALL=1 -DCMAKE_INSTALL_PREFIX=/home/aiseon/tita/sim2sim2real/install/gazebo_bridge
[3.278s] Invoking command in '/home/aiseon/tita/sim2sim2real/build/gazebo_bridge': CMAKE_PREFIX_PATH=/home/aiseon/tita/sim2sim2real/install/tita_description:/home/aiseon/tita/sim2sim2real/install/webots_bridge:/home/aiseon/tita/sim2sim2real/install/hardware_bridge:/home/aiseon/tita/sim2sim2real/install/tita_robot:/home/aiseon/tita/sim2sim2real/install/titatit_description:/home/aiseon/tita/sim2sim2real/install/teleop_command:/home/aiseon/tita/sim2sim2real/install/rl_controller:/home/aiseon/tita/sim2sim2real/install/keyboard_controller:/home/aiseon/tita/sim2sim2real/install/ros_utils:/usr/lib/cmake/mujoco:/opt/ros/humble /usr/bin/cmake --build /home/aiseon/tita/sim2sim2real/build/gazebo_bridge -- -j192 -l192
[3.362s] [ 50%] [32mBuilding CXX object CMakeFiles/gazebo_bridge.dir/src/gazebo_bridge.cpp.o[0m
[16.180s] [100%] [32m[1mLinking CXX shared library libgazebo_bridge.so[0m
[16.501s] [100%] Built target gazebo_bridge
[16.519s] Invoked command in '/home/aiseon/tita/sim2sim2real/build/gazebo_bridge' returned '0': CMAKE_PREFIX_PATH=/home/aiseon/tita/sim2sim2real/install/tita_description:/home/aiseon/tita/sim2sim2real/install/webots_bridge:/home/aiseon/tita/sim2sim2real/install/hardware_bridge:/home/aiseon/tita/sim2sim2real/install/tita_robot:/home/aiseon/tita/sim2sim2real/install/titatit_description:/home/aiseon/tita/sim2sim2real/install/teleop_command:/home/aiseon/tita/sim2sim2real/install/rl_controller:/home/aiseon/tita/sim2sim2real/install/keyboard_controller:/home/aiseon/tita/sim2sim2real/install/ros_utils:/usr/lib/cmake/mujoco:/opt/ros/humble /usr/bin/cmake --build /home/aiseon/tita/sim2sim2real/build/gazebo_bridge -- -j192 -l192
[16.522s] Invoking command in '/home/aiseon/tita/sim2sim2real/build/gazebo_bridge': CMAKE_PREFIX_PATH=/home/aiseon/tita/sim2sim2real/install/tita_description:/home/aiseon/tita/sim2sim2real/install/webots_bridge:/home/aiseon/tita/sim2sim2real/install/hardware_bridge:/home/aiseon/tita/sim2sim2real/install/tita_robot:/home/aiseon/tita/sim2sim2real/install/titatit_description:/home/aiseon/tita/sim2sim2real/install/teleop_command:/home/aiseon/tita/sim2sim2real/install/rl_controller:/home/aiseon/tita/sim2sim2real/install/keyboard_controller:/home/aiseon/tita/sim2sim2real/install/ros_utils:/usr/lib/cmake/mujoco:/opt/ros/humble /usr/bin/cmake --install /home/aiseon/tita/sim2sim2real/build/gazebo_bridge
[16.533s] -- Install configuration: ""
[16.534s] -- Execute custom install script
[16.534s] -- Symlinking: /home/aiseon/tita/sim2sim2real/install/gazebo_bridge/share/gazebo_bridge//gazebo_bridge_plugin.xml
[16.546s] -- Symlinking: /home/aiseon/tita/sim2sim2real/install/gazebo_bridge/share/gazebo_bridge/config/controllers.yaml
[16.554s] -- Symlinking: /home/aiseon/tita/sim2sim2real/install/gazebo_bridge/share/gazebo_bridge/launch/gazebo_bridge.launch.py
[16.566s] -- Symlinking: /home/aiseon/tita/sim2sim2real/install/gazebo_bridge/share/gazebo_bridge/worlds/empty_world.world
[16.575s] -- Symlinking: /home/aiseon/tita/sim2sim2real/install/gazebo_bridge/include/gazebo_bridge/gazebo_bridge.h
[16.586s] -- Symlinking: /home/aiseon/tita/sim2sim2real/install/gazebo_bridge/share/gazebo_bridge/environment/library_path.sh
[16.596s] -- Symlinking: /home/aiseon/tita/sim2sim2real/install/gazebo_bridge/share/gazebo_bridge/environment/library_path.dsv
[16.606s] -- Symlinking: /home/aiseon/tita/sim2sim2real/install/gazebo_bridge/lib/libgazebo_bridge.so
[16.619s] -- Symlinking: /home/aiseon/tita/sim2sim2real/install/gazebo_bridge/share/ament_index/resource_index/package_run_dependencies/gazebo_bridge
[16.630s] -- Symlinking: /home/aiseon/tita/sim2sim2real/install/gazebo_bridge/share/ament_index/resource_index/parent_prefix_path/gazebo_bridge
[16.640s] -- Symlinking: /home/aiseon/tita/sim2sim2real/install/gazebo_bridge/share/gazebo_bridge/environment/ament_prefix_path.sh
[16.652s] -- Symlinking: /home/aiseon/tita/sim2sim2real/install/gazebo_bridge/share/gazebo_bridge/environment/ament_prefix_path.dsv
[16.664s] -- Symlinking: /home/aiseon/tita/sim2sim2real/install/gazebo_bridge/share/gazebo_bridge/environment/path.sh
[16.675s] -- Symlinking: /home/aiseon/tita/sim2sim2real/install/gazebo_bridge/share/gazebo_bridge/environment/path.dsv
[16.686s] -- Symlinking: /home/aiseon/tita/sim2sim2real/install/gazebo_bridge/share/gazebo_bridge/local_setup.bash
[16.695s] -- Symlinking: /home/aiseon/tita/sim2sim2real/install/gazebo_bridge/share/gazebo_bridge/local_setup.sh
[16.705s] -- Symlinking: /home/aiseon/tita/sim2sim2real/install/gazebo_bridge/share/gazebo_bridge/local_setup.zsh
[16.717s] -- Symlinking: /home/aiseon/tita/sim2sim2real/install/gazebo_bridge/share/gazebo_bridge/local_setup.dsv
[16.728s] -- Symlinking: /home/aiseon/tita/sim2sim2real/install/gazebo_bridge/share/gazebo_bridge/package.dsv
[16.739s] -- Symlinking: /home/aiseon/tita/sim2sim2real/install/gazebo_bridge/share/ament_index/resource_index/packages/gazebo_bridge
[16.748s] -- Symlinking: /home/aiseon/tita/sim2sim2real/install/gazebo_bridge/share/ament_index/resource_index/gazebo_ros2_control__pluginlib__plugin/gazebo_bridge
[16.760s] -- Symlinking: /home/aiseon/tita/sim2sim2real/install/gazebo_bridge/share/gazebo_bridge/cmake/ament_cmake_export_dependencies-extras.cmake
[16.769s] -- Symlinking: /home/aiseon/tita/sim2sim2real/install/gazebo_bridge/share/gazebo_bridge/cmake/ament_cmake_export_include_directories-extras.cmake
[16.781s] -- Symlinking: /home/aiseon/tita/sim2sim2real/install/gazebo_bridge/share/gazebo_bridge/cmake/ament_cmake_export_libraries-extras.cmake
[16.789s] -- Symlinking: /home/aiseon/tita/sim2sim2real/install/gazebo_bridge/share/gazebo_bridge/cmake/gazebo_bridgeConfig.cmake
[16.798s] -- Symlinking: /home/aiseon/tita/sim2sim2real/install/gazebo_bridge/share/gazebo_bridge/cmake/gazebo_bridgeConfig-version.cmake
[16.807s] -- Symlinking: /home/aiseon/tita/sim2sim2real/install/gazebo_bridge/share/gazebo_bridge/package.xml
[16.823s] Invoked command in '/home/aiseon/tita/sim2sim2real/build/gazebo_bridge' returned '0': CMAKE_PREFIX_PATH=/home/aiseon/tita/sim2sim2real/install/tita_description:/home/aiseon/tita/sim2sim2real/install/webots_bridge:/home/aiseon/tita/sim2sim2real/install/hardware_bridge:/home/aiseon/tita/sim2sim2real/install/tita_robot:/home/aiseon/tita/sim2sim2real/install/titatit_description:/home/aiseon/tita/sim2sim2real/install/teleop_command:/home/aiseon/tita/sim2sim2real/install/rl_controller:/home/aiseon/tita/sim2sim2real/install/keyboard_controller:/home/aiseon/tita/sim2sim2real/install/ros_utils:/usr/lib/cmake/mujoco:/opt/ros/humble /usr/bin/cmake --install /home/aiseon/tita/sim2sim2real/build/gazebo_bridge
