[0.020s] Invoking command in '/home/aiseon/tita/sim2sim2real_bipedal/ddt_ros2_ws/build/mujoco_sim_ros2': CMAKE_PREFIX_PATH=${CMAKE_PREFIX_PATH}:/opt/ros/humble CONDA_PROMPT_MODIFIER=(base) /home/aiseon/.local/bin/cmake --build /home/aiseon/tita/sim2sim2real_bipedal/ddt_ros2_ws/build/mujoco_sim_ros2 -- -j192 -l192
[0.111s] [ 25%] Built target lodepng
[0.158s] [100%] Built target mujoco_sim
[0.177s] Invoked command in '/home/aiseon/tita/sim2sim2real_bipedal/ddt_ros2_ws/build/mujoco_sim_ros2' returned '0': CMAKE_PREFIX_PATH=${CMAKE_PREFIX_PATH}:/opt/ros/humble CONDA_PROMPT_MODIFIER=(base) /home/aiseon/.local/bin/cmake --build /home/aiseon/tita/sim2sim2real_bipedal/ddt_ros2_ws/build/mujoco_sim_ros2 -- -j192 -l192
[0.221s] Invoking command in '/home/aiseon/tita/sim2sim2real_bipedal/ddt_ros2_ws/build/mujoco_sim_ros2': CMAKE_PREFIX_PATH=${CMAKE_PREFIX_PATH}:/opt/ros/humble CONDA_PROMPT_MODIFIER=(base) /home/aiseon/.local/bin/cmake --install /home/aiseon/tita/sim2sim2real_bipedal/ddt_ros2_ws/build/mujoco_sim_ros2
[0.256s] -- Install configuration: ""
[0.257s] -- Execute custom install script
[0.257s] -- Up-to-date symlink: /home/aiseon/tita/sim2sim2real_bipedal/ddt_ros2_ws/install/mujoco_sim_ros2/include/mujoco_sim_ros2/mujoco_sim_ros2/mujoco_physics_plugin.hpp
[0.257s] -- Up-to-date symlink: /home/aiseon/tita/sim2sim2real_bipedal/ddt_ros2_ws/install/mujoco_sim_ros2/lib/mujoco_sim_ros2/mujoco_sim
[0.257s] -- Up-to-date symlink: /home/aiseon/tita/sim2sim2real_bipedal/ddt_ros2_ws/install/mujoco_sim_ros2/share/mujoco_sim_ros2/environment/library_path.sh
[0.258s] -- Up-to-date symlink: /home/aiseon/tita/sim2sim2real_bipedal/ddt_ros2_ws/install/mujoco_sim_ros2/share/mujoco_sim_ros2/environment/library_path.dsv
[0.258s] -- Up-to-date symlink: /home/aiseon/tita/sim2sim2real_bipedal/ddt_ros2_ws/install/mujoco_sim_ros2/share/ament_index/resource_index/package_run_dependencies/mujoco_sim_ros2
[0.258s] -- Up-to-date symlink: /home/aiseon/tita/sim2sim2real_bipedal/ddt_ros2_ws/install/mujoco_sim_ros2/share/ament_index/resource_index/parent_prefix_path/mujoco_sim_ros2
[0.258s] -- Up-to-date symlink: /home/aiseon/tita/sim2sim2real_bipedal/ddt_ros2_ws/install/mujoco_sim_ros2/share/mujoco_sim_ros2/environment/ament_prefix_path.sh
[0.259s] -- Up-to-date symlink: /home/aiseon/tita/sim2sim2real_bipedal/ddt_ros2_ws/install/mujoco_sim_ros2/share/mujoco_sim_ros2/environment/ament_prefix_path.dsv
[0.259s] -- Up-to-date symlink: /home/aiseon/tita/sim2sim2real_bipedal/ddt_ros2_ws/install/mujoco_sim_ros2/share/mujoco_sim_ros2/environment/path.sh
[0.259s] -- Up-to-date symlink: /home/aiseon/tita/sim2sim2real_bipedal/ddt_ros2_ws/install/mujoco_sim_ros2/share/mujoco_sim_ros2/environment/path.dsv
[0.259s] -- Up-to-date symlink: /home/aiseon/tita/sim2sim2real_bipedal/ddt_ros2_ws/install/mujoco_sim_ros2/share/mujoco_sim_ros2/local_setup.bash
[0.259s] -- Up-to-date symlink: /home/aiseon/tita/sim2sim2real_bipedal/ddt_ros2_ws/install/mujoco_sim_ros2/share/mujoco_sim_ros2/local_setup.sh
[0.259s] -- Up-to-date symlink: /home/aiseon/tita/sim2sim2real_bipedal/ddt_ros2_ws/install/mujoco_sim_ros2/share/mujoco_sim_ros2/local_setup.zsh
[0.259s] -- Up-to-date symlink: /home/aiseon/tita/sim2sim2real_bipedal/ddt_ros2_ws/install/mujoco_sim_ros2/share/mujoco_sim_ros2/local_setup.dsv
[0.260s] -- Symlinking: /home/aiseon/tita/sim2sim2real_bipedal/ddt_ros2_ws/install/mujoco_sim_ros2/share/mujoco_sim_ros2/package.dsv
[0.266s] -- Up-to-date symlink: /home/aiseon/tita/sim2sim2real_bipedal/ddt_ros2_ws/install/mujoco_sim_ros2/share/ament_index/resource_index/packages/mujoco_sim_ros2
[0.266s] -- Up-to-date symlink: /home/aiseon/tita/sim2sim2real_bipedal/ddt_ros2_ws/install/mujoco_sim_ros2/share/mujoco_sim_ros2/cmake/ament_cmake_export_targets-extras.cmake
[0.266s] -- Up-to-date symlink: /home/aiseon/tita/sim2sim2real_bipedal/ddt_ros2_ws/install/mujoco_sim_ros2/share/mujoco_sim_ros2/cmake/ament_cmake_export_dependencies-extras.cmake
[0.267s] -- Up-to-date symlink: /home/aiseon/tita/sim2sim2real_bipedal/ddt_ros2_ws/install/mujoco_sim_ros2/share/mujoco_sim_ros2/cmake/mujoco_sim_ros2Config.cmake
[0.267s] -- Up-to-date symlink: /home/aiseon/tita/sim2sim2real_bipedal/ddt_ros2_ws/install/mujoco_sim_ros2/share/mujoco_sim_ros2/cmake/mujoco_sim_ros2Config-version.cmake
[0.267s] -- Up-to-date symlink: /home/aiseon/tita/sim2sim2real_bipedal/ddt_ros2_ws/install/mujoco_sim_ros2/share/mujoco_sim_ros2/package.xml
[0.267s] -- Up-to-date: /home/aiseon/tita/sim2sim2real_bipedal/ddt_ros2_ws/install/mujoco_sim_ros2/share/mujoco_sim_ros2/cmake/export_mujoco_sim_ros2Export.cmake
[0.277s] Invoked command in '/home/aiseon/tita/sim2sim2real_bipedal/ddt_ros2_ws/build/mujoco_sim_ros2' returned '0': CMAKE_PREFIX_PATH=${CMAKE_PREFIX_PATH}:/opt/ros/humble CONDA_PROMPT_MODIFIER=(base) /home/aiseon/.local/bin/cmake --install /home/aiseon/tita/sim2sim2real_bipedal/ddt_ros2_ws/build/mujoco_sim_ros2
