[0.052s] Invoking command in '/home/aiseon/tita/sim2sim2real/ddt_ros2_ws/build/d1_description': CMAKE_PREFIX_PATH=${CMAKE_PREFIX_PATH}:/opt/ros/humble CONDA_PROMPT_MODIFIER=(base) /usr/bin/cmake /home/aiseon/tita/sim2sim2real/ddt_ros2_ws/ddt_ros2_control/urdfs/d1_description -DAMENT_CMAKE_SYMLINK_INSTALL=1 -DCMAKE_INSTALL_PREFIX=/home/aiseon/tita/sim2sim2real/ddt_ros2_ws/install/d1_description
[0.254s] -- The C compiler identification is GNU 11.4.0
[0.436s] -- The CXX compiler identification is GNU 11.4.0
[0.458s] -- Detecting C compiler ABI info
[0.754s] -- Detecting C compiler ABI info - done
[0.779s] -- Check for working C compiler: /usr/bin/cc - skipped
[0.779s] -- Detecting C compile features
[0.779s] -- Detecting C compile features - done
[0.790s] -- Detecting CXX compiler ABI info
[1.105s] -- Detecting CXX compiler ABI info - done
[1.129s] -- Check for working CXX compiler: /usr/bin/c++ - skipped
[1.129s] -- Detecting CXX compile features
[1.130s] -- Detecting CXX compile features - done
[1.138s] -- Found ament_cmake: 1.3.13 (/opt/ros/humble/share/ament_cmake/cmake)
[2.264s] -- Found Python3: /home/aiseon/anaconda3/bin/python3 (found version "3.13.5") found components: Interpreter 
[2.477s] -- Override CMake install command with custom implementation using symlinks instead of copying resources
[2.865s] -- Configuring done
[2.878s] -- Generating done
[2.887s] -- Build files have been written to: /home/aiseon/tita/sim2sim2real/ddt_ros2_ws/build/d1_description
[2.908s] Invoked command in '/home/aiseon/tita/sim2sim2real/ddt_ros2_ws/build/d1_description' returned '0': CMAKE_PREFIX_PATH=${CMAKE_PREFIX_PATH}:/opt/ros/humble CONDA_PROMPT_MODIFIER=(base) /usr/bin/cmake /home/aiseon/tita/sim2sim2real/ddt_ros2_ws/ddt_ros2_control/urdfs/d1_description -DAMENT_CMAKE_SYMLINK_INSTALL=1 -DCMAKE_INSTALL_PREFIX=/home/aiseon/tita/sim2sim2real/ddt_ros2_ws/install/d1_description
[2.913s] Invoking command in '/home/aiseon/tita/sim2sim2real/ddt_ros2_ws/build/d1_description': CMAKE_PREFIX_PATH=${CMAKE_PREFIX_PATH}:/opt/ros/humble CONDA_PROMPT_MODIFIER=(base) /usr/bin/cmake --build /home/aiseon/tita/sim2sim2real/ddt_ros2_ws/build/d1_description -- -j192 -l192
[3.078s] Invoked command in '/home/aiseon/tita/sim2sim2real/ddt_ros2_ws/build/d1_description' returned '0': CMAKE_PREFIX_PATH=${CMAKE_PREFIX_PATH}:/opt/ros/humble CONDA_PROMPT_MODIFIER=(base) /usr/bin/cmake --build /home/aiseon/tita/sim2sim2real/ddt_ros2_ws/build/d1_description -- -j192 -l192
[3.116s] Invoking command in '/home/aiseon/tita/sim2sim2real/ddt_ros2_ws/build/d1_description': CMAKE_PREFIX_PATH=${CMAKE_PREFIX_PATH}:/opt/ros/humble CONDA_PROMPT_MODIFIER=(base) /usr/bin/cmake --install /home/aiseon/tita/sim2sim2real/ddt_ros2_ws/build/d1_description
[3.141s] -- Install configuration: ""
[3.141s] -- Execute custom install script
[3.146s] -- Symlinking: /home/aiseon/tita/sim2sim2real/ddt_ros2_ws/install/d1_description/share/d1_description/meshes/L_calf.STL
[3.181s] -- Symlinking: /home/aiseon/tita/sim2sim2real/ddt_ros2_ws/install/d1_description/share/d1_description/meshes/L_foot.STL
[3.213s] -- Symlinking: /home/aiseon/tita/sim2sim2real/ddt_ros2_ws/install/d1_description/share/d1_description/meshes/L_hip.STL
[3.245s] -- Symlinking: /home/aiseon/tita/sim2sim2real/ddt_ros2_ws/install/d1_description/share/d1_description/meshes/L_thigh.STL
[3.277s] -- Symlinking: /home/aiseon/tita/sim2sim2real/ddt_ros2_ws/install/d1_description/share/d1_description/meshes/R_calf.STL
[3.310s] -- Symlinking: /home/aiseon/tita/sim2sim2real/ddt_ros2_ws/install/d1_description/share/d1_description/meshes/R_foot.STL
[3.339s] -- Symlinking: /home/aiseon/tita/sim2sim2real/ddt_ros2_ws/install/d1_description/share/d1_description/meshes/R_hip.STL
[3.377s] -- Symlinking: /home/aiseon/tita/sim2sim2real/ddt_ros2_ws/install/d1_description/share/d1_description/meshes/R_thigh.STL
[3.407s] -- Symlinking: /home/aiseon/tita/sim2sim2real/ddt_ros2_ws/install/d1_description/share/d1_description/meshes/base_link.STL
[3.437s] -- Symlinking: /home/aiseon/tita/sim2sim2real/ddt_ros2_ws/install/d1_description/share/d1_description/meshes/docking_Link.STL
[3.470s] -- Symlinking: /home/aiseon/tita/sim2sim2real/ddt_ros2_ws/install/d1_description/share/d1_description/meshes/funtion_Link.STL
[3.500s] -- Symlinking: /home/aiseon/tita/sim2sim2real/ddt_ros2_ws/install/d1_description/share/d1_description/mujoco/robot.xml
[3.532s] -- Symlinking: /home/aiseon/tita/sim2sim2real/ddt_ros2_ws/install/d1_description/share/d1_description/mujoco/scene.xml
[3.565s] -- Symlinking: /home/aiseon/tita/sim2sim2real/ddt_ros2_ws/install/d1_description/share/d1_description/urdf/robot.urdf
[3.599s] -- Symlinking: /home/aiseon/tita/sim2sim2real/ddt_ros2_ws/install/d1_description/share/d1_description/xacro/robot.xacro
[3.632s] -- Symlinking: /home/aiseon/tita/sim2sim2real/ddt_ros2_ws/install/d1_description/share/d1_description/xacro/ros2control.xacro
[3.663s] -- Symlinking: /home/aiseon/tita/sim2sim2real/ddt_ros2_ws/install/d1_description/share/ament_index/resource_index/package_run_dependencies/d1_description
[3.695s] -- Symlinking: /home/aiseon/tita/sim2sim2real/ddt_ros2_ws/install/d1_description/share/ament_index/resource_index/parent_prefix_path/d1_description
[3.725s] -- Symlinking: /home/aiseon/tita/sim2sim2real/ddt_ros2_ws/install/d1_description/share/d1_description/environment/ament_prefix_path.sh
[3.757s] -- Symlinking: /home/aiseon/tita/sim2sim2real/ddt_ros2_ws/install/d1_description/share/d1_description/environment/ament_prefix_path.dsv
[3.793s] -- Symlinking: /home/aiseon/tita/sim2sim2real/ddt_ros2_ws/install/d1_description/share/d1_description/environment/path.sh
[3.823s] -- Symlinking: /home/aiseon/tita/sim2sim2real/ddt_ros2_ws/install/d1_description/share/d1_description/environment/path.dsv
[3.855s] -- Symlinking: /home/aiseon/tita/sim2sim2real/ddt_ros2_ws/install/d1_description/share/d1_description/local_setup.bash
[3.885s] -- Symlinking: /home/aiseon/tita/sim2sim2real/ddt_ros2_ws/install/d1_description/share/d1_description/local_setup.sh
[3.917s] -- Symlinking: /home/aiseon/tita/sim2sim2real/ddt_ros2_ws/install/d1_description/share/d1_description/local_setup.zsh
[3.948s] -- Symlinking: /home/aiseon/tita/sim2sim2real/ddt_ros2_ws/install/d1_description/share/d1_description/local_setup.dsv
[3.981s] -- Symlinking: /home/aiseon/tita/sim2sim2real/ddt_ros2_ws/install/d1_description/share/d1_description/package.dsv
[4.013s] -- Symlinking: /home/aiseon/tita/sim2sim2real/ddt_ros2_ws/install/d1_description/share/ament_index/resource_index/packages/d1_description
[4.044s] -- Symlinking: /home/aiseon/tita/sim2sim2real/ddt_ros2_ws/install/d1_description/share/d1_description/cmake/d1_descriptionConfig.cmake
[4.078s] -- Symlinking: /home/aiseon/tita/sim2sim2real/ddt_ros2_ws/install/d1_description/share/d1_description/cmake/d1_descriptionConfig-version.cmake
[4.111s] -- Symlinking: /home/aiseon/tita/sim2sim2real/ddt_ros2_ws/install/d1_description/share/d1_description/package.xml
[4.176s] Invoked command in '/home/aiseon/tita/sim2sim2real/ddt_ros2_ws/build/d1_description' returned '0': CMAKE_PREFIX_PATH=${CMAKE_PREFIX_PATH}:/opt/ros/humble CONDA_PROMPT_MODIFIER=(base) /usr/bin/cmake --install /home/aiseon/tita/sim2sim2real/ddt_ros2_ws/build/d1_description
