[0.017s] Invoking command in '/home/aiseon/tita/sim2sim2real/build/tita_description': CMAKE_PREFIX_PATH=${CMAKE_PREFIX_PATH}:/opt/ros/humble /usr/bin/cmake /home/aiseon/tita/sim2sim2real/ddt_ros2_ws/ddt_ros2_control/urdfs/tita_description -DAMENT_CMAKE_SYMLINK_INSTALL=1 -DCMAKE_INSTALL_PREFIX=/home/aiseon/tita/sim2sim2real/install/tita_description
[0.107s] -- The C compiler identification is GNU 11.4.0
[0.175s] -- The CXX compiler identification is GNU 11.4.0
[0.184s] -- Detecting C compiler ABI info
[0.292s] -- Detecting C compiler ABI info - done
[0.299s] -- Check for working C compiler: /usr/bin/cc - skipped
[0.299s] -- Detecting C compile features
[0.299s] -- Detecting C compile features - done
[0.302s] -- Detecting CXX compiler ABI info
[0.421s] -- Detecting CXX compiler ABI info - done
[0.428s] -- Check for working CXX compiler: /usr/bin/c++ - skipped
[0.429s] -- Detecting CXX compile features
[0.429s] -- Detecting CXX compile features - done
[0.429s] [0mCurrently in ROS2 compilation environment[0m
[0.432s] -- Found ament_cmake: 1.3.13 (/opt/ros/humble/share/ament_cmake/cmake)
[0.591s] -- Found Python3: /usr/bin/python3 (found version "3.10.12") found components: Interpreter 
[0.651s] -- Override CMake install command with custom implementation using symlinks instead of copying resources
[0.752s] -- Configuring done
[0.754s] -- Generating done
[0.755s] -- Build files have been written to: /home/aiseon/tita/sim2sim2real/build/tita_description
[0.760s] Invoked command in '/home/aiseon/tita/sim2sim2real/build/tita_description' returned '0': CMAKE_PREFIX_PATH=${CMAKE_PREFIX_PATH}:/opt/ros/humble /usr/bin/cmake /home/aiseon/tita/sim2sim2real/ddt_ros2_ws/ddt_ros2_control/urdfs/tita_description -DAMENT_CMAKE_SYMLINK_INSTALL=1 -DCMAKE_INSTALL_PREFIX=/home/aiseon/tita/sim2sim2real/install/tita_description
[0.765s] Invoking command in '/home/aiseon/tita/sim2sim2real/build/tita_description': CMAKE_PREFIX_PATH=${CMAKE_PREFIX_PATH}:/opt/ros/humble /usr/bin/cmake --build /home/aiseon/tita/sim2sim2real/build/tita_description -- -j192 -l192
[0.816s] Invoked command in '/home/aiseon/tita/sim2sim2real/build/tita_description' returned '0': CMAKE_PREFIX_PATH=${CMAKE_PREFIX_PATH}:/opt/ros/humble /usr/bin/cmake --build /home/aiseon/tita/sim2sim2real/build/tita_description -- -j192 -l192
[0.826s] Invoking command in '/home/aiseon/tita/sim2sim2real/build/tita_description': CMAKE_PREFIX_PATH=${CMAKE_PREFIX_PATH}:/opt/ros/humble /usr/bin/cmake --install /home/aiseon/tita/sim2sim2real/build/tita_description
[0.835s] -- Install configuration: ""
[0.835s] -- Execute custom install script
[0.835s] -- Symlinking: /home/aiseon/tita/sim2sim2real/install/tita_description/share/tita_description/meshes/base_link.STL
[0.846s] -- Symlinking: /home/aiseon/tita/sim2sim2real/install/tita_description/share/tita_description/meshes/left_leg_1.STL
[0.857s] -- Symlinking: /home/aiseon/tita/sim2sim2real/install/tita_description/share/tita_description/meshes/left_leg_2.STL
[0.869s] -- Symlinking: /home/aiseon/tita/sim2sim2real/install/tita_description/share/tita_description/meshes/left_leg_3.STL
[0.881s] -- Symlinking: /home/aiseon/tita/sim2sim2real/install/tita_description/share/tita_description/meshes/left_leg_4.STL
[0.891s] -- Symlinking: /home/aiseon/tita/sim2sim2real/install/tita_description/share/tita_description/meshes/right_leg_1.STL
[0.901s] -- Symlinking: /home/aiseon/tita/sim2sim2real/install/tita_description/share/tita_description/meshes/right_leg_2.STL
[0.911s] -- Symlinking: /home/aiseon/tita/sim2sim2real/install/tita_description/share/tita_description/meshes/right_leg_3.STL
[0.922s] -- Symlinking: /home/aiseon/tita/sim2sim2real/install/tita_description/share/tita_description/meshes/right_leg_4.STL
[0.933s] -- Symlinking: /home/aiseon/tita/sim2sim2real/install/tita_description/share/tita_description/mujoco/robot.xml
[0.944s] -- Symlinking: /home/aiseon/tita/sim2sim2real/install/tita_description/share/tita_description/mujoco/scene.xml
[0.953s] -- Symlinking: /home/aiseon/tita/sim2sim2real/install/tita_description/share/tita_description/urdf/robot.urdf
[0.963s] -- Symlinking: /home/aiseon/tita/sim2sim2real/install/tita_description/share/tita_description/xacro/materials.xacro
[0.972s] -- Symlinking: /home/aiseon/tita/sim2sim2real/install/tita_description/share/tita_description/xacro/robot.xacro
[0.981s] -- Symlinking: /home/aiseon/tita/sim2sim2real/install/tita_description/share/tita_description/xacro/ros2control.xacro
[0.994s] -- Symlinking: /home/aiseon/tita/sim2sim2real/install/tita_description/share/ament_index/resource_index/package_run_dependencies/tita_description
[1.005s] -- Symlinking: /home/aiseon/tita/sim2sim2real/install/tita_description/share/ament_index/resource_index/parent_prefix_path/tita_description
[1.016s] -- Symlinking: /home/aiseon/tita/sim2sim2real/install/tita_description/share/tita_description/environment/ament_prefix_path.sh
[1.026s] -- Symlinking: /home/aiseon/tita/sim2sim2real/install/tita_description/share/tita_description/environment/ament_prefix_path.dsv
[1.039s] -- Symlinking: /home/aiseon/tita/sim2sim2real/install/tita_description/share/tita_description/environment/path.sh
[1.050s] -- Symlinking: /home/aiseon/tita/sim2sim2real/install/tita_description/share/tita_description/environment/path.dsv
[1.061s] -- Symlinking: /home/aiseon/tita/sim2sim2real/install/tita_description/share/tita_description/local_setup.bash
[1.073s] -- Symlinking: /home/aiseon/tita/sim2sim2real/install/tita_description/share/tita_description/local_setup.sh
[1.085s] -- Symlinking: /home/aiseon/tita/sim2sim2real/install/tita_description/share/tita_description/local_setup.zsh
[1.096s] -- Symlinking: /home/aiseon/tita/sim2sim2real/install/tita_description/share/tita_description/local_setup.dsv
[1.108s] -- Symlinking: /home/aiseon/tita/sim2sim2real/install/tita_description/share/tita_description/package.dsv
[1.118s] -- Symlinking: /home/aiseon/tita/sim2sim2real/install/tita_description/share/ament_index/resource_index/packages/tita_description
[1.129s] -- Symlinking: /home/aiseon/tita/sim2sim2real/install/tita_description/share/tita_description/cmake/tita_descriptionConfig.cmake
[1.140s] -- Symlinking: /home/aiseon/tita/sim2sim2real/install/tita_description/share/tita_description/cmake/tita_descriptionConfig-version.cmake
[1.149s] -- Symlinking: /home/aiseon/tita/sim2sim2real/install/tita_description/share/tita_description/package.xml
[1.164s] Invoked command in '/home/aiseon/tita/sim2sim2real/build/tita_description' returned '0': CMAKE_PREFIX_PATH=${CMAKE_PREFIX_PATH}:/opt/ros/humble /usr/bin/cmake --install /home/aiseon/tita/sim2sim2real/build/tita_description
