[0.012s] Invoking command in '/home/aiseon/tita/sim2sim2real/ddt_ros2_ws/build/keyboard_controller': AMENT_PREFIX_PATH=/home/aiseon/tita/sim2sim2real/ddt_ros2_ws/install/ros_utils:${AMENT_PREFIX_PATH} CMAKE_PREFIX_PATH=/home/aiseon/tita/sim2sim2real/ddt_ros2_ws/install/ros_utils:/opt/ros/humble CONDA_PROMPT_MODIFIER=(base) /usr/bin/cmake --build /home/aiseon/tita/sim2sim2real/ddt_ros2_ws/build/keyboard_controller -- -j192 -l192
[0.094s] [100%] Built target keyboard_controller_node
[0.109s] Invoked command in '/home/aiseon/tita/sim2sim2real/ddt_ros2_ws/build/keyboard_controller' returned '0': AMENT_PREFIX_PATH=/home/aiseon/tita/sim2sim2real/ddt_ros2_ws/install/ros_utils:${AMENT_PREFIX_PATH} CMAKE_PREFIX_PATH=/home/aiseon/tita/sim2sim2real/ddt_ros2_ws/install/ros_utils:/opt/ros/humble CONDA_PROMPT_MODIFIER=(base) /usr/bin/cmake --build /home/aiseon/tita/sim2sim2real/ddt_ros2_ws/build/keyboard_controller -- -j192 -l192
[0.111s] Invoking command in '/home/aiseon/tita/sim2sim2real/ddt_ros2_ws/build/keyboard_controller': AMENT_PREFIX_PATH=/home/aiseon/tita/sim2sim2real/ddt_ros2_ws/install/ros_utils:${AMENT_PREFIX_PATH} CMAKE_PREFIX_PATH=/home/aiseon/tita/sim2sim2real/ddt_ros2_ws/install/ros_utils:/opt/ros/humble CONDA_PROMPT_MODIFIER=(base) /usr/bin/cmake --install /home/aiseon/tita/sim2sim2real/ddt_ros2_ws/build/keyboard_controller
[0.120s] -- Install configuration: ""
[0.120s] -- Execute custom install script
[0.121s] -- Up-to-date symlink: /home/aiseon/tita/sim2sim2real/ddt_ros2_ws/install/keyboard_controller/include/keyboard_controller/keyboard_controller.hpp
[0.121s] -- Up-to-date symlink: /home/aiseon/tita/sim2sim2real/ddt_ros2_ws/install/keyboard_controller/lib/keyboard_controller/keyboard_controller_node
[0.121s] -- Up-to-date symlink: /home/aiseon/tita/sim2sim2real/ddt_ros2_ws/install/keyboard_controller/share/ament_index/resource_index/package_run_dependencies/keyboard_controller
[0.121s] -- Up-to-date symlink: /home/aiseon/tita/sim2sim2real/ddt_ros2_ws/install/keyboard_controller/share/ament_index/resource_index/parent_prefix_path/keyboard_controller
[0.121s] -- Up-to-date symlink: /home/aiseon/tita/sim2sim2real/ddt_ros2_ws/install/keyboard_controller/share/keyboard_controller/environment/ament_prefix_path.sh
[0.121s] -- Up-to-date symlink: /home/aiseon/tita/sim2sim2real/ddt_ros2_ws/install/keyboard_controller/share/keyboard_controller/environment/ament_prefix_path.dsv
[0.122s] -- Up-to-date symlink: /home/aiseon/tita/sim2sim2real/ddt_ros2_ws/install/keyboard_controller/share/keyboard_controller/environment/path.sh
[0.122s] -- Up-to-date symlink: /home/aiseon/tita/sim2sim2real/ddt_ros2_ws/install/keyboard_controller/share/keyboard_controller/environment/path.dsv
[0.122s] -- Up-to-date symlink: /home/aiseon/tita/sim2sim2real/ddt_ros2_ws/install/keyboard_controller/share/keyboard_controller/local_setup.bash
[0.122s] -- Up-to-date symlink: /home/aiseon/tita/sim2sim2real/ddt_ros2_ws/install/keyboard_controller/share/keyboard_controller/local_setup.sh
[0.122s] -- Up-to-date symlink: /home/aiseon/tita/sim2sim2real/ddt_ros2_ws/install/keyboard_controller/share/keyboard_controller/local_setup.zsh
[0.122s] -- Up-to-date symlink: /home/aiseon/tita/sim2sim2real/ddt_ros2_ws/install/keyboard_controller/share/keyboard_controller/local_setup.dsv
[0.122s] -- Symlinking: /home/aiseon/tita/sim2sim2real/ddt_ros2_ws/install/keyboard_controller/share/keyboard_controller/package.dsv
[0.134s] -- Up-to-date symlink: /home/aiseon/tita/sim2sim2real/ddt_ros2_ws/install/keyboard_controller/share/ament_index/resource_index/packages/keyboard_controller
[0.134s] -- Up-to-date symlink: /home/aiseon/tita/sim2sim2real/ddt_ros2_ws/install/keyboard_controller/share/keyboard_controller/cmake/ament_cmake_export_dependencies-extras.cmake
[0.134s] -- Up-to-date symlink: /home/aiseon/tita/sim2sim2real/ddt_ros2_ws/install/keyboard_controller/share/keyboard_controller/cmake/ament_cmake_export_include_directories-extras.cmake
[0.134s] -- Up-to-date symlink: /home/aiseon/tita/sim2sim2real/ddt_ros2_ws/install/keyboard_controller/share/keyboard_controller/cmake/keyboard_controllerConfig.cmake
[0.135s] -- Up-to-date symlink: /home/aiseon/tita/sim2sim2real/ddt_ros2_ws/install/keyboard_controller/share/keyboard_controller/cmake/keyboard_controllerConfig-version.cmake
[0.135s] -- Up-to-date symlink: /home/aiseon/tita/sim2sim2real/ddt_ros2_ws/install/keyboard_controller/share/keyboard_controller/package.xml
[0.138s] Invoked command in '/home/aiseon/tita/sim2sim2real/ddt_ros2_ws/build/keyboard_controller' returned '0': AMENT_PREFIX_PATH=/home/aiseon/tita/sim2sim2real/ddt_ros2_ws/install/ros_utils:${AMENT_PREFIX_PATH} CMAKE_PREFIX_PATH=/home/aiseon/tita/sim2sim2real/ddt_ros2_ws/install/ros_utils:/opt/ros/humble CONDA_PROMPT_MODIFIER=(base) /usr/bin/cmake --install /home/aiseon/tita/sim2sim2real/ddt_ros2_ws/build/keyboard_controller
