[0.002s] Invoking command in '/home/aiseon/tita/sim2sim2real_bipedal/ddt_ros2_ws/build/mujoco_ros2_control': AMENT_PREFIX_PATH=/home/aiseon/tita/sim2sim2real/ddt_ros2_ws/install/mujoco_sim_ros2:${AMENT_PREFIX_PATH} CMAKE_PREFIX_PATH=/home/aiseon/tita/sim2sim2real_bipedal/ddt_ros2_ws/install/mujoco_sim_ros2:/home/aiseon/tita/sim2sim2real_bipedal/ddt_ros2_ws/install/titatit_description:/home/aiseon/tita/sim2sim2real_bipedal/ddt_ros2_ws/install/hardware_bridge:/home/aiseon/tita/sim2sim2real_bipedal/ddt_ros2_ws/install/tita_robot:/home/aiseon/tita/sim2sim2real_bipedal/ddt_ros2_ws/install/tita_description:/home/aiseon/tita/sim2sim2real_bipedal/ddt_ros2_ws/install/teleop_command:/home/aiseon/tita/sim2sim2real_bipedal/ddt_ros2_ws/install/rl_controller:/home/aiseon/tita/sim2sim2real_bipedal/ddt_ros2_ws/install/keyboard_controller:/home/aiseon/tita/sim2sim2real_bipedal/ddt_ros2_ws/install/ros_utils:/home/aiseon/tita/sim2sim2real_bipedal/ddt_ros2_ws/install/mujoco_bridge:/home/aiseon/tita/sim2sim2real_bipedal/ddt_ros2_ws/install/mujoco_ros2_control:/home/aiseon/tita/sim2sim2real_bipedal/ddt_ros2_ws/install/d1h_description:/home/aiseon/tita/sim2sim2real_bipedal/ddt_ros2_ws/install/d1_description:/home.aiseon/mujoco_src:/home.aiseon/mujoco_src:/opt/ros/humble CONDA_PROMPT_MODIFIER=(base) LD_LIBRARY_PATH=/home/aiseon/tita/sim2sim2real/ddt_ros2_ws/install/mujoco_sim_ros2/lib:${LD_LIBRARY_PATH} /home/aiseon/.local/bin/cmake --build /home/aiseon/tita/sim2sim2real_bipedal/ddt_ros2_ws/build/mujoco_ros2_control -- -j192 -l192
[0.021s] [0mCMake Error: The current CMakeCache.txt directory /home/aiseon/tita/sim2sim2real_bipedal/ddt_ros2_ws/build/mujoco_ros2_control/CMakeCache.txt is different than the directory /home/aiseon/tita/sim2sim2real/ddt_ros2_ws/build/mujoco_ros2_control where CMakeCache.txt was created. This may result in binaries being created in the wrong place. If you are not sure, reedit the CMakeCache.txt[0m
[0.113s] [ 10%] [32mBuilding CXX object CMakeFiles/mujoco_system_plugins.dir/src/mujoco_system.cpp.o[0m
[0.113s] [ 20%] [32mBuilding CXX object CMakeFiles/mujoco_ros2_control-system.dir/src/mujoco_ros2_control_plugin.cpp.o[0m
[0.115s] [ 30%] [32mBuilding CXX object CMakeFiles/mujoco_ros2_control.dir/src/mujoco_ros2_control_node.cpp.o[0m
[0.116s] [ 40%] [32mBuilding CXX object CMakeFiles/mujoco_ros2_control.dir/src/mujoco_rendering.cpp.o[0m
[0.116s] [ 50%] [32mBuilding CXX object CMakeFiles/mujoco_ros2_control-system.dir/src/mujoco_ros2_control.cpp.o[0m
[0.117s] [ 60%] [32mBuilding CXX object CMakeFiles/mujoco_ros2_control.dir/src/mujoco_ros2_control.cpp.o[0m
[0.117s] [ 70%] [32mBuilding CXX object CMakeFiles/mujoco_ros2_control.dir/src/mujoco_cameras.cpp.o[0m
[4.062s] [ 80%] [32m[1mLinking CXX shared library libmujoco_system_plugins.so[0m
[4.252s] [ 80%] Built target mujoco_system_plugins
[10.325s] [ 90%] [32m[1mLinking CXX executable mujoco_ros2_control[0m
[10.355s] [100%] [32m[1mLinking CXX shared library libmujoco_ros2_control-system.so[0m
[10.964s] [100%] Built target mujoco_ros2_control-system
[10.980s] [100%] Built target mujoco_ros2_control
[11.002s] Invoked command in '/home/aiseon/tita/sim2sim2real_bipedal/ddt_ros2_ws/build/mujoco_ros2_control' returned '0': AMENT_PREFIX_PATH=/home/aiseon/tita/sim2sim2real/ddt_ros2_ws/install/mujoco_sim_ros2:${AMENT_PREFIX_PATH} CMAKE_PREFIX_PATH=/home/aiseon/tita/sim2sim2real_bipedal/ddt_ros2_ws/install/mujoco_sim_ros2:/home/aiseon/tita/sim2sim2real_bipedal/ddt_ros2_ws/install/titatit_description:/home/aiseon/tita/sim2sim2real_bipedal/ddt_ros2_ws/install/hardware_bridge:/home/aiseon/tita/sim2sim2real_bipedal/ddt_ros2_ws/install/tita_robot:/home/aiseon/tita/sim2sim2real_bipedal/ddt_ros2_ws/install/tita_description:/home/aiseon/tita/sim2sim2real_bipedal/ddt_ros2_ws/install/teleop_command:/home/aiseon/tita/sim2sim2real_bipedal/ddt_ros2_ws/install/rl_controller:/home/aiseon/tita/sim2sim2real_bipedal/ddt_ros2_ws/install/keyboard_controller:/home/aiseon/tita/sim2sim2real_bipedal/ddt_ros2_ws/install/ros_utils:/home/aiseon/tita/sim2sim2real_bipedal/ddt_ros2_ws/install/mujoco_bridge:/home/aiseon/tita/sim2sim2real_bipedal/ddt_ros2_ws/install/mujoco_ros2_control:/home/aiseon/tita/sim2sim2real_bipedal/ddt_ros2_ws/install/d1h_description:/home/aiseon/tita/sim2sim2real_bipedal/ddt_ros2_ws/install/d1_description:/home.aiseon/mujoco_src:/home.aiseon/mujoco_src:/opt/ros/humble CONDA_PROMPT_MODIFIER=(base) LD_LIBRARY_PATH=/home/aiseon/tita/sim2sim2real/ddt_ros2_ws/install/mujoco_sim_ros2/lib:${LD_LIBRARY_PATH} /home/aiseon/.local/bin/cmake --build /home/aiseon/tita/sim2sim2real_bipedal/ddt_ros2_ws/build/mujoco_ros2_control -- -j192 -l192
[11.006s] Invoking command in '/home/aiseon/tita/sim2sim2real_bipedal/ddt_ros2_ws/build/mujoco_ros2_control': AMENT_PREFIX_PATH=/home/aiseon/tita/sim2sim2real/ddt_ros2_ws/install/mujoco_sim_ros2:${AMENT_PREFIX_PATH} CMAKE_PREFIX_PATH=/home/aiseon/tita/sim2sim2real_bipedal/ddt_ros2_ws/install/mujoco_sim_ros2:/home/aiseon/tita/sim2sim2real_bipedal/ddt_ros2_ws/install/titatit_description:/home/aiseon/tita/sim2sim2real_bipedal/ddt_ros2_ws/install/hardware_bridge:/home/aiseon/tita/sim2sim2real_bipedal/ddt_ros2_ws/install/tita_robot:/home/aiseon/tita/sim2sim2real_bipedal/ddt_ros2_ws/install/tita_description:/home/aiseon/tita/sim2sim2real_bipedal/ddt_ros2_ws/install/teleop_command:/home/aiseon/tita/sim2sim2real_bipedal/ddt_ros2_ws/install/rl_controller:/home/aiseon/tita/sim2sim2real_bipedal/ddt_ros2_ws/install/keyboard_controller:/home/aiseon/tita/sim2sim2real_bipedal/ddt_ros2_ws/install/ros_utils:/home/aiseon/tita/sim2sim2real_bipedal/ddt_ros2_ws/install/mujoco_bridge:/home/aiseon/tita/sim2sim2real_bipedal/ddt_ros2_ws/install/mujoco_ros2_control:/home/aiseon/tita/sim2sim2real_bipedal/ddt_ros2_ws/install/d1h_description:/home/aiseon/tita/sim2sim2real_bipedal/ddt_ros2_ws/install/d1_description:/home.aiseon/mujoco_src:/home.aiseon/mujoco_src:/opt/ros/humble CONDA_PROMPT_MODIFIER=(base) LD_LIBRARY_PATH=/home/aiseon/tita/sim2sim2real/ddt_ros2_ws/install/mujoco_sim_ros2/lib:${LD_LIBRARY_PATH} /home/aiseon/.local/bin/cmake --install /home/aiseon/tita/sim2sim2real_bipedal/ddt_ros2_ws/build/mujoco_ros2_control
[11.038s] -- Install configuration: ""
[11.039s] -- Execute custom install script
[11.039s] -- Up-to-date symlink: /home/aiseon/tita/sim2sim2real/ddt_ros2_ws/install/mujoco_ros2_control/share/mujoco_ros2_control//mujoco_system_plugins.xml
[11.039s] -- Up-to-date symlink: /home/aiseon/tita/sim2sim2real/ddt_ros2_ws/install/mujoco_ros2_control/share/mujoco_ros2_control//mujoco_ros2_control_plugins.xml
[11.040s] -- Up-to-date symlink: /home/aiseon/tita/sim2sim2real/ddt_ros2_ws/install/mujoco_ros2_control/lib/mujoco_ros2_control/mujoco_ros2_control
[11.040s] -- Up-to-date symlink: /home/aiseon/tita/sim2sim2real/ddt_ros2_ws/install/mujoco_ros2_control/share/mujoco_ros2_control//mujoco_system_plugins.xml
[11.040s] -- Up-to-date symlink: /home/aiseon/tita/sim2sim2real/ddt_ros2_ws/install/mujoco_ros2_control/share/ament_index/resource_index/package_run_dependencies/mujoco_ros2_control
[11.040s] -- Up-to-date symlink: /home/aiseon/tita/sim2sim2real/ddt_ros2_ws/install/mujoco_ros2_control/share/ament_index/resource_index/parent_prefix_path/mujoco_ros2_control
[11.040s] -- Up-to-date symlink: /home/aiseon/tita/sim2sim2real/ddt_ros2_ws/install/mujoco_ros2_control/share/mujoco_ros2_control/environment/ament_prefix_path.sh
[11.041s] -- Up-to-date symlink: /home/aiseon/tita/sim2sim2real/ddt_ros2_ws/install/mujoco_ros2_control/share/mujoco_ros2_control/environment/ament_prefix_path.dsv
[11.041s] -- Up-to-date symlink: /home/aiseon/tita/sim2sim2real/ddt_ros2_ws/install/mujoco_ros2_control/share/mujoco_ros2_control/environment/path.sh
[11.041s] -- Up-to-date symlink: /home/aiseon/tita/sim2sim2real/ddt_ros2_ws/install/mujoco_ros2_control/share/mujoco_ros2_control/environment/path.dsv
[11.041s] -- Up-to-date symlink: /home/aiseon/tita/sim2sim2real/ddt_ros2_ws/install/mujoco_ros2_control/share/mujoco_ros2_control/local_setup.bash
[11.041s] -- Up-to-date symlink: /home/aiseon/tita/sim2sim2real/ddt_ros2_ws/install/mujoco_ros2_control/share/mujoco_ros2_control/local_setup.sh
[11.042s] -- Up-to-date symlink: /home/aiseon/tita/sim2sim2real/ddt_ros2_ws/install/mujoco_ros2_control/share/mujoco_ros2_control/local_setup.zsh
[11.042s] -- Up-to-date symlink: /home/aiseon/tita/sim2sim2real/ddt_ros2_ws/install/mujoco_ros2_control/share/mujoco_ros2_control/local_setup.dsv
[11.042s] -- Up-to-date symlink: /home/aiseon/tita/sim2sim2real/ddt_ros2_ws/install/mujoco_ros2_control/share/mujoco_ros2_control/package.dsv
[11.042s] -- Up-to-date symlink: /home/aiseon/tita/sim2sim2real/ddt_ros2_ws/install/mujoco_ros2_control/share/ament_index/resource_index/packages/mujoco_ros2_control
[11.042s] -- Up-to-date symlink: /home/aiseon/tita/sim2sim2real/ddt_ros2_ws/install/mujoco_ros2_control/share/ament_index/resource_index/mujoco_ros2_control__pluginlib__plugin/mujoco_ros2_control
[11.042s] -- Up-to-date symlink: /home/aiseon/tita/sim2sim2real/ddt_ros2_ws/install/mujoco_ros2_control/share/ament_index/resource_index/mujoco_sim_ros2__pluginlib__plugin/mujoco_ros2_control
[11.042s] -- Up-to-date symlink: /home/aiseon/tita/sim2sim2real/ddt_ros2_ws/install/mujoco_ros2_control/share/mujoco_ros2_control/cmake/mujoco_ros2_controlConfig.cmake
[11.042s] -- Up-to-date symlink: /home/aiseon/tita/sim2sim2real/ddt_ros2_ws/install/mujoco_ros2_control/share/mujoco_ros2_control/cmake/mujoco_ros2_controlConfig-version.cmake
[11.042s] -- Up-to-date symlink: /home/aiseon/tita/sim2sim2real/ddt_ros2_ws/install/mujoco_ros2_control/share/mujoco_ros2_control/package.xml
[11.043s] -- Up-to-date: /home/aiseon/tita/sim2sim2real/ddt_ros2_ws/install/mujoco_ros2_control/lib/libmujoco_system_plugins.so
[11.043s] -- Up-to-date: /home/aiseon/tita/sim2sim2real/ddt_ros2_ws/install/mujoco_ros2_control/lib/libmujoco_ros2_control-system.so
[11.050s] Invoked command in '/home/aiseon/tita/sim2sim2real_bipedal/ddt_ros2_ws/build/mujoco_ros2_control' returned '0': AMENT_PREFIX_PATH=/home/aiseon/tita/sim2sim2real/ddt_ros2_ws/install/mujoco_sim_ros2:${AMENT_PREFIX_PATH} CMAKE_PREFIX_PATH=/home/aiseon/tita/sim2sim2real_bipedal/ddt_ros2_ws/install/mujoco_sim_ros2:/home/aiseon/tita/sim2sim2real_bipedal/ddt_ros2_ws/install/titatit_description:/home/aiseon/tita/sim2sim2real_bipedal/ddt_ros2_ws/install/hardware_bridge:/home/aiseon/tita/sim2sim2real_bipedal/ddt_ros2_ws/install/tita_robot:/home/aiseon/tita/sim2sim2real_bipedal/ddt_ros2_ws/install/tita_description:/home/aiseon/tita/sim2sim2real_bipedal/ddt_ros2_ws/install/teleop_command:/home/aiseon/tita/sim2sim2real_bipedal/ddt_ros2_ws/install/rl_controller:/home/aiseon/tita/sim2sim2real_bipedal/ddt_ros2_ws/install/keyboard_controller:/home/aiseon/tita/sim2sim2real_bipedal/ddt_ros2_ws/install/ros_utils:/home/aiseon/tita/sim2sim2real_bipedal/ddt_ros2_ws/install/mujoco_bridge:/home/aiseon/tita/sim2sim2real_bipedal/ddt_ros2_ws/install/mujoco_ros2_control:/home/aiseon/tita/sim2sim2real_bipedal/ddt_ros2_ws/install/d1h_description:/home/aiseon/tita/sim2sim2real_bipedal/ddt_ros2_ws/install/d1_description:/home.aiseon/mujoco_src:/home.aiseon/mujoco_src:/opt/ros/humble CONDA_PROMPT_MODIFIER=(base) LD_LIBRARY_PATH=/home/aiseon/tita/sim2sim2real/ddt_ros2_ws/install/mujoco_sim_ros2/lib:${LD_LIBRARY_PATH} /home/aiseon/.local/bin/cmake --install /home/aiseon/tita/sim2sim2real_bipedal/ddt_ros2_ws/build/mujoco_ros2_control
