[0.001s] Invoking command in '/home/aiseon/tita/sim2sim2real/build/mujoco_ros2_control': AMENT_PREFIX_PATH=/home/aiseon/tita/sim2sim2real/install/mujoco_sim_ros2:${AMENT_PREFIX_PATH} CMAKE_PREFIX_PATH=/home/aiseon/tita/sim2sim2real/install/mujoco_sim_ros2:/opt/ros/humble LD_LIBRARY_PATH=/home/aiseon/tita/sim2sim2real/install/mujoco_sim_ros2/lib:${LD_LIBRARY_PATH} /usr/bin/cmake /home/aiseon/tita/sim2sim2real/ddt_ros2_ws/ddt_ros2_control/simulation/mujoco_bridge/mujoco_ros2_control -DLODEPNG_SOURCE_DIR=~/lodepng-src -DAMENT_CMAKE_SYMLINK_INSTALL=1 -DCMAKE_INSTALL_PREFIX=/home/aiseon/tita/sim2sim2real/install/mujoco_ros2_control
[0.001s] [33mCMake Warning (dev) at /home/aiseon/tita/sim2sim2real/mujoco/lib/cmake/mujoco/mujocoConfig.cmake:6 (add_library):
[0.001s]   ADD_LIBRARY called with SHARED option but the target platform does not
[0.001s]   support dynamic linking.  Building a STATIC library instead.  This may lead
[0.001s]   to problems.
[0.001s] Call Stack (most recent call first):
[0.001s]   CMakeLists.txt:7 (find_package)
[0.002s] This warning is for project developers.  Use -Wno-dev to suppress it.
[0.002s] [0m
[0.002s] -- The C compiler identification is GNU 11.4.0
[0.064s] -- The CXX compiler identification is GNU 11.4.0
[0.076s] -- Detecting C compiler ABI info
[0.209s] -- Detecting C compiler ABI info - done
[0.219s] -- Check for working C compiler: /usr/bin/cc - skipped
[0.220s] -- Detecting C compile features
[0.221s] -- Detecting C compile features - done
[0.225s] -- Detecting CXX compiler ABI info
[0.407s] -- Detecting CXX compiler ABI info - done
[0.417s] -- Check for working CXX compiler: /usr/bin/c++ - skipped
[0.417s] -- Detecting CXX compile features
[0.418s] -- Detecting CXX compile features - done
[0.422s] -- Found ament_cmake: 1.3.13 (/opt/ros/humble/share/ament_cmake/cmake)
[0.644s] -- Found Python3: /usr/bin/python3 (found version "3.10.12") found components: Interpreter 
[0.732s] -- Override CMake install command with custom implementation using symlinks instead of copying resources
[0.778s] -- Found rclcpp: 16.0.18 (/opt/ros/humble/share/rclcpp/cmake)
[0.839s] -- Found rosidl_generator_c: 3.1.8 (/opt/ros/humble/share/rosidl_generator_c/cmake)
[0.846s] -- Found rosidl_adapter: 3.1.8 (/opt/ros/humble/share/rosidl_adapter/cmake)
[0.863s] -- Found rosidl_generator_cpp: 3.1.8 (/opt/ros/humble/share/rosidl_generator_cpp/cmake)
[0.878s] -- Using all available rosidl_typesupport_c: rosidl_typesupport_fastrtps_c;rosidl_typesupport_introspection_c
[0.902s] -- Using all available rosidl_typesupport_cpp: rosidl_typesupport_fastrtps_cpp;rosidl_typesupport_introspection_cpp
[0.963s] -- Found rmw_implementation_cmake: 6.1.2 (/opt/ros/humble/share/rmw_implementation_cmake/cmake)
[0.967s] -- Found rmw_fastrtps_cpp: 6.2.10 (/opt/ros/humble/share/rmw_fastrtps_cpp/cmake)
[1.137s] -- Found OpenSSL: /usr/lib/x86_64-linux-gnu/libcrypto.so (found version "3.0.2")  
[1.182s] -- Found FastRTPS: /opt/ros/humble/include  
[1.253s] -- Using RMW implementation 'rmw_fastrtps_cpp' as default
[1.265s] -- Looking for pthread.h
[1.411s] -- Looking for pthread.h - found
[1.411s] -- Performing Test CMAKE_HAVE_LIBC_PTHREAD
[1.548s] -- Performing Test CMAKE_HAVE_LIBC_PTHREAD - Success
[1.550s] -- Found Threads: TRUE  
[1.633s] -- Found hardware_interface: 2.53.1 (/opt/ros/humble/share/hardware_interface/cmake)
[1.854s] -- Found controller_manager: 2.53.1 (/opt/ros/humble/share/controller_manager/cmake)
[1.919s] -- Found joint_limits: 2.53.1 (/opt/ros/humble/share/joint_limits/cmake)
[1.952s] -- Found control_toolbox: 3.6.3 (/opt/ros/humble/share/control_toolbox/cmake)
[2.015s] -- Found mujoco_sim_ros2: 3.3.0 (/home/aiseon/tita/sim2sim2real/install/mujoco_sim_ros2/share/mujoco_sim_ros2/cmake)
[2.018s] -- Mujoco build from source has been found
[2.108s] -- Configuring done
[2.161s] -- Generating done
[2.166s] [33mCMake Warning:
[2.166s]   Manually-specified variables were not used by the project:
[2.166s] 
[2.166s]     LODEPNG_SOURCE_DIR
[2.166s] 
[2.166s] [0m
[2.180s] -- Build files have been written to: /home/aiseon/tita/sim2sim2real/build/mujoco_ros2_control
[2.199s] Invoked command in '/home/aiseon/tita/sim2sim2real/build/mujoco_ros2_control' returned '0': AMENT_PREFIX_PATH=/home/aiseon/tita/sim2sim2real/install/mujoco_sim_ros2:${AMENT_PREFIX_PATH} CMAKE_PREFIX_PATH=/home/aiseon/tita/sim2sim2real/install/mujoco_sim_ros2:/opt/ros/humble LD_LIBRARY_PATH=/home/aiseon/tita/sim2sim2real/install/mujoco_sim_ros2/lib:${LD_LIBRARY_PATH} /usr/bin/cmake /home/aiseon/tita/sim2sim2real/ddt_ros2_ws/ddt_ros2_control/simulation/mujoco_bridge/mujoco_ros2_control -DLODEPNG_SOURCE_DIR=~/lodepng-src -DAMENT_CMAKE_SYMLINK_INSTALL=1 -DCMAKE_INSTALL_PREFIX=/home/aiseon/tita/sim2sim2real/install/mujoco_ros2_control
[2.202s] Invoking command in '/home/aiseon/tita/sim2sim2real/build/mujoco_ros2_control': AMENT_PREFIX_PATH=/home/aiseon/tita/sim2sim2real/install/mujoco_sim_ros2:${AMENT_PREFIX_PATH} CMAKE_PREFIX_PATH=/home/aiseon/tita/sim2sim2real/install/mujoco_sim_ros2:/opt/ros/humble LD_LIBRARY_PATH=/home/aiseon/tita/sim2sim2real/install/mujoco_sim_ros2/lib:${LD_LIBRARY_PATH} /usr/bin/cmake --build /home/aiseon/tita/sim2sim2real/build/mujoco_ros2_control -- -j192 -l192
[2.319s] [ 10%] [32mBuilding CXX object CMakeFiles/mujoco_system_plugins.dir/src/mujoco_system.cpp.o[0m
[10.738s] [ 20%] [32m[1mLinking CXX shared library libmujoco_system_plugins.so[0m
[11.032s] [ 20%] Built target mujoco_system_plugins
[11.080s] [ 30%] [32mBuilding CXX object CMakeFiles/mujoco_ros2_control.dir/src/mujoco_ros2_control_node.cpp.o[0m
[20.240s] [ 40%] [32mBuilding CXX object CMakeFiles/mujoco_ros2_control.dir/src/mujoco_cameras.cpp.o[0m
[27.849s] [ 50%] [32mBuilding CXX object CMakeFiles/mujoco_ros2_control.dir/src/mujoco_ros2_control.cpp.o[0m
[49.085s] [ 60%] [32mBuilding CXX object CMakeFiles/mujoco_ros2_control.dir/src/mujoco_rendering.cpp.o[0m
[53.902s] [ 70%] [32m[1mLinking CXX executable mujoco_ros2_control[0m
[54.997s] [ 70%] Built target mujoco_ros2_control
[55.045s] [ 80%] [32mBuilding CXX object CMakeFiles/mujoco_ros2_control-system.dir/src/mujoco_ros2_control_plugin.cpp.o[0m
[63.892s] [ 90%] [32mBuilding CXX object CMakeFiles/mujoco_ros2_control-system.dir/src/mujoco_ros2_control.cpp.o[0m
[84.605s] [100%] [32m[1mLinking CXX shared library libmujoco_ros2_control-system.so[0m
[85.597s] [100%] Built target mujoco_ros2_control-system
[85.619s] Invoked command in '/home/aiseon/tita/sim2sim2real/build/mujoco_ros2_control' returned '0': AMENT_PREFIX_PATH=/home/aiseon/tita/sim2sim2real/install/mujoco_sim_ros2:${AMENT_PREFIX_PATH} CMAKE_PREFIX_PATH=/home/aiseon/tita/sim2sim2real/install/mujoco_sim_ros2:/opt/ros/humble LD_LIBRARY_PATH=/home/aiseon/tita/sim2sim2real/install/mujoco_sim_ros2/lib:${LD_LIBRARY_PATH} /usr/bin/cmake --build /home/aiseon/tita/sim2sim2real/build/mujoco_ros2_control -- -j192 -l192
[85.622s] Invoking command in '/home/aiseon/tita/sim2sim2real/build/mujoco_ros2_control': AMENT_PREFIX_PATH=/home/aiseon/tita/sim2sim2real/install/mujoco_sim_ros2:${AMENT_PREFIX_PATH} CMAKE_PREFIX_PATH=/home/aiseon/tita/sim2sim2real/install/mujoco_sim_ros2:/opt/ros/humble LD_LIBRARY_PATH=/home/aiseon/tita/sim2sim2real/install/mujoco_sim_ros2/lib:${LD_LIBRARY_PATH} /usr/bin/cmake --install /home/aiseon/tita/sim2sim2real/build/mujoco_ros2_control
[85.637s] -- Install configuration: ""
[85.637s] -- Execute custom install script
[85.637s] -- Symlinking: /home/aiseon/tita/sim2sim2real/install/mujoco_ros2_control/share/mujoco_ros2_control//mujoco_system_plugins.xml
[85.654s] -- Symlinking: /home/aiseon/tita/sim2sim2real/install/mujoco_ros2_control/share/mujoco_ros2_control//mujoco_ros2_control_plugins.xml
[85.669s] -- Symlinking: /home/aiseon/tita/sim2sim2real/install/mujoco_ros2_control/lib/mujoco_ros2_control/mujoco_ros2_control
[85.682s] -- Up-to-date symlink: /home/aiseon/tita/sim2sim2real/install/mujoco_ros2_control/share/mujoco_ros2_control//mujoco_system_plugins.xml
[85.682s] -- Symlinking: /home/aiseon/tita/sim2sim2real/install/mujoco_ros2_control/share/ament_index/resource_index/package_run_dependencies/mujoco_ros2_control
[85.696s] -- Symlinking: /home/aiseon/tita/sim2sim2real/install/mujoco_ros2_control/share/ament_index/resource_index/parent_prefix_path/mujoco_ros2_control
[85.713s] -- Symlinking: /home/aiseon/tita/sim2sim2real/install/mujoco_ros2_control/share/mujoco_ros2_control/environment/ament_prefix_path.sh
[85.728s] -- Symlinking: /home/aiseon/tita/sim2sim2real/install/mujoco_ros2_control/share/mujoco_ros2_control/environment/ament_prefix_path.dsv
[85.744s] -- Symlinking: /home/aiseon/tita/sim2sim2real/install/mujoco_ros2_control/share/mujoco_ros2_control/environment/path.sh
[85.760s] -- Symlinking: /home/aiseon/tita/sim2sim2real/install/mujoco_ros2_control/share/mujoco_ros2_control/environment/path.dsv
[85.776s] -- Symlinking: /home/aiseon/tita/sim2sim2real/install/mujoco_ros2_control/share/mujoco_ros2_control/local_setup.bash
[85.789s] -- Symlinking: /home/aiseon/tita/sim2sim2real/install/mujoco_ros2_control/share/mujoco_ros2_control/local_setup.sh
[85.803s] -- Symlinking: /home/aiseon/tita/sim2sim2real/install/mujoco_ros2_control/share/mujoco_ros2_control/local_setup.zsh
[85.820s] -- Symlinking: /home/aiseon/tita/sim2sim2real/install/mujoco_ros2_control/share/mujoco_ros2_control/local_setup.dsv
[85.836s] -- Symlinking: /home/aiseon/tita/sim2sim2real/install/mujoco_ros2_control/share/mujoco_ros2_control/package.dsv
[85.853s] -- Symlinking: /home/aiseon/tita/sim2sim2real/install/mujoco_ros2_control/share/ament_index/resource_index/packages/mujoco_ros2_control
[85.866s] -- Symlinking: /home/aiseon/tita/sim2sim2real/install/mujoco_ros2_control/share/ament_index/resource_index/mujoco_ros2_control__pluginlib__plugin/mujoco_ros2_control
[85.880s] -- Symlinking: /home/aiseon/tita/sim2sim2real/install/mujoco_ros2_control/share/ament_index/resource_index/mujoco_sim_ros2__pluginlib__plugin/mujoco_ros2_control
[85.893s] -- Symlinking: /home/aiseon/tita/sim2sim2real/install/mujoco_ros2_control/share/mujoco_ros2_control/cmake/mujoco_ros2_controlConfig.cmake
[85.908s] -- Symlinking: /home/aiseon/tita/sim2sim2real/install/mujoco_ros2_control/share/mujoco_ros2_control/cmake/mujoco_ros2_controlConfig-version.cmake
[85.921s] -- Symlinking: /home/aiseon/tita/sim2sim2real/install/mujoco_ros2_control/share/mujoco_ros2_control/package.xml
[85.934s] -- Installing: /home/aiseon/tita/sim2sim2real/install/mujoco_ros2_control/lib/libmujoco_system_plugins.so
[85.936s] -- Set runtime path of "/home/aiseon/tita/sim2sim2real/install/mujoco_ros2_control/lib/libmujoco_system_plugins.so" to "/opt/ros/humble/lib:/opt/ros/humble/lib/x86_64-linux-gnu"
[85.936s] -- Installing: /home/aiseon/tita/sim2sim2real/install/mujoco_ros2_control/lib/libmujoco_ros2_control-system.so
[85.949s] -- Set runtime path of "/home/aiseon/tita/sim2sim2real/install/mujoco_ros2_control/lib/libmujoco_ros2_control-system.so" to "/opt/ros/humble/lib:/opt/ros/humble/lib/x86_64-linux-gnu"
[85.955s] Invoked command in '/home/aiseon/tita/sim2sim2real/build/mujoco_ros2_control' returned '0': AMENT_PREFIX_PATH=/home/aiseon/tita/sim2sim2real/install/mujoco_sim_ros2:${AMENT_PREFIX_PATH} CMAKE_PREFIX_PATH=/home/aiseon/tita/sim2sim2real/install/mujoco_sim_ros2:/opt/ros/humble LD_LIBRARY_PATH=/home/aiseon/tita/sim2sim2real/install/mujoco_sim_ros2/lib:${LD_LIBRARY_PATH} /usr/bin/cmake --install /home/aiseon/tita/sim2sim2real/build/mujoco_ros2_control
