[ 15%] Built target rl_controller_parameters
[100%] Built target rl_controller
-- Install configuration: ""
-- Execute custom install script
-- Up-to-date symlink: /home/aiseon/tita/sim2sim2real/ddt_ros2_ws/install/rl_controller/include/rl_controller/rl_controller_parameters.hpp
-- Up-to-date symlink: /home/aiseon/tita/sim2sim2real/ddt_ros2_ws/install/rl_controller/share/rl_controller//rl_controller_plugin.xml
-- Up-to-date symlink: /home/aiseon/tita/sim2sim2real/ddt_ros2_ws/install/rl_controller/share/rl_controller/config/d1/controllers.yaml
-- Up-to-date symlink: /home/aiseon/tita/sim2sim2real/ddt_ros2_ws/install/rl_controller/share/rl_controller/config/d1/flat.onnx
-- Up-to-date symlink: /home/aiseon/tita/sim2sim2real/ddt_ros2_ws/install/rl_controller/share/rl_controller/config/d1h/controllers.yaml
-- Up-to-date symlink: /home/aiseon/tita/sim2sim2real/ddt_ros2_ws/install/rl_controller/share/rl_controller/config/d1h/flat.onnx
-- Up-to-date symlink: /home/aiseon/tita/sim2sim2real/ddt_ros2_ws/install/rl_controller/share/rl_controller/config/d1h/squatdown.onnx
-- Up-to-date symlink: /home/aiseon/tita/sim2sim2real/ddt_ros2_ws/install/rl_controller/share/rl_controller/config/tita/controllers.yaml
-- Up-to-date symlink: /home/aiseon/tita/sim2sim2real/ddt_ros2_ws/install/rl_controller/share/rl_controller/config/tita/flat.onnx
-- Up-to-date symlink: /home/aiseon/tita/sim2sim2real/ddt_ros2_ws/install/rl_controller/share/rl_controller/config/titatit/controllers.yaml
-- Up-to-date symlink: /home/aiseon/tita/sim2sim2real/ddt_ros2_ws/install/rl_controller/share/rl_controller/config/titatit/test5000.onnx
-- Up-to-date symlink: /home/aiseon/tita/sim2sim2real/ddt_ros2_ws/install/rl_controller/share/rl_controller/config/titatit/test_5000_new.onnx
-- Up-to-date symlink: /home/aiseon/tita/sim2sim2real/ddt_ros2_ws/install/rl_controller/share/rl_controller/config/titatit/test_5000_new_1.onnx
-- Up-to-date symlink: /home/aiseon/tita/sim2sim2real/ddt_ros2_ws/install/rl_controller/share/rl_controller/config/titatit/test_6000.onnx
-- Up-to-date symlink: /home/aiseon/tita/sim2sim2real/ddt_ros2_ws/install/rl_controller/share/rl_controller/config/titatit/test_cylinder_1027_open_source.onnx
-- Up-to-date symlink: /home/aiseon/tita/sim2sim2real/ddt_ros2_ws/install/rl_controller/share/rl_controller/launch/hw.launch.py
-- Up-to-date symlink: /home/aiseon/tita/sim2sim2real/ddt_ros2_ws/install/rl_controller/share/rl_controller/launch/sim_gazebo.launch.py
-- Up-to-date symlink: /home/aiseon/tita/sim2sim2real/ddt_ros2_ws/install/rl_controller/share/rl_controller/launch/sim_mujoco.launch.py
-- Up-to-date symlink: /home/aiseon/tita/sim2sim2real/ddt_ros2_ws/install/rl_controller/share/rl_controller/launch/sim_webots.launch.py
-- Up-to-date symlink: /home/aiseon/tita/sim2sim2real/ddt_ros2_ws/install/rl_controller/include/rl_controller/common/Math/MathUtilities.h
-- Up-to-date symlink: /home/aiseon/tita/sim2sim2real/ddt_ros2_ws/install/rl_controller/include/rl_controller/common/Math/orientation_tools.h
-- Up-to-date symlink: /home/aiseon/tita/sim2sim2real/ddt_ros2_ws/install/rl_controller/include/rl_controller/common/RobotParameters.h
-- Up-to-date symlink: /home/aiseon/tita/sim2sim2real/ddt_ros2_ws/install/rl_controller/include/rl_controller/common/cppTypes.h
-- Up-to-date symlink: /home/aiseon/tita/sim2sim2real/ddt_ros2_ws/install/rl_controller/include/rl_controller/common/enumClass.h
-- Up-to-date symlink: /home/aiseon/tita/sim2sim2real/ddt_ros2_ws/install/rl_controller/include/rl_controller/common/timeMarker.h
-- Up-to-date symlink: /home/aiseon/tita/sim2sim2real/ddt_ros2_ws/install/rl_controller/include/rl_controller/fsm/ControlFSMData.h
-- Up-to-date symlink: /home/aiseon/tita/sim2sim2real/ddt_ros2_ws/install/rl_controller/include/rl_controller/fsm/FSM.h
-- Up-to-date symlink: /home/aiseon/tita/sim2sim2real/ddt_ros2_ws/install/rl_controller/include/rl_controller/fsm/FSMState.h
-- Up-to-date symlink: /home/aiseon/tita/sim2sim2real/ddt_ros2_ws/install/rl_controller/include/rl_controller/fsm/FSMState_JointPD.h
-- Up-to-date symlink: /home/aiseon/tita/sim2sim2real/ddt_ros2_ws/install/rl_controller/include/rl_controller/fsm/FSMState_Passive.h
-- Up-to-date symlink: /home/aiseon/tita/sim2sim2real/ddt_ros2_ws/install/rl_controller/include/rl_controller/fsm/FSMState_RL.h
-- Up-to-date symlink: /home/aiseon/tita/sim2sim2real/ddt_ros2_ws/install/rl_controller/include/rl_controller/fsm/FSMState_RLPPO.h
-- Up-to-date symlink: /home/aiseon/tita/sim2sim2real/ddt_ros2_ws/install/rl_controller/include/rl_controller/fsm/FSMState_TransformDown.h
-- Up-to-date symlink: /home/aiseon/tita/sim2sim2real/ddt_ros2_ws/install/rl_controller/include/rl_controller/fsm/FSMState_TransformUp.h
-- Up-to-date symlink: /home/aiseon/tita/sim2sim2real/ddt_ros2_ws/install/rl_controller/include/rl_controller/inferrer/engine_inferrer.hpp
-- Up-to-date symlink: /home/aiseon/tita/sim2sim2real/ddt_ros2_ws/install/rl_controller/include/rl_controller/inferrer/inferrer_base.hpp
-- Up-to-date symlink: /home/aiseon/tita/sim2sim2real/ddt_ros2_ws/install/rl_controller/include/rl_controller/inferrer/onnx_inferrer.hpp
-- Up-to-date symlink: /home/aiseon/tita/sim2sim2real/ddt_ros2_ws/install/rl_controller/include/rl_controller/rl_controller_node.hpp
-- Up-to-date symlink: /home/aiseon/tita/sim2sim2real/ddt_ros2_ws/install/rl_controller/share/rl_controller/environment/library_path.sh
-- Up-to-date symlink: /home/aiseon/tita/sim2sim2real/ddt_ros2_ws/install/rl_controller/share/rl_controller/environment/library_path.dsv
-- Up-to-date symlink: /home/aiseon/tita/sim2sim2real/ddt_ros2_ws/install/rl_controller/lib/librl_controller.so
-- Up-to-date symlink: /home/aiseon/tita/sim2sim2real/ddt_ros2_ws/install/rl_controller/share/ament_index/resource_index/package_run_dependencies/rl_controller
-- Up-to-date symlink: /home/aiseon/tita/sim2sim2real/ddt_ros2_ws/install/rl_controller/share/ament_index/resource_index/parent_prefix_path/rl_controller
-- Up-to-date symlink: /home/aiseon/tita/sim2sim2real/ddt_ros2_ws/install/rl_controller/share/rl_controller/environment/ament_prefix_path.sh
-- Up-to-date symlink: /home/aiseon/tita/sim2sim2real/ddt_ros2_ws/install/rl_controller/share/rl_controller/environment/ament_prefix_path.dsv
-- Up-to-date symlink: /home/aiseon/tita/sim2sim2real/ddt_ros2_ws/install/rl_controller/share/rl_controller/environment/path.sh
-- Up-to-date symlink: /home/aiseon/tita/sim2sim2real/ddt_ros2_ws/install/rl_controller/share/rl_controller/environment/path.dsv
-- Up-to-date symlink: /home/aiseon/tita/sim2sim2real/ddt_ros2_ws/install/rl_controller/share/rl_controller/local_setup.bash
-- Up-to-date symlink: /home/aiseon/tita/sim2sim2real/ddt_ros2_ws/install/rl_controller/share/rl_controller/local_setup.sh
-- Up-to-date symlink: /home/aiseon/tita/sim2sim2real/ddt_ros2_ws/install/rl_controller/share/rl_controller/local_setup.zsh
-- Up-to-date symlink: /home/aiseon/tita/sim2sim2real/ddt_ros2_ws/install/rl_controller/share/rl_controller/local_setup.dsv
-- Symlinking: /home/aiseon/tita/sim2sim2real/ddt_ros2_ws/install/rl_controller/share/rl_controller/package.dsv
-- Up-to-date symlink: /home/aiseon/tita/sim2sim2real/ddt_ros2_ws/install/rl_controller/share/ament_index/resource_index/packages/rl_controller
-- Up-to-date symlink: /home/aiseon/tita/sim2sim2real/ddt_ros2_ws/install/rl_controller/share/ament_index/resource_index/controller_interface__pluginlib__plugin/rl_controller
-- Up-to-date symlink: /home/aiseon/tita/sim2sim2real/ddt_ros2_ws/install/rl_controller/share/rl_controller/cmake/ament_cmake_export_dependencies-extras.cmake
-- Up-to-date symlink: /home/aiseon/tita/sim2sim2real/ddt_ros2_ws/install/rl_controller/share/rl_controller/cmake/ament_cmake_export_include_directories-extras.cmake
-- Up-to-date symlink: /home/aiseon/tita/sim2sim2real/ddt_ros2_ws/install/rl_controller/share/rl_controller/cmake/ament_cmake_export_libraries-extras.cmake
-- Up-to-date symlink: /home/aiseon/tita/sim2sim2real/ddt_ros2_ws/install/rl_controller/share/rl_controller/cmake/rl_controllerConfig.cmake
-- Up-to-date symlink: /home/aiseon/tita/sim2sim2real/ddt_ros2_ws/install/rl_controller/share/rl_controller/cmake/rl_controllerConfig-version.cmake
-- Up-to-date symlink: /home/aiseon/tita/sim2sim2real/ddt_ros2_ws/install/rl_controller/share/rl_controller/package.xml
