[0.005s] Invoking command in '/home/aiseon/tita/sim2sim2real/ddt_ros2_ws/build/mujoco_ros2_control': AMENT_PREFIX_PATH=/home/aiseon/tita/sim2sim2real/ddt_ros2_ws/install/mujoco_sim_ros2:${AMENT_PREFIX_PATH} CMAKE_PREFIX_PATH=/home/aiseon/tita/sim2sim2real/ddt_ros2_ws/install/mujoco_sim_ros2:/opt/ros/humble CONDA_PROMPT_MODIFIER=(base) LD_LIBRARY_PATH=/home/aiseon/tita/sim2sim2real/ddt_ros2_ws/install/mujoco_sim_ros2/lib:${LD_LIBRARY_PATH} /usr/bin/cmake /home/aiseon/tita/sim2sim2real/ddt_ros2_ws/ddt_ros2_control/simulation/mujoco_bridge/mujoco_ros2_control -DAMENT_CMAKE_SYMLINK_INSTALL=1 -DCMAKE_INSTALL_PREFIX=/home/aiseon/tita/sim2sim2real/ddt_ros2_ws/install/mujoco_ros2_control
[0.041s] [33mCMake Warning (dev) at /home/aiseon/tita/sim2sim2real/mujoco/lib/cmake/mujoco/mujocoConfig.cmake:6 (add_library):
[0.041s]   ADD_LIBRARY called with SHARED option but the target platform does not
[0.041s]   support dynamic linking.  Building a STATIC library instead.  This may lead
[0.041s]   to problems.
[0.041s] Call Stack (most recent call first):
[0.041s]   CMakeLists.txt:7 (find_package)
[0.041s] This warning is for project developers.  Use -Wno-dev to suppress it.
[0.041s] [0m
[0.214s] -- The C compiler identification is GNU 11.4.0
[0.409s] -- The CXX compiler identification is GNU 11.4.0
[0.433s] -- Detecting C compiler ABI info
[0.726s] -- Detecting C compiler ABI info - done
[0.743s] -- Check for working C compiler: /usr/bin/cc - skipped
[0.743s] -- Detecting C compile features
[0.743s] -- Detecting C compile features - done
[0.751s] -- Detecting CXX compiler ABI info
[1.044s] -- Detecting CXX compiler ABI info - done
[1.062s] -- Check for working CXX compiler: /usr/bin/c++ - skipped
[1.064s] -- Detecting CXX compile features
[1.067s] -- Detecting CXX compile features - done
[1.076s] -- Found ament_cmake: 1.3.13 (/opt/ros/humble/share/ament_cmake/cmake)
[2.233s] -- Found Python3: /home/aiseon/anaconda3/bin/python3 (found version "3.13.5") found components: Interpreter 
[2.452s] -- Override CMake install command with custom implementation using symlinks instead of copying resources
[2.536s] -- Found rclcpp: 16.0.18 (/opt/ros/humble/share/rclcpp/cmake)
[2.655s] -- Found rosidl_generator_c: 3.1.8 (/opt/ros/humble/share/rosidl_generator_c/cmake)
[2.667s] -- Found rosidl_adapter: 3.1.8 (/opt/ros/humble/share/rosidl_adapter/cmake)
[2.688s] -- Found rosidl_generator_cpp: 3.1.8 (/opt/ros/humble/share/rosidl_generator_cpp/cmake)
[2.722s] -- Using all available rosidl_typesupport_c: rosidl_typesupport_fastrtps_c;rosidl_typesupport_introspection_c
[2.761s] -- Using all available rosidl_typesupport_cpp: rosidl_typesupport_fastrtps_cpp;rosidl_typesupport_introspection_cpp
[2.879s] -- Found rmw_implementation_cmake: 6.1.2 (/opt/ros/humble/share/rmw_implementation_cmake/cmake)
[2.887s] -- Found rmw_fastrtps_cpp: 6.2.10 (/opt/ros/humble/share/rmw_fastrtps_cpp/cmake)
[3.250s] -- Found OpenSSL: /usr/lib/x86_64-linux-gnu/libcrypto.so (found version "3.0.2")  
[3.355s] -- Found FastRTPS: /opt/ros/humble/include  
[3.510s] -- Using RMW implementation 'rmw_fastrtps_cpp' as default
[3.536s] -- Looking for pthread.h
[3.812s] -- Looking for pthread.h - found
[3.812s] -- Performing Test CMAKE_HAVE_LIBC_PTHREAD
[4.101s] -- Performing Test CMAKE_HAVE_LIBC_PTHREAD - Success
[4.106s] -- Found Threads: TRUE  
[4.251s] -- Found hardware_interface: 2.53.1 (/opt/ros/humble/share/hardware_interface/cmake)
[4.690s] -- Found controller_manager: 2.53.1 (/opt/ros/humble/share/controller_manager/cmake)
[4.794s] -- Found joint_limits: 2.53.1 (/opt/ros/humble/share/joint_limits/cmake)
[4.864s] -- Found control_toolbox: 3.6.3 (/opt/ros/humble/share/control_toolbox/cmake)
[4.978s] -- Found mujoco_sim_ros2: 3.3.0 (/home/aiseon/tita/sim2sim2real/ddt_ros2_ws/install/mujoco_sim_ros2/share/mujoco_sim_ros2/cmake)
[4.980s] -- Mujoco build from source has been found
[5.260s] -- Configuring done
[5.344s] -- Generating done
[5.376s] -- Build files have been written to: /home/aiseon/tita/sim2sim2real/ddt_ros2_ws/build/mujoco_ros2_control
[5.445s] Invoked command in '/home/aiseon/tita/sim2sim2real/ddt_ros2_ws/build/mujoco_ros2_control' returned '0': AMENT_PREFIX_PATH=/home/aiseon/tita/sim2sim2real/ddt_ros2_ws/install/mujoco_sim_ros2:${AMENT_PREFIX_PATH} CMAKE_PREFIX_PATH=/home/aiseon/tita/sim2sim2real/ddt_ros2_ws/install/mujoco_sim_ros2:/opt/ros/humble CONDA_PROMPT_MODIFIER=(base) LD_LIBRARY_PATH=/home/aiseon/tita/sim2sim2real/ddt_ros2_ws/install/mujoco_sim_ros2/lib:${LD_LIBRARY_PATH} /usr/bin/cmake /home/aiseon/tita/sim2sim2real/ddt_ros2_ws/ddt_ros2_control/simulation/mujoco_bridge/mujoco_ros2_control -DAMENT_CMAKE_SYMLINK_INSTALL=1 -DCMAKE_INSTALL_PREFIX=/home/aiseon/tita/sim2sim2real/ddt_ros2_ws/install/mujoco_ros2_control
[5.446s] Invoking command in '/home/aiseon/tita/sim2sim2real/ddt_ros2_ws/build/mujoco_ros2_control': AMENT_PREFIX_PATH=/home/aiseon/tita/sim2sim2real/ddt_ros2_ws/install/mujoco_sim_ros2:${AMENT_PREFIX_PATH} CMAKE_PREFIX_PATH=/home/aiseon/tita/sim2sim2real/ddt_ros2_ws/install/mujoco_sim_ros2:/opt/ros/humble CONDA_PROMPT_MODIFIER=(base) LD_LIBRARY_PATH=/home/aiseon/tita/sim2sim2real/ddt_ros2_ws/install/mujoco_sim_ros2/lib:${LD_LIBRARY_PATH} /usr/bin/cmake --build /home/aiseon/tita/sim2sim2real/ddt_ros2_ws/build/mujoco_ros2_control -- -j192 -l192
[5.654s] [ 10%] [32mBuilding CXX object CMakeFiles/mujoco_ros2_control-system.dir/src/mujoco_ros2_control_plugin.cpp.o[0m
[5.655s] [ 20%] [32mBuilding CXX object CMakeFiles/mujoco_system_plugins.dir/src/mujoco_system.cpp.o[0m
[5.663s] [ 30%] [32mBuilding CXX object CMakeFiles/mujoco_ros2_control.dir/src/mujoco_rendering.cpp.o[0m
[5.663s] [ 40%] [32mBuilding CXX object CMakeFiles/mujoco_ros2_control.dir/src/mujoco_ros2_control.cpp.o[0m
[5.665s] [ 50%] [32mBuilding CXX object CMakeFiles/mujoco_ros2_control-system.dir/src/mujoco_ros2_control.cpp.o[0m
[5.666s] [ 60%] [32mBuilding CXX object CMakeFiles/mujoco_ros2_control.dir/src/mujoco_cameras.cpp.o[0m
[5.671s] [ 70%] [32mBuilding CXX object CMakeFiles/mujoco_ros2_control.dir/src/mujoco_ros2_control_node.cpp.o[0m
[18.438s] [ 80%] [32m[1mLinking CXX shared library libmujoco_system_plugins.so[0m
[18.933s] [ 80%] Built target mujoco_system_plugins
[38.826s] [ 90%] [32m[1mLinking CXX shared library libmujoco_ros2_control-system.so[0m
[40.498s] [ 90%] Built target mujoco_ros2_control-system
[44.444s] [100%] [32m[1mLinking CXX executable mujoco_ros2_control[0m
[46.627s] [100%] Built target mujoco_ros2_control
[46.671s] Invoked command in '/home/aiseon/tita/sim2sim2real/ddt_ros2_ws/build/mujoco_ros2_control' returned '0': AMENT_PREFIX_PATH=/home/aiseon/tita/sim2sim2real/ddt_ros2_ws/install/mujoco_sim_ros2:${AMENT_PREFIX_PATH} CMAKE_PREFIX_PATH=/home/aiseon/tita/sim2sim2real/ddt_ros2_ws/install/mujoco_sim_ros2:/opt/ros/humble CONDA_PROMPT_MODIFIER=(base) LD_LIBRARY_PATH=/home/aiseon/tita/sim2sim2real/ddt_ros2_ws/install/mujoco_sim_ros2/lib:${LD_LIBRARY_PATH} /usr/bin/cmake --build /home/aiseon/tita/sim2sim2real/ddt_ros2_ws/build/mujoco_ros2_control -- -j192 -l192
[46.672s] Invoking command in '/home/aiseon/tita/sim2sim2real/ddt_ros2_ws/build/mujoco_ros2_control': AMENT_PREFIX_PATH=/home/aiseon/tita/sim2sim2real/ddt_ros2_ws/install/mujoco_sim_ros2:${AMENT_PREFIX_PATH} CMAKE_PREFIX_PATH=/home/aiseon/tita/sim2sim2real/ddt_ros2_ws/install/mujoco_sim_ros2:/opt/ros/humble CONDA_PROMPT_MODIFIER=(base) LD_LIBRARY_PATH=/home/aiseon/tita/sim2sim2real/ddt_ros2_ws/install/mujoco_sim_ros2/lib:${LD_LIBRARY_PATH} /usr/bin/cmake --install /home/aiseon/tita/sim2sim2real/ddt_ros2_ws/build/mujoco_ros2_control
[46.700s] -- Install configuration: ""
[46.701s] -- Execute custom install script
[46.701s] -- Symlinking: /home/aiseon/tita/sim2sim2real/ddt_ros2_ws/install/mujoco_ros2_control/share/mujoco_ros2_control//mujoco_system_plugins.xml
[46.734s] -- Symlinking: /home/aiseon/tita/sim2sim2real/ddt_ros2_ws/install/mujoco_ros2_control/share/mujoco_ros2_control//mujoco_ros2_control_plugins.xml
[46.767s] -- Symlinking: /home/aiseon/tita/sim2sim2real/ddt_ros2_ws/install/mujoco_ros2_control/lib/mujoco_ros2_control/mujoco_ros2_control
[46.798s] -- Up-to-date symlink: /home/aiseon/tita/sim2sim2real/ddt_ros2_ws/install/mujoco_ros2_control/share/mujoco_ros2_control//mujoco_system_plugins.xml
[46.799s] -- Symlinking: /home/aiseon/tita/sim2sim2real/ddt_ros2_ws/install/mujoco_ros2_control/share/ament_index/resource_index/package_run_dependencies/mujoco_ros2_control
[46.832s] -- Symlinking: /home/aiseon/tita/sim2sim2real/ddt_ros2_ws/install/mujoco_ros2_control/share/ament_index/resource_index/parent_prefix_path/mujoco_ros2_control
[46.864s] -- Symlinking: /home/aiseon/tita/sim2sim2real/ddt_ros2_ws/install/mujoco_ros2_control/share/mujoco_ros2_control/environment/ament_prefix_path.sh
[46.896s] -- Symlinking: /home/aiseon/tita/sim2sim2real/ddt_ros2_ws/install/mujoco_ros2_control/share/mujoco_ros2_control/environment/ament_prefix_path.dsv
[46.929s] -- Symlinking: /home/aiseon/tita/sim2sim2real/ddt_ros2_ws/install/mujoco_ros2_control/share/mujoco_ros2_control/environment/path.sh
[46.960s] -- Symlinking: /home/aiseon/tita/sim2sim2real/ddt_ros2_ws/install/mujoco_ros2_control/share/mujoco_ros2_control/environment/path.dsv
[46.991s] -- Symlinking: /home/aiseon/tita/sim2sim2real/ddt_ros2_ws/install/mujoco_ros2_control/share/mujoco_ros2_control/local_setup.bash
[47.024s] -- Symlinking: /home/aiseon/tita/sim2sim2real/ddt_ros2_ws/install/mujoco_ros2_control/share/mujoco_ros2_control/local_setup.sh
[47.055s] -- Symlinking: /home/aiseon/tita/sim2sim2real/ddt_ros2_ws/install/mujoco_ros2_control/share/mujoco_ros2_control/local_setup.zsh
[47.082s] -- Symlinking: /home/aiseon/tita/sim2sim2real/ddt_ros2_ws/install/mujoco_ros2_control/share/mujoco_ros2_control/local_setup.dsv
[47.116s] -- Symlinking: /home/aiseon/tita/sim2sim2real/ddt_ros2_ws/install/mujoco_ros2_control/share/mujoco_ros2_control/package.dsv
[47.148s] -- Symlinking: /home/aiseon/tita/sim2sim2real/ddt_ros2_ws/install/mujoco_ros2_control/share/ament_index/resource_index/packages/mujoco_ros2_control
[47.179s] -- Symlinking: /home/aiseon/tita/sim2sim2real/ddt_ros2_ws/install/mujoco_ros2_control/share/ament_index/resource_index/mujoco_ros2_control__pluginlib__plugin/mujoco_ros2_control
[47.209s] -- Symlinking: /home/aiseon/tita/sim2sim2real/ddt_ros2_ws/install/mujoco_ros2_control/share/ament_index/resource_index/mujoco_sim_ros2__pluginlib__plugin/mujoco_ros2_control
[47.238s] -- Symlinking: /home/aiseon/tita/sim2sim2real/ddt_ros2_ws/install/mujoco_ros2_control/share/mujoco_ros2_control/cmake/mujoco_ros2_controlConfig.cmake
[47.269s] -- Symlinking: /home/aiseon/tita/sim2sim2real/ddt_ros2_ws/install/mujoco_ros2_control/share/mujoco_ros2_control/cmake/mujoco_ros2_controlConfig-version.cmake
[47.299s] -- Symlinking: /home/aiseon/tita/sim2sim2real/ddt_ros2_ws/install/mujoco_ros2_control/share/mujoco_ros2_control/package.xml
[47.328s] -- Installing: /home/aiseon/tita/sim2sim2real/ddt_ros2_ws/install/mujoco_ros2_control/lib/libmujoco_system_plugins.so
[47.329s] -- Set runtime path of "/home/aiseon/tita/sim2sim2real/ddt_ros2_ws/install/mujoco_ros2_control/lib/libmujoco_system_plugins.so" to "/opt/ros/humble/lib:/opt/ros/humble/lib/x86_64-linux-gnu:/home/aiseon/anaconda3/lib"
[47.329s] -- Installing: /home/aiseon/tita/sim2sim2real/ddt_ros2_ws/install/mujoco_ros2_control/lib/libmujoco_ros2_control-system.so
[47.352s] -- Set runtime path of "/home/aiseon/tita/sim2sim2real/ddt_ros2_ws/install/mujoco_ros2_control/lib/libmujoco_ros2_control-system.so" to "/opt/ros/humble/lib:/opt/ros/humble/lib/x86_64-linux-gnu:/home/aiseon/anaconda3/lib"
[47.358s] Invoked command in '/home/aiseon/tita/sim2sim2real/ddt_ros2_ws/build/mujoco_ros2_control' returned '0': AMENT_PREFIX_PATH=/home/aiseon/tita/sim2sim2real/ddt_ros2_ws/install/mujoco_sim_ros2:${AMENT_PREFIX_PATH} CMAKE_PREFIX_PATH=/home/aiseon/tita/sim2sim2real/ddt_ros2_ws/install/mujoco_sim_ros2:/opt/ros/humble CONDA_PROMPT_MODIFIER=(base) LD_LIBRARY_PATH=/home/aiseon/tita/sim2sim2real/ddt_ros2_ws/install/mujoco_sim_ros2/lib:${LD_LIBRARY_PATH} /usr/bin/cmake --install /home/aiseon/tita/sim2sim2real/ddt_ros2_ws/build/mujoco_ros2_control
