-- Install configuration: ""
-- Up-to-date: /home/aiseon/tita/sim2sim2real/install/mujoco_bridge/share/mujoco_bridge/config
-- Up-to-date: /home/aiseon/tita/sim2sim2real/install/mujoco_bridge/share/mujoco_bridge/config/controllers.yaml
-- Up-to-date: /home/aiseon/tita/sim2sim2real/install/mujoco_bridge/share/mujoco_bridge/launch
-- Up-to-date: /home/aiseon/tita/sim2sim2real/install/mujoco_bridge/share/mujoco_bridge/launch/mujoco_bridge.launch.py
-- Execute custom install script
-- Up-to-date symlink: /home/aiseon/tita/sim2sim2real/install/mujoco_bridge/share/ament_index/resource_index/package_run_dependencies/mujoco_bridge
-- Up-to-date symlink: /home/aiseon/tita/sim2sim2real/install/mujoco_bridge/share/ament_index/resource_index/parent_prefix_path/mujoco_bridge
-- Up-to-date symlink: /home/aiseon/tita/sim2sim2real/install/mujoco_bridge/share/mujoco_bridge/environment/ament_prefix_path.sh
-- Up-to-date symlink: /home/aiseon/tita/sim2sim2real/install/mujoco_bridge/share/mujoco_bridge/environment/ament_prefix_path.dsv
-- Up-to-date symlink: /home/aiseon/tita/sim2sim2real/install/mujoco_bridge/share/mujoco_bridge/environment/path.sh
-- Up-to-date symlink: /home/aiseon/tita/sim2sim2real/install/mujoco_bridge/share/mujoco_bridge/environment/path.dsv
-- Up-to-date symlink: /home/aiseon/tita/sim2sim2real/install/mujoco_bridge/share/mujoco_bridge/local_setup.bash
-- Up-to-date symlink: /home/aiseon/tita/sim2sim2real/install/mujoco_bridge/share/mujoco_bridge/local_setup.sh
-- Up-to-date symlink: /home/aiseon/tita/sim2sim2real/install/mujoco_bridge/share/mujoco_bridge/local_setup.zsh
-- Up-to-date symlink: /home/aiseon/tita/sim2sim2real/install/mujoco_bridge/share/mujoco_bridge/local_setup.dsv
-- Symlinking: /home/aiseon/tita/sim2sim2real/install/mujoco_bridge/share/mujoco_bridge/package.dsv
-- Up-to-date symlink: /home/aiseon/tita/sim2sim2real/install/mujoco_bridge/share/ament_index/resource_index/packages/mujoco_bridge
-- Up-to-date symlink: /home/aiseon/tita/sim2sim2real/install/mujoco_bridge/share/mujoco_bridge/cmake/mujoco_bridgeConfig.cmake
-- Up-to-date symlink: /home/aiseon/tita/sim2sim2real/install/mujoco_bridge/share/mujoco_bridge/cmake/mujoco_bridgeConfig-version.cmake
-- Up-to-date symlink: /home/aiseon/tita/sim2sim2real/install/mujoco_bridge/share/mujoco_bridge/package.xml
