[0.100s] DEBUG:colcon:Command line arguments: ['/usr/bin/colcon', 'build', '--symlink-install', '--packages-up-to', 'mujoco_bridge']
[0.100s] DEBUG:colcon:Parsed command line arguments: Namespace(log_base=None, log_level=None, verb_name='build', build_base='build', install_base='install', merge_install=False, symlink_install=True, test_result_base=None, continue_on_error=False, executor='parallel', parallel_workers=192, event_handlers=None, ignore_user_meta=False, metas=['./colcon.meta'], base_paths=['.'], packages_ignore=None, packages_ignore_regex=None, paths=None, packages_up_to=['mujoco_bridge'], packages_up_to_regex=None, packages_above=None, packages_above_and_dependencies=None, packages_above_depth=None, packages_select_by_dep=None, packages_skip_by_dep=None, packages_skip_up_to=None, packages_select_build_failed=False, packages_skip_build_finished=False, packages_select_test_failures=False, packages_skip_test_passed=False, packages_select=None, packages_skip=None, packages_select_regex=None, packages_skip_regex=None, packages_start=None, packages_end=None, allow_overriding=[], cmake_args=None, cmake_target=None, cmake_target_skip_unavailable=False, cmake_clean_cache=False, cmake_clean_first=False, cmake_force_configure=False, ament_cmake_args=None, catkin_cmake_args=None, catkin_skip_building_tests=False, verb_parser=<colcon_defaults.argument_parser.defaults.DefaultArgumentsDecorator object at 0x733c7e56a260>, verb_extension=<colcon_core.verb.build.BuildVerb object at 0x733c7e569d50>, main=<bound method BuildVerb.main of <colcon_core.verb.build.BuildVerb object at 0x733c7e569d50>>)
[0.257s] Level 1:colcon.colcon_core.package_discovery:discover_packages(colcon_meta) check parameters
[0.257s] Level 1:colcon.colcon_core.package_discovery:discover_packages(recursive) check parameters
[0.257s] Level 1:colcon.colcon_core.package_discovery:discover_packages(ignore) check parameters
[0.257s] Level 1:colcon.colcon_core.package_discovery:discover_packages(path) check parameters
[0.257s] Level 1:colcon.colcon_core.package_discovery:discover_packages(colcon_meta) discover
[0.257s] Level 1:colcon.colcon_core.package_discovery:discover_packages(recursive) discover
[0.257s] INFO:colcon.colcon_core.package_discovery:Crawling recursively for packages in '/home/aiseon/tita/sim2sim2real/ddt_ros2_ws'
[0.258s] Level 1:colcon.colcon_core.package_identification:_identify(.) by extensions ['ignore', 'ignore_ament_install']
[0.258s] Level 1:colcon.colcon_core.package_identification:_identify(.) by extension 'ignore'
[0.258s] Level 1:colcon.colcon_core.package_identification:_identify(.) by extension 'ignore_ament_install'
[0.258s] Level 1:colcon.colcon_core.package_identification:_identify(.) by extensions ['colcon_pkg']
[0.258s] Level 1:colcon.colcon_core.package_identification:_identify(.) by extension 'colcon_pkg'
[0.258s] Level 1:colcon.colcon_core.package_identification:_identify(.) by extensions ['colcon_meta']
[0.258s] Level 1:colcon.colcon_core.package_identification:_identify(.) by extension 'colcon_meta'
[0.258s] Level 1:colcon.colcon_core.package_identification:_identify(.) by extensions ['ros']
[0.258s] Level 1:colcon.colcon_core.package_identification:_identify(.) by extension 'ros'
[0.270s] Level 1:colcon.colcon_core.package_identification:_identify(.) by extensions ['cmake', 'python']
[0.270s] Level 1:colcon.colcon_core.package_identification:_identify(.) by extension 'cmake'
[0.270s] Level 1:colcon.colcon_core.package_identification:_identify(.) by extension 'python'
[0.270s] Level 1:colcon.colcon_core.package_identification:_identify(.) by extensions ['python_setup_py']
[0.270s] Level 1:colcon.colcon_core.package_identification:_identify(.) by extension 'python_setup_py'
[0.270s] Level 1:colcon.colcon_core.package_identification:_identify(build) by extensions ['ignore', 'ignore_ament_install']
[0.270s] Level 1:colcon.colcon_core.package_identification:_identify(build) by extension 'ignore'
[0.270s] Level 1:colcon.colcon_core.package_identification:_identify(build) ignored
[0.270s] Level 1:colcon.colcon_core.package_identification:_identify(ddt_ros2_control) by extensions ['ignore', 'ignore_ament_install']
[0.270s] Level 1:colcon.colcon_core.package_identification:_identify(ddt_ros2_control) by extension 'ignore'
[0.270s] Level 1:colcon.colcon_core.package_identification:_identify(ddt_ros2_control) by extension 'ignore_ament_install'
[0.270s] Level 1:colcon.colcon_core.package_identification:_identify(ddt_ros2_control) by extensions ['colcon_pkg']
[0.270s] Level 1:colcon.colcon_core.package_identification:_identify(ddt_ros2_control) by extension 'colcon_pkg'
[0.270s] Level 1:colcon.colcon_core.package_identification:_identify(ddt_ros2_control) by extensions ['colcon_meta']
[0.270s] Level 1:colcon.colcon_core.package_identification:_identify(ddt_ros2_control) by extension 'colcon_meta'
[0.270s] Level 1:colcon.colcon_core.package_identification:_identify(ddt_ros2_control) by extensions ['ros']
[0.270s] Level 1:colcon.colcon_core.package_identification:_identify(ddt_ros2_control) by extension 'ros'
[0.270s] Level 1:colcon.colcon_core.package_identification:_identify(ddt_ros2_control) by extensions ['cmake', 'python']
[0.271s] Level 1:colcon.colcon_core.package_identification:_identify(ddt_ros2_control) by extension 'cmake'
[0.271s] Level 1:colcon.colcon_core.package_identification:_identify(ddt_ros2_control) by extension 'python'
[0.271s] Level 1:colcon.colcon_core.package_identification:_identify(ddt_ros2_control) by extensions ['python_setup_py']
[0.271s] Level 1:colcon.colcon_core.package_identification:_identify(ddt_ros2_control) by extension 'python_setup_py'
[0.271s] Level 1:colcon.colcon_core.package_identification:_identify(ddt_ros2_control/controller) by extensions ['ignore', 'ignore_ament_install']
[0.271s] Level 1:colcon.colcon_core.package_identification:_identify(ddt_ros2_control/controller) by extension 'ignore'
[0.271s] Level 1:colcon.colcon_core.package_identification:_identify(ddt_ros2_control/controller) by extension 'ignore_ament_install'
[0.271s] Level 1:colcon.colcon_core.package_identification:_identify(ddt_ros2_control/controller) by extensions ['colcon_pkg']
[0.271s] Level 1:colcon.colcon_core.package_identification:_identify(ddt_ros2_control/controller) by extension 'colcon_pkg'
[0.271s] Level 1:colcon.colcon_core.package_identification:_identify(ddt_ros2_control/controller) by extensions ['colcon_meta']
[0.271s] Level 1:colcon.colcon_core.package_identification:_identify(ddt_ros2_control/controller) by extension 'colcon_meta'
[0.271s] Level 1:colcon.colcon_core.package_identification:_identify(ddt_ros2_control/controller) by extensions ['ros']
[0.271s] Level 1:colcon.colcon_core.package_identification:_identify(ddt_ros2_control/controller) by extension 'ros'
[0.271s] Level 1:colcon.colcon_core.package_identification:_identify(ddt_ros2_control/controller) by extensions ['cmake', 'python']
[0.271s] Level 1:colcon.colcon_core.package_identification:_identify(ddt_ros2_control/controller) by extension 'cmake'
[0.271s] Level 1:colcon.colcon_core.package_identification:_identify(ddt_ros2_control/controller) by extension 'python'
[0.271s] Level 1:colcon.colcon_core.package_identification:_identify(ddt_ros2_control/controller) by extensions ['python_setup_py']
[0.271s] Level 1:colcon.colcon_core.package_identification:_identify(ddt_ros2_control/controller) by extension 'python_setup_py'
[0.271s] Level 1:colcon.colcon_core.package_identification:_identify(ddt_ros2_control/controller/rl_controller) by extensions ['ignore', 'ignore_ament_install']
[0.271s] Level 1:colcon.colcon_core.package_identification:_identify(ddt_ros2_control/controller/rl_controller) by extension 'ignore'
[0.271s] Level 1:colcon.colcon_core.package_identification:_identify(ddt_ros2_control/controller/rl_controller) by extension 'ignore_ament_install'
[0.271s] Level 1:colcon.colcon_core.package_identification:_identify(ddt_ros2_control/controller/rl_controller) by extensions ['colcon_pkg']
[0.271s] Level 1:colcon.colcon_core.package_identification:_identify(ddt_ros2_control/controller/rl_controller) by extension 'colcon_pkg'
[0.271s] Level 1:colcon.colcon_core.package_identification:_identify(ddt_ros2_control/controller/rl_controller) by extensions ['colcon_meta']
[0.271s] Level 1:colcon.colcon_core.package_identification:_identify(ddt_ros2_control/controller/rl_controller) by extension 'colcon_meta'
[0.272s] Level 1:colcon.colcon_core.package_identification:_identify(ddt_ros2_control/controller/rl_controller) by extensions ['ros']
[0.272s] Level 1:colcon.colcon_core.package_identification:_identify(ddt_ros2_control/controller/rl_controller) by extension 'ros'
[0.275s] DEBUG:colcon.colcon_core.package_identification:Package 'ddt_ros2_control/controller/rl_controller' with type 'ros.ament_cmake' and name 'rl_controller'
[0.275s] Level 1:colcon.colcon_core.package_identification:_identify(ddt_ros2_control/hardware) by extensions ['ignore', 'ignore_ament_install']
[0.275s] Level 1:colcon.colcon_core.package_identification:_identify(ddt_ros2_control/hardware) by extension 'ignore'
[0.275s] Level 1:colcon.colcon_core.package_identification:_identify(ddt_ros2_control/hardware) by extension 'ignore_ament_install'
[0.275s] Level 1:colcon.colcon_core.package_identification:_identify(ddt_ros2_control/hardware) by extensions ['colcon_pkg']
[0.275s] Level 1:colcon.colcon_core.package_identification:_identify(ddt_ros2_control/hardware) by extension 'colcon_pkg'
[0.275s] Level 1:colcon.colcon_core.package_identification:_identify(ddt_ros2_control/hardware) by extensions ['colcon_meta']
[0.275s] Level 1:colcon.colcon_core.package_identification:_identify(ddt_ros2_control/hardware) by extension 'colcon_meta'
[0.275s] Level 1:colcon.colcon_core.package_identification:_identify(ddt_ros2_control/hardware) by extensions ['ros']
[0.275s] Level 1:colcon.colcon_core.package_identification:_identify(ddt_ros2_control/hardware) by extension 'ros'
[0.275s] Level 1:colcon.colcon_core.package_identification:_identify(ddt_ros2_control/hardware) by extensions ['cmake', 'python']
[0.275s] Level 1:colcon.colcon_core.package_identification:_identify(ddt_ros2_control/hardware) by extension 'cmake'
[0.275s] Level 1:colcon.colcon_core.package_identification:_identify(ddt_ros2_control/hardware) by extension 'python'
[0.275s] Level 1:colcon.colcon_core.package_identification:_identify(ddt_ros2_control/hardware) by extensions ['python_setup_py']
[0.275s] Level 1:colcon.colcon_core.package_identification:_identify(ddt_ros2_control/hardware) by extension 'python_setup_py'
[0.275s] Level 1:colcon.colcon_core.package_identification:_identify(ddt_ros2_control/hardware/hardware_bridge) by extensions ['ignore', 'ignore_ament_install']
[0.275s] Level 1:colcon.colcon_core.package_identification:_identify(ddt_ros2_control/hardware/hardware_bridge) by extension 'ignore'
[0.275s] Level 1:colcon.colcon_core.package_identification:_identify(ddt_ros2_control/hardware/hardware_bridge) by extension 'ignore_ament_install'
[0.275s] Level 1:colcon.colcon_core.package_identification:_identify(ddt_ros2_control/hardware/hardware_bridge) by extensions ['colcon_pkg']
[0.276s] Level 1:colcon.colcon_core.package_identification:_identify(ddt_ros2_control/hardware/hardware_bridge) by extension 'colcon_pkg'
[0.276s] Level 1:colcon.colcon_core.package_identification:_identify(ddt_ros2_control/hardware/hardware_bridge) by extensions ['colcon_meta']
[0.276s] Level 1:colcon.colcon_core.package_identification:_identify(ddt_ros2_control/hardware/hardware_bridge) by extension 'colcon_meta'
[0.276s] Level 1:colcon.colcon_core.package_identification:_identify(ddt_ros2_control/hardware/hardware_bridge) by extensions ['ros']
[0.276s] Level 1:colcon.colcon_core.package_identification:_identify(ddt_ros2_control/hardware/hardware_bridge) by extension 'ros'
[0.288s] DEBUG:colcon.colcon_core.package_identification:Package 'ddt_ros2_control/hardware/hardware_bridge' with type 'ros.ament_cmake' and name 'hardware_bridge'
[0.289s] Level 1:colcon.colcon_core.package_identification:_identify(ddt_ros2_control/hardware/tita_robot) by extensions ['ignore', 'ignore_ament_install']
[0.289s] Level 1:colcon.colcon_core.package_identification:_identify(ddt_ros2_control/hardware/tita_robot) by extension 'ignore'
[0.289s] Level 1:colcon.colcon_core.package_identification:_identify(ddt_ros2_control/hardware/tita_robot) by extension 'ignore_ament_install'
[0.289s] Level 1:colcon.colcon_core.package_identification:_identify(ddt_ros2_control/hardware/tita_robot) by extensions ['colcon_pkg']
[0.289s] Level 1:colcon.colcon_core.package_identification:_identify(ddt_ros2_control/hardware/tita_robot) by extension 'colcon_pkg'
[0.289s] Level 1:colcon.colcon_core.package_identification:_identify(ddt_ros2_control/hardware/tita_robot) by extensions ['colcon_meta']
[0.289s] Level 1:colcon.colcon_core.package_identification:_identify(ddt_ros2_control/hardware/tita_robot) by extension 'colcon_meta'
[0.289s] Level 1:colcon.colcon_core.package_identification:_identify(ddt_ros2_control/hardware/tita_robot) by extensions ['ros']
[0.289s] Level 1:colcon.colcon_core.package_identification:_identify(ddt_ros2_control/hardware/tita_robot) by extension 'ros'
[0.290s] DEBUG:colcon.colcon_core.package_identification:Package 'ddt_ros2_control/hardware/tita_robot' with type 'ros.ament_cmake' and name 'tita_robot'
[0.290s] Level 1:colcon.colcon_core.package_identification:_identify(ddt_ros2_control/interaction) by extensions ['ignore', 'ignore_ament_install']
[0.290s] Level 1:colcon.colcon_core.package_identification:_identify(ddt_ros2_control/interaction) by extension 'ignore'
[0.290s] Level 1:colcon.colcon_core.package_identification:_identify(ddt_ros2_control/interaction) by extension 'ignore_ament_install'
[0.290s] Level 1:colcon.colcon_core.package_identification:_identify(ddt_ros2_control/interaction) by extensions ['colcon_pkg']
[0.290s] Level 1:colcon.colcon_core.package_identification:_identify(ddt_ros2_control/interaction) by extension 'colcon_pkg'
[0.290s] Level 1:colcon.colcon_core.package_identification:_identify(ddt_ros2_control/interaction) by extensions ['colcon_meta']
[0.290s] Level 1:colcon.colcon_core.package_identification:_identify(ddt_ros2_control/interaction) by extension 'colcon_meta'
[0.290s] Level 1:colcon.colcon_core.package_identification:_identify(ddt_ros2_control/interaction) by extensions ['ros']
[0.290s] Level 1:colcon.colcon_core.package_identification:_identify(ddt_ros2_control/interaction) by extension 'ros'
[0.290s] Level 1:colcon.colcon_core.package_identification:_identify(ddt_ros2_control/interaction) by extensions ['cmake', 'python']
[0.290s] Level 1:colcon.colcon_core.package_identification:_identify(ddt_ros2_control/interaction) by extension 'cmake'
[0.290s] Level 1:colcon.colcon_core.package_identification:_identify(ddt_ros2_control/interaction) by extension 'python'
[0.290s] Level 1:colcon.colcon_core.package_identification:_identify(ddt_ros2_control/interaction) by extensions ['python_setup_py']
[0.290s] Level 1:colcon.colcon_core.package_identification:_identify(ddt_ros2_control/interaction) by extension 'python_setup_py'
[0.290s] Level 1:colcon.colcon_core.package_identification:_identify(ddt_ros2_control/interaction/keyboard_controller) by extensions ['ignore', 'ignore_ament_install']
[0.290s] Level 1:colcon.colcon_core.package_identification:_identify(ddt_ros2_control/interaction/keyboard_controller) by extension 'ignore'
[0.290s] Level 1:colcon.colcon_core.package_identification:_identify(ddt_ros2_control/interaction/keyboard_controller) by extension 'ignore_ament_install'
[0.290s] Level 1:colcon.colcon_core.package_identification:_identify(ddt_ros2_control/interaction/keyboard_controller) by extensions ['colcon_pkg']
[0.290s] Level 1:colcon.colcon_core.package_identification:_identify(ddt_ros2_control/interaction/keyboard_controller) by extension 'colcon_pkg'
[0.290s] Level 1:colcon.colcon_core.package_identification:_identify(ddt_ros2_control/interaction/keyboard_controller) by extensions ['colcon_meta']
[0.290s] Level 1:colcon.colcon_core.package_identification:_identify(ddt_ros2_control/interaction/keyboard_controller) by extension 'colcon_meta'
[0.290s] Level 1:colcon.colcon_core.package_identification:_identify(ddt_ros2_control/interaction/keyboard_controller) by extensions ['ros']
[0.290s] Level 1:colcon.colcon_core.package_identification:_identify(ddt_ros2_control/interaction/keyboard_controller) by extension 'ros'
[0.291s] DEBUG:colcon.colcon_core.package_identification:Package 'ddt_ros2_control/interaction/keyboard_controller' with type 'ros.ament_cmake' and name 'keyboard_controller'
[0.291s] Level 1:colcon.colcon_core.package_identification:_identify(ddt_ros2_control/interaction/teleop_command) by extensions ['ignore', 'ignore_ament_install']
[0.291s] Level 1:colcon.colcon_core.package_identification:_identify(ddt_ros2_control/interaction/teleop_command) by extension 'ignore'
[0.292s] Level 1:colcon.colcon_core.package_identification:_identify(ddt_ros2_control/interaction/teleop_command) by extension 'ignore_ament_install'
[0.292s] Level 1:colcon.colcon_core.package_identification:_identify(ddt_ros2_control/interaction/teleop_command) by extensions ['colcon_pkg']
[0.292s] Level 1:colcon.colcon_core.package_identification:_identify(ddt_ros2_control/interaction/teleop_command) by extension 'colcon_pkg'
[0.292s] Level 1:colcon.colcon_core.package_identification:_identify(ddt_ros2_control/interaction/teleop_command) by extensions ['colcon_meta']
[0.292s] Level 1:colcon.colcon_core.package_identification:_identify(ddt_ros2_control/interaction/teleop_command) by extension 'colcon_meta'
[0.292s] Level 1:colcon.colcon_core.package_identification:_identify(ddt_ros2_control/interaction/teleop_command) by extensions ['ros']
[0.292s] Level 1:colcon.colcon_core.package_identification:_identify(ddt_ros2_control/interaction/teleop_command) by extension 'ros'
[0.293s] DEBUG:colcon.colcon_core.package_identification:Package 'ddt_ros2_control/interaction/teleop_command' with type 'ros.ament_cmake' and name 'teleop_command'
[0.293s] Level 1:colcon.colcon_core.package_identification:_identify(ddt_ros2_control/ros_utils) by extensions ['ignore', 'ignore_ament_install']
[0.293s] Level 1:colcon.colcon_core.package_identification:_identify(ddt_ros2_control/ros_utils) by extension 'ignore'
[0.293s] Level 1:colcon.colcon_core.package_identification:_identify(ddt_ros2_control/ros_utils) by extension 'ignore_ament_install'
[0.293s] Level 1:colcon.colcon_core.package_identification:_identify(ddt_ros2_control/ros_utils) by extensions ['colcon_pkg']
[0.293s] Level 1:colcon.colcon_core.package_identification:_identify(ddt_ros2_control/ros_utils) by extension 'colcon_pkg'
[0.293s] Level 1:colcon.colcon_core.package_identification:_identify(ddt_ros2_control/ros_utils) by extensions ['colcon_meta']
[0.293s] Level 1:colcon.colcon_core.package_identification:_identify(ddt_ros2_control/ros_utils) by extension 'colcon_meta'
[0.293s] Level 1:colcon.colcon_core.package_identification:_identify(ddt_ros2_control/ros_utils) by extensions ['ros']
[0.293s] Level 1:colcon.colcon_core.package_identification:_identify(ddt_ros2_control/ros_utils) by extension 'ros'
[0.294s] DEBUG:colcon.colcon_core.package_identification:Package 'ddt_ros2_control/ros_utils' with type 'ros.ament_cmake' and name 'ros_utils'
[0.294s] Level 1:colcon.colcon_core.package_identification:_identify(ddt_ros2_control/simulation) by extensions ['ignore', 'ignore_ament_install']
[0.294s] Level 1:colcon.colcon_core.package_identification:_identify(ddt_ros2_control/simulation) by extension 'ignore'
[0.294s] Level 1:colcon.colcon_core.package_identification:_identify(ddt_ros2_control/simulation) by extension 'ignore_ament_install'
[0.294s] Level 1:colcon.colcon_core.package_identification:_identify(ddt_ros2_control/simulation) by extensions ['colcon_pkg']
[0.294s] Level 1:colcon.colcon_core.package_identification:_identify(ddt_ros2_control/simulation) by extension 'colcon_pkg'
[0.294s] Level 1:colcon.colcon_core.package_identification:_identify(ddt_ros2_control/simulation) by extensions ['colcon_meta']
[0.294s] Level 1:colcon.colcon_core.package_identification:_identify(ddt_ros2_control/simulation) by extension 'colcon_meta'
[0.294s] Level 1:colcon.colcon_core.package_identification:_identify(ddt_ros2_control/simulation) by extensions ['ros']
[0.294s] Level 1:colcon.colcon_core.package_identification:_identify(ddt_ros2_control/simulation) by extension 'ros'
[0.294s] Level 1:colcon.colcon_core.package_identification:_identify(ddt_ros2_control/simulation) by extensions ['cmake', 'python']
[0.294s] Level 1:colcon.colcon_core.package_identification:_identify(ddt_ros2_control/simulation) by extension 'cmake'
[0.294s] Level 1:colcon.colcon_core.package_identification:_identify(ddt_ros2_control/simulation) by extension 'python'
[0.294s] Level 1:colcon.colcon_core.package_identification:_identify(ddt_ros2_control/simulation) by extensions ['python_setup_py']
[0.294s] Level 1:colcon.colcon_core.package_identification:_identify(ddt_ros2_control/simulation) by extension 'python_setup_py'
[0.294s] Level 1:colcon.colcon_core.package_identification:_identify(ddt_ros2_control/simulation/gazebo_bridge) by extensions ['ignore', 'ignore_ament_install']
[0.294s] Level 1:colcon.colcon_core.package_identification:_identify(ddt_ros2_control/simulation/gazebo_bridge) by extension 'ignore'
[0.294s] Level 1:colcon.colcon_core.package_identification:_identify(ddt_ros2_control/simulation/gazebo_bridge) by extension 'ignore_ament_install'
[0.295s] Level 1:colcon.colcon_core.package_identification:_identify(ddt_ros2_control/simulation/gazebo_bridge) by extensions ['colcon_pkg']
[0.295s] Level 1:colcon.colcon_core.package_identification:_identify(ddt_ros2_control/simulation/gazebo_bridge) by extension 'colcon_pkg'
[0.295s] Level 1:colcon.colcon_core.package_identification:_identify(ddt_ros2_control/simulation/gazebo_bridge) by extensions ['colcon_meta']
[0.295s] Level 1:colcon.colcon_core.package_identification:_identify(ddt_ros2_control/simulation/gazebo_bridge) by extension 'colcon_meta'
[0.295s] Level 1:colcon.colcon_core.package_identification:_identify(ddt_ros2_control/simulation/gazebo_bridge) by extensions ['ros']
[0.295s] Level 1:colcon.colcon_core.package_identification:_identify(ddt_ros2_control/simulation/gazebo_bridge) by extension 'ros'
[0.295s] DEBUG:colcon.colcon_core.package_identification:Package 'ddt_ros2_control/simulation/gazebo_bridge' with type 'ros.ament_cmake' and name 'gazebo_bridge'
[0.296s] Level 1:colcon.colcon_core.package_identification:_identify(ddt_ros2_control/simulation/mujoco_bridge) by extensions ['ignore', 'ignore_ament_install']
[0.296s] Level 1:colcon.colcon_core.package_identification:_identify(ddt_ros2_control/simulation/mujoco_bridge) by extension 'ignore'
[0.296s] Level 1:colcon.colcon_core.package_identification:_identify(ddt_ros2_control/simulation/mujoco_bridge) by extension 'ignore_ament_install'
[0.296s] Level 1:colcon.colcon_core.package_identification:_identify(ddt_ros2_control/simulation/mujoco_bridge) by extensions ['colcon_pkg']
[0.296s] Level 1:colcon.colcon_core.package_identification:_identify(ddt_ros2_control/simulation/mujoco_bridge) by extension 'colcon_pkg'
[0.296s] Level 1:colcon.colcon_core.package_identification:_identify(ddt_ros2_control/simulation/mujoco_bridge) by extensions ['colcon_meta']
[0.296s] Level 1:colcon.colcon_core.package_identification:_identify(ddt_ros2_control/simulation/mujoco_bridge) by extension 'colcon_meta'
[0.296s] Level 1:colcon.colcon_core.package_identification:_identify(ddt_ros2_control/simulation/mujoco_bridge) by extensions ['ros']
[0.296s] Level 1:colcon.colcon_core.package_identification:_identify(ddt_ros2_control/simulation/mujoco_bridge) by extension 'ros'
[0.296s] Level 1:colcon.colcon_core.package_identification:_identify(ddt_ros2_control/simulation/mujoco_bridge) by extensions ['cmake', 'python']
[0.296s] Level 1:colcon.colcon_core.package_identification:_identify(ddt_ros2_control/simulation/mujoco_bridge) by extension 'cmake'
[0.296s] Level 1:colcon.colcon_core.package_identification:_identify(ddt_ros2_control/simulation/mujoco_bridge) by extension 'python'
[0.296s] Level 1:colcon.colcon_core.package_identification:_identify(ddt_ros2_control/simulation/mujoco_bridge) by extensions ['python_setup_py']
[0.296s] Level 1:colcon.colcon_core.package_identification:_identify(ddt_ros2_control/simulation/mujoco_bridge) by extension 'python_setup_py'
[0.296s] Level 1:colcon.colcon_core.package_identification:_identify(ddt_ros2_control/simulation/mujoco_bridge/mujoco_bridge) by extensions ['ignore', 'ignore_ament_install']
[0.296s] Level 1:colcon.colcon_core.package_identification:_identify(ddt_ros2_control/simulation/mujoco_bridge/mujoco_bridge) by extension 'ignore'
[0.296s] Level 1:colcon.colcon_core.package_identification:_identify(ddt_ros2_control/simulation/mujoco_bridge/mujoco_bridge) by extension 'ignore_ament_install'
[0.296s] Level 1:colcon.colcon_core.package_identification:_identify(ddt_ros2_control/simulation/mujoco_bridge/mujoco_bridge) by extensions ['colcon_pkg']
[0.296s] Level 1:colcon.colcon_core.package_identification:_identify(ddt_ros2_control/simulation/mujoco_bridge/mujoco_bridge) by extension 'colcon_pkg'
[0.296s] Level 1:colcon.colcon_core.package_identification:_identify(ddt_ros2_control/simulation/mujoco_bridge/mujoco_bridge) by extensions ['colcon_meta']
[0.296s] Level 1:colcon.colcon_core.package_identification:_identify(ddt_ros2_control/simulation/mujoco_bridge/mujoco_bridge) by extension 'colcon_meta'
[0.296s] Level 1:colcon.colcon_core.package_identification:_identify(ddt_ros2_control/simulation/mujoco_bridge/mujoco_bridge) by extensions ['ros']
[0.296s] Level 1:colcon.colcon_core.package_identification:_identify(ddt_ros2_control/simulation/mujoco_bridge/mujoco_bridge) by extension 'ros'
[0.297s] DEBUG:colcon.colcon_core.package_identification:Package 'ddt_ros2_control/simulation/mujoco_bridge/mujoco_bridge' with type 'ros.ament_cmake' and name 'mujoco_bridge'
[0.297s] Level 1:colcon.colcon_core.package_identification:_identify(ddt_ros2_control/simulation/mujoco_bridge/mujoco_ros2_control) by extensions ['ignore', 'ignore_ament_install']
[0.297s] Level 1:colcon.colcon_core.package_identification:_identify(ddt_ros2_control/simulation/mujoco_bridge/mujoco_ros2_control) by extension 'ignore'
[0.297s] Level 1:colcon.colcon_core.package_identification:_identify(ddt_ros2_control/simulation/mujoco_bridge/mujoco_ros2_control) by extension 'ignore_ament_install'
[0.297s] Level 1:colcon.colcon_core.package_identification:_identify(ddt_ros2_control/simulation/mujoco_bridge/mujoco_ros2_control) by extensions ['colcon_pkg']
[0.297s] Level 1:colcon.colcon_core.package_identification:_identify(ddt_ros2_control/simulation/mujoco_bridge/mujoco_ros2_control) by extension 'colcon_pkg'
[0.297s] Level 1:colcon.colcon_core.package_identification:_identify(ddt_ros2_control/simulation/mujoco_bridge/mujoco_ros2_control) by extensions ['colcon_meta']
[0.297s] Level 1:colcon.colcon_core.package_identification:_identify(ddt_ros2_control/simulation/mujoco_bridge/mujoco_ros2_control) by extension 'colcon_meta'
[0.297s] Level 1:colcon.colcon_core.package_identification:_identify(ddt_ros2_control/simulation/mujoco_bridge/mujoco_ros2_control) by extensions ['ros']
[0.297s] Level 1:colcon.colcon_core.package_identification:_identify(ddt_ros2_control/simulation/mujoco_bridge/mujoco_ros2_control) by extension 'ros'
[0.299s] DEBUG:colcon.colcon_core.package_identification:Package 'ddt_ros2_control/simulation/mujoco_bridge/mujoco_ros2_control' with type 'ros.ament_cmake' and name 'mujoco_ros2_control'
[0.299s] Level 1:colcon.colcon_core.package_identification:_identify(ddt_ros2_control/simulation/mujoco_bridge/mujoco_sim_ros2) by extensions ['ignore', 'ignore_ament_install']
[0.299s] Level 1:colcon.colcon_core.package_identification:_identify(ddt_ros2_control/simulation/mujoco_bridge/mujoco_sim_ros2) by extension 'ignore'
[0.299s] Level 1:colcon.colcon_core.package_identification:_identify(ddt_ros2_control/simulation/mujoco_bridge/mujoco_sim_ros2) by extension 'ignore_ament_install'
[0.299s] Level 1:colcon.colcon_core.package_identification:_identify(ddt_ros2_control/simulation/mujoco_bridge/mujoco_sim_ros2) by extensions ['colcon_pkg']
[0.299s] Level 1:colcon.colcon_core.package_identification:_identify(ddt_ros2_control/simulation/mujoco_bridge/mujoco_sim_ros2) by extension 'colcon_pkg'
[0.299s] Level 1:colcon.colcon_core.package_identification:_identify(ddt_ros2_control/simulation/mujoco_bridge/mujoco_sim_ros2) by extensions ['colcon_meta']
[0.299s] Level 1:colcon.colcon_core.package_identification:_identify(ddt_ros2_control/simulation/mujoco_bridge/mujoco_sim_ros2) by extension 'colcon_meta'
[0.299s] Level 1:colcon.colcon_core.package_identification:_identify(ddt_ros2_control/simulation/mujoco_bridge/mujoco_sim_ros2) by extensions ['ros']
[0.299s] Level 1:colcon.colcon_core.package_identification:_identify(ddt_ros2_control/simulation/mujoco_bridge/mujoco_sim_ros2) by extension 'ros'
[0.300s] DEBUG:colcon.colcon_core.package_identification:Package 'ddt_ros2_control/simulation/mujoco_bridge/mujoco_sim_ros2' with type 'ros.ament_cmake' and name 'mujoco_sim_ros2'
[0.300s] Level 1:colcon.colcon_core.package_identification:_identify(ddt_ros2_control/simulation/webots_bridge) by extensions ['ignore', 'ignore_ament_install']
[0.300s] Level 1:colcon.colcon_core.package_identification:_identify(ddt_ros2_control/simulation/webots_bridge) by extension 'ignore'
[0.300s] Level 1:colcon.colcon_core.package_identification:_identify(ddt_ros2_control/simulation/webots_bridge) by extension 'ignore_ament_install'
[0.300s] Level 1:colcon.colcon_core.package_identification:_identify(ddt_ros2_control/simulation/webots_bridge) by extensions ['colcon_pkg']
[0.300s] Level 1:colcon.colcon_core.package_identification:_identify(ddt_ros2_control/simulation/webots_bridge) by extension 'colcon_pkg'
[0.300s] Level 1:colcon.colcon_core.package_identification:_identify(ddt_ros2_control/simulation/webots_bridge) by extensions ['colcon_meta']
[0.300s] Level 1:colcon.colcon_core.package_identification:_identify(ddt_ros2_control/simulation/webots_bridge) by extension 'colcon_meta'
[0.300s] Level 1:colcon.colcon_core.package_identification:_identify(ddt_ros2_control/simulation/webots_bridge) by extensions ['ros']
[0.300s] Level 1:colcon.colcon_core.package_identification:_identify(ddt_ros2_control/simulation/webots_bridge) by extension 'ros'
[0.301s] DEBUG:colcon.colcon_core.package_identification:Package 'ddt_ros2_control/simulation/webots_bridge' with type 'ros.ament_cmake' and name 'webots_bridge'
[0.301s] Level 1:colcon.colcon_core.package_identification:_identify(ddt_ros2_control/urdfs) by extensions ['ignore', 'ignore_ament_install']
[0.301s] Level 1:colcon.colcon_core.package_identification:_identify(ddt_ros2_control/urdfs) by extension 'ignore'
[0.301s] Level 1:colcon.colcon_core.package_identification:_identify(ddt_ros2_control/urdfs) by extension 'ignore_ament_install'
[0.301s] Level 1:colcon.colcon_core.package_identification:_identify(ddt_ros2_control/urdfs) by extensions ['colcon_pkg']
[0.301s] Level 1:colcon.colcon_core.package_identification:_identify(ddt_ros2_control/urdfs) by extension 'colcon_pkg'
[0.301s] Level 1:colcon.colcon_core.package_identification:_identify(ddt_ros2_control/urdfs) by extensions ['colcon_meta']
[0.301s] Level 1:colcon.colcon_core.package_identification:_identify(ddt_ros2_control/urdfs) by extension 'colcon_meta'
[0.301s] Level 1:colcon.colcon_core.package_identification:_identify(ddt_ros2_control/urdfs) by extensions ['ros']
[0.301s] Level 1:colcon.colcon_core.package_identification:_identify(ddt_ros2_control/urdfs) by extension 'ros'
[0.301s] Level 1:colcon.colcon_core.package_identification:_identify(ddt_ros2_control/urdfs) by extensions ['cmake', 'python']
[0.301s] Level 1:colcon.colcon_core.package_identification:_identify(ddt_ros2_control/urdfs) by extension 'cmake'
[0.302s] Level 1:colcon.colcon_core.package_identification:_identify(ddt_ros2_control/urdfs) by extension 'python'
[0.302s] Level 1:colcon.colcon_core.package_identification:_identify(ddt_ros2_control/urdfs) by extensions ['python_setup_py']
[0.302s] Level 1:colcon.colcon_core.package_identification:_identify(ddt_ros2_control/urdfs) by extension 'python_setup_py'
[0.302s] Level 1:colcon.colcon_core.package_identification:_identify(ddt_ros2_control/urdfs/d1_description) by extensions ['ignore', 'ignore_ament_install']
[0.302s] Level 1:colcon.colcon_core.package_identification:_identify(ddt_ros2_control/urdfs/d1_description) by extension 'ignore'
[0.302s] Level 1:colcon.colcon_core.package_identification:_identify(ddt_ros2_control/urdfs/d1_description) by extension 'ignore_ament_install'
[0.302s] Level 1:colcon.colcon_core.package_identification:_identify(ddt_ros2_control/urdfs/d1_description) by extensions ['colcon_pkg']
[0.302s] Level 1:colcon.colcon_core.package_identification:_identify(ddt_ros2_control/urdfs/d1_description) by extension 'colcon_pkg'
[0.302s] Level 1:colcon.colcon_core.package_identification:_identify(ddt_ros2_control/urdfs/d1_description) by extensions ['colcon_meta']
[0.302s] Level 1:colcon.colcon_core.package_identification:_identify(ddt_ros2_control/urdfs/d1_description) by extension 'colcon_meta'
[0.302s] Level 1:colcon.colcon_core.package_identification:_identify(ddt_ros2_control/urdfs/d1_description) by extensions ['ros']
[0.302s] Level 1:colcon.colcon_core.package_identification:_identify(ddt_ros2_control/urdfs/d1_description) by extension 'ros'
[0.306s] DEBUG:colcon.colcon_core.package_identification:Package 'ddt_ros2_control/urdfs/d1_description' with type 'ros.ament_cmake' and name 'd1_description'
[0.306s] Level 1:colcon.colcon_core.package_identification:_identify(ddt_ros2_control/urdfs/d1h_description) by extensions ['ignore', 'ignore_ament_install']
[0.306s] Level 1:colcon.colcon_core.package_identification:_identify(ddt_ros2_control/urdfs/d1h_description) by extension 'ignore'
[0.306s] Level 1:colcon.colcon_core.package_identification:_identify(ddt_ros2_control/urdfs/d1h_description) by extension 'ignore_ament_install'
[0.306s] Level 1:colcon.colcon_core.package_identification:_identify(ddt_ros2_control/urdfs/d1h_description) by extensions ['colcon_pkg']
[0.306s] Level 1:colcon.colcon_core.package_identification:_identify(ddt_ros2_control/urdfs/d1h_description) by extension 'colcon_pkg'
[0.306s] Level 1:colcon.colcon_core.package_identification:_identify(ddt_ros2_control/urdfs/d1h_description) by extensions ['colcon_meta']
[0.306s] Level 1:colcon.colcon_core.package_identification:_identify(ddt_ros2_control/urdfs/d1h_description) by extension 'colcon_meta'
[0.306s] Level 1:colcon.colcon_core.package_identification:_identify(ddt_ros2_control/urdfs/d1h_description) by extensions ['ros']
[0.306s] Level 1:colcon.colcon_core.package_identification:_identify(ddt_ros2_control/urdfs/d1h_description) by extension 'ros'
[0.309s] DEBUG:colcon.colcon_core.package_identification:Package 'ddt_ros2_control/urdfs/d1h_description' with type 'ros.ament_cmake' and name 'd1h_description'
[0.309s] Level 1:colcon.colcon_core.package_identification:_identify(ddt_ros2_control/urdfs/tita_description) by extensions ['ignore', 'ignore_ament_install']
[0.309s] Level 1:colcon.colcon_core.package_identification:_identify(ddt_ros2_control/urdfs/tita_description) by extension 'ignore'
[0.309s] Level 1:colcon.colcon_core.package_identification:_identify(ddt_ros2_control/urdfs/tita_description) by extension 'ignore_ament_install'
[0.309s] Level 1:colcon.colcon_core.package_identification:_identify(ddt_ros2_control/urdfs/tita_description) by extensions ['colcon_pkg']
[0.309s] Level 1:colcon.colcon_core.package_identification:_identify(ddt_ros2_control/urdfs/tita_description) by extension 'colcon_pkg'
[0.309s] Level 1:colcon.colcon_core.package_identification:_identify(ddt_ros2_control/urdfs/tita_description) by extensions ['colcon_meta']
[0.309s] Level 1:colcon.colcon_core.package_identification:_identify(ddt_ros2_control/urdfs/tita_description) by extension 'colcon_meta'
[0.309s] Level 1:colcon.colcon_core.package_identification:_identify(ddt_ros2_control/urdfs/tita_description) by extensions ['ros']
[0.309s] Level 1:colcon.colcon_core.package_identification:_identify(ddt_ros2_control/urdfs/tita_description) by extension 'ros'
[0.312s] DEBUG:colcon.colcon_core.package_identification:Package 'ddt_ros2_control/urdfs/tita_description' with type 'ros.ament_cmake' and name 'tita_description'
[0.312s] Level 1:colcon.colcon_core.package_identification:_identify(ddt_ros2_control/urdfs/titatit_description) by extensions ['ignore', 'ignore_ament_install']
[0.312s] Level 1:colcon.colcon_core.package_identification:_identify(ddt_ros2_control/urdfs/titatit_description) by extension 'ignore'
[0.312s] Level 1:colcon.colcon_core.package_identification:_identify(ddt_ros2_control/urdfs/titatit_description) by extension 'ignore_ament_install'
[0.312s] Level 1:colcon.colcon_core.package_identification:_identify(ddt_ros2_control/urdfs/titatit_description) by extensions ['colcon_pkg']
[0.312s] Level 1:colcon.colcon_core.package_identification:_identify(ddt_ros2_control/urdfs/titatit_description) by extension 'colcon_pkg'
[0.312s] Level 1:colcon.colcon_core.package_identification:_identify(ddt_ros2_control/urdfs/titatit_description) by extensions ['colcon_meta']
[0.312s] Level 1:colcon.colcon_core.package_identification:_identify(ddt_ros2_control/urdfs/titatit_description) by extension 'colcon_meta'
[0.312s] Level 1:colcon.colcon_core.package_identification:_identify(ddt_ros2_control/urdfs/titatit_description) by extensions ['ros']
[0.312s] Level 1:colcon.colcon_core.package_identification:_identify(ddt_ros2_control/urdfs/titatit_description) by extension 'ros'
[0.315s] DEBUG:colcon.colcon_core.package_identification:Package 'ddt_ros2_control/urdfs/titatit_description' with type 'ros.ament_cmake' and name 'titatit_description'
[0.315s] Level 1:colcon.colcon_core.package_identification:_identify(install) by extensions ['ignore', 'ignore_ament_install']
[0.315s] Level 1:colcon.colcon_core.package_identification:_identify(install) by extension 'ignore'
[0.315s] Level 1:colcon.colcon_core.package_identification:_identify(install) ignored
[0.315s] Level 1:colcon.colcon_core.package_identification:_identify(log) by extensions ['ignore', 'ignore_ament_install']
[0.316s] Level 1:colcon.colcon_core.package_identification:_identify(log) by extension 'ignore'
[0.316s] Level 1:colcon.colcon_core.package_identification:_identify(log) ignored
[0.316s] Level 1:colcon.colcon_core.package_discovery:discover_packages(recursive) using defaults
[0.316s] Level 1:colcon.colcon_core.package_discovery:discover_packages(ignore) discover
[0.316s] Level 1:colcon.colcon_core.package_discovery:discover_packages(ignore) using defaults
[0.316s] Level 1:colcon.colcon_core.package_discovery:discover_packages(path) discover
[0.316s] Level 1:colcon.colcon_core.package_discovery:discover_packages(path) using defaults
[0.337s] INFO:colcon.colcon_core.package_selection:Skipping package 'teleop_command' in 'ddt_ros2_control/interaction/teleop_command'
[0.337s] INFO:colcon.colcon_core.package_selection:Skipping package 'rl_controller' in 'ddt_ros2_control/controller/rl_controller'
[0.337s] INFO:colcon.colcon_core.package_selection:Skipping package 'keyboard_controller' in 'ddt_ros2_control/interaction/keyboard_controller'
[0.337s] INFO:colcon.colcon_core.package_selection:Skipping package 'hardware_bridge' in 'ddt_ros2_control/hardware/hardware_bridge'
[0.337s] INFO:colcon.colcon_core.package_selection:Skipping package 'gazebo_bridge' in 'ddt_ros2_control/simulation/gazebo_bridge'
[0.337s] INFO:colcon.colcon_core.package_selection:Skipping package 'webots_bridge' in 'ddt_ros2_control/simulation/webots_bridge'
[0.337s] INFO:colcon.colcon_core.package_selection:Skipping package 'titatit_description' in 'ddt_ros2_control/urdfs/titatit_description'
[0.337s] INFO:colcon.colcon_core.package_selection:Skipping package 'tita_robot' in 'ddt_ros2_control/hardware/tita_robot'
[0.337s] INFO:colcon.colcon_core.package_selection:Skipping package 'tita_description' in 'ddt_ros2_control/urdfs/tita_description'
[0.337s] INFO:colcon.colcon_core.package_selection:Skipping package 'ros_utils' in 'ddt_ros2_control/ros_utils'
[0.337s] INFO:colcon.colcon_core.package_selection:Skipping package 'd1h_description' in 'ddt_ros2_control/urdfs/d1h_description'
[0.337s] INFO:colcon.colcon_core.package_selection:Skipping package 'd1_description' in 'ddt_ros2_control/urdfs/d1_description'
[0.337s] Level 1:colcon.colcon_core.package_discovery:discover_packages(prefix_path) check parameters
[0.337s] Level 1:colcon.colcon_core.package_discovery:discover_packages(prefix_path) discover
[0.339s] DEBUG:colcon.colcon_installed_package_information.package_discovery:Found 11 installed packages in /home/aiseon/tita/sim2sim2real/ddt_ros2_ws/install
[0.341s] DEBUG:colcon.colcon_installed_package_information.package_discovery:Found 440 installed packages in /opt/ros/humble
[0.344s] Level 1:colcon.colcon_core.package_discovery:discover_packages(prefix_path) using defaults
[0.392s] Level 5:colcon.colcon_core.verb:set package 'mujoco_sim_ros2' build argument 'cmake_args' from command line to 'None'
[0.392s] Level 5:colcon.colcon_core.verb:set package 'mujoco_sim_ros2' build argument 'cmake_target' from command line to 'None'
[0.392s] Level 5:colcon.colcon_core.verb:set package 'mujoco_sim_ros2' build argument 'cmake_target_skip_unavailable' from command line to 'False'
[0.392s] Level 5:colcon.colcon_core.verb:set package 'mujoco_sim_ros2' build argument 'cmake_clean_cache' from command line to 'False'
[0.392s] Level 5:colcon.colcon_core.verb:set package 'mujoco_sim_ros2' build argument 'cmake_clean_first' from command line to 'False'
[0.392s] Level 5:colcon.colcon_core.verb:set package 'mujoco_sim_ros2' build argument 'cmake_force_configure' from command line to 'False'
[0.392s] Level 5:colcon.colcon_core.verb:set package 'mujoco_sim_ros2' build argument 'ament_cmake_args' from command line to 'None'
[0.392s] Level 5:colcon.colcon_core.verb:set package 'mujoco_sim_ros2' build argument 'catkin_cmake_args' from command line to 'None'
[0.392s] Level 5:colcon.colcon_core.verb:set package 'mujoco_sim_ros2' build argument 'catkin_skip_building_tests' from command line to 'False'
[0.393s] DEBUG:colcon.colcon_core.verb:Building package 'mujoco_sim_ros2' with the following arguments: {'ament_cmake_args': None, 'build_base': '/home/aiseon/tita/sim2sim2real/ddt_ros2_ws/build/mujoco_sim_ros2', 'catkin_cmake_args': None, 'catkin_skip_building_tests': False, 'cmake_args': None, 'cmake_clean_cache': False, 'cmake_clean_first': False, 'cmake_force_configure': False, 'cmake_target': None, 'cmake_target_skip_unavailable': False, 'install_base': '/home/aiseon/tita/sim2sim2real/ddt_ros2_ws/install/mujoco_sim_ros2', 'merge_install': False, 'path': '/home/aiseon/tita/sim2sim2real/ddt_ros2_ws/ddt_ros2_control/simulation/mujoco_bridge/mujoco_sim_ros2', 'symlink_install': True, 'test_result_base': None}
[0.393s] Level 5:colcon.colcon_core.verb:set package 'mujoco_ros2_control' build argument 'cmake_args' from command line to 'None'
[0.393s] Level 5:colcon.colcon_core.verb:set package 'mujoco_ros2_control' build argument 'cmake_target' from command line to 'None'
[0.393s] Level 5:colcon.colcon_core.verb:set package 'mujoco_ros2_control' build argument 'cmake_target_skip_unavailable' from command line to 'False'
[0.393s] Level 5:colcon.colcon_core.verb:set package 'mujoco_ros2_control' build argument 'cmake_clean_cache' from command line to 'False'
[0.393s] Level 5:colcon.colcon_core.verb:set package 'mujoco_ros2_control' build argument 'cmake_clean_first' from command line to 'False'
[0.393s] Level 5:colcon.colcon_core.verb:set package 'mujoco_ros2_control' build argument 'cmake_force_configure' from command line to 'False'
[0.393s] Level 5:colcon.colcon_core.verb:set package 'mujoco_ros2_control' build argument 'ament_cmake_args' from command line to 'None'
[0.393s] Level 5:colcon.colcon_core.verb:set package 'mujoco_ros2_control' build argument 'catkin_cmake_args' from command line to 'None'
[0.393s] Level 5:colcon.colcon_core.verb:set package 'mujoco_ros2_control' build argument 'catkin_skip_building_tests' from command line to 'False'
[0.393s] DEBUG:colcon.colcon_core.verb:Building package 'mujoco_ros2_control' with the following arguments: {'ament_cmake_args': None, 'build_base': '/home/aiseon/tita/sim2sim2real/ddt_ros2_ws/build/mujoco_ros2_control', 'catkin_cmake_args': None, 'catkin_skip_building_tests': False, 'cmake_args': None, 'cmake_clean_cache': False, 'cmake_clean_first': False, 'cmake_force_configure': False, 'cmake_target': None, 'cmake_target_skip_unavailable': False, 'install_base': '/home/aiseon/tita/sim2sim2real/ddt_ros2_ws/install/mujoco_ros2_control', 'merge_install': False, 'path': '/home/aiseon/tita/sim2sim2real/ddt_ros2_ws/ddt_ros2_control/simulation/mujoco_bridge/mujoco_ros2_control', 'symlink_install': True, 'test_result_base': None}
[0.393s] Level 5:colcon.colcon_core.verb:set package 'mujoco_bridge' build argument 'cmake_args' from command line to 'None'
[0.393s] Level 5:colcon.colcon_core.verb:set package 'mujoco_bridge' build argument 'cmake_target' from command line to 'None'
[0.393s] Level 5:colcon.colcon_core.verb:set package 'mujoco_bridge' build argument 'cmake_target_skip_unavailable' from command line to 'False'
[0.393s] Level 5:colcon.colcon_core.verb:set package 'mujoco_bridge' build argument 'cmake_clean_cache' from command line to 'False'
[0.393s] Level 5:colcon.colcon_core.verb:set package 'mujoco_bridge' build argument 'cmake_clean_first' from command line to 'False'
[0.393s] Level 5:colcon.colcon_core.verb:set package 'mujoco_bridge' build argument 'cmake_force_configure' from command line to 'False'
[0.393s] Level 5:colcon.colcon_core.verb:set package 'mujoco_bridge' build argument 'ament_cmake_args' from command line to 'None'
[0.393s] Level 5:colcon.colcon_core.verb:set package 'mujoco_bridge' build argument 'catkin_cmake_args' from command line to 'None'
[0.393s] Level 5:colcon.colcon_core.verb:set package 'mujoco_bridge' build argument 'catkin_skip_building_tests' from command line to 'False'
[0.393s] DEBUG:colcon.colcon_core.verb:Building package 'mujoco_bridge' with the following arguments: {'ament_cmake_args': None, 'build_base': '/home/aiseon/tita/sim2sim2real/ddt_ros2_ws/build/mujoco_bridge', 'catkin_cmake_args': None, 'catkin_skip_building_tests': False, 'cmake_args': None, 'cmake_clean_cache': False, 'cmake_clean_first': False, 'cmake_force_configure': False, 'cmake_target': None, 'cmake_target_skip_unavailable': False, 'install_base': '/home/aiseon/tita/sim2sim2real/ddt_ros2_ws/install/mujoco_bridge', 'merge_install': False, 'path': '/home/aiseon/tita/sim2sim2real/ddt_ros2_ws/ddt_ros2_control/simulation/mujoco_bridge/mujoco_bridge', 'symlink_install': True, 'test_result_base': None}
[0.394s] INFO:colcon.colcon_core.executor:Executing jobs using 'parallel' executor
[0.395s] DEBUG:colcon.colcon_parallel_executor.executor.parallel:run_until_complete
[0.395s] INFO:colcon.colcon_ros.task.ament_cmake.build:Building ROS package in '/home/aiseon/tita/sim2sim2real/ddt_ros2_ws/ddt_ros2_control/simulation/mujoco_bridge/mujoco_sim_ros2' with build type 'ament_cmake'
[0.396s] INFO:colcon.colcon_cmake.task.cmake.build:Building CMake package in '/home/aiseon/tita/sim2sim2real/ddt_ros2_ws/ddt_ros2_control/simulation/mujoco_bridge/mujoco_sim_ros2'
[0.398s] INFO:colcon.colcon_core.plugin_system:Skipping extension 'colcon_core.shell.bat': Not used on non-Windows systems
[0.398s] INFO:colcon.colcon_core.shell:Skip shell extension 'powershell' for command environment: Not usable outside of PowerShell
[0.398s] DEBUG:colcon.colcon_core.shell:Skip shell extension 'dsv' for command environment
[0.423s] DEBUG:colcon.colcon_core.event_handler.log_command:Invoking command in '/home/aiseon/tita/sim2sim2real/ddt_ros2_ws/build/mujoco_sim_ros2': CMAKE_PREFIX_PATH=${CMAKE_PREFIX_PATH}:/opt/ros/humble /usr/bin/cmake --build /home/aiseon/tita/sim2sim2real/ddt_ros2_ws/build/mujoco_sim_ros2 -- -j192 -l192
[0.599s] DEBUG:colcon.colcon_core.event_handler.log_command:Invoked command in '/home/aiseon/tita/sim2sim2real/ddt_ros2_ws/build/mujoco_sim_ros2' returned '0': CMAKE_PREFIX_PATH=${CMAKE_PREFIX_PATH}:/opt/ros/humble /usr/bin/cmake --build /home/aiseon/tita/sim2sim2real/ddt_ros2_ws/build/mujoco_sim_ros2 -- -j192 -l192
[0.617s] DEBUG:colcon.colcon_core.event_handler.log_command:Invoking command in '/home/aiseon/tita/sim2sim2real/ddt_ros2_ws/build/mujoco_sim_ros2': CMAKE_PREFIX_PATH=${CMAKE_PREFIX_PATH}:/opt/ros/humble /usr/bin/cmake --install /home/aiseon/tita/sim2sim2real/ddt_ros2_ws/build/mujoco_sim_ros2
[0.646s] Level 1:colcon.colcon_core.environment:create_environment_scripts_only(mujoco_sim_ros2)
[0.646s] DEBUG:colcon.colcon_core.event_handler.log_command:Invoked command in '/home/aiseon/tita/sim2sim2real/ddt_ros2_ws/build/mujoco_sim_ros2' returned '0': CMAKE_PREFIX_PATH=${CMAKE_PREFIX_PATH}:/opt/ros/humble /usr/bin/cmake --install /home/aiseon/tita/sim2sim2real/ddt_ros2_ws/build/mujoco_sim_ros2
[0.651s] Level 1:colcon.colcon_core.environment:checking '/home/aiseon/tita/sim2sim2real/ddt_ros2_ws/install/mujoco_sim_ros2' for CMake module files
[0.651s] Level 1:colcon.colcon_core.environment:checking '/home/aiseon/tita/sim2sim2real/ddt_ros2_ws/install/mujoco_sim_ros2' for CMake config files
[0.652s] Level 1:colcon.colcon_core.shell:create_environment_hook('mujoco_sim_ros2', 'cmake_prefix_path')
[0.652s] INFO:colcon.colcon_core.shell:Creating environment hook '/home/aiseon/tita/sim2sim2real/ddt_ros2_ws/install/mujoco_sim_ros2/share/mujoco_sim_ros2/hook/cmake_prefix_path.ps1'
[0.653s] INFO:colcon.colcon_core.shell:Creating environment descriptor '/home/aiseon/tita/sim2sim2real/ddt_ros2_ws/install/mujoco_sim_ros2/share/mujoco_sim_ros2/hook/cmake_prefix_path.dsv'
[0.653s] INFO:colcon.colcon_core.shell:Creating environment hook '/home/aiseon/tita/sim2sim2real/ddt_ros2_ws/install/mujoco_sim_ros2/share/mujoco_sim_ros2/hook/cmake_prefix_path.sh'
[0.654s] Level 1:colcon.colcon_core.environment:checking '/home/aiseon/tita/sim2sim2real/ddt_ros2_ws/install/mujoco_sim_ros2/lib'
[0.654s] Level 1:colcon.colcon_core.environment:checking '/home/aiseon/tita/sim2sim2real/ddt_ros2_ws/install/mujoco_sim_ros2/bin'
[0.654s] Level 1:colcon.colcon_core.environment:checking '/home/aiseon/tita/sim2sim2real/ddt_ros2_ws/install/mujoco_sim_ros2/lib/pkgconfig/mujoco_sim_ros2.pc'
[0.654s] Level 1:colcon.colcon_core.environment:checking '/home/aiseon/tita/sim2sim2real/ddt_ros2_ws/install/mujoco_sim_ros2/lib/python3.10/site-packages'
[0.655s] Level 1:colcon.colcon_core.environment:checking '/home/aiseon/tita/sim2sim2real/ddt_ros2_ws/install/mujoco_sim_ros2/bin'
[0.655s] INFO:colcon.colcon_core.shell:Creating package script '/home/aiseon/tita/sim2sim2real/ddt_ros2_ws/install/mujoco_sim_ros2/share/mujoco_sim_ros2/package.ps1'
[0.656s] INFO:colcon.colcon_core.shell:Creating package descriptor '/home/aiseon/tita/sim2sim2real/ddt_ros2_ws/install/mujoco_sim_ros2/share/mujoco_sim_ros2/package.dsv'
[0.656s] INFO:colcon.colcon_core.shell:Creating package script '/home/aiseon/tita/sim2sim2real/ddt_ros2_ws/install/mujoco_sim_ros2/share/mujoco_sim_ros2/package.sh'
[0.657s] INFO:colcon.colcon_core.shell:Creating package script '/home/aiseon/tita/sim2sim2real/ddt_ros2_ws/install/mujoco_sim_ros2/share/mujoco_sim_ros2/package.bash'
[0.657s] INFO:colcon.colcon_core.shell:Creating package script '/home/aiseon/tita/sim2sim2real/ddt_ros2_ws/install/mujoco_sim_ros2/share/mujoco_sim_ros2/package.zsh'
[0.658s] Level 1:colcon.colcon_core.environment:create_file_with_runtime_dependencies(/home/aiseon/tita/sim2sim2real/ddt_ros2_ws/install/mujoco_sim_ros2/share/colcon-core/packages/mujoco_sim_ros2)
[0.658s] Level 1:colcon.colcon_core.environment:create_environment_scripts_only(mujoco_sim_ros2)
[0.659s] Level 1:colcon.colcon_core.environment:checking '/home/aiseon/tita/sim2sim2real/ddt_ros2_ws/install/mujoco_sim_ros2' for CMake module files
[0.659s] Level 1:colcon.colcon_core.environment:checking '/home/aiseon/tita/sim2sim2real/ddt_ros2_ws/install/mujoco_sim_ros2' for CMake config files
[0.659s] Level 1:colcon.colcon_core.shell:create_environment_hook('mujoco_sim_ros2', 'cmake_prefix_path')
[0.659s] INFO:colcon.colcon_core.shell:Creating environment hook '/home/aiseon/tita/sim2sim2real/ddt_ros2_ws/install/mujoco_sim_ros2/share/mujoco_sim_ros2/hook/cmake_prefix_path.ps1'
[0.660s] INFO:colcon.colcon_core.shell:Creating environment descriptor '/home/aiseon/tita/sim2sim2real/ddt_ros2_ws/install/mujoco_sim_ros2/share/mujoco_sim_ros2/hook/cmake_prefix_path.dsv'
[0.660s] INFO:colcon.colcon_core.shell:Creating environment hook '/home/aiseon/tita/sim2sim2real/ddt_ros2_ws/install/mujoco_sim_ros2/share/mujoco_sim_ros2/hook/cmake_prefix_path.sh'
[0.661s] Level 1:colcon.colcon_core.environment:checking '/home/aiseon/tita/sim2sim2real/ddt_ros2_ws/install/mujoco_sim_ros2/lib'
[0.661s] Level 1:colcon.colcon_core.environment:checking '/home/aiseon/tita/sim2sim2real/ddt_ros2_ws/install/mujoco_sim_ros2/bin'
[0.661s] Level 1:colcon.colcon_core.environment:checking '/home/aiseon/tita/sim2sim2real/ddt_ros2_ws/install/mujoco_sim_ros2/lib/pkgconfig/mujoco_sim_ros2.pc'
[0.661s] Level 1:colcon.colcon_core.environment:checking '/home/aiseon/tita/sim2sim2real/ddt_ros2_ws/install/mujoco_sim_ros2/lib/python3.10/site-packages'
[0.661s] Level 1:colcon.colcon_core.environment:checking '/home/aiseon/tita/sim2sim2real/ddt_ros2_ws/install/mujoco_sim_ros2/bin'
[0.662s] INFO:colcon.colcon_core.shell:Creating package script '/home/aiseon/tita/sim2sim2real/ddt_ros2_ws/install/mujoco_sim_ros2/share/mujoco_sim_ros2/package.ps1'
[0.662s] INFO:colcon.colcon_core.shell:Creating package descriptor '/home/aiseon/tita/sim2sim2real/ddt_ros2_ws/install/mujoco_sim_ros2/share/mujoco_sim_ros2/package.dsv'
[0.662s] INFO:colcon.colcon_core.shell:Creating package script '/home/aiseon/tita/sim2sim2real/ddt_ros2_ws/install/mujoco_sim_ros2/share/mujoco_sim_ros2/package.sh'
[0.663s] INFO:colcon.colcon_core.shell:Creating package script '/home/aiseon/tita/sim2sim2real/ddt_ros2_ws/install/mujoco_sim_ros2/share/mujoco_sim_ros2/package.bash'
[0.663s] INFO:colcon.colcon_core.shell:Creating package script '/home/aiseon/tita/sim2sim2real/ddt_ros2_ws/install/mujoco_sim_ros2/share/mujoco_sim_ros2/package.zsh'
[0.663s] Level 1:colcon.colcon_core.environment:create_file_with_runtime_dependencies(/home/aiseon/tita/sim2sim2real/ddt_ros2_ws/install/mujoco_sim_ros2/share/colcon-core/packages/mujoco_sim_ros2)
[0.664s] INFO:colcon.colcon_ros.task.ament_cmake.build:Building ROS package in '/home/aiseon/tita/sim2sim2real/ddt_ros2_ws/ddt_ros2_control/simulation/mujoco_bridge/mujoco_ros2_control' with build type 'ament_cmake'
[0.664s] INFO:colcon.colcon_cmake.task.cmake.build:Building CMake package in '/home/aiseon/tita/sim2sim2real/ddt_ros2_ws/ddt_ros2_control/simulation/mujoco_bridge/mujoco_ros2_control'
[0.664s] INFO:colcon.colcon_core.shell:Skip shell extension 'powershell' for command environment: Not usable outside of PowerShell
[0.664s] DEBUG:colcon.colcon_core.shell:Skip shell extension 'dsv' for command environment
[0.692s] DEBUG:colcon.colcon_core.event_handler.log_command:Invoking command in '/home/aiseon/tita/sim2sim2real/ddt_ros2_ws/build/mujoco_ros2_control': CMAKE_PREFIX_PATH=/home/aiseon/tita/sim2sim2real/ddt_ros2_ws/install/mujoco_sim_ros2:/home/aiseon/tita/sim2sim2real/ddt_ros2_ws/install/titatit_description:/home/aiseon/tita/sim2sim2real/ddt_ros2_ws/install/hardware_bridge:/home/aiseon/tita/sim2sim2real/ddt_ros2_ws/install/tita_robot:/home/aiseon/tita/sim2sim2real/ddt_ros2_ws/install/tita_description:/home/aiseon/tita/sim2sim2real/ddt_ros2_ws/install/rl_controller:/home/aiseon/tita/sim2sim2real/ddt_ros2_ws/install/ros_utils:/home/aiseon/tita/sim2sim2real/ddt_ros2_ws/install/mujoco_bridge:/home/aiseon/tita/sim2sim2real/ddt_ros2_ws/install/mujoco_ros2_control:/home/aiseon/tita/sim2sim2real/ddt_ros2_ws/install/d1h_description:/home/aiseon/tita/sim2sim2real/ddt_ros2_ws/install/d1_description:/opt/ros/humble /usr/bin/cmake --build /home/aiseon/tita/sim2sim2real/ddt_ros2_ws/build/mujoco_ros2_control -- -j192 -l192
[0.834s] DEBUG:colcon.colcon_core.event_handler.log_command:Invoked command in '/home/aiseon/tita/sim2sim2real/ddt_ros2_ws/build/mujoco_ros2_control' returned '0': CMAKE_PREFIX_PATH=/home/aiseon/tita/sim2sim2real/ddt_ros2_ws/install/mujoco_sim_ros2:/home/aiseon/tita/sim2sim2real/ddt_ros2_ws/install/titatit_description:/home/aiseon/tita/sim2sim2real/ddt_ros2_ws/install/hardware_bridge:/home/aiseon/tita/sim2sim2real/ddt_ros2_ws/install/tita_robot:/home/aiseon/tita/sim2sim2real/ddt_ros2_ws/install/tita_description:/home/aiseon/tita/sim2sim2real/ddt_ros2_ws/install/rl_controller:/home/aiseon/tita/sim2sim2real/ddt_ros2_ws/install/ros_utils:/home/aiseon/tita/sim2sim2real/ddt_ros2_ws/install/mujoco_bridge:/home/aiseon/tita/sim2sim2real/ddt_ros2_ws/install/mujoco_ros2_control:/home/aiseon/tita/sim2sim2real/ddt_ros2_ws/install/d1h_description:/home/aiseon/tita/sim2sim2real/ddt_ros2_ws/install/d1_description:/opt/ros/humble /usr/bin/cmake --build /home/aiseon/tita/sim2sim2real/ddt_ros2_ws/build/mujoco_ros2_control -- -j192 -l192
[0.838s] DEBUG:colcon.colcon_core.event_handler.log_command:Invoking command in '/home/aiseon/tita/sim2sim2real/ddt_ros2_ws/build/mujoco_ros2_control': CMAKE_PREFIX_PATH=/home/aiseon/tita/sim2sim2real/ddt_ros2_ws/install/mujoco_sim_ros2:/home/aiseon/tita/sim2sim2real/ddt_ros2_ws/install/titatit_description:/home/aiseon/tita/sim2sim2real/ddt_ros2_ws/install/hardware_bridge:/home/aiseon/tita/sim2sim2real/ddt_ros2_ws/install/tita_robot:/home/aiseon/tita/sim2sim2real/ddt_ros2_ws/install/tita_description:/home/aiseon/tita/sim2sim2real/ddt_ros2_ws/install/rl_controller:/home/aiseon/tita/sim2sim2real/ddt_ros2_ws/install/ros_utils:/home/aiseon/tita/sim2sim2real/ddt_ros2_ws/install/mujoco_bridge:/home/aiseon/tita/sim2sim2real/ddt_ros2_ws/install/mujoco_ros2_control:/home/aiseon/tita/sim2sim2real/ddt_ros2_ws/install/d1h_description:/home/aiseon/tita/sim2sim2real/ddt_ros2_ws/install/d1_description:/opt/ros/humble /usr/bin/cmake --install /home/aiseon/tita/sim2sim2real/ddt_ros2_ws/build/mujoco_ros2_control
[0.874s] Level 1:colcon.colcon_core.environment:create_environment_scripts_only(mujoco_ros2_control)
[0.874s] DEBUG:colcon.colcon_core.event_handler.log_command:Invoked command in '/home/aiseon/tita/sim2sim2real/ddt_ros2_ws/build/mujoco_ros2_control' returned '0': CMAKE_PREFIX_PATH=/home/aiseon/tita/sim2sim2real/ddt_ros2_ws/install/mujoco_sim_ros2:/home/aiseon/tita/sim2sim2real/ddt_ros2_ws/install/titatit_description:/home/aiseon/tita/sim2sim2real/ddt_ros2_ws/install/hardware_bridge:/home/aiseon/tita/sim2sim2real/ddt_ros2_ws/install/tita_robot:/home/aiseon/tita/sim2sim2real/ddt_ros2_ws/install/tita_description:/home/aiseon/tita/sim2sim2real/ddt_ros2_ws/install/rl_controller:/home/aiseon/tita/sim2sim2real/ddt_ros2_ws/install/ros_utils:/home/aiseon/tita/sim2sim2real/ddt_ros2_ws/install/mujoco_bridge:/home/aiseon/tita/sim2sim2real/ddt_ros2_ws/install/mujoco_ros2_control:/home/aiseon/tita/sim2sim2real/ddt_ros2_ws/install/d1h_description:/home/aiseon/tita/sim2sim2real/ddt_ros2_ws/install/d1_description:/opt/ros/humble /usr/bin/cmake --install /home/aiseon/tita/sim2sim2real/ddt_ros2_ws/build/mujoco_ros2_control
[0.875s] Level 1:colcon.colcon_core.environment:checking '/home/aiseon/tita/sim2sim2real/ddt_ros2_ws/install/mujoco_ros2_control' for CMake module files
[0.876s] Level 1:colcon.colcon_core.environment:checking '/home/aiseon/tita/sim2sim2real/ddt_ros2_ws/install/mujoco_ros2_control' for CMake config files
[0.876s] Level 1:colcon.colcon_core.shell:create_environment_hook('mujoco_ros2_control', 'cmake_prefix_path')
[0.877s] INFO:colcon.colcon_core.shell:Creating environment hook '/home/aiseon/tita/sim2sim2real/ddt_ros2_ws/install/mujoco_ros2_control/share/mujoco_ros2_control/hook/cmake_prefix_path.ps1'
[0.877s] INFO:colcon.colcon_core.shell:Creating environment descriptor '/home/aiseon/tita/sim2sim2real/ddt_ros2_ws/install/mujoco_ros2_control/share/mujoco_ros2_control/hook/cmake_prefix_path.dsv'
[0.878s] INFO:colcon.colcon_core.shell:Creating environment hook '/home/aiseon/tita/sim2sim2real/ddt_ros2_ws/install/mujoco_ros2_control/share/mujoco_ros2_control/hook/cmake_prefix_path.sh'
[0.878s] Level 1:colcon.colcon_core.environment:checking '/home/aiseon/tita/sim2sim2real/ddt_ros2_ws/install/mujoco_ros2_control/lib'
[0.878s] Level 1:colcon.colcon_core.shell:create_environment_hook('mujoco_ros2_control', 'ld_library_path_lib')
[0.879s] INFO:colcon.colcon_core.shell:Creating environment hook '/home/aiseon/tita/sim2sim2real/ddt_ros2_ws/install/mujoco_ros2_control/share/mujoco_ros2_control/hook/ld_library_path_lib.ps1'
[0.879s] INFO:colcon.colcon_core.shell:Creating environment descriptor '/home/aiseon/tita/sim2sim2real/ddt_ros2_ws/install/mujoco_ros2_control/share/mujoco_ros2_control/hook/ld_library_path_lib.dsv'
[0.879s] INFO:colcon.colcon_core.shell:Creating environment hook '/home/aiseon/tita/sim2sim2real/ddt_ros2_ws/install/mujoco_ros2_control/share/mujoco_ros2_control/hook/ld_library_path_lib.sh'
[0.880s] Level 1:colcon.colcon_core.environment:checking '/home/aiseon/tita/sim2sim2real/ddt_ros2_ws/install/mujoco_ros2_control/bin'
[0.880s] Level 1:colcon.colcon_core.environment:checking '/home/aiseon/tita/sim2sim2real/ddt_ros2_ws/install/mujoco_ros2_control/lib/pkgconfig/mujoco_ros2_control.pc'
[0.880s] Level 1:colcon.colcon_core.environment:checking '/home/aiseon/tita/sim2sim2real/ddt_ros2_ws/install/mujoco_ros2_control/lib/python3.10/site-packages'
[0.880s] Level 1:colcon.colcon_core.environment:checking '/home/aiseon/tita/sim2sim2real/ddt_ros2_ws/install/mujoco_ros2_control/bin'
[0.880s] INFO:colcon.colcon_core.shell:Creating package script '/home/aiseon/tita/sim2sim2real/ddt_ros2_ws/install/mujoco_ros2_control/share/mujoco_ros2_control/package.ps1'
[0.881s] INFO:colcon.colcon_core.shell:Creating package descriptor '/home/aiseon/tita/sim2sim2real/ddt_ros2_ws/install/mujoco_ros2_control/share/mujoco_ros2_control/package.dsv'
[0.881s] INFO:colcon.colcon_core.shell:Creating package script '/home/aiseon/tita/sim2sim2real/ddt_ros2_ws/install/mujoco_ros2_control/share/mujoco_ros2_control/package.sh'
[0.882s] INFO:colcon.colcon_core.shell:Creating package script '/home/aiseon/tita/sim2sim2real/ddt_ros2_ws/install/mujoco_ros2_control/share/mujoco_ros2_control/package.bash'
[0.882s] INFO:colcon.colcon_core.shell:Creating package script '/home/aiseon/tita/sim2sim2real/ddt_ros2_ws/install/mujoco_ros2_control/share/mujoco_ros2_control/package.zsh'
[0.882s] Level 1:colcon.colcon_core.environment:create_file_with_runtime_dependencies(/home/aiseon/tita/sim2sim2real/ddt_ros2_ws/install/mujoco_ros2_control/share/colcon-core/packages/mujoco_ros2_control)
[0.883s] Level 1:colcon.colcon_core.environment:create_environment_scripts_only(mujoco_ros2_control)
[0.883s] Level 1:colcon.colcon_core.environment:checking '/home/aiseon/tita/sim2sim2real/ddt_ros2_ws/install/mujoco_ros2_control' for CMake module files
[0.883s] Level 1:colcon.colcon_core.environment:checking '/home/aiseon/tita/sim2sim2real/ddt_ros2_ws/install/mujoco_ros2_control' for CMake config files
[0.884s] Level 1:colcon.colcon_core.shell:create_environment_hook('mujoco_ros2_control', 'cmake_prefix_path')
[0.884s] INFO:colcon.colcon_core.shell:Creating environment hook '/home/aiseon/tita/sim2sim2real/ddt_ros2_ws/install/mujoco_ros2_control/share/mujoco_ros2_control/hook/cmake_prefix_path.ps1'
[0.884s] INFO:colcon.colcon_core.shell:Creating environment descriptor '/home/aiseon/tita/sim2sim2real/ddt_ros2_ws/install/mujoco_ros2_control/share/mujoco_ros2_control/hook/cmake_prefix_path.dsv'
[0.885s] INFO:colcon.colcon_core.shell:Creating environment hook '/home/aiseon/tita/sim2sim2real/ddt_ros2_ws/install/mujoco_ros2_control/share/mujoco_ros2_control/hook/cmake_prefix_path.sh'
[0.885s] Level 1:colcon.colcon_core.environment:checking '/home/aiseon/tita/sim2sim2real/ddt_ros2_ws/install/mujoco_ros2_control/lib'
[0.885s] Level 1:colcon.colcon_core.shell:create_environment_hook('mujoco_ros2_control', 'ld_library_path_lib')
[0.885s] INFO:colcon.colcon_core.shell:Creating environment hook '/home/aiseon/tita/sim2sim2real/ddt_ros2_ws/install/mujoco_ros2_control/share/mujoco_ros2_control/hook/ld_library_path_lib.ps1'
[0.886s] INFO:colcon.colcon_core.shell:Creating environment descriptor '/home/aiseon/tita/sim2sim2real/ddt_ros2_ws/install/mujoco_ros2_control/share/mujoco_ros2_control/hook/ld_library_path_lib.dsv'
[0.886s] INFO:colcon.colcon_core.shell:Creating environment hook '/home/aiseon/tita/sim2sim2real/ddt_ros2_ws/install/mujoco_ros2_control/share/mujoco_ros2_control/hook/ld_library_path_lib.sh'
[0.886s] Level 1:colcon.colcon_core.environment:checking '/home/aiseon/tita/sim2sim2real/ddt_ros2_ws/install/mujoco_ros2_control/bin'
[0.886s] Level 1:colcon.colcon_core.environment:checking '/home/aiseon/tita/sim2sim2real/ddt_ros2_ws/install/mujoco_ros2_control/lib/pkgconfig/mujoco_ros2_control.pc'
[0.887s] Level 1:colcon.colcon_core.environment:checking '/home/aiseon/tita/sim2sim2real/ddt_ros2_ws/install/mujoco_ros2_control/lib/python3.10/site-packages'
[0.887s] Level 1:colcon.colcon_core.environment:checking '/home/aiseon/tita/sim2sim2real/ddt_ros2_ws/install/mujoco_ros2_control/bin'
[0.887s] INFO:colcon.colcon_core.shell:Creating package script '/home/aiseon/tita/sim2sim2real/ddt_ros2_ws/install/mujoco_ros2_control/share/mujoco_ros2_control/package.ps1'
[0.888s] INFO:colcon.colcon_core.shell:Creating package descriptor '/home/aiseon/tita/sim2sim2real/ddt_ros2_ws/install/mujoco_ros2_control/share/mujoco_ros2_control/package.dsv'
[0.888s] INFO:colcon.colcon_core.shell:Creating package script '/home/aiseon/tita/sim2sim2real/ddt_ros2_ws/install/mujoco_ros2_control/share/mujoco_ros2_control/package.sh'
[0.888s] INFO:colcon.colcon_core.shell:Creating package script '/home/aiseon/tita/sim2sim2real/ddt_ros2_ws/install/mujoco_ros2_control/share/mujoco_ros2_control/package.bash'
[0.889s] INFO:colcon.colcon_core.shell:Creating package script '/home/aiseon/tita/sim2sim2real/ddt_ros2_ws/install/mujoco_ros2_control/share/mujoco_ros2_control/package.zsh'
[0.889s] Level 1:colcon.colcon_core.environment:create_file_with_runtime_dependencies(/home/aiseon/tita/sim2sim2real/ddt_ros2_ws/install/mujoco_ros2_control/share/colcon-core/packages/mujoco_ros2_control)
[0.889s] INFO:colcon.colcon_ros.task.ament_cmake.build:Building ROS package in '/home/aiseon/tita/sim2sim2real/ddt_ros2_ws/ddt_ros2_control/simulation/mujoco_bridge/mujoco_bridge' with build type 'ament_cmake'
[0.890s] INFO:colcon.colcon_cmake.task.cmake.build:Building CMake package in '/home/aiseon/tita/sim2sim2real/ddt_ros2_ws/ddt_ros2_control/simulation/mujoco_bridge/mujoco_bridge'
[0.890s] INFO:colcon.colcon_core.shell:Skip shell extension 'powershell' for command environment: Not usable outside of PowerShell
[0.890s] DEBUG:colcon.colcon_core.shell:Skip shell extension 'dsv' for command environment
[0.921s] DEBUG:colcon.colcon_core.event_handler.log_command:Invoking command in '/home/aiseon/tita/sim2sim2real/ddt_ros2_ws/build/mujoco_bridge': CMAKE_PREFIX_PATH=/home/aiseon/tita/sim2sim2real/ddt_ros2_ws/install/mujoco_ros2_control:/home/aiseon/tita/sim2sim2real/ddt_ros2_ws/install/mujoco_sim_ros2:/home/aiseon/tita/sim2sim2real/ddt_ros2_ws/install/titatit_description:/home/aiseon/tita/sim2sim2real/ddt_ros2_ws/install/hardware_bridge:/home/aiseon/tita/sim2sim2real/ddt_ros2_ws/install/tita_robot:/home/aiseon/tita/sim2sim2real/ddt_ros2_ws/install/tita_description:/home/aiseon/tita/sim2sim2real/ddt_ros2_ws/install/rl_controller:/home/aiseon/tita/sim2sim2real/ddt_ros2_ws/install/ros_utils:/home/aiseon/tita/sim2sim2real/ddt_ros2_ws/install/mujoco_bridge:/home/aiseon/tita/sim2sim2real/ddt_ros2_ws/install/d1h_description:/home/aiseon/tita/sim2sim2real/ddt_ros2_ws/install/d1_description:/opt/ros/humble LD_LIBRARY_PATH=/home/aiseon/tita/sim2sim2real/ddt_ros2_ws/install/mujoco_ros2_control/lib:/home/aiseon/tita/sim2sim2real/ddt_ros2_ws/install/hardware_bridge/lib:/home/aiseon/tita/sim2sim2real/ddt_ros2_ws/install/tita_robot/lib:/home/aiseon/tita/sim2sim2real/ddt_ros2_ws/install/rl_controller/lib:/home/aiseon/tita/sim2sim2real/ddt_ros2_ws/install/mujoco_sim_ros2/lib:/home/aiseon/tita/sim2sim2real/mujoco/lib:/home/aiseon/tita/sim2sim2real/mujoco/lib:/home/aiseon/.mujoco/mujoco330/bin:/home/aiseon/anaconda3/envs/rlgpu/lib:/usr/lib/x86_64-linux-gnu/gazebo-11/plugins:/opt/ros/humble/opt/rviz_ogre_vendor/lib:/opt/ros/humble/lib/x86_64-linux-gnu:/opt/ros/humble/lib:/usr/lib/x86_64-linux-gnu:/usr/lib:/home/aiseon/.mujoco/mujoco210/bin:/usr/lib/nvidia:/home/aiseon/.mujoco/mujoco330/bin:/home/.mujoco/mujoco210/bin:/home/aiseon/.mujoco/mujoco210/bin /usr/bin/cmake --build /home/aiseon/tita/sim2sim2real/ddt_ros2_ws/build/mujoco_bridge -- -j192 -l192
[0.987s] DEBUG:colcon.colcon_core.event_handler.log_command:Invoked command in '/home/aiseon/tita/sim2sim2real/ddt_ros2_ws/build/mujoco_bridge' returned '0': CMAKE_PREFIX_PATH=/home/aiseon/tita/sim2sim2real/ddt_ros2_ws/install/mujoco_ros2_control:/home/aiseon/tita/sim2sim2real/ddt_ros2_ws/install/mujoco_sim_ros2:/home/aiseon/tita/sim2sim2real/ddt_ros2_ws/install/titatit_description:/home/aiseon/tita/sim2sim2real/ddt_ros2_ws/install/hardware_bridge:/home/aiseon/tita/sim2sim2real/ddt_ros2_ws/install/tita_robot:/home/aiseon/tita/sim2sim2real/ddt_ros2_ws/install/tita_description:/home/aiseon/tita/sim2sim2real/ddt_ros2_ws/install/rl_controller:/home/aiseon/tita/sim2sim2real/ddt_ros2_ws/install/ros_utils:/home/aiseon/tita/sim2sim2real/ddt_ros2_ws/install/mujoco_bridge:/home/aiseon/tita/sim2sim2real/ddt_ros2_ws/install/d1h_description:/home/aiseon/tita/sim2sim2real/ddt_ros2_ws/install/d1_description:/opt/ros/humble LD_LIBRARY_PATH=/home/aiseon/tita/sim2sim2real/ddt_ros2_ws/install/mujoco_ros2_control/lib:/home/aiseon/tita/sim2sim2real/ddt_ros2_ws/install/hardware_bridge/lib:/home/aiseon/tita/sim2sim2real/ddt_ros2_ws/install/tita_robot/lib:/home/aiseon/tita/sim2sim2real/ddt_ros2_ws/install/rl_controller/lib:/home/aiseon/tita/sim2sim2real/ddt_ros2_ws/install/mujoco_sim_ros2/lib:/home/aiseon/tita/sim2sim2real/mujoco/lib:/home/aiseon/tita/sim2sim2real/mujoco/lib:/home/aiseon/.mujoco/mujoco330/bin:/home/aiseon/anaconda3/envs/rlgpu/lib:/usr/lib/x86_64-linux-gnu/gazebo-11/plugins:/opt/ros/humble/opt/rviz_ogre_vendor/lib:/opt/ros/humble/lib/x86_64-linux-gnu:/opt/ros/humble/lib:/usr/lib/x86_64-linux-gnu:/usr/lib:/home/aiseon/.mujoco/mujoco210/bin:/usr/lib/nvidia:/home/aiseon/.mujoco/mujoco330/bin:/home/.mujoco/mujoco210/bin:/home/aiseon/.mujoco/mujoco210/bin /usr/bin/cmake --build /home/aiseon/tita/sim2sim2real/ddt_ros2_ws/build/mujoco_bridge -- -j192 -l192
[0.991s] DEBUG:colcon.colcon_core.event_handler.log_command:Invoking command in '/home/aiseon/tita/sim2sim2real/ddt_ros2_ws/build/mujoco_bridge': CMAKE_PREFIX_PATH=/home/aiseon/tita/sim2sim2real/ddt_ros2_ws/install/mujoco_ros2_control:/home/aiseon/tita/sim2sim2real/ddt_ros2_ws/install/mujoco_sim_ros2:/home/aiseon/tita/sim2sim2real/ddt_ros2_ws/install/titatit_description:/home/aiseon/tita/sim2sim2real/ddt_ros2_ws/install/hardware_bridge:/home/aiseon/tita/sim2sim2real/ddt_ros2_ws/install/tita_robot:/home/aiseon/tita/sim2sim2real/ddt_ros2_ws/install/tita_description:/home/aiseon/tita/sim2sim2real/ddt_ros2_ws/install/rl_controller:/home/aiseon/tita/sim2sim2real/ddt_ros2_ws/install/ros_utils:/home/aiseon/tita/sim2sim2real/ddt_ros2_ws/install/mujoco_bridge:/home/aiseon/tita/sim2sim2real/ddt_ros2_ws/install/d1h_description:/home/aiseon/tita/sim2sim2real/ddt_ros2_ws/install/d1_description:/opt/ros/humble LD_LIBRARY_PATH=/home/aiseon/tita/sim2sim2real/ddt_ros2_ws/install/mujoco_ros2_control/lib:/home/aiseon/tita/sim2sim2real/ddt_ros2_ws/install/hardware_bridge/lib:/home/aiseon/tita/sim2sim2real/ddt_ros2_ws/install/tita_robot/lib:/home/aiseon/tita/sim2sim2real/ddt_ros2_ws/install/rl_controller/lib:/home/aiseon/tita/sim2sim2real/ddt_ros2_ws/install/mujoco_sim_ros2/lib:/home/aiseon/tita/sim2sim2real/mujoco/lib:/home/aiseon/tita/sim2sim2real/mujoco/lib:/home/aiseon/.mujoco/mujoco330/bin:/home/aiseon/anaconda3/envs/rlgpu/lib:/usr/lib/x86_64-linux-gnu/gazebo-11/plugins:/opt/ros/humble/opt/rviz_ogre_vendor/lib:/opt/ros/humble/lib/x86_64-linux-gnu:/opt/ros/humble/lib:/usr/lib/x86_64-linux-gnu:/usr/lib:/home/aiseon/.mujoco/mujoco210/bin:/usr/lib/nvidia:/home/aiseon/.mujoco/mujoco330/bin:/home/.mujoco/mujoco210/bin:/home/aiseon/.mujoco/mujoco210/bin /usr/bin/cmake --install /home/aiseon/tita/sim2sim2real/ddt_ros2_ws/build/mujoco_bridge
[1.023s] Level 1:colcon.colcon_core.environment:create_environment_scripts_only(mujoco_bridge)
[1.023s] Level 1:colcon.colcon_core.environment:checking '/home/aiseon/tita/sim2sim2real/ddt_ros2_ws/install/mujoco_bridge' for CMake module files
[1.024s] DEBUG:colcon.colcon_core.event_handler.log_command:Invoked command in '/home/aiseon/tita/sim2sim2real/ddt_ros2_ws/build/mujoco_bridge' returned '0': CMAKE_PREFIX_PATH=/home/aiseon/tita/sim2sim2real/ddt_ros2_ws/install/mujoco_ros2_control:/home/aiseon/tita/sim2sim2real/ddt_ros2_ws/install/mujoco_sim_ros2:/home/aiseon/tita/sim2sim2real/ddt_ros2_ws/install/titatit_description:/home/aiseon/tita/sim2sim2real/ddt_ros2_ws/install/hardware_bridge:/home/aiseon/tita/sim2sim2real/ddt_ros2_ws/install/tita_robot:/home/aiseon/tita/sim2sim2real/ddt_ros2_ws/install/tita_description:/home/aiseon/tita/sim2sim2real/ddt_ros2_ws/install/rl_controller:/home/aiseon/tita/sim2sim2real/ddt_ros2_ws/install/ros_utils:/home/aiseon/tita/sim2sim2real/ddt_ros2_ws/install/mujoco_bridge:/home/aiseon/tita/sim2sim2real/ddt_ros2_ws/install/d1h_description:/home/aiseon/tita/sim2sim2real/ddt_ros2_ws/install/d1_description:/opt/ros/humble LD_LIBRARY_PATH=/home/aiseon/tita/sim2sim2real/ddt_ros2_ws/install/mujoco_ros2_control/lib:/home/aiseon/tita/sim2sim2real/ddt_ros2_ws/install/hardware_bridge/lib:/home/aiseon/tita/sim2sim2real/ddt_ros2_ws/install/tita_robot/lib:/home/aiseon/tita/sim2sim2real/ddt_ros2_ws/install/rl_controller/lib:/home/aiseon/tita/sim2sim2real/ddt_ros2_ws/install/mujoco_sim_ros2/lib:/home/aiseon/tita/sim2sim2real/mujoco/lib:/home/aiseon/tita/sim2sim2real/mujoco/lib:/home/aiseon/.mujoco/mujoco330/bin:/home/aiseon/anaconda3/envs/rlgpu/lib:/usr/lib/x86_64-linux-gnu/gazebo-11/plugins:/opt/ros/humble/opt/rviz_ogre_vendor/lib:/opt/ros/humble/lib/x86_64-linux-gnu:/opt/ros/humble/lib:/usr/lib/x86_64-linux-gnu:/usr/lib:/home/aiseon/.mujoco/mujoco210/bin:/usr/lib/nvidia:/home/aiseon/.mujoco/mujoco330/bin:/home/.mujoco/mujoco210/bin:/home/aiseon/.mujoco/mujoco210/bin /usr/bin/cmake --install /home/aiseon/tita/sim2sim2real/ddt_ros2_ws/build/mujoco_bridge
[1.024s] Level 1:colcon.colcon_core.environment:checking '/home/aiseon/tita/sim2sim2real/ddt_ros2_ws/install/mujoco_bridge' for CMake config files
[1.025s] Level 1:colcon.colcon_core.shell:create_environment_hook('mujoco_bridge', 'cmake_prefix_path')
[1.025s] INFO:colcon.colcon_core.shell:Creating environment hook '/home/aiseon/tita/sim2sim2real/ddt_ros2_ws/install/mujoco_bridge/share/mujoco_bridge/hook/cmake_prefix_path.ps1'
[1.025s] INFO:colcon.colcon_core.shell:Creating environment descriptor '/home/aiseon/tita/sim2sim2real/ddt_ros2_ws/install/mujoco_bridge/share/mujoco_bridge/hook/cmake_prefix_path.dsv'
[1.026s] INFO:colcon.colcon_core.shell:Creating environment hook '/home/aiseon/tita/sim2sim2real/ddt_ros2_ws/install/mujoco_bridge/share/mujoco_bridge/hook/cmake_prefix_path.sh'
[1.026s] Level 1:colcon.colcon_core.environment:checking '/home/aiseon/tita/sim2sim2real/ddt_ros2_ws/install/mujoco_bridge/bin'
[1.026s] Level 1:colcon.colcon_core.environment:checking '/home/aiseon/tita/sim2sim2real/ddt_ros2_ws/install/mujoco_bridge/lib/pkgconfig/mujoco_bridge.pc'
[1.027s] Level 1:colcon.colcon_core.environment:checking '/home/aiseon/tita/sim2sim2real/ddt_ros2_ws/install/mujoco_bridge/lib/python3.10/site-packages'
[1.027s] Level 1:colcon.colcon_core.environment:checking '/home/aiseon/tita/sim2sim2real/ddt_ros2_ws/install/mujoco_bridge/bin'
[1.027s] INFO:colcon.colcon_core.shell:Creating package script '/home/aiseon/tita/sim2sim2real/ddt_ros2_ws/install/mujoco_bridge/share/mujoco_bridge/package.ps1'
[1.028s] INFO:colcon.colcon_core.shell:Creating package descriptor '/home/aiseon/tita/sim2sim2real/ddt_ros2_ws/install/mujoco_bridge/share/mujoco_bridge/package.dsv'
[1.028s] INFO:colcon.colcon_core.shell:Creating package script '/home/aiseon/tita/sim2sim2real/ddt_ros2_ws/install/mujoco_bridge/share/mujoco_bridge/package.sh'
[1.028s] INFO:colcon.colcon_core.shell:Creating package script '/home/aiseon/tita/sim2sim2real/ddt_ros2_ws/install/mujoco_bridge/share/mujoco_bridge/package.bash'
[1.029s] INFO:colcon.colcon_core.shell:Creating package script '/home/aiseon/tita/sim2sim2real/ddt_ros2_ws/install/mujoco_bridge/share/mujoco_bridge/package.zsh'
[1.029s] Level 1:colcon.colcon_core.environment:create_file_with_runtime_dependencies(/home/aiseon/tita/sim2sim2real/ddt_ros2_ws/install/mujoco_bridge/share/colcon-core/packages/mujoco_bridge)
[1.029s] Level 1:colcon.colcon_core.environment:create_environment_scripts_only(mujoco_bridge)
[1.030s] Level 1:colcon.colcon_core.environment:checking '/home/aiseon/tita/sim2sim2real/ddt_ros2_ws/install/mujoco_bridge' for CMake module files
[1.030s] Level 1:colcon.colcon_core.environment:checking '/home/aiseon/tita/sim2sim2real/ddt_ros2_ws/install/mujoco_bridge' for CMake config files
[1.030s] Level 1:colcon.colcon_core.shell:create_environment_hook('mujoco_bridge', 'cmake_prefix_path')
[1.031s] INFO:colcon.colcon_core.shell:Creating environment hook '/home/aiseon/tita/sim2sim2real/ddt_ros2_ws/install/mujoco_bridge/share/mujoco_bridge/hook/cmake_prefix_path.ps1'
[1.031s] INFO:colcon.colcon_core.shell:Creating environment descriptor '/home/aiseon/tita/sim2sim2real/ddt_ros2_ws/install/mujoco_bridge/share/mujoco_bridge/hook/cmake_prefix_path.dsv'
[1.031s] INFO:colcon.colcon_core.shell:Creating environment hook '/home/aiseon/tita/sim2sim2real/ddt_ros2_ws/install/mujoco_bridge/share/mujoco_bridge/hook/cmake_prefix_path.sh'
[1.032s] Level 1:colcon.colcon_core.environment:checking '/home/aiseon/tita/sim2sim2real/ddt_ros2_ws/install/mujoco_bridge/bin'
[1.032s] Level 1:colcon.colcon_core.environment:checking '/home/aiseon/tita/sim2sim2real/ddt_ros2_ws/install/mujoco_bridge/lib/pkgconfig/mujoco_bridge.pc'
[1.032s] Level 1:colcon.colcon_core.environment:checking '/home/aiseon/tita/sim2sim2real/ddt_ros2_ws/install/mujoco_bridge/lib/python3.10/site-packages'
[1.032s] Level 1:colcon.colcon_core.environment:checking '/home/aiseon/tita/sim2sim2real/ddt_ros2_ws/install/mujoco_bridge/bin'
[1.032s] INFO:colcon.colcon_core.shell:Creating package script '/home/aiseon/tita/sim2sim2real/ddt_ros2_ws/install/mujoco_bridge/share/mujoco_bridge/package.ps1'
[1.033s] INFO:colcon.colcon_core.shell:Creating package descriptor '/home/aiseon/tita/sim2sim2real/ddt_ros2_ws/install/mujoco_bridge/share/mujoco_bridge/package.dsv'
[1.033s] INFO:colcon.colcon_core.shell:Creating package script '/home/aiseon/tita/sim2sim2real/ddt_ros2_ws/install/mujoco_bridge/share/mujoco_bridge/package.sh'
[1.034s] INFO:colcon.colcon_core.shell:Creating package script '/home/aiseon/tita/sim2sim2real/ddt_ros2_ws/install/mujoco_bridge/share/mujoco_bridge/package.bash'
[1.034s] INFO:colcon.colcon_core.shell:Creating package script '/home/aiseon/tita/sim2sim2real/ddt_ros2_ws/install/mujoco_bridge/share/mujoco_bridge/package.zsh'
[1.034s] Level 1:colcon.colcon_core.environment:create_file_with_runtime_dependencies(/home/aiseon/tita/sim2sim2real/ddt_ros2_ws/install/mujoco_bridge/share/colcon-core/packages/mujoco_bridge)
[1.035s] DEBUG:colcon.colcon_parallel_executor.executor.parallel:closing loop
[1.035s] DEBUG:colcon.colcon_parallel_executor.executor.parallel:loop closed
[1.035s] DEBUG:colcon.colcon_parallel_executor.executor.parallel:run_until_complete finished with '0'
[1.035s] DEBUG:colcon.colcon_core.event_reactor:joining thread
[1.044s] INFO:colcon.colcon_core.plugin_system:Skipping extension 'colcon_notification.desktop_notification.terminal_notifier': Not used on non-Darwin systems
[1.044s] INFO:colcon.colcon_core.plugin_system:Skipping extension 'colcon_notification.desktop_notification.win32': Not used on non-Windows systems
[1.044s] INFO:colcon.colcon_notification.desktop_notification:Sending desktop notification using 'notify2'
[1.053s] DEBUG:colcon.colcon_core.event_reactor:joined thread
[1.054s] INFO:colcon.colcon_core.shell:Creating prefix script '/home/aiseon/tita/sim2sim2real/ddt_ros2_ws/install/local_setup.ps1'
[1.057s] INFO:colcon.colcon_core.shell:Creating prefix util module '/home/aiseon/tita/sim2sim2real/ddt_ros2_ws/install/_local_setup_util_ps1.py'
[1.058s] INFO:colcon.colcon_core.shell:Creating prefix chain script '/home/aiseon/tita/sim2sim2real/ddt_ros2_ws/install/setup.ps1'
[1.059s] INFO:colcon.colcon_core.shell:Creating prefix script '/home/aiseon/tita/sim2sim2real/ddt_ros2_ws/install/local_setup.sh'
[1.059s] INFO:colcon.colcon_core.shell:Creating prefix util module '/home/aiseon/tita/sim2sim2real/ddt_ros2_ws/install/_local_setup_util_sh.py'
[1.060s] INFO:colcon.colcon_core.shell:Creating prefix chain script '/home/aiseon/tita/sim2sim2real/ddt_ros2_ws/install/setup.sh'
[1.061s] INFO:colcon.colcon_core.shell:Creating prefix script '/home/aiseon/tita/sim2sim2real/ddt_ros2_ws/install/local_setup.bash'
[1.062s] INFO:colcon.colcon_core.shell:Creating prefix chain script '/home/aiseon/tita/sim2sim2real/ddt_ros2_ws/install/setup.bash'
[1.063s] INFO:colcon.colcon_core.shell:Creating prefix script '/home/aiseon/tita/sim2sim2real/ddt_ros2_ws/install/local_setup.zsh'
[1.064s] INFO:colcon.colcon_core.shell:Creating prefix chain script '/home/aiseon/tita/sim2sim2real/ddt_ros2_ws/install/setup.zsh'
