[0mCurrently in ROS2 compilation environment[0m
-- Found ament_cmake: 1.3.13 (/opt/ros/humble/share/ament_cmake/cmake)
-- Override CMake install command with custom implementation using symlinks instead of copying resources
-- Configuring done
-- Generating done
-- Build files have been written to: /home/aiseon/tita/sim2sim2real/build/titatit_description
-- Install configuration: ""
-- Execute custom install script
-- Symlinking: /home/aiseon/tita/sim2sim2real/install/titatit_description/share/titatit_description/meshes/FL_battery.STL
-- Symlinking: /home/aiseon/tita/sim2sim2real/install/titatit_description/share/titatit_description/meshes/FL_calf.STL
-- Symlinking: /home/aiseon/tita/sim2sim2real/install/titatit_description/share/titatit_description/meshes/FL_foot.STL
-- Symlinking: /home/aiseon/tita/sim2sim2real/install/titatit_description/share/titatit_description/meshes/FL_hip.STL
-- Symlinking: /home/aiseon/tita/sim2sim2real/install/titatit_description/share/titatit_description/meshes/FL_thigh.STL
-- Symlinking: /home/aiseon/tita/sim2sim2real/install/titatit_description/share/titatit_description/meshes/FR_battery.STL
-- Symlinking: /home/aiseon/tita/sim2sim2real/install/titatit_description/share/titatit_description/meshes/FR_calf.STL
-- Symlinking: /home/aiseon/tita/sim2sim2real/install/titatit_description/share/titatit_description/meshes/FR_foot.STL
-- Symlinking: /home/aiseon/tita/sim2sim2real/install/titatit_description/share/titatit_description/meshes/FR_hip.STL
-- Symlinking: /home/aiseon/tita/sim2sim2real/install/titatit_description/share/titatit_description/meshes/FR_thigh.STL
-- Symlinking: /home/aiseon/tita/sim2sim2real/install/titatit_description/share/titatit_description/meshes/RL_battery.STL
-- Symlinking: /home/aiseon/tita/sim2sim2real/install/titatit_description/share/titatit_description/meshes/RL_calf.STL
-- Symlinking: /home/aiseon/tita/sim2sim2real/install/titatit_description/share/titatit_description/meshes/RL_foot.STL
-- Symlinking: /home/aiseon/tita/sim2sim2real/install/titatit_description/share/titatit_description/meshes/RL_hip.STL
-- Symlinking: /home/aiseon/tita/sim2sim2real/install/titatit_description/share/titatit_description/meshes/RL_thigh.STL
-- Symlinking: /home/aiseon/tita/sim2sim2real/install/titatit_description/share/titatit_description/meshes/RR_battery.STL
-- Symlinking: /home/aiseon/tita/sim2sim2real/install/titatit_description/share/titatit_description/meshes/RR_calf.STL
-- Symlinking: /home/aiseon/tita/sim2sim2real/install/titatit_description/share/titatit_description/meshes/RR_foot.STL
-- Symlinking: /home/aiseon/tita/sim2sim2real/install/titatit_description/share/titatit_description/meshes/RR_hip.STL
-- Symlinking: /home/aiseon/tita/sim2sim2real/install/titatit_description/share/titatit_description/meshes/RR_thigh.STL
-- Symlinking: /home/aiseon/tita/sim2sim2real/install/titatit_description/share/titatit_description/meshes/base.STL
-- Symlinking: /home/aiseon/tita/sim2sim2real/install/titatit_description/share/titatit_description/mujoco/scene.xml
-- Symlinking: /home/aiseon/tita/sim2sim2real/install/titatit_description/share/titatit_description/mujoco/wheeled_titatit_rl.urdf
-- Symlinking: /home/aiseon/tita/sim2sim2real/install/titatit_description/share/titatit_description/mujoco/wheeled_titatit_rl.xml
-- Symlinking: /home/aiseon/tita/sim2sim2real/install/titatit_description/share/titatit_description/urdf/titati_description.urdf
-- Symlinking: /home/aiseon/tita/sim2sim2real/install/titatit_description/share/titatit_description/urdf/wheeled_titatit_rl.urdf
-- Up-to-date symlink: /home/aiseon/tita/sim2sim2real/install/titatit_description/share/titatit_description/xacro/materials.xacro
-- Up-to-date symlink: /home/aiseon/tita/sim2sim2real/install/titatit_description/share/titatit_description/xacro/robot.xacro
-- Up-to-date symlink: /home/aiseon/tita/sim2sim2real/install/titatit_description/share/titatit_description/xacro/ros2control.xacro
-- Up-to-date symlink: /home/aiseon/tita/sim2sim2real/install/titatit_description/share/titatit_description/xacro/single_robot.xacro
-- Up-to-date symlink: /home/aiseon/tita/sim2sim2real/install/titatit_description/share/ament_index/resource_index/package_run_dependencies/titatit_description
-- Up-to-date symlink: /home/aiseon/tita/sim2sim2real/install/titatit_description/share/ament_index/resource_index/parent_prefix_path/titatit_description
-- Up-to-date symlink: /home/aiseon/tita/sim2sim2real/install/titatit_description/share/titatit_description/environment/ament_prefix_path.sh
-- Up-to-date symlink: /home/aiseon/tita/sim2sim2real/install/titatit_description/share/titatit_description/environment/ament_prefix_path.dsv
-- Up-to-date symlink: /home/aiseon/tita/sim2sim2real/install/titatit_description/share/titatit_description/environment/path.sh
-- Up-to-date symlink: /home/aiseon/tita/sim2sim2real/install/titatit_description/share/titatit_description/environment/path.dsv
-- Up-to-date symlink: /home/aiseon/tita/sim2sim2real/install/titatit_description/share/titatit_description/local_setup.bash
-- Up-to-date symlink: /home/aiseon/tita/sim2sim2real/install/titatit_description/share/titatit_description/local_setup.sh
-- Up-to-date symlink: /home/aiseon/tita/sim2sim2real/install/titatit_description/share/titatit_description/local_setup.zsh
-- Up-to-date symlink: /home/aiseon/tita/sim2sim2real/install/titatit_description/share/titatit_description/local_setup.dsv
-- Symlinking: /home/aiseon/tita/sim2sim2real/install/titatit_description/share/titatit_description/package.dsv
-- Up-to-date symlink: /home/aiseon/tita/sim2sim2real/install/titatit_description/share/ament_index/resource_index/packages/titatit_description
-- Up-to-date symlink: /home/aiseon/tita/sim2sim2real/install/titatit_description/share/titatit_description/cmake/titatit_descriptionConfig.cmake
-- Up-to-date symlink: /home/aiseon/tita/sim2sim2real/install/titatit_description/share/titatit_description/cmake/titatit_descriptionConfig-version.cmake
-- Up-to-date symlink: /home/aiseon/tita/sim2sim2real/install/titatit_description/share/titatit_description/package.xml
