[0.033s] Invoking command in '/home/aiseon/tita/sim2sim2real/build/titatit_description': CMAKE_PREFIX_PATH=/opt/ros/humble CONDA_PROMPT_MODIFIER=(base) /usr/bin/cmake --build /home/aiseon/tita/sim2sim2real/build/titatit_description -- -j192 -l192
[0.121s] [0mCurrently in ROS2 compilation environment[0m
[0.121s] -- Found ament_cmake: 1.3.13 (/opt/ros/humble/share/ament_cmake/cmake)
[0.461s] -- Override CMake install command with custom implementation using symlinks instead of copying resources
[0.666s] -- Configuring done
[0.671s] -- Generating done
[0.673s] -- Build files have been written to: /home/aiseon/tita/sim2sim2real/build/titatit_description
[0.767s] Invoked command in '/home/aiseon/tita/sim2sim2real/build/titatit_description' returned '0': CMAKE_PREFIX_PATH=/opt/ros/humble CONDA_PROMPT_MODIFIER=(base) /usr/bin/cmake --build /home/aiseon/tita/sim2sim2real/build/titatit_description -- -j192 -l192
[0.769s] Invoking command in '/home/aiseon/tita/sim2sim2real/build/titatit_description': CMAKE_PREFIX_PATH=/opt/ros/humble CONDA_PROMPT_MODIFIER=(base) /usr/bin/cmake --install /home/aiseon/tita/sim2sim2real/build/titatit_description
[0.789s] -- Install configuration: ""
[0.792s] -- Execute custom install script
[0.799s] -- Symlinking: /home/aiseon/tita/sim2sim2real/install/titatit_description/share/titatit_description/meshes/FL_battery.STL
[0.829s] -- Symlinking: /home/aiseon/tita/sim2sim2real/install/titatit_description/share/titatit_description/meshes/FL_calf.STL
[0.853s] -- Symlinking: /home/aiseon/tita/sim2sim2real/install/titatit_description/share/titatit_description/meshes/FL_foot.STL
[0.878s] -- Symlinking: /home/aiseon/tita/sim2sim2real/install/titatit_description/share/titatit_description/meshes/FL_hip.STL
[0.901s] -- Symlinking: /home/aiseon/tita/sim2sim2real/install/titatit_description/share/titatit_description/meshes/FL_thigh.STL
[0.925s] -- Symlinking: /home/aiseon/tita/sim2sim2real/install/titatit_description/share/titatit_description/meshes/FR_battery.STL
[0.949s] -- Symlinking: /home/aiseon/tita/sim2sim2real/install/titatit_description/share/titatit_description/meshes/FR_calf.STL
[0.977s] -- Symlinking: /home/aiseon/tita/sim2sim2real/install/titatit_description/share/titatit_description/meshes/FR_foot.STL
[0.999s] -- Symlinking: /home/aiseon/tita/sim2sim2real/install/titatit_description/share/titatit_description/meshes/FR_hip.STL
[1.025s] -- Symlinking: /home/aiseon/tita/sim2sim2real/install/titatit_description/share/titatit_description/meshes/FR_thigh.STL
[1.049s] -- Symlinking: /home/aiseon/tita/sim2sim2real/install/titatit_description/share/titatit_description/meshes/RL_battery.STL
[1.072s] -- Symlinking: /home/aiseon/tita/sim2sim2real/install/titatit_description/share/titatit_description/meshes/RL_calf.STL
[1.097s] -- Symlinking: /home/aiseon/tita/sim2sim2real/install/titatit_description/share/titatit_description/meshes/RL_foot.STL
[1.119s] -- Symlinking: /home/aiseon/tita/sim2sim2real/install/titatit_description/share/titatit_description/meshes/RL_hip.STL
[1.146s] -- Symlinking: /home/aiseon/tita/sim2sim2real/install/titatit_description/share/titatit_description/meshes/RL_thigh.STL
[1.183s] -- Symlinking: /home/aiseon/tita/sim2sim2real/install/titatit_description/share/titatit_description/meshes/RR_battery.STL
[1.212s] -- Symlinking: /home/aiseon/tita/sim2sim2real/install/titatit_description/share/titatit_description/meshes/RR_calf.STL
[1.236s] -- Symlinking: /home/aiseon/tita/sim2sim2real/install/titatit_description/share/titatit_description/meshes/RR_foot.STL
[1.259s] -- Symlinking: /home/aiseon/tita/sim2sim2real/install/titatit_description/share/titatit_description/meshes/RR_hip.STL
[1.281s] -- Symlinking: /home/aiseon/tita/sim2sim2real/install/titatit_description/share/titatit_description/meshes/RR_thigh.STL
[1.304s] -- Symlinking: /home/aiseon/tita/sim2sim2real/install/titatit_description/share/titatit_description/meshes/base.STL
[1.330s] -- Symlinking: /home/aiseon/tita/sim2sim2real/install/titatit_description/share/titatit_description/mujoco/scene.xml
[1.353s] -- Symlinking: /home/aiseon/tita/sim2sim2real/install/titatit_description/share/titatit_description/mujoco/wheeled_titatit_rl.urdf
[1.376s] -- Symlinking: /home/aiseon/tita/sim2sim2real/install/titatit_description/share/titatit_description/mujoco/wheeled_titatit_rl.xml
[1.402s] -- Symlinking: /home/aiseon/tita/sim2sim2real/install/titatit_description/share/titatit_description/urdf/titati_description.urdf
[1.426s] -- Symlinking: /home/aiseon/tita/sim2sim2real/install/titatit_description/share/titatit_description/urdf/wheeled_titatit_rl.urdf
[1.452s] -- Up-to-date symlink: /home/aiseon/tita/sim2sim2real/install/titatit_description/share/titatit_description/xacro/materials.xacro
[1.453s] -- Up-to-date symlink: /home/aiseon/tita/sim2sim2real/install/titatit_description/share/titatit_description/xacro/robot.xacro
[1.456s] -- Up-to-date symlink: /home/aiseon/tita/sim2sim2real/install/titatit_description/share/titatit_description/xacro/ros2control.xacro
[1.456s] -- Up-to-date symlink: /home/aiseon/tita/sim2sim2real/install/titatit_description/share/titatit_description/xacro/single_robot.xacro
[1.456s] -- Up-to-date symlink: /home/aiseon/tita/sim2sim2real/install/titatit_description/share/ament_index/resource_index/package_run_dependencies/titatit_description
[1.456s] -- Up-to-date symlink: /home/aiseon/tita/sim2sim2real/install/titatit_description/share/ament_index/resource_index/parent_prefix_path/titatit_description
[1.456s] -- Up-to-date symlink: /home/aiseon/tita/sim2sim2real/install/titatit_description/share/titatit_description/environment/ament_prefix_path.sh
[1.456s] -- Up-to-date symlink: /home/aiseon/tita/sim2sim2real/install/titatit_description/share/titatit_description/environment/ament_prefix_path.dsv
[1.459s] -- Up-to-date symlink: /home/aiseon/tita/sim2sim2real/install/titatit_description/share/titatit_description/environment/path.sh
[1.460s] -- Up-to-date symlink: /home/aiseon/tita/sim2sim2real/install/titatit_description/share/titatit_description/environment/path.dsv
[1.460s] -- Up-to-date symlink: /home/aiseon/tita/sim2sim2real/install/titatit_description/share/titatit_description/local_setup.bash
[1.460s] -- Up-to-date symlink: /home/aiseon/tita/sim2sim2real/install/titatit_description/share/titatit_description/local_setup.sh
[1.460s] -- Up-to-date symlink: /home/aiseon/tita/sim2sim2real/install/titatit_description/share/titatit_description/local_setup.zsh
[1.460s] -- Up-to-date symlink: /home/aiseon/tita/sim2sim2real/install/titatit_description/share/titatit_description/local_setup.dsv
[1.460s] -- Symlinking: /home/aiseon/tita/sim2sim2real/install/titatit_description/share/titatit_description/package.dsv
[1.484s] -- Up-to-date symlink: /home/aiseon/tita/sim2sim2real/install/titatit_description/share/ament_index/resource_index/packages/titatit_description
[1.484s] -- Up-to-date symlink: /home/aiseon/tita/sim2sim2real/install/titatit_description/share/titatit_description/cmake/titatit_descriptionConfig.cmake
[1.485s] -- Up-to-date symlink: /home/aiseon/tita/sim2sim2real/install/titatit_description/share/titatit_description/cmake/titatit_descriptionConfig-version.cmake
[1.485s] -- Up-to-date symlink: /home/aiseon/tita/sim2sim2real/install/titatit_description/share/titatit_description/package.xml
[1.489s] Invoked command in '/home/aiseon/tita/sim2sim2real/build/titatit_description' returned '0': CMAKE_PREFIX_PATH=/opt/ros/humble CONDA_PROMPT_MODIFIER=(base) /usr/bin/cmake --install /home/aiseon/tita/sim2sim2real/build/titatit_description
