[30.033s] Invoking command in '/home/aiseon/tita/sim2sim2real_bipedal/ddt_ros2_ws/build/ros_utils': CMAKE_PREFIX_PATH=${CMAKE_PREFIX_PATH}:/opt/ros/humble CONDA_PROMPT_MODIFIER=(base) /home/aiseon/.local/bin/cmake /home/aiseon/tita/sim2sim2real_bipedal/ddt_ros2_ws/ddt_ros2_control/ros_utils -DAMENT_CMAKE_SYMLINK_INSTALL=1 -DCMAKE_INSTALL_PREFIX=/home/aiseon/tita/sim2sim2real_bipedal/ddt_ros2_ws/install/ros_utils
[30.134s] -- The C compiler identification is GNU 11.4.0
[30.199s] -- The CXX compiler identification is GNU 11.4.0
[30.209s] -- Detecting C compiler ABI info
[30.280s] -- Detecting C compiler ABI info - done
[30.290s] -- Check for working C compiler: /usr/bin/cc - skipped
[30.291s] -- Detecting C compile features
[30.291s] -- Detecting C compile features - done
[30.294s] -- Detecting CXX compiler ABI info
[30.375s] -- Detecting CXX compiler ABI info - done
[30.386s] -- Check for working CXX compiler: /usr/bin/c++ - skipped
[30.387s] -- Detecting CXX compile features
[30.387s] -- Detecting CXX compile features - done
[30.390s] -- Found ament_cmake_auto: 1.3.13 (/opt/ros/humble/share/ament_cmake_auto/cmake)
[30.754s] -- Found Python3: /home/aiseon/anaconda3/bin/python3 (found version "3.13.5") found components: Interpreter 
[30.831s] -- Override CMake install command with custom implementation using symlinks instead of copying resources
[31.000s] -- Found rosidl_generator_c: 3.1.8 (/opt/ros/humble/share/rosidl_generator_c/cmake)
[31.006s] -- Found rosidl_adapter: 3.1.8 (/opt/ros/humble/share/rosidl_adapter/cmake)
[31.016s] -- Found rosidl_generator_cpp: 3.1.8 (/opt/ros/humble/share/rosidl_generator_cpp/cmake)
[31.030s] -- Using all available rosidl_typesupport_c: rosidl_typesupport_fastrtps_c;rosidl_typesupport_introspection_c
[31.049s] -- Using all available rosidl_typesupport_cpp: rosidl_typesupport_fastrtps_cpp;rosidl_typesupport_introspection_cpp
[31.102s] -- Found rmw_implementation_cmake: 6.1.2 (/opt/ros/humble/share/rmw_implementation_cmake/cmake)
[31.105s] -- Found rmw_fastrtps_cpp: 6.2.10 (/opt/ros/humble/share/rmw_fastrtps_cpp/cmake)
[31.208s] -- Found OpenSSL: /usr/lib/x86_64-linux-gnu/libcrypto.so (found version "3.0.2")  
[31.242s] -- Found FastRTPS: /opt/ros/humble/include  
[31.296s] -- Using RMW implementation 'rmw_fastrtps_cpp' as default
[31.306s] -- Performing Test CMAKE_HAVE_LIBC_PTHREAD
[31.390s] -- Performing Test CMAKE_HAVE_LIBC_PTHREAD - Success
[31.392s] -- Found Threads: TRUE  
[31.452s] -- Found ament_lint_auto: 0.12.15 (/opt/ros/humble/share/ament_lint_auto/cmake)
[31.465s] In this package, headers install destination is set to `include` by ament_auto_package. It is recommended to install `include/ros_utils` instead and will be the default behavior of ament_auto_package from ROS 2 Kilted Kaiju. On distributions before Kilted, ament_auto_package behaves the same way when you use USE_SCOPED_HEADER_INSTALL_DIR option.
[31.469s] -- Added test 'clang_format' to check C / C++ code style
[31.469s] -- Added test 'copyright' to check source files copyright and LICENSE
[31.470s] -- Added test 'cppcheck' to perform static code analysis on C / C++ code
[31.470s] -- Configured cppcheck include dirs: 
[31.470s] -- Configured cppcheck exclude dirs and/or files: 
[31.471s] -- Added test 'cpplint' to check C / C++ code against the Google style
[31.471s] -- Configured cpplint exclude dirs and/or files: 
[31.471s] -- Added test 'lint_cmake' to check CMake code style
[31.472s] -- Added test 'xmllint' to check XML markup files
[31.474s] -- Configuring done
[31.477s] -- Generating done
[31.480s] -- Build files have been written to: /home/aiseon/tita/sim2sim2real_bipedal/ddt_ros2_ws/build/ros_utils
[31.496s] Invoked command in '/home/aiseon/tita/sim2sim2real_bipedal/ddt_ros2_ws/build/ros_utils' returned '0': CMAKE_PREFIX_PATH=${CMAKE_PREFIX_PATH}:/opt/ros/humble CONDA_PROMPT_MODIFIER=(base) /home/aiseon/.local/bin/cmake /home/aiseon/tita/sim2sim2real_bipedal/ddt_ros2_ws/ddt_ros2_control/ros_utils -DAMENT_CMAKE_SYMLINK_INSTALL=1 -DCMAKE_INSTALL_PREFIX=/home/aiseon/tita/sim2sim2real_bipedal/ddt_ros2_ws/install/ros_utils
[31.498s] Invoking command in '/home/aiseon/tita/sim2sim2real_bipedal/ddt_ros2_ws/build/ros_utils': CMAKE_PREFIX_PATH=${CMAKE_PREFIX_PATH}:/opt/ros/humble CONDA_PROMPT_MODIFIER=(base) /home/aiseon/.local/bin/cmake --build /home/aiseon/tita/sim2sim2real_bipedal/ddt_ros2_ws/build/ros_utils -- -j192 -l192
[31.562s] Invoked command in '/home/aiseon/tita/sim2sim2real_bipedal/ddt_ros2_ws/build/ros_utils' returned '0': CMAKE_PREFIX_PATH=${CMAKE_PREFIX_PATH}:/opt/ros/humble CONDA_PROMPT_MODIFIER=(base) /home/aiseon/.local/bin/cmake --build /home/aiseon/tita/sim2sim2real_bipedal/ddt_ros2_ws/build/ros_utils -- -j192 -l192
[31.602s] Invoking command in '/home/aiseon/tita/sim2sim2real_bipedal/ddt_ros2_ws/build/ros_utils': CMAKE_PREFIX_PATH=${CMAKE_PREFIX_PATH}:/opt/ros/humble CONDA_PROMPT_MODIFIER=(base) /home/aiseon/.local/bin/cmake --install /home/aiseon/tita/sim2sim2real_bipedal/ddt_ros2_ws/build/ros_utils
[31.634s] -- Install configuration: ""
[31.635s] -- Execute custom install script
[31.635s] -- Symlinking: /home/aiseon/tita/sim2sim2real_bipedal/ddt_ros2_ws/install/ros_utils/include/ros_utils/topic_names.hpp
[31.640s] -- Symlinking: /home/aiseon/tita/sim2sim2real_bipedal/ddt_ros2_ws/install/ros_utils/share/ament_index/resource_index/package_run_dependencies/ros_utils
[31.645s] -- Symlinking: /home/aiseon/tita/sim2sim2real_bipedal/ddt_ros2_ws/install/ros_utils/share/ament_index/resource_index/parent_prefix_path/ros_utils
[31.649s] -- Up-to-date symlink: /home/aiseon/tita/sim2sim2real_bipedal/ddt_ros2_ws/install/ros_utils/share/ros_utils/environment/ament_prefix_path.sh
[31.649s] -- Symlinking: /home/aiseon/tita/sim2sim2real_bipedal/ddt_ros2_ws/install/ros_utils/share/ros_utils/environment/ament_prefix_path.dsv
[31.654s] -- Up-to-date symlink: /home/aiseon/tita/sim2sim2real_bipedal/ddt_ros2_ws/install/ros_utils/share/ros_utils/environment/path.sh
[31.654s] -- Symlinking: /home/aiseon/tita/sim2sim2real_bipedal/ddt_ros2_ws/install/ros_utils/share/ros_utils/environment/path.dsv
[31.657s] -- Symlinking: /home/aiseon/tita/sim2sim2real_bipedal/ddt_ros2_ws/install/ros_utils/share/ros_utils/local_setup.bash
[31.661s] -- Symlinking: /home/aiseon/tita/sim2sim2real_bipedal/ddt_ros2_ws/install/ros_utils/share/ros_utils/local_setup.sh
[31.666s] -- Symlinking: /home/aiseon/tita/sim2sim2real_bipedal/ddt_ros2_ws/install/ros_utils/share/ros_utils/local_setup.zsh
[31.671s] -- Symlinking: /home/aiseon/tita/sim2sim2real_bipedal/ddt_ros2_ws/install/ros_utils/share/ros_utils/local_setup.dsv
[31.675s] -- Symlinking: /home/aiseon/tita/sim2sim2real_bipedal/ddt_ros2_ws/install/ros_utils/share/ros_utils/package.dsv
[31.679s] -- Symlinking: /home/aiseon/tita/sim2sim2real_bipedal/ddt_ros2_ws/install/ros_utils/share/ament_index/resource_index/packages/ros_utils
[31.685s] -- Symlinking: /home/aiseon/tita/sim2sim2real_bipedal/ddt_ros2_ws/install/ros_utils/share/ros_utils/cmake/ament_cmake_export_dependencies-extras.cmake
[31.689s] -- Symlinking: /home/aiseon/tita/sim2sim2real_bipedal/ddt_ros2_ws/install/ros_utils/share/ros_utils/cmake/ament_cmake_export_include_directories-extras.cmake
[31.695s] -- Symlinking: /home/aiseon/tita/sim2sim2real_bipedal/ddt_ros2_ws/install/ros_utils/share/ros_utils/cmake/ros_utilsConfig.cmake
[31.700s] -- Symlinking: /home/aiseon/tita/sim2sim2real_bipedal/ddt_ros2_ws/install/ros_utils/share/ros_utils/cmake/ros_utilsConfig-version.cmake
[31.703s] -- Symlinking: /home/aiseon/tita/sim2sim2real_bipedal/ddt_ros2_ws/install/ros_utils/share/ros_utils/package.xml
[31.715s] Invoked command in '/home/aiseon/tita/sim2sim2real_bipedal/ddt_ros2_ws/build/ros_utils' returned '0': CMAKE_PREFIX_PATH=${CMAKE_PREFIX_PATH}:/opt/ros/humble CONDA_PROMPT_MODIFIER=(base) /home/aiseon/.local/bin/cmake --install /home/aiseon/tita/sim2sim2real_bipedal/ddt_ros2_ws/build/ros_utils
