-- The C compiler identification is GNU 11.4.0
-- The CXX compiler identification is GNU 11.4.0
-- Detecting C compiler ABI info
-- Detecting C compiler ABI info - done
-- Check for working C compiler: /usr/bin/cc - skipped
-- Detecting C compile features
-- Detecting C compile features - done
-- Detecting CXX compiler ABI info
-- Detecting CXX compiler ABI info - done
-- Check for working CXX compiler: /usr/bin/c++ - skipped
-- Detecting CXX compile features
-- Detecting CXX compile features - done
-- Found ament_cmake_auto: 1.3.13 (/opt/ros/humble/share/ament_cmake_auto/cmake)
-- Found Python3: /usr/bin/python3 (found version "3.10.12") found components: Interpreter 
-- Override CMake install command with custom implementation using symlinks instead of copying resources
-- Found rosidl_generator_c: 3.1.8 (/opt/ros/humble/share/rosidl_generator_c/cmake)
-- Found rosidl_adapter: 3.1.8 (/opt/ros/humble/share/rosidl_adapter/cmake)
-- Found rosidl_generator_cpp: 3.1.8 (/opt/ros/humble/share/rosidl_generator_cpp/cmake)
-- Using all available rosidl_typesupport_c: rosidl_typesupport_fastrtps_c;rosidl_typesupport_introspection_c
-- Using all available rosidl_typesupport_cpp: rosidl_typesupport_fastrtps_cpp;rosidl_typesupport_introspection_cpp
-- Found rmw_implementation_cmake: 6.1.2 (/opt/ros/humble/share/rmw_implementation_cmake/cmake)
-- Found rmw_fastrtps_cpp: 6.2.10 (/opt/ros/humble/share/rmw_fastrtps_cpp/cmake)
-- Found TinyXML2 via Config file: TinyXML2_DIR-NOTFOUND
-- Found OpenSSL: /usr/lib/x86_64-linux-gnu/libcrypto.so (found version "3.0.2")  
-- Found TinyXML2 via Config file: TinyXML2_DIR-NOTFOUND
-- Found FastRTPS: /opt/ros/humble/include  
-- Found TinyXML2 via Config file: TinyXML2_DIR-NOTFOUND
-- Found TinyXML2 via Config file: TinyXML2_DIR-NOTFOUND
-- Using RMW implementation 'rmw_fastrtps_cpp' as default
-- Looking for pthread.h
-- Looking for pthread.h - found
-- Performing Test CMAKE_HAVE_LIBC_PTHREAD
-- Performing Test CMAKE_HAVE_LIBC_PTHREAD - Success
-- Found Threads: TRUE  
-- Found ament_lint_auto: 0.12.15 (/opt/ros/humble/share/ament_lint_auto/cmake)
-- Added test 'clang_format' to check C / C++ code style
-- Added test 'copyright' to check source files copyright and LICENSE
-- Added test 'cppcheck' to perform static code analysis on C / C++ code
-- Configured cppcheck include dirs: /home/aiseon/tita/sim2sim2real/ddt_ros2_ws/ddt_ros2_control/hardware/hardware_bridge/include
-- Configured cppcheck exclude dirs and/or files: 
-- Added test 'cpplint' to check C / C++ code against the Google style
-- Configured cpplint exclude dirs and/or files: 
-- Added test 'lint_cmake' to check CMake code style
-- Added test 'xmllint' to check XML markup files
-- Configuring done
-- Generating done
-- Build files have been written to: /home/aiseon/tita/sim2sim2real/build/hardware_bridge
[ 50%] [32mBuilding CXX object CMakeFiles/hardware_bridge.dir/src/hardware_bridge_node.cpp.o[0m
[100%] [32m[1mLinking CXX shared library libhardware_bridge.so[0m
[100%] Built target hardware_bridge
-- Install configuration: ""
-- Execute custom install script
-- Symlinking: /home/aiseon/tita/sim2sim2real/install/hardware_bridge/share/hardware_bridge//hardware_bridge_plugin.xml
-- Symlinking: /home/aiseon/tita/sim2sim2real/install/hardware_bridge/share/hardware_bridge/config/controllers.yaml
-- Symlinking: /home/aiseon/tita/sim2sim2real/install/hardware_bridge/share/hardware_bridge/launch/hardware_bridge.launch.py
-- Symlinking: /home/aiseon/tita/sim2sim2real/install/hardware_bridge/include/hardware_bridge/hardware_bridge_node.hpp
-- Symlinking: /home/aiseon/tita/sim2sim2real/install/hardware_bridge/share/hardware_bridge/environment/library_path.sh
-- Symlinking: /home/aiseon/tita/sim2sim2real/install/hardware_bridge/share/hardware_bridge/environment/library_path.dsv
-- Symlinking: /home/aiseon/tita/sim2sim2real/install/hardware_bridge/lib/libhardware_bridge.so
-- Symlinking: /home/aiseon/tita/sim2sim2real/install/hardware_bridge/share/ament_index/resource_index/package_run_dependencies/hardware_bridge
-- Symlinking: /home/aiseon/tita/sim2sim2real/install/hardware_bridge/share/ament_index/resource_index/parent_prefix_path/hardware_bridge
-- Symlinking: /home/aiseon/tita/sim2sim2real/install/hardware_bridge/share/hardware_bridge/environment/ament_prefix_path.sh
-- Symlinking: /home/aiseon/tita/sim2sim2real/install/hardware_bridge/share/hardware_bridge/environment/ament_prefix_path.dsv
-- Symlinking: /home/aiseon/tita/sim2sim2real/install/hardware_bridge/share/hardware_bridge/environment/path.sh
-- Symlinking: /home/aiseon/tita/sim2sim2real/install/hardware_bridge/share/hardware_bridge/environment/path.dsv
-- Symlinking: /home/aiseon/tita/sim2sim2real/install/hardware_bridge/share/hardware_bridge/local_setup.bash
-- Symlinking: /home/aiseon/tita/sim2sim2real/install/hardware_bridge/share/hardware_bridge/local_setup.sh
-- Symlinking: /home/aiseon/tita/sim2sim2real/install/hardware_bridge/share/hardware_bridge/local_setup.zsh
-- Symlinking: /home/aiseon/tita/sim2sim2real/install/hardware_bridge/share/hardware_bridge/local_setup.dsv
-- Symlinking: /home/aiseon/tita/sim2sim2real/install/hardware_bridge/share/hardware_bridge/package.dsv
-- Symlinking: /home/aiseon/tita/sim2sim2real/install/hardware_bridge/share/ament_index/resource_index/packages/hardware_bridge
-- Symlinking: /home/aiseon/tita/sim2sim2real/install/hardware_bridge/share/ament_index/resource_index/hardware_interface__pluginlib__plugin/hardware_bridge
-- Symlinking: /home/aiseon/tita/sim2sim2real/install/hardware_bridge/share/hardware_bridge/cmake/ament_cmake_export_dependencies-extras.cmake
-- Symlinking: /home/aiseon/tita/sim2sim2real/install/hardware_bridge/share/hardware_bridge/cmake/ament_cmake_export_include_directories-extras.cmake
-- Symlinking: /home/aiseon/tita/sim2sim2real/install/hardware_bridge/share/hardware_bridge/cmake/ament_cmake_export_libraries-extras.cmake
-- Symlinking: /home/aiseon/tita/sim2sim2real/install/hardware_bridge/share/hardware_bridge/cmake/hardware_bridgeConfig.cmake
-- Symlinking: /home/aiseon/tita/sim2sim2real/install/hardware_bridge/share/hardware_bridge/cmake/hardware_bridgeConfig-version.cmake
-- Symlinking: /home/aiseon/tita/sim2sim2real/install/hardware_bridge/share/hardware_bridge/package.xml
