[0.102s] Invoking command in '/home/aiseon/tita/sim2sim2real_bipedal/ddt_ros2_ws/build/rl_controller': AMENT_PREFIX_PATH=/home/aiseon/tita/sim2sim2real_bipedal/ddt_ros2_ws/install/ros_utils:${AMENT_PREFIX_PATH} CMAKE_PREFIX_PATH=/home/aiseon/tita/sim2sim2real_bipedal/ddt_ros2_ws/install/ros_utils:/home.aiseon/mujoco_src:/opt/ros/humble CONDA_PROMPT_MODIFIER=(base) /home/aiseon/.local/bin/cmake /home/aiseon/tita/sim2sim2real_bipedal/ddt_ros2_ws/ddt_ros2_control/controller/rl_controller -DAMENT_CMAKE_SYMLINK_INSTALL=1 -DCMAKE_INSTALL_PREFIX=/home/aiseon/tita/sim2sim2real_bipedal/ddt_ros2_ws/install/rl_controller
[0.197s] -- The C compiler identification is GNU 11.4.0
[0.260s] -- The CXX compiler identification is GNU 11.4.0
[0.273s] -- Detecting C compiler ABI info
[0.350s] -- Detecting C compiler ABI info - done
[0.360s] -- Check for working C compiler: /usr/bin/cc - skipped
[0.361s] -- Detecting C compile features
[0.361s] -- Detecting C compile features - done
[0.364s] -- Detecting CXX compiler ABI info
[0.445s] -- Detecting CXX compiler ABI info - done
[0.456s] -- Check for working CXX compiler: /usr/bin/c++ - skipped
[0.456s] -- Detecting CXX compile features
[0.457s] -- Detecting CXX compile features - done
[0.459s] -- Found ament_cmake_auto: 1.3.13 (/opt/ros/humble/share/ament_cmake_auto/cmake)
[0.820s] -- Found Python3: /home/aiseon/anaconda3/bin/python3 (found version "3.13.5") found components: Interpreter 
[0.895s] -- Override CMake install command with custom implementation using symlinks instead of copying resources
[1.065s] -- Found rosidl_generator_c: 3.1.8 (/opt/ros/humble/share/rosidl_generator_c/cmake)
[1.070s] -- Found rosidl_adapter: 3.1.8 (/opt/ros/humble/share/rosidl_adapter/cmake)
[1.080s] -- Found rosidl_generator_cpp: 3.1.8 (/opt/ros/humble/share/rosidl_generator_cpp/cmake)
[1.094s] -- Using all available rosidl_typesupport_c: rosidl_typesupport_fastrtps_c;rosidl_typesupport_introspection_c
[1.115s] -- Using all available rosidl_typesupport_cpp: rosidl_typesupport_fastrtps_cpp;rosidl_typesupport_introspection_cpp
[1.165s] -- Found rmw_implementation_cmake: 6.1.2 (/opt/ros/humble/share/rmw_implementation_cmake/cmake)
[1.168s] -- Found rmw_fastrtps_cpp: 6.2.10 (/opt/ros/humble/share/rmw_fastrtps_cpp/cmake)
[1.277s] -- Found OpenSSL: /usr/lib/x86_64-linux-gnu/libcrypto.so (found version "3.0.2")  
[1.312s] -- Found FastRTPS: /opt/ros/humble/include  
[1.365s] -- Using RMW implementation 'rmw_fastrtps_cpp' as default
[1.375s] -- Performing Test CMAKE_HAVE_LIBC_PTHREAD
[1.456s] -- Performing Test CMAKE_HAVE_LIBC_PTHREAD - Success
[1.457s] -- Found Threads: TRUE  
[1.738s] -- Found parameter_traits: 0.6.0 (/opt/ros/humble/share/parameter_traits/cmake)
[1.769s] -- Found ament_lint_auto: 0.12.15 (/opt/ros/humble/share/ament_lint_auto/cmake)
[1.783s] In this package, headers install destination is set to `include` by ament_auto_package. It is recommended to install `include/rl_controller` instead and will be the default behavior of ament_auto_package from ROS 2 Kilted Kaiju. On distributions before Kilted, ament_auto_package behaves the same way when you use USE_SCOPED_HEADER_INSTALL_DIR option.
[1.790s] -- Added test 'clang_format' to check C / C++ code style
[1.790s] -- Added test 'copyright' to check source files copyright and LICENSE
[1.793s] -- Added test 'cppcheck' to perform static code analysis on C / C++ code
[1.793s] -- Configured cppcheck include dirs: /home/aiseon/tita/sim2sim2real_bipedal/ddt_ros2_ws/ddt_ros2_control/controller/rl_controller/include
[1.793s] -- Configured cppcheck exclude dirs and/or files: 
[1.795s] -- Added test 'cpplint' to check C / C++ code against the Google style
[1.796s] -- Configured cpplint exclude dirs and/or files: 
[1.796s] -- Added test 'lint_cmake' to check CMake code style
[1.797s] -- Added test 'xmllint' to check XML markup files
[1.799s] -- Configuring done
[1.815s] -- Generating done
[1.821s] -- Build files have been written to: /home/aiseon/tita/sim2sim2real_bipedal/ddt_ros2_ws/build/rl_controller
[1.841s] Invoked command in '/home/aiseon/tita/sim2sim2real_bipedal/ddt_ros2_ws/build/rl_controller' returned '0': AMENT_PREFIX_PATH=/home/aiseon/tita/sim2sim2real_bipedal/ddt_ros2_ws/install/ros_utils:${AMENT_PREFIX_PATH} CMAKE_PREFIX_PATH=/home/aiseon/tita/sim2sim2real_bipedal/ddt_ros2_ws/install/ros_utils:/home.aiseon/mujoco_src:/opt/ros/humble CONDA_PROMPT_MODIFIER=(base) /home/aiseon/.local/bin/cmake /home/aiseon/tita/sim2sim2real_bipedal/ddt_ros2_ws/ddt_ros2_control/controller/rl_controller -DAMENT_CMAKE_SYMLINK_INSTALL=1 -DCMAKE_INSTALL_PREFIX=/home/aiseon/tita/sim2sim2real_bipedal/ddt_ros2_ws/install/rl_controller
[1.842s] Invoking command in '/home/aiseon/tita/sim2sim2real_bipedal/ddt_ros2_ws/build/rl_controller': AMENT_PREFIX_PATH=/home/aiseon/tita/sim2sim2real_bipedal/ddt_ros2_ws/install/ros_utils:${AMENT_PREFIX_PATH} CMAKE_PREFIX_PATH=/home/aiseon/tita/sim2sim2real_bipedal/ddt_ros2_ws/install/ros_utils:/home.aiseon/mujoco_src:/opt/ros/humble CONDA_PROMPT_MODIFIER=(base) /home/aiseon/.local/bin/cmake --build /home/aiseon/tita/sim2sim2real_bipedal/ddt_ros2_ws/build/rl_controller -- -j192 -l192
[1.910s] [ 15%] Built target rl_controller_parameters
[1.958s] [100%] Built target rl_controller
[1.972s] Invoked command in '/home/aiseon/tita/sim2sim2real_bipedal/ddt_ros2_ws/build/rl_controller' returned '0': AMENT_PREFIX_PATH=/home/aiseon/tita/sim2sim2real_bipedal/ddt_ros2_ws/install/ros_utils:${AMENT_PREFIX_PATH} CMAKE_PREFIX_PATH=/home/aiseon/tita/sim2sim2real_bipedal/ddt_ros2_ws/install/ros_utils:/home.aiseon/mujoco_src:/opt/ros/humble CONDA_PROMPT_MODIFIER=(base) /home/aiseon/.local/bin/cmake --build /home/aiseon/tita/sim2sim2real_bipedal/ddt_ros2_ws/build/rl_controller -- -j192 -l192
[1.974s] Invoking command in '/home/aiseon/tita/sim2sim2real_bipedal/ddt_ros2_ws/build/rl_controller': AMENT_PREFIX_PATH=/home/aiseon/tita/sim2sim2real_bipedal/ddt_ros2_ws/install/ros_utils:${AMENT_PREFIX_PATH} CMAKE_PREFIX_PATH=/home/aiseon/tita/sim2sim2real_bipedal/ddt_ros2_ws/install/ros_utils:/home.aiseon/mujoco_src:/opt/ros/humble CONDA_PROMPT_MODIFIER=(base) /home/aiseon/.local/bin/cmake --install /home/aiseon/tita/sim2sim2real_bipedal/ddt_ros2_ws/build/rl_controller
[2.007s] -- Install configuration: ""
[2.007s] -- Execute custom install script
[2.007s] -- Up-to-date symlink: /home/aiseon/tita/sim2sim2real_bipedal/ddt_ros2_ws/install/rl_controller/include/rl_controller/rl_controller_parameters.hpp
[2.008s] -- Up-to-date symlink: /home/aiseon/tita/sim2sim2real_bipedal/ddt_ros2_ws/install/rl_controller/share/rl_controller//rl_controller_plugin.xml
[2.009s] -- Up-to-date symlink: /home/aiseon/tita/sim2sim2real_bipedal/ddt_ros2_ws/install/rl_controller/share/rl_controller/config/d1/controllers.yaml
[2.009s] -- Up-to-date symlink: /home/aiseon/tita/sim2sim2real_bipedal/ddt_ros2_ws/install/rl_controller/share/rl_controller/config/d1/flat.onnx
[2.009s] -- Up-to-date symlink: /home/aiseon/tita/sim2sim2real_bipedal/ddt_ros2_ws/install/rl_controller/share/rl_controller/config/d1h/controllers.yaml
[2.009s] -- Up-to-date symlink: /home/aiseon/tita/sim2sim2real_bipedal/ddt_ros2_ws/install/rl_controller/share/rl_controller/config/d1h/flat.onnx
[2.009s] -- Up-to-date symlink: /home/aiseon/tita/sim2sim2real_bipedal/ddt_ros2_ws/install/rl_controller/share/rl_controller/config/d1h/squatdown.onnx
[2.009s] -- Up-to-date symlink: /home/aiseon/tita/sim2sim2real_bipedal/ddt_ros2_ws/install/rl_controller/share/rl_controller/config/tita/controllers.yaml
[2.010s] -- Up-to-date symlink: /home/aiseon/tita/sim2sim2real_bipedal/ddt_ros2_ws/install/rl_controller/share/rl_controller/config/tita/flat.onnx
[2.010s] -- Up-to-date symlink: /home/aiseon/tita/sim2sim2real_bipedal/ddt_ros2_ws/install/rl_controller/share/rl_controller/config/titatit/base.onnx
[2.010s] -- Up-to-date symlink: /home/aiseon/tita/sim2sim2real_bipedal/ddt_ros2_ws/install/rl_controller/share/rl_controller/config/titatit/base_1_2700.onnx
[2.011s] -- Up-to-date symlink: /home/aiseon/tita/sim2sim2real_bipedal/ddt_ros2_ws/install/rl_controller/share/rl_controller/config/titatit/bipedal_stand_up.onnx
[2.011s] -- Up-to-date symlink: /home/aiseon/tita/sim2sim2real_bipedal/ddt_ros2_ws/install/rl_controller/share/rl_controller/config/titatit/controllers.yaml
[2.011s] -- Up-to-date symlink: /home/aiseon/tita/sim2sim2real_bipedal/ddt_ros2_ws/install/rl_controller/share/rl_controller/config/titatit/test_cylinder_1027_open_source.onnx
[2.011s] -- Up-to-date symlink: /home/aiseon/tita/sim2sim2real_bipedal/ddt_ros2_ws/install/rl_controller/share/rl_controller/config/titatit/titatit_arm.onnx
[2.011s] -- Up-to-date symlink: /home/aiseon/tita/sim2sim2real_bipedal/ddt_ros2_ws/install/rl_controller/share/rl_controller/launch/hw.launch.py
[2.011s] -- Up-to-date symlink: /home/aiseon/tita/sim2sim2real_bipedal/ddt_ros2_ws/install/rl_controller/share/rl_controller/launch/sim_gazebo.launch.py
[2.011s] -- Up-to-date symlink: /home/aiseon/tita/sim2sim2real_bipedal/ddt_ros2_ws/install/rl_controller/share/rl_controller/launch/sim_mujoco.launch.py
[2.011s] -- Up-to-date symlink: /home/aiseon/tita/sim2sim2real_bipedal/ddt_ros2_ws/install/rl_controller/share/rl_controller/launch/sim_webots.launch.py
[2.011s] -- Up-to-date symlink: /home/aiseon/tita/sim2sim2real_bipedal/ddt_ros2_ws/install/rl_controller/include/rl_controller/common/Math/MathUtilities.h
[2.012s] -- Up-to-date symlink: /home/aiseon/tita/sim2sim2real_bipedal/ddt_ros2_ws/install/rl_controller/include/rl_controller/common/Math/orientation_tools.h
[2.012s] -- Up-to-date symlink: /home/aiseon/tita/sim2sim2real_bipedal/ddt_ros2_ws/install/rl_controller/include/rl_controller/common/RobotParameters.h
[2.012s] -- Up-to-date symlink: /home/aiseon/tita/sim2sim2real_bipedal/ddt_ros2_ws/install/rl_controller/include/rl_controller/common/cppTypes.h
[2.012s] -- Up-to-date symlink: /home/aiseon/tita/sim2sim2real_bipedal/ddt_ros2_ws/install/rl_controller/include/rl_controller/common/enumClass.h
[2.012s] -- Up-to-date symlink: /home/aiseon/tita/sim2sim2real_bipedal/ddt_ros2_ws/install/rl_controller/include/rl_controller/common/timeMarker.h
[2.012s] -- Up-to-date symlink: /home/aiseon/tita/sim2sim2real_bipedal/ddt_ros2_ws/install/rl_controller/include/rl_controller/fsm/ControlFSMData.h
[2.012s] -- Up-to-date symlink: /home/aiseon/tita/sim2sim2real_bipedal/ddt_ros2_ws/install/rl_controller/include/rl_controller/fsm/FSM.h
[2.012s] -- Up-to-date symlink: /home/aiseon/tita/sim2sim2real_bipedal/ddt_ros2_ws/install/rl_controller/include/rl_controller/fsm/FSMState.h
[2.012s] -- Up-to-date symlink: /home/aiseon/tita/sim2sim2real_bipedal/ddt_ros2_ws/install/rl_controller/include/rl_controller/fsm/FSMState_JointPD.h
[2.012s] -- Up-to-date symlink: /home/aiseon/tita/sim2sim2real_bipedal/ddt_ros2_ws/install/rl_controller/include/rl_controller/fsm/FSMState_Passive.h
[2.012s] -- Up-to-date symlink: /home/aiseon/tita/sim2sim2real_bipedal/ddt_ros2_ws/install/rl_controller/include/rl_controller/fsm/FSMState_RL.h
[2.012s] -- Up-to-date symlink: /home/aiseon/tita/sim2sim2real_bipedal/ddt_ros2_ws/install/rl_controller/include/rl_controller/fsm/FSMState_RLPPO.h
[2.012s] -- Up-to-date symlink: /home/aiseon/tita/sim2sim2real_bipedal/ddt_ros2_ws/install/rl_controller/include/rl_controller/fsm/FSMState_TransformDown.h
[2.012s] -- Up-to-date symlink: /home/aiseon/tita/sim2sim2real_bipedal/ddt_ros2_ws/install/rl_controller/include/rl_controller/fsm/FSMState_TransformUp.h
[2.012s] -- Up-to-date symlink: /home/aiseon/tita/sim2sim2real_bipedal/ddt_ros2_ws/install/rl_controller/include/rl_controller/inferrer/engine_inferrer.hpp
[2.012s] -- Up-to-date symlink: /home/aiseon/tita/sim2sim2real_bipedal/ddt_ros2_ws/install/rl_controller/include/rl_controller/inferrer/inferrer_base.hpp
[2.012s] -- Up-to-date symlink: /home/aiseon/tita/sim2sim2real_bipedal/ddt_ros2_ws/install/rl_controller/include/rl_controller/inferrer/onnx_inferrer.hpp
[2.012s] -- Up-to-date symlink: /home/aiseon/tita/sim2sim2real_bipedal/ddt_ros2_ws/install/rl_controller/include/rl_controller/rl_controller_node.hpp
[2.012s] -- Up-to-date symlink: /home/aiseon/tita/sim2sim2real_bipedal/ddt_ros2_ws/install/rl_controller/share/rl_controller/environment/library_path.sh
[2.012s] -- Up-to-date symlink: /home/aiseon/tita/sim2sim2real_bipedal/ddt_ros2_ws/install/rl_controller/share/rl_controller/environment/library_path.dsv
[2.013s] -- Up-to-date symlink: /home/aiseon/tita/sim2sim2real_bipedal/ddt_ros2_ws/install/rl_controller/lib/librl_controller.so
[2.013s] -- Up-to-date symlink: /home/aiseon/tita/sim2sim2real_bipedal/ddt_ros2_ws/install/rl_controller/share/ament_index/resource_index/package_run_dependencies/rl_controller
[2.013s] -- Up-to-date symlink: /home/aiseon/tita/sim2sim2real_bipedal/ddt_ros2_ws/install/rl_controller/share/ament_index/resource_index/parent_prefix_path/rl_controller
[2.013s] -- Up-to-date symlink: /home/aiseon/tita/sim2sim2real_bipedal/ddt_ros2_ws/install/rl_controller/share/rl_controller/environment/ament_prefix_path.sh
[2.013s] -- Up-to-date symlink: /home/aiseon/tita/sim2sim2real_bipedal/ddt_ros2_ws/install/rl_controller/share/rl_controller/environment/ament_prefix_path.dsv
[2.013s] -- Up-to-date symlink: /home/aiseon/tita/sim2sim2real_bipedal/ddt_ros2_ws/install/rl_controller/share/rl_controller/environment/path.sh
[2.013s] -- Up-to-date symlink: /home/aiseon/tita/sim2sim2real_bipedal/ddt_ros2_ws/install/rl_controller/share/rl_controller/environment/path.dsv
[2.013s] -- Up-to-date symlink: /home/aiseon/tita/sim2sim2real_bipedal/ddt_ros2_ws/install/rl_controller/share/rl_controller/local_setup.bash
[2.013s] -- Up-to-date symlink: /home/aiseon/tita/sim2sim2real_bipedal/ddt_ros2_ws/install/rl_controller/share/rl_controller/local_setup.sh
[2.013s] -- Up-to-date symlink: /home/aiseon/tita/sim2sim2real_bipedal/ddt_ros2_ws/install/rl_controller/share/rl_controller/local_setup.zsh
[2.013s] -- Up-to-date symlink: /home/aiseon/tita/sim2sim2real_bipedal/ddt_ros2_ws/install/rl_controller/share/rl_controller/local_setup.dsv
[2.013s] -- Symlinking: /home/aiseon/tita/sim2sim2real_bipedal/ddt_ros2_ws/install/rl_controller/share/rl_controller/package.dsv
[2.017s] -- Up-to-date symlink: /home/aiseon/tita/sim2sim2real_bipedal/ddt_ros2_ws/install/rl_controller/share/ament_index/resource_index/packages/rl_controller
[2.018s] -- Up-to-date symlink: /home/aiseon/tita/sim2sim2real_bipedal/ddt_ros2_ws/install/rl_controller/share/ament_index/resource_index/controller_interface__pluginlib__plugin/rl_controller
[2.018s] -- Up-to-date symlink: /home/aiseon/tita/sim2sim2real_bipedal/ddt_ros2_ws/install/rl_controller/share/rl_controller/cmake/ament_cmake_export_dependencies-extras.cmake
[2.018s] -- Up-to-date symlink: /home/aiseon/tita/sim2sim2real_bipedal/ddt_ros2_ws/install/rl_controller/share/rl_controller/cmake/ament_cmake_export_include_directories-extras.cmake
[2.018s] -- Up-to-date symlink: /home/aiseon/tita/sim2sim2real_bipedal/ddt_ros2_ws/install/rl_controller/share/rl_controller/cmake/ament_cmake_export_libraries-extras.cmake
[2.018s] -- Up-to-date symlink: /home/aiseon/tita/sim2sim2real_bipedal/ddt_ros2_ws/install/rl_controller/share/rl_controller/cmake/rl_controllerConfig.cmake
[2.018s] -- Up-to-date symlink: /home/aiseon/tita/sim2sim2real_bipedal/ddt_ros2_ws/install/rl_controller/share/rl_controller/cmake/rl_controllerConfig-version.cmake
[2.018s] -- Up-to-date symlink: /home/aiseon/tita/sim2sim2real_bipedal/ddt_ros2_ws/install/rl_controller/share/rl_controller/package.xml
[2.026s] Invoked command in '/home/aiseon/tita/sim2sim2real_bipedal/ddt_ros2_ws/build/rl_controller' returned '0': AMENT_PREFIX_PATH=/home/aiseon/tita/sim2sim2real_bipedal/ddt_ros2_ws/install/ros_utils:${AMENT_PREFIX_PATH} CMAKE_PREFIX_PATH=/home/aiseon/tita/sim2sim2real_bipedal/ddt_ros2_ws/install/ros_utils:/home.aiseon/mujoco_src:/opt/ros/humble CONDA_PROMPT_MODIFIER=(base) /home/aiseon/.local/bin/cmake --install /home/aiseon/tita/sim2sim2real_bipedal/ddt_ros2_ws/build/rl_controller
